0 84.05766250662954 83.60172193877551 0.12902202 0.15094714 0.02135249 0.012040535 46.31 
1 85.21731428997613 83.25804280045351 0.12172046 0.15590993 0.013035674 0.0130406255 46.83 
2 85.49269921771413 82.68317743764172 0.120288044 0.15641169 0.012908092 0.012773905 47.22 
3 85.60162050848581 83.8577097505669 0.119434565 0.15186687 0.012730196 0.014069839 46.97 
4 85.79019988066825 82.70709325396825 0.11849641 0.15503927 0.01285197 0.013315495 46.01 
5 85.87653929660567 84.39271541950113 0.11794069 0.14635393 0.012812944 0.013546843 45.11 
6 86.41798635971891 82.90107709750566 0.11453425 0.15228784 0.012797266 0.012995889 44.26 
7 87.78947270286396 84.78599773242631 0.10368881 0.13816512 0.012506716 0.01442602 43.47 
8 88.32703526915937 83.98614654195012 0.09684801 0.1385639 0.011816956 0.014046563 42.72 
9 88.55839589962875 84.99858276643991 0.09426529 0.13854483 0.0116012385 0.015317008 42.02 
10 88.65877129740122 85.78337585034014 0.093083024 0.12807336 0.011568318 0.013919959 41.33 
11 88.72625795544948 84.74259495464852 0.09229169 0.14232944 0.01148708 0.01689579 40.65 
12 88.84367334592946 83.98791808390023 0.09126933 0.14254957 0.011374414 0.014772546 40.02 
13 88.98113273998939 83.0764597505669 0.09010993 0.146338 0.011421865 0.015422574 39.43 
14 88.99061091222488 84.60972930839003 0.08973408 0.13975503 0.011203106 0.015773136 38.85 
15 89.07684674158048 83.63006660997732 0.08902247 0.14770539 0.011107643 0.015804846 38.27 
16 89.18084766971626 81.63708191609977 0.08828188 0.15951407 0.011116447 0.014732888 37.72 
17 89.27796009016176 81.9984764739229 0.08740206 0.16107717 0.010858111 0.01654589 37.17 
18 89.407132557677 86.09250992063492 0.08661897 0.12734118 0.010961746 0.0144269625 36.64 
19 89.49000182312383 84.86926020408163 0.08602305 0.13404869 0.010974934 0.013188113 36.12 
20 89.62368030694776 83.7983630952381 0.08505203 0.14655265 0.010653032 0.015465777 35.6 
21 89.7005933439406 81.7265447845805 0.08441793 0.16578954 0.0107296575 0.016193863 35.1 
22 89.75792851697163 84.56632653061224 0.084065706 0.14405826 0.010670007 0.014688429 34.6 
23 89.87922840426943 84.19075963718821 0.0832509 0.14324664 0.010573361 0.01530971 34.1 
24 89.91222073057544 84.02157738095238 0.08288351 0.15013224 0.010425733 0.016351808 33.63 
25 90.03098274661893 82.5609410430839 0.08210649 0.16065584 0.0106020095 0.016355615 33.15 
26 90.09085579090427 84.59644274376417 0.081726514 0.14195274 0.010738555 0.014822646 32.68 
27 90.19656589763989 84.89849064625851 0.08100184 0.14163849 0.010554989 0.015548546 32.2 
28 90.27026775059666 83.41659580498866 0.08046982 0.15779702 0.010349228 0.016537508 31.74 
29 90.3230451140281 83.49188633786848 0.08016581 0.15105201 0.010393226 0.015975282 31.27 
30 90.43937284539909 83.44936933106575 0.07945636 0.15281636 0.010327025 0.01647339 30.82 
31 90.53487967382657 83.76381802721089 0.07887018 0.15310907 0.0103753535 0.01685623 30.36 
32 90.53591553964466 85.4937287414966 0.07866468 0.13477956 0.010303822 0.01607626 29.91 
33 90.6213226763458 85.31125992063492 0.07811639 0.13304721 0.010232887 0.015476663 29.45 
34 90.72392518562715 82.12425595238095 0.07742909 0.16134125 0.010075946 0.016365346 29.0 
35 90.75955896976929 83.14466411564626 0.07718628 0.15486695 0.010248097 0.015599365 28.54 
36 90.81026460156457 84.92594954648526 0.07675368 0.13482459 0.010163269 0.014109685 28.1 
37 90.80902156258287 84.94012188208617 0.07675996 0.1335804 0.010121526 0.014316277 27.67 
38 90.8811178235216 84.0844671201814 0.07625935 0.1393737 0.010050628 0.013684765 27.22 
39 90.94099086780695 85.718714569161 0.075823665 0.13298854 0.010085257 0.014821085 26.77 
40 91.039967846725 85.34137613378685 0.0751151 0.12925239 0.009910584 0.014407979 26.33 
41 91.19327598780164 86.1235119047619 0.07419991 0.12341485 0.009843399 0.01393094 25.87 
42 91.34026534738796 84.9782100340136 0.07316442 0.13237058 0.009790611 0.014130576 25.44 
43 91.54256994166003 85.76300311791383 0.07171353 0.12540069 0.009741156 0.013603823 25.0 
44 91.75150407716787 85.67442602040816 0.07047628 0.1258266 0.009521565 0.013212204 24.6 
45 91.87332189737471 85.89232568027211 0.069669716 0.12407403 0.009465708 0.012953647 24.21 
46 91.98307188080085 84.78245464852608 0.0689952 0.13415259 0.009324486 0.014164706 23.81 
47 92.04413617077698 86.64257369614512 0.06850039 0.11948775 0.009344798 0.01351813 23.39 
48 92.15730451140281 85.4751275510204 0.06781707 0.13138595 0.009176253 0.012510432 22.97 
49 92.22282302439672 84.65224631519274 0.06730433 0.13400449 0.009073758 0.013190223 22.55 
50 92.29528183837178 85.58053429705215 0.06684095 0.12659892 0.00924068 0.012609208 22.12 
51 92.38105152810925 86.27143565759637 0.06613166 0.12461154 0.0089955665 0.013270352 21.1 
52 92.3936890910899 87.19795209750566 0.06584411 0.11540425 0.009038188 0.013501749 20.07 
53 92.4857775623177 86.16691468253968 0.06541346 0.121123664 0.009074234 0.0128465565 19.1 
54 92.5816987370724 86.53008078231292 0.06480197 0.11640811 0.008931511 0.013001427 18.23 
55 92.59355940068947 86.89767573696145 0.064609684 0.118228815 0.008828754 0.013856352 17.42 
56 92.62722503977724 84.24124858276645 0.064229384 0.13945243 0.008791515 0.01235559 16.68 
57 92.70341297069743 85.59382086167801 0.063763626 0.12929104 0.008933791 0.014079247 15.98 
58 92.7529273568019 85.39806547619048 0.063569605 0.13015378 0.008760984 0.012432547 15.31 
59 92.82253753977724 87.77193168934241 0.0630299 0.10864453 0.008707643 0.012815101 14.71 
60 92.91814795478653 86.32901077097506 0.062471546 0.12166457 0.00867229 0.013480565 14.14 
61 92.94135134911164 86.3015518707483 0.062229775 0.12206038 0.008711932 0.012422772 13.6 
62 92.97315242972687 87.54163123582767 0.062021285 0.11192431 0.008671799 0.012104499 13.09 
63 93.04607738332007 87.70549886621315 0.06156998 0.110075034 0.008421184 0.012069731 12.59 
64 93.11294252187749 86.00659013605443 0.061159037 0.12396981 0.008603439 0.012739464 12.11 
65 93.19042528507028 85.51055839002268 0.060602836 0.1311898 0.00846129 0.012050692 11.67 
66 93.21036570206842 86.5796839569161 0.06036167 0.118907124 0.008468132 0.0126108425 11.24 
67 93.31302000464068 86.24486252834467 0.05971873 0.12177509 0.008362187 0.013071727 10.82 
68 93.38433936621585 86.08985260770974 0.059163187 0.12650524 0.008395751 0.011913478 10.42 
69 93.48165895982498 86.09250992063492 0.058562763 0.12891379 0.00835664 0.012751297 10.01 
70 93.5934806748873 87.21743905895691 0.05782207 0.11284568 0.00815397 0.012215281 9.63 
71 93.66770046075311 86.58234126984127 0.057242826 0.123485796 0.008255787 0.01316651 9.26 
72 93.77579305887032 86.51679421768708 0.05664794 0.1243827 0.008111605 0.0122927 8.91 
73 93.85643521280828 87.19440901360544 0.05617701 0.11804326 0.008059245 0.013241663 8.56 
74 93.89476224807743 87.46811224489795 0.055813048 0.117762834 0.008045718 0.012603015 8.21 
75 93.97214142468842 87.6860119047619 0.055309772 0.109612286 0.00804484 0.012295913 7.86 
76 94.03817787059135 87.4016794217687 0.054838922 0.11586294 0.007982515 0.012060976 7.52 
77 94.07044509082472 88.00488945578232 0.054550637 0.10948186 0.007873647 0.011209009 7.19 
78 94.16709137165208 88.29453656462584 0.05386219 0.10578484 0.007882466 0.012420076 6.86 
79 94.2182631430655 87.21301020408163 0.05341216 0.11568514 0.007892313 0.01239896 6.54 
80 94.2632197195704 86.77721088435374 0.053169947 0.120259404 0.0076469965 0.011921544 6.21 
81 94.39094197494033 86.57259778911565 0.052274175 0.12356548 0.0077360654 0.0128696095 5.89 
82 94.45915373906125 87.36359126984127 0.05187914 0.10912252 0.0076718894 0.012711283 5.57 
83 94.53948513325378 87.4202806122449 0.05132223 0.11150447 0.00746194 0.012125842 5.26 
84 94.60433033346592 88.03234835600907 0.05083052 0.10670075 0.007413633 0.01220008 4.94 
85 94.66700021546009 88.02083333333333 0.050426837 0.10796792 0.007415503 0.012609742 4.63 
86 94.751993005834 87.24046910430839 0.049780525 0.114694424 0.007248028 0.012421914 4.31 
87 94.81005328493768 87.29095804988663 0.049330648 0.109655015 0.0073007187 0.011763517 4.0 
88 94.89199027114823 86.98005243764172 0.0488388 0.11788804 0.007186636 0.012338798 3.69 
89 94.97936555290374 87.18732284580499 0.04830512 0.11509168 0.0071205436 0.011870933 3.38 
90 95.05835032153276 87.72410005668934 0.047868542 0.10941505 0.0070087444 0.012240742 3.07 
91 95.10864160700079 86.70989229024943 0.047540892 0.12128468 0.007100016 0.012106392 2.76 
92 95.1693433439406 88.109410430839 0.047135063 0.103936456 0.006978589 0.011590028 2.45 
93 95.23108094669848 88.09878117913833 0.046833795 0.10468565 0.006820874 0.013267714 2.14 
94 95.307631430655 87.50354308390023 0.046249606 0.11111344 0.0068828566 0.01244367 1.84 
95 95.36294666534076 87.05179988662131 0.045899063 0.12110647 0.006749375 0.0131485 1.53 
96 95.41406664346327 87.63020833333333 0.04558829 0.110624194 0.006725669 0.011698243 1.22 
97 95.53717929594272 87.74713010204081 0.044896267 0.11425079 0.0065473877 0.012839011 0.92 
98 95.57338280628481 88.41234410430839 0.044609047 0.10594575 0.006580548 0.013061146 0.61 
99 95.64775797202334 87.63995181405896 0.044099834 0.1095929 0.0065858746 0.013249577 0.31 
