0 85.04132291925123 83.99057539682539 0.120177545 0.12766409 0.028678618 0.014426774 1771.15 
1 87.91166768326303 85.19610969387755 0.09738326 0.1211463 0.013659281 0.016282132 1671.3 
2 88.6466108572492 86.78784013605443 0.0900598 0.10973379 0.012776401 0.015097502 1543.04 
3 89.0747551553497 83.56274801587301 0.086359315 0.13145208 0.012648523 0.016943093 1428.34 
4 89.36364513550024 83.82139314058956 0.08400997 0.13144821 0.012508501 0.017641226 1431.57 
5 89.59884073553332 83.59286422902494 0.08212286 0.1313599 0.012426425 0.016933413 1394.74 
6 89.87565863383233 84.765625 0.07990104 0.12397951 0.012313701 0.016828673 1294.24 
7 90.21430152937447 85.28911564625851 0.07731895 0.120153636 0.012240312 0.016605383 1185.5 
8 90.63048143591652 86.10048185941044 0.07417938 0.11847281 0.01205584 0.01691799 1082.51 
9 91.17119439734789 85.10133219954649 0.06992304 0.122258104 0.011712106 0.017818106 981.22 
10 91.92901098957903 84.54152494331066 0.06383344 0.12521882 0.011294366 0.017246509 890.67 
11 93.59468905935545 79.44214143990929 0.051280145 0.16334015 0.01093284 0.01829064 809.85 
12 95.07703517423428 83.4546839569161 0.040183757 0.1362592 0.00931031 0.017938107 737.59 
13 95.92569929768699 84.43700396825396 0.03370682 0.1295023 0.008798192 0.017585717 672.98 
14 96.59052532186475 84.3094529478458 0.02842535 0.13490933 0.008276046 0.018801657 615.26 
15 97.26380503404737 81.76817602040816 0.023141423 0.15758845 0.007708476 0.020844316 563.66 
16 97.804668761889 83.06760204081633 0.018895306 0.1465384 0.00707961 0.020934062 517.46 
17 98.23719605491688 84.00829081632654 0.015464575 0.14175837 0.006290589 0.020507965 476.14 
18 98.54581489675516 82.13665674603175 0.012909176 0.1630696 0.005904715 0.02073 439.12 
19 98.77463523143936 85.30240221088435 0.011041981 0.13096553 0.005531917 0.018337088 405.95 
20 98.94375206765363 82.64243197278911 0.009589318 0.15683448 0.005207371 0.021685587 376.24 
21 99.08100334615278 83.98703231292517 0.00839646 0.14514998 0.0052671838 0.019294418 349.55 
22 99.20659176591404 84.43080357142857 0.0072962143 0.1432876 0.0047332174 0.019790055 325.56 
23 99.30765910594657 84.45383361678005 0.006408278 0.1436748 0.004725338 0.020895539 304.07 
24 99.40175888401842 83.58666383219955 0.0055689486 0.15014209 0.004316833 0.020907512 284.64 
25 99.51466138725775 83.49808673469387 0.004542007 0.15033148 0.0038578447 0.020162273 267.19 
26 99.59367375527252 82.1295705782313 0.0038412076 0.1653913 0.0037022582 0.023221351 251.49 
27 99.66494319121661 81.67428429705215 0.0032126494 0.17213556 0.003199445 0.021193724 237.3 
28 99.70990388856725 83.17300878684807 0.0027754912 0.16190717 0.00299301 0.022281127 224.5 
29 99.76269367022303 81.52458900226758 0.0022711775 0.17266892 0.0026215985 0.022268169 212.89 
30 99.81054046742756 84.57252692743764 0.0018466904 0.14470574 0.00247374 0.020319438 202.36 
31 99.85292736677418 82.58131377551021 0.0014473546 0.16432834 0.0020770535 0.021612499 192.78 
32 99.87807305020263 79.7982213718821 0.0012225965 0.1942096 0.0018767784 0.02497566 184.08 
33 99.88547137333553 84.109268707483 0.0011388118 0.14879167 0.0022116832 0.021083636 176.12 
34 99.90256182284344 83.15617913832199 0.0009794219 0.15838471 0.0017706192 0.02216749 168.82 
35 99.91105858696551 81.46347080498866 0.0008946803 0.175539 0.0017406456 0.023198774 162.13 
36 99.91863998359662 84.4077735260771 0.0008237495 0.14602973 0.0016356794 0.020322522 164.28 
37 99.9254244720591 83.15086451247166 0.0007522003 0.15826878 0.0017111991 0.0213695 205.39 
38 99.93289817839715 83.50340136054422 0.0006810173 0.15719147 0.0014981409 0.020738402 236.44 
39 99.93340432277452 83.02065617913833 0.00066035084 0.16222714 0.0015423412 0.021821363 268.83 
40 99.93898267995479 83.76116071428571 0.0006097901 0.1542333 0.0014874185 0.022337498 311.28 
41 99.94298875885644 83.80279195011337 0.0005668217 0.15292625 0.0014333628 0.021108603 314.87 
42 99.94808250971798 83.2155257936508 0.0005253944 0.15752512 0.0014175759 0.022742538 300.37 
43 99.94637023405839 85.55396116780045 0.00053154177 0.13072392 0.002038981 0.020032572 300.48 
44 99.95389778554296 83.97463151927438 0.0004607801 0.15190117 0.0012480409 0.022992915 314.64 
45 99.95614851266782 84.71070719954649 0.000435382 0.14346099 0.0012755904 0.019718342 313.56 
46 99.95760233162407 84.11192602040816 0.0004259335 0.14980914 0.0011761955 0.02148838 290.63 
47 99.9615545653792 80.36777210884354 0.00038343348 0.18861194 0.0010844711 0.023916591 266.94 
48 99.96461296970199 82.8125 0.00035422866 0.16468464 0.0010679112 0.022313012 245.77 
49 99.96514065213795 83.0924036281179 0.000344459 0.1592672 0.0010419574 0.02364633 226.76 
50 99.9634929906542 83.4830286281179 0.00035652434 0.15669176 0.0011898238 0.022304894 209.71 
51 99.96800521393322 84.82408588435374 0.00031466756 0.14411278 0.0010329518 0.021841355 194.42 
52 99.96843597510545 83.30410289115646 0.00030636505 0.15967932 0.0010356003 0.022895264 180.63 
53 99.97132207495933 84.93480725623583 0.00028398892 0.13800868 0.0009503755 0.020442644 168.23 
54 99.97006209853059 84.93214994331066 0.00028735204 0.14206116 0.0010083454 0.020495685 157.05 
55 99.97359434014281 84.30679563492063 0.00026331327 0.14844294 0.0009389058 0.021320278 146.94 
56 99.97372356849448 85.3608630952381 0.00025940468 0.1369395 0.00093493104 0.021536691 137.83 
57 99.97257128235879 83.88694019274377 0.0002711049 0.15269145 0.001135522 0.021724265 129.48 
58 99.97526353968516 83.19515306122449 0.00024210497 0.15925264 0.00089775526 0.02183325 126.03 
59 99.9772881171946 83.89756944444444 0.00022728149 0.1530132 0.00085437414 0.020099854 128.43 
60 99.97651274708461 83.99057539682539 0.00022828365 0.15101622 0.00097434595 0.021158803 130.39 
61 99.97851578653544 83.43696853741497 0.00020633377 0.15794155 0.00082898815 0.022221215 131.2 
62 99.97653428514322 82.25446428571429 0.00022523182 0.16798072 0.00093843444 0.02231182 131.59 
63 99.97762195710308 81.41741071428571 0.00021960637 0.17536034 0.0010627857 0.023457732 131.55 
64 99.97905423800071 84.3032525510204 0.00020225052 0.14774576 0.00088502245 0.022113029 130.56 
65 99.98121881289113 83.68144132653062 0.00018178772 0.15467685 0.00078013574 0.021384506 129.39 
66 99.98026036928293 84.65401785714286 0.0001920736 0.14625241 0.00089859485 0.020486536 127.84 
67 99.9827049389353 81.95241638321995 0.00016683964 0.17192984 0.0007162027 0.021801768 126.26 
68 99.98204802814766 83.63183815192744 0.0001736715 0.1546253 0.00076448784 0.022705344 123.99 
69 99.98414798886223 83.98348922902494 0.0001543394 0.15264572 0.00075136096 0.022269513 121.64 
70 99.98349107807461 79.0577168367347 0.00015702125 0.2012127 0.0007524745 0.024482127 119.22 
71 99.98365261351418 84.24124858276645 0.00015612252 0.1505022 0.0007218929 0.022404453 116.62 
72 99.98346954001599 83.71067176870748 0.00015646852 0.15243588 0.0007689884 0.02197726 113.54 
73 99.98428798624322 83.74167375283447 0.00015058537 0.15373239 0.00071545143 0.021361843 110.36 
74 99.98396491536404 84.04283588435374 0.00015305886 0.14951849 0.00079406676 0.02098969 106.93 
75 99.9852356608221 84.0437216553288 0.00014314045 0.15041846 0.00075023476 0.02244083 103.42 
76 99.98610795219585 82.56714143990929 0.00013168246 0.16621266 0.0007028979 0.021472802 96.48 
77 99.98552642461335 85.27760062358277 0.00013526797 0.13652757 0.0006557324 0.0210809 87.66 
78 99.98638794695779 80.63881802721089 0.00012676771 0.18353246 0.0006515184 0.023687731 79.72 
79 99.98703408871613 83.65841128117914 0.00012289373 0.15300234 0.00066517404 0.022146529 102.45 
80 99.9867971700714 83.43165391156462 0.000123548 0.15416741 0.0006123669 0.022645637 101.49 
81 99.98643102307501 82.57157029478458 0.00012805455 0.16456908 0.00068619166 0.020678574 99.1 
82 99.9871740860971 84.25099206349206 0.00011761281 0.14924976 0.00062738627 0.021208765 96.26 
83 99.98675409395418 84.61061507936508 0.00012453273 0.14451772 0.0006401991 0.022040442 92.72 
84 99.98845560058446 81.98873299319727 0.000108264176 0.16934714 0.0005900862 0.023203395 89.19 
85 99.98870328825848 82.73809523809524 0.00010804236 0.16163902 0.00061931834 0.022713054 96.92 
86 99.98901559010835 84.12521258503402 0.00010704165 0.15080479 0.00060569943 0.020632522 107.77 
