0 92.09396192170078 74.34151785714286 0.06347161 0.23541431 0.021700997 0.016664397 112.56 
1 93.24522331086703 34.00390625 0.050508138 0.405221 0.010126556 0.02053612 115.83 
2 95.11345611790648 33.970424107142854 0.037124086 0.4747905 0.009716516 0.02161814 118.62 
3 97.43681352970545 34.188058035714285 0.020366192 0.62547344 0.008667505 0.02890237 120.93 
4 99.15306727408887 33.484933035714285 0.0073453886 0.6541315 0.005210497 0.03058738 122.82 
5 99.6374903790148 34.174107142857146 0.0032365883 0.65578735 0.004220508 0.03146882 124.32 
6 99.83366746754868 35.598958333333336 0.0014919537 0.59702885 0.003449183 0.026657734 125.53 
7 99.91237102679314 35.733816964285715 0.00078410364 0.64200413 0.002002785 0.029534081 126.42 
8 99.9370670556665 38.509114583333336 0.0005649865 0.6068317 0.0018509809 0.03164205 127.04 
9 99.95546393950741 39.283854166666664 0.0003954962 0.5967804 0.0013293918 0.030751687 128.3 
10 99.95471636295557 37.879464285714285 0.00039801077 0.61192924 0.0017683296 0.031257093 129.73 
11 99.96637855716425 43.482142857142854 0.0003005902 0.55567646 0.0013934381 0.029720258 130.81 
12 99.97507644782826 42.43675595238095 0.00021974744 0.56816286 0.00093144533 0.029941346 131.6 
13 99.96445436012648 43.021763392857146 0.00030324954 0.5563063 0.0022480972 0.030705202 132.12 
14 99.98058251164919 43.098028273809526 0.00017081472 0.5559598 0.0008322124 0.03195023 132.37 
15 99.98506147029455 44.478236607142854 0.00013287384 0.5447966 0.00070745073 0.031370956 132.44 
16 99.98445690838741 45.58407738095238 0.00013922062 0.53191274 0.0007771342 0.029527772 132.89 
17 99.9836053211849 44.78143601190476 0.00014589637 0.53863764 0.00085006375 0.030274687 135.27 
18 99.9858090468464 44.543340773809526 0.0001258051 0.53863955 0.0007396325 0.031866245 137.29 
19 99.98931290564154 45.560825892857146 9.315437e-05 0.52995473 0.00059240387 0.029661285 138.87 
20 99.98896837036112 44.955357142857146 9.7520046e-05 0.53636664 0.00059565966 0.02919182 140.06 
