0 80.00763433107929 79.93640164399093 0.15646769 0.1575444 0.03155308 0.017140029 14.57 
1 80.63951248011138 79.75836167800453 0.15044922 0.1583823 0.014660759 0.015033498 14.45 
2 80.73579620790241 80.01700680272108 0.14963204 0.15822642 0.014594241 0.015911387 14.33 
3 80.76723473548131 79.64586876417233 0.14871903 0.16161875 0.014639852 0.016252909 14.21 
4 80.93012463537524 80.04003684807256 0.14617722 0.15689905 0.014325534 0.014609121 14.09 
5 81.32116398170247 81.78500566893425 0.14247651 0.15204512 0.014147187 0.014448171 13.97 
6 81.87934027777777 82.03213577097506 0.1391191 0.15545395 0.014291714 0.013072722 13.84 
7 82.27638764584991 82.29432397959184 0.13719362 0.15070775 0.014137285 0.014697588 13.71 
8 82.728646662026 81.26151502267574 0.13526286 0.15560293 0.014067768 0.013152394 13.58 
9 83.05219935030496 81.1437074829932 0.13392472 0.1525832 0.014088699 0.013790278 13.44 
10 83.42454131861575 81.00552721088435 0.13193038 0.15521023 0.014296149 0.013403239 13.3 
11 83.7490780794219 81.52901785714286 0.1300404 0.15277511 0.014339089 0.013451089 13.16 
12 84.04445521744896 77.62542517006803 0.12803803 0.16958712 0.014327087 0.014138987 13.02 
13 84.36505568814638 80.30931122448979 0.12529816 0.15903997 0.014441478 0.014142612 12.89 
14 84.66089896579157 83.47417091836735 0.12271041 0.13196497 0.014488209 0.015272584 12.75 
15 84.92437143662158 80.10824121315193 0.12040084 0.15528505 0.014478983 0.015102727 12.61 
16 85.04955582073721 81.7513463718821 0.119375564 0.14634082 0.014515117 0.015573417 12.47 
17 85.12496685229382 78.37921626984127 0.11857151 0.16742595 0.014536344 0.0161939 12.33 
18 85.21456924555821 83.48391439909297 0.11793845 0.13862146 0.014562561 0.014818386 12.19 
19 85.25445007955449 86.57436933106575 0.1176235 0.11879689 0.014269978 0.013196032 12.04 
20 85.2825220432246 79.9780328798186 0.1173489 0.1575711 0.014458768 0.016242722 11.89 
21 85.30717564969504 83.51048752834467 0.11709877 0.13494954 0.014218144 0.016597291 11.75 
22 85.41744356603023 77.12939342403628 0.11638774 0.17668027 0.014195059 0.017136062 11.6 
23 85.4207583366481 81.97456065759637 0.11637243 0.14360261 0.014106266 0.01572754 11.45 
24 85.47120500198886 84.99149659863946 0.11590432 0.12616095 0.014406609 0.015515185 11.31 
25 85.48472305091488 82.34126984126983 0.115830176 0.14351311 0.014074205 0.015598191 11.16 
26 85.5213927008751 84.79308390022676 0.11546652 0.13044189 0.014420929 0.014953571 11.01 
27 85.50326504905861 81.0374149659864 0.115606025 0.15142532 0.014191688 0.016942734 10.86 
28 85.52387877883851 84.5282383786848 0.11532666 0.13035546 0.014015888 0.014690275 10.71 
29 85.57644896910634 84.36791383219955 0.11514021 0.13226318 0.014296371 0.014726321 10.56 
30 85.58297492376028 82.6078869047619 0.11489815 0.14382336 0.01420765 0.016356621 10.42 
31 85.63616663351895 84.09952522675736 0.1146223 0.13398905 0.014093878 0.01580698 10.27 
32 85.66408321731636 83.53617488662131 0.11434875 0.1384339 0.014326778 0.015348632 10.12 
33 85.65289586648105 84.74702380952381 0.11433677 0.12965442 0.014218376 0.015524269 9.97 
34 85.69925086184035 79.79644982993197 0.11406126 0.15966815 0.014170732 0.016850172 9.82 
35 85.74519151087244 78.80527210884354 0.113878 0.16473325 0.014225847 0.018298611 9.67 
36 85.77802845730575 81.3890660430839 0.113611445 0.14844105 0.014227447 0.015824573 9.52 
37 85.78025556881464 84.14558531746032 0.113521405 0.13184121 0.014162592 0.016844375 9.37 
38 85.77336706112438 84.47066326530613 0.11358096 0.13111237 0.014117179 0.0161348 9.22 
39 85.8040286893397 84.98175311791383 0.113315254 0.12662792 0.01410775 0.014778521 9.07 
40 85.84841553964466 80.98072562358277 0.113091365 0.1516918 0.014184218 0.017010758 8.92 
41 85.80801677273932 84.41308815192744 0.11332272 0.13157792 0.014107823 0.015091729 8.77 
42 85.84116447891806 85.49195719954649 0.113074265 0.12389279 0.014145924 0.015286983 8.62 
43 85.91471095200212 84.6123866213152 0.112639606 0.12971118 0.014206914 0.015891591 8.48 
44 85.8998462775126 83.19781037414965 0.11268139 0.13798171 0.014429927 0.016123062 8.33 
45 85.90305746154866 82.75403911564626 0.11267199 0.14225228 0.014020527 0.015432978 8.18 
46 85.94977500994432 82.6326884920635 0.11215873 0.1410711 0.013982167 0.016650634 8.03 
47 85.93781075974543 79.48642998866214 0.11231388 0.15985498 0.013912367 0.017252738 7.88 
48 85.97328916401484 83.38647959183673 0.11212492 0.13579178 0.014108317 0.015691012 7.73 
49 85.96754010872448 83.53706065759637 0.11211959 0.13639686 0.014145594 0.015431848 7.58 
50 86.03875588371784 80.2889384920635 0.111558914 0.15720795 0.014092213 0.017319014 7.43 
51 85.98820563179528 81.66542658730158 0.111833125 0.14856218 0.01399705 0.016388781 7.28 
52 86.03274786197295 80.57681405895691 0.11162066 0.15274586 0.014207433 0.01674192 7.13 
53 86.0431583134447 84.85951672335601 0.1114967 0.12782535 0.014079454 0.01570171 6.98 
54 86.01866008684699 83.7469883786848 0.11166549 0.13637397 0.014201042 0.015825974 6.83 
55 86.09111890082207 80.77434098639456 0.11122303 0.15235247 0.013950815 0.016984459 6.69 
56 86.01669194179263 81.5281320861678 0.11166603 0.14999864 0.013975347 0.017377784 6.54 
57 86.05248110580747 79.6609268707483 0.1113033 0.16121863 0.014064104 0.01765744 6.39 
58 86.06781191991514 82.30052437641723 0.11130248 0.14381173 0.014140367 0.016825655 6.24 
59 86.08231404136833 82.41567460317461 0.11116884 0.14280349 0.0141770085 0.015990423 6.1 
60 86.06957289180589 77.17545351473923 0.11115345 0.17672114 0.01400951 0.017664155 5.95 
61 86.13131049456378 84.82054280045351 0.11072051 0.12821005 0.014132068 0.015324186 5.8 
62 86.11872472487404 82.35898526077098 0.11085828 0.14122571 0.013945586 0.01552759 5.65 
63 86.13239815367277 80.52632511337869 0.11074329 0.15379882 0.014168009 0.017154245 5.5 
64 86.10090783280297 84.1358418367347 0.11095007 0.13316317 0.014035792 0.017103257 5.35 
65 86.19019946632193 81.33149092970521 0.11024147 0.14844768 0.013948473 0.017261324 5.2 
66 86.15534258154335 80.07989654195012 0.11053318 0.1578122 0.013879968 0.018134039 5.05 
67 86.17357381994167 84.50343679138322 0.110266365 0.13008761 0.013983622 0.015235123 4.9 
68 86.18092846725007 82.9923115079365 0.1103089 0.13973792 0.014101429 0.016443059 4.75 
69 86.14576082272606 81.45107001133786 0.110421985 0.14936188 0.014195003 0.016079077 4.6 
70 86.16834269756033 84.39537273242631 0.11035339 0.12951551 0.013902037 0.015697746 4.46 
71 86.19133891872183 83.05874433106575 0.11026395 0.14095058 0.014043791 0.016776646 4.31 
72 86.17476506563246 85.61065051020408 0.11033472 0.123532094 0.014152472 0.01576038 4.16 
73 86.17756190334129 78.54396967120181 0.11035514 0.16719338 0.013752827 0.017047396 4.01 
74 86.1960003149032 82.07110969387755 0.11012296 0.14447896 0.014016497 0.016764343 3.86 
75 86.20190475006629 84.11989795918367 0.110116646 0.13213575 0.01398548 0.016130598 3.72 
76 86.20470158777512 82.05162273242631 0.11006325 0.14664732 0.013843873 0.01754677 3.57 
77 86.18465758419518 82.24029195011337 0.11023769 0.14493974 0.01394664 0.016828923 3.42 
78 86.16865345730575 82.47679280045351 0.11020722 0.1430592 0.014072147 0.01692297 3.27 
79 86.22272565300982 79.56172052154194 0.10996385 0.16176306 0.014135676 0.017924279 3.12 
80 86.18180895319544 84.64870323129252 0.11007386 0.12923482 0.013623396 0.015076442 2.97 
81 86.23546680257226 81.54584750566893 0.10982646 0.14882752 0.013915258 0.0170176 2.82 
82 86.19268554428534 83.48834325396825 0.109986044 0.1373948 0.014070309 0.015781771 2.67 
83 86.24665415340759 80.44306264172336 0.109614514 0.15508653 0.013978383 0.016343396 2.53 
84 86.2601204090427 81.53078939909297 0.10951646 0.14933829 0.014275624 0.015553122 2.38 
85 86.24137123773535 79.17375283446712 0.109639406 0.16545199 0.014005817 0.017959658 2.23 
86 86.25463032020684 84.04283588435374 0.10960504 0.13378908 0.013900661 0.016093364 2.08 
87 86.27358666467781 83.36699263038548 0.10945814 0.13608634 0.0139774745 0.017342119 1.93 
88 86.26157062118801 80.73625283446712 0.1094139 0.15520045 0.013838488 0.017277148 1.78 
89 86.28492939538584 80.58655753968254 0.109254144 0.15436433 0.013986246 0.01661591 1.63 
90 86.2965828858393 78.00719246031746 0.10920517 0.17416915 0.013727826 0.018866584 1.48 
91 86.30953120856536 82.6078869047619 0.10912796 0.14326026 0.013815581 0.016554074 1.33 
92 86.28969437814904 82.55119756235828 0.10906233 0.14322585 0.013941762 0.017512525 1.19 
93 86.2954434334394 82.5751133786848 0.10904049 0.14259702 0.0140054505 0.016448202 1.04 
94 86.28425608260409 81.88686933106575 0.109206386 0.1461383 0.013971623 0.01645329 0.89 
95 86.32170263192788 82.43250425170068 0.10886292 0.14304516 0.014073273 0.017691271 0.74 
96 86.29730799191196 81.58925028344672 0.10909403 0.14746101 0.01375396 0.016572718 0.59 
97 86.31502129740122 84.07649518140589 0.10879928 0.13378662 0.013883305 0.015758341 0.44 
98 86.35542006430656 82.48919359410431 0.10851486 0.14331971 0.013738413 0.017727127 0.3 
99 86.29984586316627 82.98699688208617 0.10880327 0.14096092 0.013870676 0.016404985 0.15 
