0 91.59911700641373 77.52494747899159 0.085637435 0.1550224 0.015863026 0.012695188 177.21 
1 93.21363095097739 78.42699579831933 0.07012752 0.16348302 0.012152742 0.015290203 175.83 
2 93.89318341920347 77.19340861344538 0.06086099 0.17769568 0.010979819 0.015916955 174.76 
3 94.22232567084816 74.1734506302521 0.05504449 0.20182036 0.010665208 0.019398527 171.64 
4 94.41971522848924 72.24592962184875 0.050647613 0.22579917 0.0104381675 0.020912766 168.14 
5 94.49339320663067 76.94787289915966 0.048746947 0.18477157 0.010285985 0.018608551 164.74 
6 94.55700367256951 74.08679096638656 0.04746589 0.21727131 0.010066103 0.021681147 161.48 
7 94.61158745785093 73.30751050420169 0.046547122 0.2231352 0.010037248 0.022127457 158.54 
8 94.64621122580112 74.52074579831933 0.045869645 0.21657951 0.009854144 0.022780096 155.68 
9 94.6934078703813 73.7578781512605 0.045249198 0.22197974 0.009684358 0.022287177 152.94 
10 94.74966803921338 75.68014705882354 0.044635765 0.20459226 0.009626306 0.022606347 150.37 
11 94.79071180350869 72.53479516806723 0.044208866 0.23399971 0.009519697 0.022414649 147.9 
12 94.8411783171025 76.24343487394958 0.043733582 0.19621775 0.009444731 0.021125272 145.54 
13 94.91628398453159 71.46205357142857 0.043115918 0.24128264 0.009386198 0.022877209 143.31 
14 94.99197914947298 70.3499212184874 0.042536624 0.24875511 0.009290317 0.023804536 141.08 
15 95.05585673147209 74.81683298319328 0.041960206 0.20630118 0.009174598 0.020458175 139.02 
16 95.16775072802943 73.94892331932773 0.04106599 0.21582963 0.009070296 0.022977227 133.7 
17 95.36425603940201 73.2891281512605 0.039546825 0.22211842 0.008788239 0.021968164 126.3 
18 95.66132594201703 73.78348214285714 0.037433878 0.20163466 0.008432846 0.020020455 119.61 
19 95.98594564243439 71.50997899159664 0.03498065 0.22239672 0.008081845 0.021272559 113.55 
20 96.50108357011483 70.91517857142857 0.03103834 0.22377494 0.007332566 0.01975165 108.06 
21 97.28214935214223 68.1578256302521 0.02522437 0.23929748 0.00614279 0.021158414 103.09 
22 98.14864621896295 73.33245798319328 0.019571178 0.19893833 0.00474488 0.017550852 98.57 
23 98.79074717335943 78.05147058823529 0.015444811 0.16488303 0.0036215528 0.016509404 94.45 
24 99.20953910137 76.3767069327731 0.012476384 0.17721835 0.002888115 0.017292263 90.7 
25 99.4834620157278 81.76339285714286 0.010351419 0.14153054 0.0024722572 0.015803197 87.63 
26 99.64738837864604 76.10228466386555 0.008813832 0.17333062 0.002021585 0.015834125 84.79 
27 99.74495942783372 77.64902836134453 0.0077320896 0.16473809 0.0017908794 0.01549565 82.18 
28 99.8065619178712 83.20837710084034 0.006881027 0.13121119 0.0015711653 0.015676973 79.8 
29 99.84429896955835 81.22636554621849 0.0062336144 0.14263493 0.0014549817 0.015612343 78.68 
30 99.87104741917989 76.36751575630252 0.005745359 0.1730721 0.0013616028 0.015759915 80.51 
31 99.89214958794123 73.4079569327731 0.005296442 0.18511485 0.0012787556 0.015439087 83.23 
32 99.90640805902049 78.76378676470588 0.004955731 0.15770814 0.0013001377 0.015645923 85.78 
33 99.91836380544224 80.3814338235294 0.0046341745 0.14750804 0.0012162712 0.015146016 87.88 
34 99.92809051439554 77.52494747899159 0.004352964 0.1655555 0.0010939192 0.015732083 89.41 
35 99.93272359640642 77.26234243697479 0.0041562663 0.1671203 0.0011178814 0.016016101 90.49 
36 99.9426621560282 76.85858718487395 0.0039382824 0.17195216 0.0010242511 0.017283503 90.35 
37 99.9481242189158 79.80501575630252 0.0037432024 0.14902931 0.0009779362 0.014754574 92.53 
38 99.9508874885048 78.0140493697479 0.0035947834 0.16236344 0.0010173464 0.016406452 94.4 
39 99.95674562003349 80.97098214285714 0.0034367898 0.142751 0.00092750083 0.01495748 95.9 
40 99.95962863130468 79.62250525210084 0.0033062175 0.14914756 0.0009174188 0.014906807 97.12 
41 99.96128659305808 79.40848214285714 0.0031943803 0.15188125 0.00093957235 0.014826768 98.48 
42 99.96387485557311 81.11016281512605 0.0030854978 0.14191478 0.0008528859 0.014271969 99.69 
43 99.96704340470183 79.64482668067227 0.0029983826 0.14971794 0.00087304803 0.015370955 100.28 
44 99.96819476703058 81.4764968487395 0.0029069907 0.14001057 0.0008359224 0.014600482 100.33 
45 99.96829608691552 78.39088760504201 0.0028323603 0.15909597 0.00087104656 0.015201415 100.03 
46 99.96934612935934 79.25091911764706 0.002765001 0.15081054 0.0010013058 0.014330498 99.55 
47 99.97245941309627 81.97872899159664 0.0026873595 0.13871898 0.0007965368 0.014821331 98.61 
48 99.97321470678393 81.87696953781513 0.0026303176 0.13443705 0.0008087249 0.014474688 97.08 
49 99.97592271098117 81.40165441176471 0.0025663301 0.1402946 0.0007550281 0.015464831 95.5 
50 99.97665958287156 80.99067752100841 0.002509649 0.1432138 0.0007717886 0.01527568 93.41 
51 99.97725829128251 82.67463235294117 0.0024625766 0.1320891 0.00076024776 0.014277312 91.29 
52 99.97787542149072 80.64075630252101 0.00241847 0.14295296 0.0007677132 0.0139818955 90.64 
53 99.9779951631729 80.390625 0.0023726874 0.14701281 0.00074241345 0.0160956 89.99 
54 99.97973602301398 85.89023109243698 0.0023202263 0.1142594 0.0007150804 0.014233837 89.12 
55 99.97928468898111 80.3735556722689 0.002280947 0.14552248 0.0007507039 0.014741056 88.1 
56 99.98118213409889 79.11173844537815 0.0022420979 0.15368816 0.00071758585 0.01503003 86.98 
57 99.98079527635643 80.57838760504201 0.002212516 0.14453745 0.0007376832 0.014464503 85.71 
58 99.9817347880167 81.94327731092437 0.0021721811 0.13360795 0.00069675146 0.01348474 84.31 
59 99.98190058419203 77.66609768907563 0.002140974 0.16169688 0.00068736385 0.015345216 82.93 
60 99.98155057004409 79.92712710084034 0.0021094598 0.1516254 0.0007455671 0.016831508 81.33 
61 99.9824440272112 82.98319327731092 0.0020693003 0.13077731 0.0006686618 0.015668232 79.75 
62 99.98309800101394 83.5845588235294 0.0020424682 0.12715067 0.0006721064 0.01433359 76.26 
63 99.98208480216464 80.17266281512605 0.0020226866 0.14528702 0.00096452556 0.013871996 69.75 
64 99.98460858838925 80.48253676470588 0.0019823315 0.14663647 0.00065181934 0.01588938 63.95 
65 99.98436910502488 81.88616071428571 0.001962185 0.13392203 0.0006745433 0.013949525 58.7 
66 99.9838256620057 83.06328781512605 0.0019402952 0.1288016 0.0007771314 0.014466903 54.01 
67 99.98496781343583 79.51024159663865 0.0019117398 0.14989762 0.0006626227 0.0153251365 49.78 
68 99.9865244553043 82.81578256302521 0.0018712708 0.12992752 0.00060972304 0.013817612 45.88 
69 99.98596259048787 82.08771008403362 0.0018614818 0.13428292 0.0006387177 0.0141959535 42.04 
70 99.9860362776769 82.54004726890756 0.0018332234 0.13353807 0.00064784935 0.014721548 38.56 
71 99.98622970654814 80.49041491596638 0.0018138489 0.14550437 0.00086134544 0.014562121 35.45 
72 99.98685604765498 78.828125 0.0017867981 0.15443428 0.0006098072 0.014999033 32.67 
73 99.98737185797826 77.68119747899159 0.0017643325 0.16041985 0.00058484735 0.01503704 30.2 
74 99.98749159966044 79.99343487394958 0.0017462615 0.14726272 0.0006427955 0.0148625225 27.96 
75 99.98745475606593 80.89942226890756 0.001728595 0.14310275 0.00065027754 0.015131836 25.89 
76 99.98786924650427 81.4673056722689 0.0017053788 0.140645 0.00059043407 0.015806947 23.94 
77 99.98727974899197 78.50249474789916 0.0016936157 0.1588774 0.0008639258 0.016319878 21.95 
78 99.9877863484166 82.25905987394958 0.0016695858 0.13650283 0.00060797355 0.014244191 20.09 
79 99.98907587422481 80.07484243697479 0.0016533957 0.14690551 0.00058064144 0.015350098 18.4 
80 99.98762055224127 81.60582983193277 0.0016439018 0.1381464 0.00069347356 0.014502633 16.85 
81 99.98840347862482 79.23516281512605 0.0016237872 0.15300894 0.0005866471 0.016142271 15.43 
82 99.98797977728783 82.6267069327731 0.0016011894 0.1315077 0.0006813126 0.0146931065 14.03 
83 99.98843111132071 82.83153886554622 0.0015877355 0.12919134 0.00086445385 0.014402568 12.51 
84 99.98897455433988 80.97163865546219 0.0015688179 0.14097811 0.0005940929 0.01601335 11.16 
85 99.98796135549058 82.00761554621849 0.0015616623 0.13759758 0.0006436591 0.014645458 9.94 
86 99.98880875816454 81.3405987394958 0.001542894 0.13896902 0.00090098614 0.01457934 8.83 
87 99.9898403788111 80.14180672268908 0.0015229973 0.1472872 0.000713493 0.015272627 7.83 
88 99.99000617498645 78.82484243697479 0.001510147 0.15461415 0.0005964865 0.0149828745 6.92 
89 99.98706789832347 82.47636554621849 0.0015279608 0.13242492 0.002410669 0.014066707 6.09 
90 99.9896561608385 80.58363970588235 0.0014837054 0.14512947 0.0005737342 0.015390541 5.32 
91 99.98984958970973 85.83508403361344 0.0014681241 0.11435203 0.0006109431 0.014222335 4.62 
92 99.99007986217548 84.35267857142857 0.0014558122 0.122781254 0.0005626161 0.014890789 3.97 
93 99.99046671991795 81.77586659663865 0.0014378376 0.13686863 0.0005381141 0.0149025265 3.37 
94 99.98989564420287 80.3407300420168 0.0014372632 0.1448009 0.0006306597 0.014920028 2.81 
95 99.99109306102478 81.64522058823529 0.0014131467 0.13801886 0.00052436016 0.015551861 2.28 
96 99.9902088147563 82.15730042016807 0.0014145082 0.13305327 0.0005627896 0.014267376 1.78 
97 99.99182072201656 85.40638130252101 0.0013862943 0.11698604 0.00050784496 0.013246413 1.3 
98 99.99003380768234 78.8189338235294 0.0013872384 0.15365253 0.0006361371 0.016390324 0.85 
99 99.99062330519465 82.35228466386555 0.0013786538 0.13404341 0.0006520488 0.014569961 0.42 
