0 87.87619671445572 81.46158854166667 0.0989511 0.16153249 0.01939532 0.015930712 211.73 
1 90.86329037183403 76.47786458333333 0.071498714 0.18521568 0.013936975 0.019987388 209.92 
2 95.75706661464882 75.15733506944444 0.037282687 0.22888006 0.012731425 0.030634118 208.06 
3 99.1768071054877 81.39756944444444 0.011405744 0.1465852 0.0055616917 0.018431405 206.18 
4 99.89854590948896 81.82400173611111 0.0030193331 0.1497614 0.0018264398 0.019812265 204.28 
5 99.95799570852793 82.63671875 0.0013220167 0.14766094 0.0012898452 0.019265011 202.34 
6 99.96954710795761 84.34678819444444 0.00090680347 0.13784534 0.0011179156 0.021450188 200.38 
7 99.97706385003144 84.82096354166667 0.0007213603 0.1353503 0.0009948929 0.020510523 198.41 
8 99.98125638528381 84.68315972222223 0.00062439067 0.13660847 0.0008875934 0.020174213 196.41 
9 99.98226504962278 85.17361111111111 0.0005853529 0.13228036 0.00080754637 0.019359453 197.46 
10 99.98662423376594 84.48025173611111 0.0005187947 0.13926823 0.0006745994 0.02055366 198.53 
11 99.98766798208192 84.34136284722223 0.0004925751 0.13934511 0.00068346877 0.018831404 199.31 
12 99.9890011732082 84.12760416666667 0.00046324637 0.14286548 0.00065047044 0.019459482 199.72 
13 99.99050101322526 84.5703125 0.00044461462 0.14243245 0.0006000701 0.02130338 199.82 
14 99.99044838725975 84.12977430555556 0.00043869155 0.14261211 0.00059020607 0.019593857 199.63 
15 99.99207102119634 82.26888020833333 0.0004159498 0.1562461 0.00050083507 0.020105172 199.17 
16 99.99197454025956 83.95941840277777 0.00041319436 0.14281204 0.0005093275 0.021127623 199.32 
17 99.99286918167326 84.86979166666667 0.0004024055 0.13880323 0.00043138626 0.02052717 200.11 
18 99.99490405233968 84.69184027777777 0.00038087208 0.13974798 0.00037916884 0.019988788 200.52 
19 99.99482511339141 85.02278645833333 0.00037380864 0.13750908 0.00040283194 0.021278555 200.58 
20 99.99439533467307 83.77387152777777 0.000378197 0.14738545 0.0004187346 0.02204052 200.34 
21 99.9952461211155 84.80577256944444 0.00036793246 0.13809513 0.0003729276 0.020633547 199.82 
22 99.99503561725346 84.52907986111111 0.00036667232 0.14039904 0.00036794748 0.018698866 199.04 
23 99.99605305258667 85.17578125 0.0003565807 0.13444553 0.00034701033 0.020211602 198.06 
24 99.99636003738549 85.27452256944444 0.00034834127 0.13505197 0.0003097887 0.018421935 196.88 
25 99.99610567855218 84.88715277777777 0.00035023762 0.13479304 0.000311275 0.018778645 195.52 
26 99.99669333516705 85.39605034722223 0.00034371595 0.13222216 0.0003136681 0.021560432 194.01 
27 99.99699154897162 85.048828125 0.00033722058 0.13388728 0.0003028802 0.020081438 192.36 
28 99.99678104510957 84.90668402777777 0.0003386659 0.13676316 0.00030359448 0.020663258 190.6 
29 99.99762306055776 85.14865451388889 0.00032790285 0.13465443 0.00028244514 0.02003454 188.72 
30 99.99718451084516 85.05859375 0.00033254223 0.13466835 0.000301454 0.019305777 186.75 
31 99.99772831248877 85.13780381944444 0.00032440294 0.13462266 0.0002662813 0.021117862 184.69 
32 99.99705294593139 84.01475694444444 0.0003322116 0.14371526 0.0002750143 0.019647507 182.55 
33 99.9969213810176 85.35264756944444 0.00033276266 0.13124031 0.0003346443 0.020800877 179.57 
34 99.99772831248877 84.17860243055556 0.0003249584 0.14069928 0.0002595068 0.020522792 172.56 
35 99.99762306055776 86.08506944444444 0.00032509788 0.12681724 0.0002704024 0.020284994 166.1 
36 99.99750026663823 84.87196180555556 0.00032617533 0.1355067 0.00026725786 0.020089453 160.14 
37 99.99755289260374 85.70855034722223 0.00032263948 0.13001719 0.00027448015 0.020518783 154.62 
38 99.99743886967846 85.16276041666667 0.0003258674 0.13357748 0.00025745216 0.020589106 149.49 
39 99.99793004535657 85.63151041666667 0.0003211768 0.12700798 0.0002492238 0.018084232 144.72 
40 99.99802652629333 84.40212673611111 0.00031871235 0.13866591 0.00021348415 0.019672886 140.25 
41 99.99791250336806 84.97612847222223 0.00032041452 0.13461287 0.00023399176 0.021251876 136.06 
42 99.99792127436231 82.47178819444444 0.00031959097 0.15472037 0.00027029464 0.021031331 132.11 
43 99.99762306055776 85.66080729166667 0.00032075745 0.12797076 0.00028715617 0.019526388 128.38 
44 99.99794758734507 85.29513888888889 0.0003184663 0.12926424 0.00023254064 0.019765368 124.85 
45 99.99842999202892 85.48285590277777 0.00031240034 0.1296669 0.00020414103 0.01905767 121.49 
46 99.9981230072301 85.40690104166667 0.000315901 0.12920752 0.0002469225 0.018940635 118.27 
47 99.99807915225885 85.28103298611111 0.00031845266 0.1321164 0.0002564432 0.01960737 115.2 
48 99.99775462547153 85.07486979166667 0.00031705407 0.13342793 0.00024166211 0.019862177 112.24 
49 99.99797390032782 85.10525173611111 0.0003160973 0.13435417 0.00022177823 0.020030621 109.4 
50 99.99814932021286 85.09657118055556 0.0003150147 0.13194054 0.00021572942 0.019705748 106.64 
51 99.99810546524161 85.068359375 0.00031378173 0.13355426 0.000224565 0.019682242 103.97 
52 99.99783356441979 85.05859375 0.00031598716 0.13108218 0.00023774333 0.019558927 101.38 
53 99.9983422820864 85.21918402777777 0.00031076072 0.13197614 0.00020264275 0.018832091 98.85 
54 99.99865803787947 85.322265625 0.0003079735 0.12997001 0.00021125548 0.019727262 96.38 
55 99.99826334313813 85.30598958333333 0.00031126282 0.13222557 0.00024332093 0.019964512 93.96 
56 99.99837736606341 85.26041666666667 0.000310014 0.13084018 0.00019991101 0.020626748 91.59 
57 99.9983949080519 85.05208333333333 0.0003076655 0.1322616 0.00023343044 0.02054097 89.25 
58 99.99845630501167 85.01736111111111 0.0003079748 0.13354164 0.00019838639 0.019957015 86.96 
59 99.99864926688521 85.24739583333333 0.00030602966 0.12931474 0.00019074607 0.01962376 84.69 
60 99.9983247400979 85.31684027777777 0.00030952302 0.13100256 0.00022277219 0.019517275 82.46 
61 99.9985966409197 85.34288194444444 0.00030632966 0.13095704 0.0001988969 0.019247722 80.04 
62 99.99871943483923 85.30707465277777 0.00030500029 0.12882686 0.00019095464 0.02016237 76.5 
63 99.99877206080474 85.17252604166667 0.00030446108 0.1314497 0.00017987464 0.019501228 73.18 
64 99.99838613705766 85.18880208333333 0.00030834923 0.13073108 0.00023823151 0.019713707 70.06 
65 99.99873697682773 84.62456597222223 0.0003053322 0.13682957 0.00018425044 0.019182334 67.11 
66 99.99861418290821 85.16059027777777 0.00030577587 0.1313811 0.0002004504 0.01942313 64.32 
67 99.99833351109216 85.35264756944444 0.00030811038 0.12875372 0.00022574778 0.02041856 61.67 
68 99.9987983737875 85.68793402777777 0.00030372167 0.12710005 0.00023016208 0.01897296 59.13 
69 99.99860541191396 85.03255208333333 0.0003051165 0.13186568 0.00019692961 0.019357426 56.7 
70 99.99826334313813 84.77864583333333 0.00030736704 0.13380663 0.0002450282 0.019591894 54.37 
71 99.99870189285073 84.65386284722223 0.00030243857 0.13345137 0.00021465447 0.018937362 52.12 
72 99.99870189285073 85.28537326388889 0.00030377778 0.12912822 0.00018441767 0.019657733 49.94 
73 99.99817563319561 84.78624131944444 0.00030739437 0.13405147 0.00023429345 0.019540329 47.82 
74 99.99835105308065 85.10850694444444 0.00030548786 0.13142414 0.00021254903 0.01991711 45.76 
75 99.99861418290821 84.78190104166667 0.00030340534 0.1342895 0.00020674647 0.020030575 43.75 
76 99.99855278594845 85.10525173611111 0.0003044685 0.13125433 0.00019877769 0.018475492 40.45 
77 99.99890362571853 84.68207465277777 0.00030021134 0.13441007 0.00017560509 0.02001959 37.18 
78 99.99871066384497 84.84049479166667 0.00030218277 0.13456912 0.00017439599 0.021541528 34.2 
79 99.99888608373001 84.92513020833333 0.000301875 0.13125932 0.00016003192 0.01909863 31.6 
80 99.99875451881624 85.46440972222223 0.00030169118 0.12819721 0.00018623396 0.018890318 29.76 
81 99.99872820583349 84.46397569444444 0.00030099222 0.13317928 0.00017454514 0.018301591 27.99 
82 99.99876328981048 84.85243055555556 0.0003022507 0.13492668 0.00017003389 0.020397956 26.28 
83 99.9988334577645 84.43467881944444 0.00030028966 0.13733302 0.00016682749 0.019881768 24.61 
84 99.99885977074726 83.62738715277777 0.00030021116 0.14126727 0.00017113502 0.019896483 22.99 
85 99.99865803787947 85.02712673611111 0.00030171603 0.13150525 0.00016873697 0.01932044 21.41 
86 99.99826334313813 84.78407118055556 0.00030467083 0.13661328 0.00021920927 0.019788546 19.86 
87 99.998850999753 84.86436631944444 0.00030140908 0.13236305 0.00017397222 0.020418683 18.34 
88 99.99862295390245 84.35546875 0.00030271176 0.13581894 0.00017914246 0.021050205 16.84 
89 99.99880714478175 84.97395833333333 0.00029997324 0.1313285 0.00018240987 0.017440664 15.42 
90 99.99898256466679 84.12217881944444 0.00029917026 0.13705039 0.00015986183 0.0190154 14.12 
91 99.99884222875876 84.70920138888889 0.0003007183 0.1347893 0.00016534222 0.020926408 12.59 
92 99.99906150361505 84.44878472222223 0.00029839092 0.13752744 0.0001575984 0.02058619 11.11 
93 99.99921938151158 84.46723090277777 0.00029650767 0.135438 0.00016028679 0.019715615 9.65 
94 99.99892116770702 84.82747395833333 0.00029860224 0.13405454 0.00017369215 0.019591417 8.22 
95 99.998850999753 84.14605034722223 0.00029978124 0.1416637 0.00016783224 0.019707944 6.81 
96 99.99914921355757 84.41189236111111 0.00029672752 0.13519427 0.00014427378 0.019746814 5.42 
97 99.99926323648285 84.814453125 0.00029599544 0.13168305 0.0001509292 0.018313162 4.04 
98 99.99914044256332 84.76779513888889 0.0002969833 0.13203894 0.00013730858 0.01968337 2.68 
99 99.99900010665529 84.62782118055556 0.0002976423 0.13434206 0.0001489064 0.019057646 1.33 
