0 80.89124055771511 80.38105867346938 0.14692494 0.15560298 0.023850258 0.014775298 1694.09 
1 84.16325934579439 84.43966128117914 0.124130614 0.13106121 0.015066191 0.014327367 1609.53 
2 85.86124450348744 81.59279336734694 0.113640085 0.14188284 0.014418564 0.015261966 1499.7 
3 86.48264980150525 83.32004676870748 0.109151155 0.13523515 0.014471671 0.014520639 1399.57 
4 87.03006109916467 83.71687216553288 0.105155826 0.13124038 0.014382092 0.01487856 1471.48 
5 87.45922845504921 80.86468962585035 0.102082714 0.14658111 0.014209079 0.01669969 1378.79 
6 87.77590253080804 77.13470804988663 0.09943659 0.174005 0.013985202 0.017402167 1281.08 
7 88.07186776321231 82.05073696145125 0.09647653 0.14185318 0.0138122225 0.016428249 1174.14 
8 88.73583226504563 85.50878684807256 0.09084012 0.12015956 0.013647222 0.016683012 1066.13 
9 89.50922087365258 82.63180272108843 0.08416579 0.14225496 0.012887247 0.018133279 969.64 
10 90.2703327888512 81.67782738095238 0.07750996 0.14902589 0.012772092 0.01820501 883.4 
11 91.47954401345353 78.69100765306122 0.06772458 0.16977252 0.012020157 0.020028492 806.35 
12 92.47129622928901 78.95053854875283 0.06031771 0.17240092 0.012857623 0.021400664 737.44 
13 93.17571997422326 81.1764810090703 0.05519693 0.15242285 0.01145852 0.017831968 675.82 
14 93.72903269994211 80.0249787414966 0.051271588 0.166217 0.011391042 0.019613946 620.61 
15 94.06359413337745 82.09325396825396 0.048855044 0.15123385 0.012913025 0.02055042 571.21 
16 93.85200424558211 82.78149801587301 0.05035856 0.14384776 0.021444198 0.020230586 526.98 
17 94.68644248132219 80.8000283446712 0.044001054 0.16274114 0.01144592 0.020638064 487.39 
18 95.19553757271248 79.71495890022676 0.04009625 0.17096196 0.011475848 0.021029554 451.87 
19 95.55331703333057 78.7140376984127 0.037289225 0.17962648 0.010752252 0.021256901 420.02 
20 95.85187760179748 81.13484977324264 0.03504266 0.16276917 0.011068614 0.021612715 391.43 
21 96.15581191588785 80.77876984126983 0.032614138 0.16816826 0.010397227 0.021200376 365.69 
22 96.31510739737546 79.90451388888889 0.03135081 0.17344946 0.010557538 0.020589607 342.58 
23 96.60122973699445 80.79205640589569 0.029005243 0.16710569 0.0099104075 0.02102651 321.79 
24 96.81354114975326 79.74596088435374 0.027251175 0.17793174 0.009672228 0.022008214 302.76 
25 96.95947226587269 77.90178571428571 0.026051646 0.19798836 0.01001894 0.023272883 285.61 
26 97.23615016679072 78.58382936507937 0.02378055 0.18775624 0.008923752 0.021751674 270.32 
27 97.38323356904584 80.95415249433107 0.022543876 0.17393208 0.009018007 0.022754038 256.1 
28 97.54775202974665 78.72466695011337 0.021253282 0.19244994 0.00934139 0.021023385 243.59 
29 97.74574063352907 82.55828373015873 0.019651502 0.16080378 0.008521491 0.021114083 232.01 
30 97.85142788713368 81.28365929705215 0.018808836 0.17080332 0.009046098 0.021860428 221.66 
31 98.0027865940231 78.85044642857143 0.017499354 0.19222787 0.008806623 0.022885563 222.43 
32 98.17867714967055 77.65554138321995 0.015974937 0.20222303 0.00781046 0.022769276 238.36 
33 98.2863782117553 79.80885062358277 0.015047627 0.18508935 0.008093258 0.022223564 235.34 
34 98.39658845766824 79.35710742630386 0.014106566 0.18929625 0.0083290925 0.02311022 248.5 
35 98.64714069349102 78.28355300453515 0.011976132 0.1996304 0.007297556 0.0229927 261.67 
36 98.84010016058777 82.26243622448979 0.010318657 0.1612431 0.0067430325 0.021446845 312.9 
37 98.93936907272627 79.64055413832199 0.009432 0.18884376 0.008068597 0.024141498 311.79 
38 99.05291771772393 82.81161422902494 0.0083959 0.15426934 0.0073591936 0.020724546 308.03 
39 99.18116608772365 79.69547193877551 0.0073009348 0.19007125 0.0063221017 0.023337768 293.82 
40 99.26939674482398 81.5998795351474 0.0065194042 0.17046304 0.00605835 0.02229522 284.76 
41 99.3661780111929 77.44649943310658 0.0056667943 0.21054745 0.005417097 0.023545092 268.59 
42 99.44575036873157 79.41025368480726 0.004976074 0.19362466 0.0048338696 0.025075039 297.44 
43 99.49320948088109 81.67694160997732 0.0045504873 0.17210637 0.0047788513 0.023238901 302.27 
44 99.53873016775563 80.1312712585034 0.0041621015 0.18669233 0.004694658 0.02386795 279.95 
45 99.57492487525157 80.28362386621315 0.003847447 0.18559071 0.0046536764 0.023140373 259.92 
46 99.61055959322361 81.00995606575964 0.0035332546 0.17943689 0.0044212206 0.022562455 241.89 
47 99.64194054461997 83.85682397959184 0.0032478094 0.15130466 0.003948951 0.021863837 225.65 
48 99.67865216552256 79.55906320861678 0.0028950495 0.19198252 0.0038767538 0.023170171 211.0 
49 99.71246691754197 81.77703373015873 0.0025745793 0.17160521 0.00357962 0.022008346 197.78 
50 99.74502169313263 79.55994897959184 0.0022912265 0.19159324 0.0034693514 0.023236709 185.8 
51 99.78609477090397 81.8390376984127 0.0019274524 0.17028376 0.0028884807 0.021831136 174.92 
52 99.81006663013812 79.09049036281179 0.001708284 0.1948409 0.0028613561 0.02421676 165.09 
53 99.81957568301492 81.55824829931973 0.0016287772 0.17139523 0.0030320454 0.023132967 156.13 
54 99.83874455517878 81.25620039682539 0.0014452481 0.17576814 0.0027447606 0.023113042 149.35 
55 99.84296601466656 82.42896116780045 0.0014042272 0.16546117 0.0027785648 0.02283202 143.25 
56 99.8554688576903 80.35448554421768 0.0012910509 0.18277818 0.0028607778 0.024631675 137.63 
57 99.87818074049568 81.21545493197279 0.001085572 0.17638916 0.0025214416 0.02199847 132.17 
58 99.89522811388636 80.67779195011337 0.0009383197 0.18313497 0.002207157 0.022950385 127.28 
59 99.88800209522235 79.9000850340136 0.001003271 0.19112152 0.0031081848 0.023745645 122.61 
60 99.90765557370496 81.08170351473923 0.0008219409 0.17585842 0.0022365965 0.022969365 118.12 
61 99.91116627725857 77.60239512471655 0.0007917742 0.21024175 0.0024259344 0.02515687 113.84 
62 99.91604464753398 80.45014880952381 0.00074974634 0.18322746 0.00205161 0.023683958 109.71 
63 99.91887690224134 84.25719246031746 0.00072266674 0.14840549 0.0022036016 0.021463737 105.93 
64 99.92038456634411 80.94440901360544 0.0007092751 0.1797635 0.0020953405 0.023597902 102.24 
65 99.9246167948612 81.38552295918367 0.00067152374 0.17573792 0.0018684238 0.023382964 98.61 
66 99.92007226449425 83.10569019274377 0.0007104667 0.15875052 0.0023403938 0.022976914 95.2 
67 99.92474602321286 80.47849348072562 0.0006712272 0.18547045 0.0020612616 0.02324562 91.77 
68 99.9263829156673 80.52278202947846 0.0006510284 0.18498342 0.002221404 0.023824638 88.47 
69 99.90512485181816 81.59899376417233 0.00083459093 0.17387746 0.002887029 0.02345117 85.22 
70 99.93479352755493 81.42715419501134 0.000578342 0.17489345 0.0018160786 0.022075372 82.08 
71 99.93582735436826 83.22704081632654 0.0005693245 0.15840107 0.0021773016 0.020735955 79.05 
72 99.93775501061396 80.97629676870748 0.0005502578 0.17964879 0.0019310842 0.02388592 75.95 
73 99.94723175640283 82.37670068027211 0.0004699864 0.16571353 0.0015919608 0.02250765 72.98 
74 99.93580581630965 81.45372732426304 0.00057072344 0.1751854 0.0022830348 0.02203305 70.0 
75 99.94291337565132 82.02593537414965 0.0005038396 0.16909327 0.0019135312 0.02406051 67.04 
76 99.94808250971798 82.1295705782313 0.00045650892 0.16905977 0.0015573465 0.022396194 64.2 
77 99.94073803173158 82.24560657596372 0.00052546867 0.1673636 0.0020711976 0.022484574 61.37 
78 99.95367163592755 81.25 0.0004073327 0.17577416 0.001470919 0.022671862 58.68 
79 99.95834539464616 78.91687925170068 0.00036681644 0.19791336 0.0013943219 0.024738995 55.96 
80 99.96171610081879 81.3607213718821 0.000338268 0.17477137 0.0014327649 0.023283478 53.28 
81 99.95950844981115 81.27391581632654 0.00036360265 0.1747632 0.0016473687 0.021190727 50.66 
82 99.96705753935434 79.79467828798185 0.00028863596 0.19108464 0.0011930374 0.023821646 47.9 
83 99.97021286494086 80.41826105442176 0.00026490475 0.18500198 0.0010928472 0.023786036 45.2 
84 99.97097746602157 80.34474206349206 0.00025974406 0.18491344 0.0011901394 0.022677995 41.93 
85 99.96830674675378 79.06746031746032 0.00027557573 0.19740146 0.0011888092 0.023890464 39.19 
86 99.97263589653461 80.65033304988663 0.00023857364 0.18195567 0.0010414866 0.02239793 56.11 
87 99.97523123259725 79.98157596371883 0.00021832903 0.18855472 0.0010450453 0.02604725 54.7 
88 99.97537122997822 81.01615646258503 0.00021591343 0.17747153 0.0011138207 0.023508776 51.25 
89 99.972226673421 81.68402777777777 0.00024491403 0.17366843 0.0012049078 0.02394656 47.64 
90 99.9766958205828 81.14282171201815 0.00020425497 0.1771925 0.00095923204 0.02272352 43.83 
91 99.97539276803683 80.60870181405896 0.00021767014 0.18186131 0.0011475825 0.022468153 39.87 
92 99.97616813814683 79.68218537414965 0.00020740001 0.19075665 0.0009684598 0.024124892 35.93 
93 99.97949576820224 82.77086876417233 0.00017957528 0.16143245 0.0008876241 0.021085806 35.68 
94 99.97972191781766 80.9249220521542 0.00017740627 0.18040566 0.00085307617 0.023612076 36.08 
