0 85.60364044683108 83.90022675736961 0.11589489 0.13354528 0.019275196 0.016087376 242.33 
1 87.46840609254839 82.2952097505669 0.100077055 0.13652724 0.013410801 0.016835432 240.16 
2 88.22396662025987 85.59736394557824 0.09300555 0.11641224 0.012830948 0.01464434 236.21 
3 89.14112221559269 83.39002267573696 0.08591627 0.13187627 0.0123272855 0.0168392 227.37 
4 90.21816369994697 81.94887329931973 0.07790815 0.1380159 0.011823734 0.017157163 217.7 
5 91.92325062980642 82.47945011337869 0.06508368 0.13621312 0.010902352 0.016932929 206.18 
6 93.49579852824185 82.97459608843538 0.05366783 0.13204941 0.009770995 0.016568366 195.78 
7 95.22357091951737 79.7672193877551 0.04214748 0.15952119 0.008564365 0.01840105 186.41 
8 96.6433286097852 81.6078514739229 0.032266878 0.14653946 0.0070875925 0.018268181 177.95 
9 97.69416268894193 85.50170068027211 0.024514139 0.12519352 0.00576435 0.017668055 170.31 
10 98.3769536429329 84.53000992063492 0.018918583 0.1266025 0.004790756 0.016977588 163.17 
11 98.82807320670909 84.56986961451247 0.014912591 0.12781905 0.0041661225 0.017223679 156.65 
12 99.1350520418987 83.08000283446712 0.011927869 0.13965721 0.0036372365 0.017864054 150.73 
13 99.36750033147706 81.96038832199547 0.009612167 0.14590716 0.0031017133 0.019893797 146.41 
14 99.49910708366481 76.70510912698413 0.008018495 0.18184091 0.0028158338 0.019633811 142.96 
15 99.60554229647309 82.80984268707483 0.006701452 0.14079578 0.0025256143 0.018667158 140.12 
16 99.67390944046672 82.64154620181407 0.005788561 0.14228813 0.0023202265 0.018662361 151.97 
17 99.72559914478919 82.37404336734694 0.0050591403 0.14415899 0.0021509854 0.018309763 162.1 
18 99.76346004044021 84.32539682539682 0.0044344 0.13024367 0.0020174356 0.01813515 170.7 
19 99.80551619265447 84.49812216553288 0.003835411 0.12897585 0.0018131344 0.017915148 177.94 
20 99.82783910103421 85.20496740362812 0.003491423 0.1250727 0.0019263313 0.018275281 183.93 
21 99.85948480177672 83.078231292517 0.0030843732 0.14105737 0.0015764231 0.01893714 188.92 
22 99.86683944908512 84.46357709750566 0.0028237249 0.12988111 0.0017374691 0.01810226 193.01 
23 99.88931773733758 84.30679563492063 0.0025221938 0.13140851 0.001536023 0.018874222 196.43 
24 99.90495931119067 84.0375212585034 0.0022520623 0.13487466 0.0016286846 0.018125346 199.15 
25 99.9127283048263 82.83375850340136 0.002091013 0.1458189 0.0015613333 0.019915145 201.19 
26 99.92925036462476 83.50694444444444 0.0018765737 0.13599105 0.0012778406 0.01905171 202.65 
27 99.93101133651551 82.14817176870748 0.0017468389 0.14807706 0.0014680915 0.018309224 203.56 
28 99.93147747613365 82.98788265306122 0.0016323809 0.14338543 0.0017344207 0.018966228 203.99 
29 99.94473655860514 83.00559807256236 0.0015207408 0.1431057 0.0011647292 0.01973656 204.04 
30 99.9489836084593 84.67350481859411 0.001400959 0.13139802 0.0013399113 0.020121133 203.81 
31 99.95695977525855 84.53975340136054 0.0012852211 0.13033028 0.0010013357 0.018190071 203.33 
32 99.95141789313179 83.93211451247166 0.0012333536 0.13698061 0.0021132894 0.019520989 202.39 
33 99.96519490851233 84.21024659863946 0.0011279592 0.13410522 0.0010363646 0.019920314 201.18 
34 99.96498773534871 83.57514880952381 0.0010631089 0.13759331 0.0012069207 0.01914256 199.72 
35 99.96840609254839 82.69912131519274 0.0009987459 0.14414842 0.0009928972 0.0201777 197.45 
36 99.97052961747546 84.27579365079364 0.00092422403 0.13422029 0.0012050136 0.020325549 193.03 
37 99.97135831012994 83.78153344671202 0.00088406785 0.13932456 0.0010309045 0.01791341 183.72 
38 99.97591611972952 83.14112103174604 0.0008135231 0.14257501 0.0009861724 0.019446697 175.24 
39 99.97803964465659 83.3953373015873 0.000772235 0.14100721 0.0008468097 0.01976132 167.5 
40 99.97550177340229 83.80102040816327 0.00077428034 0.13775304 0.0009906591 0.019396067 160.43 
41 99.9782468178202 83.57692035147392 0.00073660724 0.13974272 0.0007369865 0.01971478 153.92 
42 99.9793862702201 82.687606292517 0.00067152316 0.14529032 0.0009002615 0.019812075 147.83 
43 99.98135441527447 83.35902069160997 0.00064809935 0.14228107 0.00080240803 0.019775763 142.2 
44 99.9831671804561 83.26955782312925 0.0005773765 0.143475 0.000750139 0.01960293 137.0 
45 99.98482456576505 84.16684382086167 0.0005655036 0.13804959 0.00071881514 0.02024075 132.16 
46 99.98409945969239 83.5795776643991 0.00053203315 0.14129484 0.00074374035 0.01978957 127.65 
47 99.98399587311059 83.64246740362812 0.00053355447 0.14047736 0.00073072076 0.020954197 123.42 
48 99.98720705714665 83.3829365079365 0.0004765507 0.14238943 0.0007295043 0.01962527 119.48 
49 99.98518711880138 83.51048752834467 0.00050134625 0.14219362 0.0007546685 0.020688644 115.73 
50 99.98083648236542 83.76913265306122 0.0005171166 0.14081787 0.0011341552 0.019201241 111.94 
51 99.98699988398303 84.11281179138322 0.00045023998 0.13922852 0.00064932666 0.019042287 107.35 
52 99.98523891209229 82.54233985260771 0.0004394927 0.14900668 0.0006821743 0.020255206 102.38 
53 99.98332256032883 83.16857993197279 0.00045347784 0.14373004 0.0007863674 0.020230135 97.13 
54 99.98441021943782 82.05428004535148 0.00043122555 0.15177307 0.0009845034 0.020546354 92.32 
55 99.98767319676479 84.21910430839003 0.00037746245 0.13902925 0.0009365531 0.019946404 87.88 
56 99.98865726929196 81.42892573696145 0.00037168796 0.15800019 0.0005514297 0.02067069 83.79 
57 99.99129872712808 83.67258361678005 0.00033288923 0.14158018 0.00056388805 0.021052755 79.98 
58 99.98746602360117 83.374964569161 0.0003430865 0.1439936 0.00091625354 0.018957362 76.41 
59 99.98741423031026 83.28461592970521 0.00033463934 0.14499137 0.00071931735 0.019927304 73.1 
60 99.98731064372845 83.35724914965986 0.00035346686 0.14517887 0.0006268656 0.019883012 70.03 
61 99.98870906258287 83.44582624716553 0.00031468697 0.14140774 0.000635525 0.01929498 67.16 
62 99.99015927472819 83.06140164399093 0.0002904403 0.14680476 0.000635261 0.01964147 64.46 
63 99.98933058207372 83.68852749433107 0.00030136082 0.14139365 0.0005502741 0.020274352 61.91 
64 99.98777678334659 82.99585459183673 0.00031075033 0.14719774 0.00072593836 0.019143322 59.51 
65 99.9842030462742 83.7921626984127 0.0003209786 0.14098342 0.0012007977 0.018525826 57.24 
66 99.98886444245558 83.22349773242631 0.00028017958 0.1442529 0.00068486476 0.02016465 54.99 
67 99.99093617409176 83.71155753968254 0.00025974924 0.14278616 0.00056054245 0.018594418 52.82 
68 99.98839830283744 83.59020691609977 0.0002656543 0.14354719 0.00085101393 0.020193195 50.75 
69 99.99124693383717 83.80899234693878 0.00024024466 0.14191878 0.00043746462 0.01940879 48.75 
70 99.99052182776452 83.46088435374149 0.00023817037 0.14486934 0.0006358136 0.019775081 46.84 
71 99.99093617409176 83.35813492063492 0.00023972029 0.14516976 0.0005364158 0.019425675 44.99 
72 99.99114334725537 83.28373015873017 0.00021554955 0.14495203 0.0006915148 0.020991897 43.19 
73 99.99119514054627 83.19692460317461 0.00022484247 0.14487246 0.0005188214 0.020114386 41.44 
74 99.99088438080085 83.63095238095238 0.0002154284 0.1433287 0.00057733135 0.019995496 39.72 
75 99.98948596194643 83.73193027210884 0.00022515164 0.14053258 0.0009487086 0.019281957 38.03 
76 99.99337045876425 84.5672123015873 0.0001920986 0.13661142 0.0003916386 0.020053312 36.36 
77 99.99181666003713 83.78861961451247 0.00020219572 0.14113341 0.00059193274 0.020057172 34.71 
78 99.9928007325643 82.83730158730158 0.00019082028 0.1472066 0.00060281437 0.019055925 33.1 
79 99.99145410700079 82.88070436507937 0.00020003012 0.1477775 0.0005525216 0.020350724 31.5 
80 99.99368121850968 83.17212301587301 0.00017532974 0.14631577 0.0004209363 0.020346671 29.92 
81 99.99093617409176 83.85062358276645 0.0002051553 0.14313795 0.000652037 0.019750059 28.36 
82 99.9939401849642 84.01803429705215 0.00017290484 0.14260243 0.0003946542 0.020353476 26.82 
83 99.9927489392734 82.8842474489796 0.00016737156 0.14891815 0.00049741147 0.01982212 25.29 
84 99.9926453526916 83.03837159863946 0.00017857933 0.15011416 0.00041126017 0.019842578 23.75 
85 99.99321507889154 83.34573412698413 0.0001649756 0.14609277 0.00056704856 0.020471819 22.22 
86 99.99243817952798 82.95510912698413 0.00017467569 0.1477275 0.0004682528 0.020740112 20.71 
87 99.99321507889154 83.89491213151928 0.00016038492 0.14168006 0.0004208781 0.019460766 19.22 
88 99.9926453526916 81.38463718820861 0.00016744592 0.16021667 0.00045103807 0.021216774 17.74 
89 99.99285252585521 83.34573412698413 0.00015670802 0.14718768 0.00053475803 0.020255726 16.24 
90 99.99492425749138 83.4157100340136 0.00013112806 0.14585578 0.00035553097 0.019712128 14.74 
91 99.9926971459825 83.42368197278911 0.00014206521 0.14572237 0.0005369415 0.020031778 13.25 
92 99.99471708432776 81.11270549886622 0.00013210175 0.15997678 0.00036886297 0.020625263 11.77 
93 99.99223100636436 83.42722505668934 0.00015635969 0.14573562 0.0006333801 0.01886844 10.29 
94 99.99326687218245 83.30764597505669 0.0001301114 0.1464736 0.00047170205 0.019103404 8.82 
95 99.99450991116414 82.83287273242631 0.000118404874 0.150021 0.000520431 0.019319717 7.34 
96 99.994043771546 82.69114937641723 0.00012687636 0.14971298 0.00039177417 0.019193126 5.88 
97 99.99311149230974 83.66461167800453 0.00013354572 0.14533244 0.00046272847 0.020000571 4.35 
98 99.99368121850968 83.34661989795919 0.00013602125 0.14657955 0.0004382525 0.021004412 2.95 
99 99.99471708432776 83.67789824263039 0.00012036193 0.14627475 0.00035446955 0.021594679 1.53 
