0 88.02406404212499 37.8015350877193 0.09702888 3.438657 0.029894656 0.23287149 186.1 
1 96.072567319356 45.70997807017544 0.03530603 3.2534306 0.01646916 0.40546867 183.42 
2 99.43526133418797 51.20271381578947 0.009282627 0.5334084 0.0039812336 0.045938257 180.89 
3 99.88007608965346 54.89651864035088 0.003950996 0.37224203 0.0017814955 0.029236473 178.61 
4 99.95114091404075 53.539610745614034 0.0021166566 0.36111903 0.0012262071 0.025507258 177.74 
5 99.9664006285667 53.70408442982456 0.0013380614 0.4070839 0.0011054914 0.029311327 176.15 
6 99.9714405342817 52.2375274122807 0.0010009903 0.4278576 0.00095136167 0.02687192 175.68 
7 99.97659889931906 59.38870614035088 0.00081669097 0.3524934 0.000793126 0.027341481 174.76 
8 99.97818194662696 57.15117872807018 0.0007158789 0.37581655 0.00084143254 0.030539878 173.74 
9 99.98059420919141 58.98780153508772 0.0006502974 0.37079722 0.0007068772 0.027606525 172.55 
10 99.98299570272654 61.585115131578945 0.0006025364 0.34826413 0.00069340295 0.028645877 171.33 
11 99.98453567391724 63.09279057017544 0.00056534115 0.3385582 0.0006423355 0.027244827 170.05 
12 99.98741100474182 61.33840460526316 0.0005243561 0.3594439 0.00053077505 0.026979117 168.69 
13 99.98846636961376 61.13623903508772 0.00049597485 0.35650223 0.0005926222 0.02518993 167.21 
14 99.98867098117057 61.96546052631579 0.00047707988 0.35652834 0.00051418145 0.02685782 165.73 
15 99.98923097069445 62.40405701754386 0.0004676196 0.3599312 0.0005035771 0.029975906 164.23 
16 99.99007095498028 62.873492324561404 0.0004544502 0.35317793 0.00046757827 0.026908679 162.63 
17 99.99182630675709 62.523985745614034 0.0004303057 0.35454816 0.00042969943 0.030365156 160.98 
18 99.99234322016376 61.91748903508772 0.00041755332 0.3659853 0.000415357 0.031319324 159.25 
19 99.99276321230667 63.21271929824562 0.0004112983 0.34647784 0.00046689986 0.028222127 157.56 
20 99.99314012833237 64.27151864035088 0.00040484412 0.34092474 0.00045229497 0.028604308 155.86 
21 99.99375396300279 63.28125 0.00039496078 0.35442492 0.00036532595 0.029440593 154.09 
22 99.99479855884542 62.907757675438596 0.00038085692 0.35748765 0.00039240383 0.028727468 152.34 
23 99.99557392895542 62.92146381578947 0.00036752856 0.3527459 0.0003207361 0.025614122 150.5 
24 99.99532624128139 63.95970394736842 0.0003652299 0.3479519 0.0003295642 0.026873443 148.56 
25 99.99582161662944 64.6998355263158 0.000354989 0.34020293 0.00033680061 0.029559847 146.79 
26 99.99601545915695 64.18242872807018 0.00035255693 0.3454863 0.00032213243 0.026584579 144.32 
27 99.99571392633639 63.58621162280702 0.00035484965 0.35003632 0.00034005012 0.027954105 141.9 
28 99.99684467441348 63.75068530701754 0.00034315136 0.34797755 0.00026008466 0.029191045 139.53 
29 99.99695236470653 63.16817434210526 0.00033901745 0.35360274 0.00028306677 0.027508447 137.14 
30 99.9970708240289 63.72669956140351 0.00033584645 0.34783924 0.00028903896 0.029836008 134.87 
31 99.99702774791167 64.08305921052632 0.00033530913 0.3451879 0.00029140877 0.031180685 132.65 
32 99.99767388967 63.42516447368421 0.00032748515 0.3472794 0.00024226897 0.028911889 130.41 
33 99.99732928073223 65.72436951754386 0.0003284559 0.32863146 0.00025341345 0.02588199 128.21 
34 99.99769542772862 64.8951480263158 0.00032223383 0.3351211 0.00022618892 0.029721117 125.65 
35 99.99772773481654 64.9328399122807 0.00032328913 0.3356861 0.00023086954 0.024224592 123.61 
36 99.99821234113529 63.8671875 0.00031509672 0.34567428 0.00023631546 0.027359208 122.59 
37 99.99842772172138 63.87061403508772 0.00031211667 0.3446418 0.00022079838 0.027341302 121.49 
38 99.99844925978 64.81291118421052 0.00031164172 0.3336829 0.0002063837 0.031922426 119.44 
39 99.99830926239903 65.29947916666667 0.00030854272 0.331609 0.0002020147 0.027923765 117.27 
40 99.99815849598875 65.02535635964912 0.00030990966 0.33357152 0.00019685946 0.025915343 115.12 
41 99.99832003142834 65.15556469298245 0.00030688653 0.3316903 0.00019831026 0.026817115 113.01 
42 99.99821234113529 65.03220942982456 0.0003082246 0.33480954 0.00022508467 0.03123941 110.96 
43 99.99757696840625 64.51137609649123 0.0003136659 0.33745572 0.0002215915 0.030359896 108.92 
44 99.99796465346125 63.997395833333336 0.00030988513 0.34151804 0.0002317952 0.03071232 106.87 
45 99.99828772434041 64.02480811403508 0.00030652265 0.34353834 0.00019817584 0.029305916 104.8 
46 99.99823387919389 65.09731359649123 0.00030593618 0.329801 0.00021711014 0.02707867 102.75 
47 99.99840618366278 65.39884868421052 0.000302702 0.3280728 0.00019429288 0.030208085 100.74 
48 99.99860002619027 65.65926535087719 0.00030117875 0.32758906 0.00018940284 0.0290113 98.82 
49 99.99844925978 65.27891995614036 0.0002997663 0.3314596 0.00021690161 0.02529212 98.47 
50 99.99855695007305 65.71751644736842 0.0002991952 0.32570013 0.00019649384 0.030795416 98.12 
51 99.99888002095223 64.7923519736842 0.00029576258 0.33298048 0.00017033707 0.028135726 97.57 
52 99.99894463512805 64.6313048245614 0.00029398582 0.33684188 0.00019661982 0.029155139 96.37 
53 99.9990307873625 64.87116228070175 0.00029353975 0.33459938 0.00015862501 0.030710712 94.58 
54 99.99838464560416 64.83689692982456 0.00029901415 0.33503965 0.00018659816 0.028943144 92.36 
55 99.99889078998153 65.29947916666667 0.00029399243 0.3334192 0.00015834943 0.030811185 89.88 
56 99.99877233065916 65.8717105263158 0.00029317252 0.32530937 0.00015635524 0.028813202 87.91 
57 99.99880463774709 65.15899122807018 0.0002941493 0.33344987 0.00020411656 0.026769951 86.0 
58 99.9990092493039 65.05962171052632 0.00029094057 0.334247 0.00018466522 0.02912 84.1 
59 99.99914924668487 65.47080592105263 0.00028938 0.32589805 0.00014365345 0.026786689 82.12 
60 99.99896617318667 66.50219298245614 0.00029032913 0.31685546 0.000179134 0.026634606 80.4 
61 99.9990307873625 65.54961622807018 0.00029121005 0.32535338 0.00017435498 0.029045196 79.13 
62 99.99919232280209 65.57702850877193 0.0002888251 0.32597452 0.000152659 0.030628689 77.71 
63 99.99899848027458 65.46737938596492 0.00028932045 0.32474506 0.00016002468 0.02742114 76.28 
64 99.99912770862625 66.2280701754386 0.00028595276 0.3164149 0.00015013047 0.030528765 74.93 
65 99.99914924668487 65.47765899122807 0.00028570858 0.32187143 0.00013442307 0.027627025 73.8 
66 99.99909540153834 65.36115679824562 0.00028627348 0.3252744 0.00015581382 0.03023265 72.39 
67 99.99909540153834 64.96367872807018 0.00028684968 0.33209983 0.00016300534 0.025242312 70.83 
68 99.99923539891931 65.07332785087719 0.00028536672 0.3293417 0.00014395089 0.029917372 69.07 
69 99.99906309445042 66.14925986842105 0.00028501154 0.319975 0.00013973028 0.031189663 67.23 
70 99.998836944835 65.61129385964912 0.000288834 0.32341132 0.00017754557 0.02853763 65.11 
71 99.99934308921236 65.9608004385965 0.00028338365 0.3215378 0.00012617209 0.026514638 62.62 
72 99.99910617056764 66.08072916666667 0.00028481986 0.3211297 0.00016642486 0.027326765 60.17 
73 99.99932155115376 66.3548519736842 0.0002827726 0.31427142 0.00015647565 0.026838548 57.52 
74 99.99910617056764 65.91625548245614 0.00028441488 0.31767508 0.0001529894 0.026711686 55.15 
75 99.99935385824166 64.86773574561404 0.00028228996 0.33241466 0.00012148929 0.028749844 53.43 
76 99.99907386347972 64.79577850877193 0.00028367035 0.3337667 0.0001661252 0.027634902 51.66 
77 99.99935385824166 64.51822916666667 0.00028165366 0.33387658 0.00013024342 0.028667865 49.79 
78 99.99918155377277 65.10416666666667 0.0002833911 0.3281176 0.0001422101 0.026427388 47.86 
79 99.99947231756403 64.33319627192982 0.00028057242 0.3381167 0.000118594464 0.029083975 45.89 
80 99.99946154853473 65.60444078947368 0.00028144865 0.31929114 0.00014073802 0.029791325 43.86 
81 99.99938616532958 66.11842105263158 0.0002811174 0.3170676 0.00014034346 0.02891723 41.87 
82 99.99937539630028 65.30633223684211 0.00028048796 0.32139665 0.00014687526 0.02733344 39.75 
83 99.9994077033882 65.88199013157895 0.0002802128 0.3182355 0.00016443014 0.03063258 37.67 
84 99.9994077033882 65.58388157894737 0.0002803382 0.32044336 0.00012983271 0.024519054 34.86 
85 99.99939693435888 65.72779605263158 0.0002796932 0.31860766 0.000119387405 0.031145927 30.99 
86 99.99950462465195 65.41940789473684 0.00027944497 0.31863326 0.00013237538 0.027928572 27.5 
87 99.99914924668487 65.1795504385965 0.00028048691 0.32474765 0.0001336433 0.028132014 24.35 
88 99.99926770600722 65.90254934210526 0.00027876452 0.31445825 0.00013053311 0.026699003 21.49 
89 99.9994184724175 65.9094024122807 0.00027834778 0.3111492 0.00014646386 0.027507205 18.73 
90 99.99932155115376 65.27549342105263 0.00027989197 0.32327533 0.0001339423 0.026080301 16.17 
91 99.99918155377277 65.77234100877193 0.00027980685 0.31672597 0.00014613188 0.03061165 13.86 
92 99.9994400104761 65.24122807017544 0.00027807904 0.32597294 0.000115695984 0.031599827 11.79 
93 99.99939693435888 65.33717105263158 0.00027914802 0.32405967 0.00013522217 0.026137007 9.9 
94 99.9994184724175 65.55646929824562 0.00027795738 0.31872562 0.00012321789 0.027215347 8.16 
95 99.99936462727098 66.59813596491227 0.00027834956 0.31314152 0.00012780265 0.026009357 6.53 
96 99.99934308921236 66.57415021929825 0.00027836603 0.31288317 0.00015233278 0.031577934 4.99 
97 99.99939693435888 66.37198464912281 0.00027825384 0.31423813 0.00011964857 0.02797568 3.58 
98 99.99931078212444 65.96765350877193 0.00027823815 0.31583568 0.00012353594 0.026786823 2.29 
99 99.99948308659333 67.00246710526316 0.00027636735 0.30528963 0.00012067768 0.028587515 1.1 
