0 80.40033106271547 79.80885062358277 0.15376692 0.16027111 0.023522133 0.016327677 20.41 
1 80.71311074648634 79.73976048752834 0.15002893 0.16016585 0.014572602 0.017068176 20.22 
2 81.09907435030496 80.7592828798186 0.14478984 0.16000825 0.014575576 0.013674393 20.04 
3 81.82604498143728 79.3951955782313 0.13935164 0.16418664 0.014128385 0.012850256 19.85 
4 82.54017087642535 81.01969954648526 0.13558288 0.15304437 0.014246828 0.012983938 19.66 
5 83.47752585521081 82.85590277777777 0.12912744 0.13923037 0.014430765 0.0144182695 19.47 
6 84.02161437616017 80.19593253968254 0.1253983 0.15814288 0.014652786 0.014751313 19.28 
7 84.30689182246088 83.97640306122449 0.12331044 0.13156533 0.014326449 0.014279709 19.09 
8 84.37329082140016 80.81065759637188 0.12264394 0.1472109 0.014279582 0.015409321 18.9 
9 84.620085852559 82.6078869047619 0.12095754 0.14241704 0.014398091 0.014379716 18.72 
10 84.771581228454 85.74351615646259 0.11975855 0.12215111 0.014316827 0.013887635 18.52 
11 84.91188925351366 81.29871740362812 0.11879518 0.14609976 0.014416393 0.015763387 18.32 
12 85.01376665672235 83.82050736961452 0.117973916 0.13482702 0.014000473 0.014967589 18.12 
13 85.16438154667198 84.31831065759637 0.116796196 0.13180466 0.013998274 0.015743338 17.93 
14 85.21731428997613 80.24287840136054 0.11634628 0.15454714 0.014091967 0.0155368075 17.73 
15 85.28516350106072 82.90284863945578 0.11571336 0.14020577 0.013891387 0.016586194 17.53 
16 85.43608915075576 82.98965419501134 0.114620775 0.13937713 0.013929943 0.015408825 17.33 
17 85.52491464465659 81.75843253968254 0.11384698 0.14775144 0.0138924625 0.015852556 17.13 
18 85.57846890745161 86.02076247165533 0.11340852 0.12052052 0.0137651265 0.014472428 16.93 
19 85.73514361243701 84.12166950113378 0.112261675 0.1341935 0.013813811 0.01708979 16.73 
20 85.77274554163353 84.41043083900227 0.111686446 0.13051945 0.013591394 0.015044002 16.52 
21 85.84758684699018 84.19430272108843 0.11101212 0.13262029 0.013622841 0.016169574 16.31 
22 85.99198654203128 83.68321286848072 0.1097393 0.13527608 0.013483323 0.015889052 16.1 
23 86.07050517104216 83.8736536281179 0.108808845 0.13586093 0.013509423 0.015893085 15.89 
24 86.20226730310263 82.10034013605443 0.10746888 0.14619325 0.013415431 0.017965263 15.68 
25 86.37763938610448 85.31391723356009 0.10590599 0.12722613 0.013360824 0.016165191 15.48 
26 86.54379226332537 82.78769841269842 0.10427472 0.14063516 0.0132242115 0.016590847 15.27 
27 86.72501698819941 85.4875283446712 0.10230881 0.12488781 0.012889818 0.016215775 15.06 
28 86.91411429329091 84.16772959183673 0.1002682 0.13259524 0.012906923 0.015901776 14.85 
29 87.13387322659771 82.33949829931973 0.09801649 0.14454113 0.0126826065 0.016906204 14.65 
30 87.42733401286131 81.82132227891157 0.09515298 0.14415511 0.012550477 0.017006103 14.44 
31 87.63808091355078 80.36777210884354 0.09317665 0.16014193 0.012317677 0.018811293 14.23 
32 87.88104324118271 82.34747023809524 0.09105088 0.1407253 0.01210728 0.016237918 14.02 
33 88.24328551776718 80.86291808390023 0.08860731 0.15357667 0.012124909 0.018865898 13.82 
34 88.63877908711217 80.66804846938776 0.08566729 0.15711546 0.011916062 0.018436076 13.61 
35 89.31069345001326 81.83815192743764 0.08079043 0.14997825 0.01162496 0.019241063 13.4 
36 90.22510400092814 81.92407171201815 0.07427456 0.15161756 0.011314015 0.01968369 13.19 
37 91.15577764518696 83.26955782312925 0.067886055 0.1363352 0.010947262 0.018729566 12.99 
38 91.97235066958366 82.69469246031746 0.06188085 0.14013958 0.010711773 0.017979711 12.78 
39 92.47666194311854 80.6219883786848 0.058264386 0.15561885 0.0104084015 0.019605497 12.57 
40 92.88116754508088 83.21906887755102 0.055432487 0.13837738 0.010224122 0.018188829 12.37 
41 93.213835852559 82.65040391156462 0.052954167 0.1461412 0.010079598 0.018928789 12.16 
42 93.49491804229648 82.69114937641723 0.05103291 0.14449453 0.009983291 0.020618368 11.97 
43 93.76388060196234 81.57596371882086 0.049068525 0.15112758 0.009863577 0.01950676 11.76 
44 93.9975201372315 82.50248015873017 0.047296036 0.14646469 0.009774512 0.019882934 11.55 
45 94.21318740055688 82.09236819727892 0.045684278 0.1536073 0.009803508 0.019441066 11.35 
46 94.40917321333863 82.09148242630386 0.0441289 0.15164632 0.009666718 0.020706544 11.14 
47 94.61147780761071 81.86826814058956 0.04260686 0.15498789 0.009436783 0.020384548 10.93 
48 94.80761900026518 81.43955498866214 0.04108221 0.15650928 0.009425594 0.021417087 10.73 
49 95.03416285468046 79.97714710884354 0.039398704 0.16953425 0.009138348 0.021160739 10.52 
50 95.222690433572 80.25350765306122 0.038041282 0.17061324 0.0090590855 0.020576306 10.32 
51 95.44560875762397 78.70960884353741 0.036281984 0.17911209 0.008898322 0.020518051 10.1 
52 95.61523178533545 80.82217261904762 0.034944016 0.1650647 0.0086523825 0.021247907 9.9 
53 95.79640471691859 81.19508219954649 0.033554897 0.15864162 0.008652512 0.020645285 9.69 
54 96.03620765380536 82.31912556689342 0.03182824 0.15556432 0.008382248 0.021714712 9.49 
55 96.20707372049854 82.91702097505669 0.030416772 0.14838332 0.008260923 0.021391278 9.29 
56 96.3970515115354 81.73097363945578 0.028856935 0.15860218 0.00798717 0.021448912 9.08 
57 96.60665895982498 80.73713860544218 0.027303096 0.16758908 0.007783651 0.021605756 8.87 
58 96.79668854415274 82.09148242630386 0.025751494 0.15557468 0.0075729825 0.019730218 8.66 
59 97.02126425351366 80.71676587301587 0.023933988 0.16437164 0.007294635 0.022206012 8.45 
60 97.21476398833201 82.62205924036282 0.022508878 0.15165055 0.007043782 0.021675156 8.24 
61 97.37470167064438 80.85051729024943 0.02118025 0.1670646 0.0067926897 0.021918092 8.04 
62 97.64542520220101 81.3483205782313 0.018975751 0.16484804 0.006565871 0.02153906 7.83 
63 97.86590924158048 81.99581916099773 0.017221773 0.15920644 0.006308465 0.021369107 7.62 
64 98.02418953858393 82.90196286848072 0.016003555 0.15044683 0.006119693 0.021899875 7.42 
65 98.26000439207107 82.36164257369614 0.014038719 0.15708956 0.005746245 0.021491406 7.21 
66 98.42273891209229 84.23416241496598 0.012760632 0.14132494 0.0053132437 0.020344384 7.01 
67 98.60779634049324 82.17651643990929 0.0114212865 0.15880801 0.0068367464 0.02136864 6.8 
68 98.65062939207107 82.07553854875283 0.010993711 0.15994404 0.0051708077 0.021188334 6.59 
69 98.53274786197295 80.25705073696145 0.01191289 0.17399618 0.005893934 0.02268171 6.39 
70 98.6838806848316 83.29967403628117 0.010733773 0.14899687 0.0050317873 0.021082671 6.18 
71 98.90286271877486 83.7735615079365 0.009067984 0.1455104 0.00465593 0.021006176 5.97 
72 98.89799414942986 83.25892857142857 0.009139841 0.1507968 0.004967591 0.020234248 5.7 
73 98.95030537324317 83.00736961451247 0.008720804 0.15327711 0.0046789334 0.020790199 5.44 
74 99.22947121121719 82.26509353741497 0.006427378 0.15854675 0.0040259585 0.021207264 5.19 
75 99.33704587642535 83.33156179138322 0.005563966 0.15023977 0.0043037655 0.0208862 4.95 
76 99.42007052174489 82.41833191609977 0.0048922426 0.15469863 0.0033105004 0.02262713 4.72 
77 99.55856578162292 82.76378259637188 0.0037878077 0.15364967 0.0029461384 0.020537496 4.49 
78 99.50589200477327 84.09775368480726 0.0041776206 0.14349656 0.0032035336 0.022243818 4.27 
79 99.5014377817555 82.72569444444444 0.004196523 0.1562083 0.003258196 0.022045705 4.05 
80 99.60927141341818 81.27125850340136 0.0033365572 0.16766371 0.0028319943 0.021870526 3.84 
81 99.58803616414744 82.71329365079364 0.0035047256 0.15538873 0.002910823 0.022334969 3.63 
82 99.61227542429064 82.32886904761905 0.0032942637 0.15968603 0.0027713683 0.02122288 3.42 
83 99.7438821764784 84.06763747165533 0.0022400178 0.14345323 0.0029002381 0.02005306 3.22 
84 99.64620002983294 82.62560232426304 0.0029860598 0.15688795 0.002781707 0.021354018 3.02 
85 99.69317654468311 83.83202239229026 0.0026108862 0.14557526 0.0024468878 0.0202956 2.83 
86 99.67012853023071 83.34041950113378 0.0027878706 0.14936724 0.0026227466 0.020927647 2.63 
87 99.66090932444975 81.03475765306122 0.002874906 0.16895616 0.0029378566 0.022075739 2.44 
88 99.72047160898966 83.22261196145125 0.0023943414 0.1512286 0.002448478 0.02254921 2.24 
89 99.70239575046406 81.45372732426304 0.002492888 0.16662106 0.0024123527 0.020703683 2.05 
90 99.76496204587643 82.73455215419501 0.0020028169 0.15493675 0.0021818352 0.020576427 1.86 
91 99.798731271546 82.67786281179139 0.0017534483 0.15777428 0.002086724 0.021276092 1.64 
92 99.8265960620525 83.04191468253968 0.0015114843 0.15188426 0.0018990755 0.021525346 1.43 
93 99.82556019623442 81.86118197278911 0.0014972392 0.1654658 0.0018771911 0.021923905 1.22 
94 99.82509405661628 83.33776218820861 0.0015068557 0.15140833 0.0018937716 0.020775585 1.03 
95 99.85062814903209 82.50336592970521 0.0013126526 0.15734182 0.001810176 0.020958392 0.84 
96 99.85912224874039 83.0764597505669 0.0012141723 0.15426937 0.0017205523 0.020772465 0.66 
97 99.869066560594 81.79740646258503 0.0011527009 0.16431741 0.0017408641 0.021612165 0.49 
98 99.88066825775657 83.20666808390023 0.0010437366 0.15372618 0.0016700452 0.021078205 0.32 
99 99.88657269291966 84.07826672335601 0.000986666 0.14481103 0.0015437683 0.0206302 0.16 
