0 88.87332412839075 83.67559523809524 0.10491579 0.11471768 0.0157216 0.015783815 62.31 
1 91.06257930812116 83.17615327380952 0.088447325 0.14028601 0.0135773625 0.0137118595 65.63 
2 91.95738943667831 69.64285714285714 0.07594911 0.2028627 0.012011154 0.014088692 69.21 
3 92.31754581669163 54.58519345238095 0.068121724 0.35957614 0.011453537 0.024572225 72.29 
4 92.42744607047761 44.66796875 0.06427566 0.64748585 0.011128614 0.04840242 74.9 
5 92.53765185555001 43.723958333333336 0.062200416 0.83238673 0.010956412 0.06889565 77.11 
6 92.5856007655184 40.60732886904762 0.061105423 0.9970443 0.010799818 0.08170908 78.97 
7 92.65702357921451 39.51543898809524 0.060122132 1.1370155 0.010645981 0.09147019 80.5 
8 92.70143612705941 38.212425595238095 0.059394296 1.4057637 0.010494863 0.12719563 81.75 
9 92.74731782534532 37.59672619047619 0.058708448 1.5295844 0.010437236 0.13262801 82.75 
10 92.82778306498585 36.244419642857146 0.05764572 1.6798072 0.010276756 0.15293874 83.51 
11 92.94200626144116 36.104910714285715 0.056138206 1.6180241 0.009979864 0.1391906 84.07 
12 93.13785831669163 36.18768601190476 0.054140523 1.5020415 0.009727856 0.11816527 84.46 
13 93.4278205088201 36.047247023809526 0.051584896 1.7126794 0.009356399 0.14167696 84.98 
14 93.8728625811283 37.942708333333336 0.04808335 1.4813845 0.008825646 0.12882932 85.7 
15 94.48318407804959 37.88969494047619 0.043675244 1.5499704 0.008198727 0.12641208 86.21 
16 95.41879888500583 40.243675595238095 0.037840623 1.4325978 0.007247639 0.11448425 86.55 
17 96.4776793143618 40.436197916666664 0.031787395 1.2197617 0.0061273356 0.10723426 86.72 
18 97.44789716466967 41.07142857142857 0.026318425 1.2124223 0.005131428 0.10364129 86.74 
19 98.2106202675154 40.72172619047619 0.02179128 1.2312437 0.004310377 0.116841 86.63 
20 98.72340577675153 44.308035714285715 0.018394811 1.0795183 0.0036691325 0.10437668 86.4 
21 99.05568080171409 41.35230654761905 0.015859846 1.1933569 0.0031554438 0.107827775 86.07 
22 99.26229795931103 44.31268601190476 0.014079243 1.0100224 0.0028484971 0.099111505 85.66 
23 99.40399296888002 46.95777529761905 0.012714099 0.82538146 0.002577296 0.076039694 85.15 
24 99.50996682060243 49.290364583333336 0.011561064 0.7744116 0.002440487 0.07276423 88.14 
25 99.58610261690797 55.416666666666664 0.010619407 0.51662695 0.0022503992 0.05261483 93.02 
26 99.64406255200532 53.83277529761905 0.009835331 0.554106 0.0021716824 0.055512432 97.24 
27 99.68511425569979 56.595052083333336 0.009216797 0.45087257 0.0021228497 0.043094527 100.71 
28 99.72121895282076 53.50074404761905 0.008705279 0.49193707 0.0019739866 0.044861235 103.61 
29 99.75026392702613 59.10342261904762 0.008254393 0.38265878 0.0021159342 0.03551486 105.88 
30 99.7725872129306 59.31919642857143 0.007881093 0.37082177 0.0018058263 0.034397054 107.02 
31 99.7910686054252 58.12965029761905 0.0075488095 0.38021442 0.0017616278 0.035589844 108.1 
32 99.80483701531037 61.99125744047619 0.007288416 0.32031816 0.0027299593 0.030920321 108.65 
33 99.82142021342986 62.451636904761905 0.0069884984 0.30890226 0.0016867315 0.028315842 108.91 
