0 88.9210918761889 85.05350056689342 0.0886032 0.116602235 0.022141257 0.015704969 87.61 
1 96.9365880785984 79.0329152494331 0.028825868 0.16710423 0.014274348 0.019799817 86.79 
2 99.49598789044192 83.5078302154195 0.00730693 0.1320886 0.0036085125 0.018738069 85.92 
3 99.83052778581866 85.98887471655328 0.0027861667 0.120913826 0.0019634317 0.018021276 85.02 
4 99.93369508656576 84.92152069160997 0.0011403791 0.12961875 0.0013225859 0.018411508 84.01 
5 99.96550679913435 83.72838718820861 0.00055307697 0.13986349 0.0010868896 0.01944824 82.99 
6 99.97764349516169 83.17212301587301 0.000334903 0.14502555 0.0009637788 0.020183833 85.87 
7 99.98190803076669 83.98614654195012 0.0002504252 0.13955477 0.00088652153 0.0203584 92.59 
8 99.98665717269043 84.14558531746032 0.00018779884 0.13989323 0.00076792476 0.019925864 98.52 
9 99.98900482107904 84.22796201814059 0.00014205379 0.1384196 0.0006645712 0.01963263 103.61 
10 99.98924173972377 83.53351757369614 0.00013885663 0.14461564 0.000584427 0.01994837 107.97 
11 99.9904909471232 83.49277210884354 0.00012494109 0.14420481 0.0005540318 0.020567818 111.64 
12 99.99230014404654 83.33864795918367 9.840222e-05 0.14791106 0.0005019858 0.020379266 114.74 
13 99.99306474512723 83.92148526077098 9.119307e-05 0.14250752 0.00050680595 0.019829627 117.3 
14 99.99374319397347 83.67169784580499 7.923673e-05 0.14460407 0.00045968598 0.021235108 119.41 
15 99.99386165329584 82.11982709750566 7.7469886e-05 0.15512587 0.00042919375 0.019931823 121.08 
16 99.99431395252667 84.10218253968254 7.239033e-05 0.14245285 0.00041528483 0.02239118 122.38 
17 99.9945616402007 83.09948979591837 6.679551e-05 0.14960368 0.0004161597 0.021939233 124.17 
18 99.9953370103107 83.28993055555556 5.9378064e-05 0.15182938 0.00033958093 0.020462787 127.14 
19 99.99563854313125 82.83995890022676 5.490816e-05 0.15386067 0.0003671368 0.021317268 129.75 
20 99.99517547487112 83.01268424036282 5.7347315e-05 0.15182024 0.0003689391 0.02245599 131.9 
21 99.99630622294819 82.41035997732426 4.6048703e-05 0.15576535 0.00033930983 0.021199608 133.56 
22 99.99631699197751 82.72392290249434 4.4852244e-05 0.15462759 0.00034255983 0.02046451 134.82 
23 99.99662929382737 82.07288123582767 3.9486386e-05 0.16006717 0.00029838708 0.022406157 135.71 
24 99.99732928073223 81.96924603174604 3.3820146e-05 0.16047396 0.0002545431 0.021916281 136.27 
25 99.99734004976153 82.82844387755102 3.4209956e-05 0.1542847 0.0002655657 0.020116277 136.56 
26 99.99732928073223 81.28720238095238 3.3128515e-05 0.16709371 0.0002472151 0.022115523 136.92 
27 99.99754466131833 82.50956632653062 3.156151e-05 0.15740654 0.00024546904 0.020209437 137.81 
28 99.9974800471425 82.25800736961452 3.0842406e-05 0.1595399 0.00026936672 0.02122247 138.48 
29 99.99777081093376 81.45992772108843 2.7995859e-05 0.16683345 0.00024717563 0.022153897 138.83 
30 99.99782465608028 82.47059240362812 2.73771e-05 0.15822479 0.00026191308 0.02046525 138.89 
31 99.99770619675792 81.97278911564626 2.8021344e-05 0.16421789 0.00023496026 0.022173831 138.7 
32 99.99798619151986 81.93824404761905 2.6478609e-05 0.1642391 0.00020219966 0.022445673 138.27 
33 99.99768465869931 82.0170776643991 2.63849e-05 0.16288958 0.00024608956 0.022403972 137.65 
34 99.99797542249055 81.60519416099773 2.3874807e-05 0.16537811 0.00021670417 0.023327015 136.84 
35 99.99822311016459 81.49713010204081 2.1974483e-05 0.1682171 0.00018389648 0.022056289 135.88 
36 99.99827695531111 81.88421201814059 2.1431772e-05 0.16354153 0.00019126968 0.022686701 134.77 
37 99.9980400366664 81.49092970521542 2.3811583e-05 0.16697589 0.0002033556 0.023508573 133.53 
38 99.99829849336973 81.12244897959184 2.0292098e-05 0.17085388 0.00020823593 0.02156524 132.19 
39 99.99858925716097 80.94175170068027 1.8515117e-05 0.17287292 0.00016089436 0.022204235 130.73 
40 99.9980400366664 81.12156320861678 2.2485116e-05 0.17024933 0.00022725048 0.023742888 129.2 
41 99.99838464560416 81.77880527210884 1.9817779e-05 0.16847657 0.00019416453 0.021767212 127.58 
42 99.99857848813167 81.3235189909297 1.848565e-05 0.17008498 0.00019308703 0.022178099 125.89 
43 99.99842772172138 80.97718253968254 1.9328587e-05 0.17209174 0.0001861377 0.02223195 124.13 
44 99.99867540939542 81.31643282312925 1.7385692e-05 0.16928135 0.00018367586 0.022442868 122.33 
45 99.99882617580569 81.62202380952381 1.4326514e-05 0.16818255 0.00016381667 0.021314079 120.47 
46 99.9986215642489 81.05690192743764 1.709687e-05 0.17350739 0.00017467792 0.021302462 118.57 
47 99.9986215642489 80.94440901360544 1.7240485e-05 0.17485835 0.00017251713 0.0228961 116.6 
48 99.99835233851626 81.42272534013605 1.900847e-05 0.17070499 0.0001810833 0.023237852 111.84 
49 99.99870771648334 80.73979591836735 1.5638192e-05 0.17545082 0.00014823471 0.022948498 107.13 
50 99.99853541201445 81.44575538548753 1.6901142e-05 0.17036657 0.00017860848 0.02134106 102.77 
51 99.99871848551264 80.87974773242631 1.5794452e-05 0.17402415 0.00015749053 0.022793476 98.72 
52 99.99877233065916 81.1109339569161 1.5717518e-05 0.17212576 0.0001846481 0.021342365 94.96 
53 99.99896617318667 81.64505385487529 1.3794468e-05 0.16749261 0.00016403741 0.02150396 91.43 
54 99.99839541463348 80.86557539682539 1.8557854e-05 0.1734137 0.00019129424 0.023421252 88.12 
55 99.9984600288093 80.7327097505669 1.7260749e-05 0.17446183 0.00019492177 0.023982346 85.01 
56 99.99875079260056 81.32883361678005 1.4710146e-05 0.17311057 0.00022223913 0.023843352 82.06 
57 99.99889078998153 81.53344671201815 1.31300385e-05 0.16990915 0.0001587142 0.022594502 79.27 
58 99.998836944835 81.08258928571429 1.4902331e-05 0.17346835 0.00014148145 0.022906885 76.61 
59 99.99871848551264 80.97452522675736 1.4716687e-05 0.173806 0.00017487594 0.023100654 74.07 
60 99.99898771124528 81.41475340136054 1.2460273e-05 0.1701675 0.00013723638 0.023102872 71.63 
61 99.99869694745404 80.4156037414966 1.4915492e-05 0.17780097 0.00017539649 0.021508561 69.29 
62 99.9986323332782 81.31909013605443 1.5782396e-05 0.17104767 0.00018819541 0.0214445 67.03 
63 99.99809388181292 81.0453869047619 2.0090962e-05 0.17422181 0.00019161662 0.022384062 64.84 
64 99.99893386609875 80.69019274376417 1.2708182e-05 0.1763928 0.00015287803 0.022720816 62.72 
65 99.99879386871778 81.48295776643991 1.3974377e-05 0.17084505 0.00015995034 0.023137964 60.65 
66 99.99886925192291 81.74248866213152 1.28268875e-05 0.16869405 0.00014872782 0.02168755 58.63 
67 99.9986215642489 81.0719600340136 1.5247977e-05 0.1742805 0.00017478324 0.02167515 56.66 
68 99.99860002619027 80.8921485260771 1.4854374e-05 0.1744085 0.00017163162 0.022731557 54.73 
69 99.99869694745404 80.89303429705215 1.4228777e-05 0.17465414 0.00015840314 0.022143088 52.83 
70 99.99870771648334 80.52721088435374 1.4852612e-05 0.1783763 0.00017205921 0.023143843 50.96 
71 99.99868617842472 80.72119472789116 1.4526243e-05 0.17884742 0.00017996905 0.023045018 49.11 
72 99.99888002095223 80.43774801587301 1.3348345e-05 0.17777425 0.000151763 0.02204914 47.3 
73 99.99909540153834 80.66893424036282 1.1013652e-05 0.17669512 0.00012971736 0.022986142 45.5 
74 99.99875079260056 80.64236111111111 1.40703405e-05 0.17634894 0.00016902675 0.023722777 43.72 
75 99.99872925454194 80.36422902494331 1.39289e-05 0.18006517 0.000187614 0.02126093 41.96 
76 99.99917078474347 80.54669784580499 1.0166431e-05 0.17798215 0.00013042004 0.022974735 40.21 
77 99.99886925192291 80.34651360544218 1.3152701e-05 0.1805533 0.00014646137 0.021675624 38.47 
78 99.99891232804013 79.49263038548753 1.2741953e-05 0.18536326 0.0001581886 0.023987211 36.75 
79 99.99895540415736 81.38818027210884 1.2120326e-05 0.17186686 0.00013474784 0.023089955 35.03 
80 99.99892309706945 80.8859481292517 1.2539436e-05 0.17495927 0.0001515554 0.02142871 33.33 
81 99.99893386609875 80.3562570861678 1.2713301e-05 0.17846994 0.00014660078 0.022594517 31.63 
82 99.99876156162986 80.39168792517007 1.322646e-05 0.18044172 0.00016407996 0.022409106 29.64 
83 99.99882617580569 80.03649376417233 1.3820446e-05 0.18227132 0.0001578045 0.022548134 27.5 
84 99.99895540415736 80.88949121315193 1.1789468e-05 0.17679144 0.000136622 0.022275288 25.46 
85 99.99898771124528 80.16581632653062 1.1275172e-05 0.1804306 0.00013407029 0.023936104 23.51 
86 99.99908463250902 80.29513888888889 1.0464916e-05 0.17854603 0.00012917165 0.022699866 21.64 
87 99.99898771124528 80.82748724489795 1.1005392e-05 0.1759694 0.00013563376 0.02290271 19.85 
88 99.9990092493039 80.00017715419501 1.1609001e-05 0.18212758 0.00015038894 0.023635782 18.11 
89 99.99921386086069 81.2765731292517 1.0068087e-05 0.1723374 0.00012508359 0.02435569 16.43 
90 99.99888002095223 80.78851332199547 1.2687402e-05 0.17571934 0.00016297931 0.023619603 14.8 
91 99.99898771124528 80.58744331065759 1.1450563e-05 0.17618068 0.00015377859 0.023407908 13.2 
92 99.99912770862625 80.47583616780045 9.487151e-06 0.17812695 0.000117140524 0.023092886 11.65 
93 99.99893386609875 80.44749149659864 1.2213814e-05 0.17889404 0.0001426772 0.023209522 10.12 
94 99.99892309706945 80.64501842403628 1.1847822e-05 0.17705397 0.0001781583 0.023834027 8.62 
95 99.99899848027458 79.6547264739229 1.1287265e-05 0.18562394 0.00014995095 0.023571465 7.14 
96 99.99925693697791 79.93551587301587 9.514773e-06 0.18210934 0.00010795094 0.02288569 5.68 
97 99.9990307873625 80.50240929705215 1.1089123e-05 0.17873332 0.00014530691 0.022349924 4.24 
98 99.99891232804013 80.06749574829932 1.1881507e-05 0.18121131 0.00014268738 0.021745222 2.82 
99 99.99885848289361 78.94965277777777 1.2326141e-05 0.19155887 0.00016220729 0.023217253 1.4 
