0 80.51928905453092 61.29043311403509 0.15178967 0.28762147 0.021765368 0.02222034 112.86 
1 81.29440070782675 61.03686951754386 0.14230725 0.307426 0.0140757505 0.023147253 111.66 
2 81.58659677997409 61.266447368421055 0.13995281 0.30979827 0.013993765 0.024898702 110.26 
3 81.7486383639346 61.33497807017544 0.13884774 0.31158465 0.01399368 0.024828026 108.81 
4 81.87827593871475 61.33155153508772 0.13802178 0.32411256 0.013907873 0.02573106 107.41 
5 81.97987096118325 61.14309210526316 0.137424 0.33165938 0.013857582 0.027371235 106.11 
6 82.0763183876437 61.10197368421053 0.1368073 0.33335963 0.013840378 0.027113501 103.69 
7 82.14764166873432 60.75589364035088 0.13643658 0.32002553 0.013847628 0.028512891 100.81 
8 82.18550557577261 60.8484100877193 0.13619429 0.34228605 0.013851267 0.025368154 98.06 
9 82.22890476387396 61.4343475877193 0.13592002 0.33334374 0.013816035 0.029165896 95.49 
10 82.29750348055028 61.01631030701754 0.13563032 0.35231298 0.013922483 0.028577853 94.96 
11 82.33824271841314 61.269873903508774 0.13533872 0.3492083 0.013843437 0.027383864 99.08 
12 82.37457742329005 60.93064692982456 0.13513994 0.34451106 0.013830988 0.030102726 101.58 
13 82.38159883039727 61.465186403508774 0.13514826 0.3473836 0.013866741 0.025673086 103.64 
14 82.43456091652193 60.71477521929825 0.13481951 0.35932204 0.013818092 0.028283447 105.29 
15 82.41979657734403 61.25959429824562 0.13488461 0.35100567 0.0138291195 0.028661447 106.56 
16 82.44252999820803 61.52686403508772 0.13476911 0.35381573 0.013854671 0.029605774 107.58 
17 82.46289423262482 60.30016447368421 0.13466889 0.3678587 0.013844094 0.029104996 108.35 
18 82.49012910773854 61.47546600877193 0.13452175 0.35100478 0.013795164 0.027707448 108.84 
19 82.50538882226449 61.0265899122807 0.13438074 0.36351493 0.013845566 0.029785331 109.07 
20 82.5145209591156 60.803865131578945 0.13426623 0.36275718 0.013868775 0.02738619 109.14 
21 82.52839146886113 61.24931469298246 0.13423848 0.35458747 0.013715038 0.028266039 109.09 
22 82.53091142171863 61.07798793859649 0.1342036 0.36717707 0.013791176 0.026977137 108.91 
23 82.53482057935655 60.59827302631579 0.13421054 0.37300217 0.01370063 0.025279222 108.47 
24 82.55884628373721 61.197916666666664 0.13412242 0.3593913 0.013738182 0.027483022 108.01 
25 82.56161392426874 61.304139254385966 0.13407904 0.35500184 0.013783749 0.029405562 107.38 
26 82.56222775893916 60.94435307017544 0.13402365 0.3542435 0.013677296 0.02722134 106.64 
27 82.5840781194001 60.913514254385966 0.13395669 0.3661096 0.013782206 0.02965567 105.78 
28 82.5953425240537 60.913514254385966 0.13380878 0.36004823 0.013822927 0.028126428 104.94 
29 82.62192048837979 61.29728618421053 0.13374062 0.3558878 0.013721762 0.027743522 103.98 
30 82.61658981887354 61.345257675438596 0.13375074 0.37279937 0.013730765 0.02757641 102.95 
31 82.61361756678521 61.115679824561404 0.13368902 0.36767742 0.013846009 0.025901118 101.93 
32 82.62930804248339 61.31784539473684 0.13367173 0.34922025 0.013780374 0.028837996 100.75 
33 82.64869229523337 60.55715460526316 0.13346413 0.3652974 0.013748686 0.024646515 99.55 
34 82.62896343354561 61.1328125 0.13357793 0.36481836 0.013754237 0.028578442 98.17 
35 82.63613560706311 61.29043311403509 0.13362204 0.3617134 0.013673306 0.026644213 96.81 
36 82.64479390662476 61.2219024122807 0.13354804 0.37262622 0.0137902545 0.029021626 95.32 
37 82.66653657679265 61.108826754385966 0.13347736 0.35623065 0.0138210505 0.024581274 93.56 
38 82.6522568439335 60.66337719298246 0.13348624 0.36824045 0.0137897525 0.02535218 91.76 
39 82.6448477517713 61.2561677631579 0.13361835 0.36508238 0.013716133 0.02838425 90.01 
40 82.64192934482949 60.97861842105263 0.13358279 0.3664936 0.013762636 0.02776006 88.29 
41 82.66304741129765 61.393229166666664 0.13339393 0.36445892 0.0137171615 0.026752044 86.56 
42 82.67697176618972 61.57140899122807 0.1333624 0.35723695 0.013680471 0.028462786 84.89 
43 82.69628063573457 61.156798245614034 0.13331743 0.37107256 0.013773888 0.030360838 83.22 
44 82.6817855222893 60.77302631578947 0.13332254 0.35734835 0.0138040455 0.029943492 81.58 
45 82.68073015741736 61.44120065789474 0.13338321 0.35196164 0.013870822 0.026317414 79.95 
46 82.67772559824111 61.24588815789474 0.13331828 0.361195 0.013787788 0.030278359 78.36 
47 82.69864982218179 60.546875 0.13333237 0.36699283 0.013767737 0.025572982 76.42 
48 82.68998075359083 61.03344298245614 0.13329223 0.37013733 0.01380374 0.028682815 73.96 
49 82.6846823911725 61.41036184210526 0.13339044 0.3674302 0.013779897 0.03167685 72.48 
50 82.67434412303918 61.10540021929825 0.13342054 0.36007628 0.013723569 0.027523616 71.69 
51 82.68675004479917 61.002604166666664 0.13332461 0.363427 0.013721117 0.024916943 71.27 
52 82.7068235154247 61.0265899122807 0.13326558 0.3725861 0.013725597 0.026246639 69.73 
53 82.72932001764397 61.28700657894737 0.13321678 0.36649734 0.0138461 0.03133689 67.88 
54 82.72555085738703 61.25274122807018 0.13309649 0.37662494 0.013769082 0.029803928 66.01 
55 82.70226821602846 60.83470394736842 0.13322407 0.3779672 0.013793995 0.030047448 64.24 
56 82.7083957937033 61.42064144736842 0.1332112 0.36622745 0.01374212 0.029384436 62.49 
57 82.69966211093652 61.05057565789474 0.13316056 0.36368808 0.013737059 0.028063333 60.79 
58 82.73714910194911 61.701617324561404 0.13295883 0.3634482 0.013671382 0.02593646 59.14 
59 82.8894016382709 61.08141447368421 0.13139673 0.36184058 0.013553685 0.029397985 57.52 
60 83.62779090163482 61.00603070175438 0.12599544 0.37062994 0.01357863 0.030128628 55.96 
61 84.37227543558569 61.53029057017544 0.12142914 0.39084718 0.013466982 0.030078376 54.38 
62 84.88212435902737 60.84155701754386 0.11826161 0.39831135 0.013215041 0.03295084 52.86 
63 85.16792362776721 60.90323464912281 0.116541885 0.4053394 0.013095311 0.030162001 51.35 
64 85.38463957351198 60.74561403508772 0.11522737 0.41058546 0.013134166 0.033467792 49.87 
65 85.54048896562182 60.221354166666664 0.114294454 0.4123826 0.013057019 0.031413864 48.4 
66 85.73056233286466 60.98889802631579 0.113178745 0.3823793 0.013135756 0.02949561 46.93 
67 85.88143643343534 61.12253289473684 0.11234897 0.3888559 0.013011899 0.028481396 45.33 
68 85.97423315896121 61.69133771929825 0.11171255 0.385051 0.01300256 0.026232837 42.0 
69 86.10270767857635 61.191063596491226 0.111021936 0.4000265 0.012975508 0.030625436 38.99 
70 86.17735858972239 60.94777960526316 0.11051163 0.39720583 0.012884388 0.03244966 36.24 
71 86.27427985347228 61.56798245614035 0.10995903 0.38933554 0.012996772 0.035768844 33.74 
72 86.3442462368704 61.002604166666664 0.10951438 0.38360506 0.013037466 0.030678125 31.46 
73 86.39325608923993 61.780427631578945 0.10921396 0.3820161 0.012923238 0.03124877 29.37 
74 86.49418343189149 61.60224780701754 0.10859994 0.38598177 0.012891977 0.028158518 27.44 
75 87.13744985939955 61.855811403508774 0.10403494 0.3687836 0.01271675 0.028253714 25.65 
76 87.74149548217683 61.75644188596491 0.09988862 0.35624075 0.0123275705 0.025854688 24.0 
77 88.10136413448019 61.386376096491226 0.09725568 0.36586407 0.012235217 0.030968146 22.47 
78 88.37062217420672 61.36924342105263 0.09533834 0.35051057 0.011910292 0.023890117 21.13 
79 88.56326933945358 61.40350877192982 0.09388562 0.34093475 0.011786494 0.028043587 19.86 
80 88.71110657376009 61.12253289473684 0.09267629 0.34451 0.011763218 0.026707154 18.65 
81 88.87132819176799 61.21504934210526 0.09160794 0.326198 0.011700323 0.023657072 17.49 
82 89.01164864361922 61.33155153508772 0.090455525 0.30817476 0.01166566 0.02258014 16.38 
83 89.11071294420093 61.45490679824562 0.089690216 0.30912334 0.0115963295 0.021961274 15.78 
84 89.20458657265735 61.36581688596491 0.088965 0.3205548 0.011605857 0.024834657 16.5 
85 89.28860653929921 61.55427631578947 0.088289365 0.31244862 0.011438117 0.024319833 17.06 
86 89.35729140820996 61.99287280701754 0.087759145 0.29452237 0.011422505 0.021876043 17.19 
87 89.42188404598461 60.95120614035088 0.08728016 0.31943816 0.011433972 0.026749158 16.89 
88 89.45644186102611 61.29385964912281 0.08692376 0.30453956 0.0113734715 0.022127276 16.27 
89 89.51094391834147 61.67420504385965 0.08656399 0.29678422 0.011462558 0.02230228 14.88 
90 89.58085645659305 60.8141447368421 0.086109795 0.3102435 0.011289352 0.022973364 13.84 
91 89.62267259738648 61.10197368421053 0.08575782 0.29774076 0.011318277 0.02249512 13.71 
92 89.64567524398313 61.61938048245614 0.08551277 0.30291712 0.011259094 0.021663114 13.14 
93 89.70851252998098 61.55770285087719 0.085108705 0.29291096 0.011209705 0.020377815 12.05 
94 89.74343649201886 61.42406798245614 0.084809124 0.2836938 0.011272185 0.020324828 10.7 
95 89.81143214305406 61.68105811403509 0.084399275 0.30000094 0.011232548 0.02115591 9.17 
96 89.83510246946764 60.8312774122807 0.084185414 0.29644087 0.01116647 0.021530379 7.45 
97 89.84504228351666 60.91008771929825 0.084098265 0.29992878 0.011257374 0.023861174 5.66 
98 89.8942459784137 61.13623903508772 0.083731815 0.29221871 0.011131846 0.019257132 3.79 
99 89.91120719956993 61.698190789473685 0.08360035 0.2976769 0.011127517 0.024738234 1.89 
