0 84.27822950266038 83.09417517006803 0.12572508 0.15128416 0.014770072 0.011215628 68.14 
1 85.58149742921732 82.75758219954649 0.1174835 0.14655845 0.013061937 0.013712002 67.41 
2 86.70743175019987 81.09321853741497 0.10957346 0.15451716 0.0126223825 0.014553313 66.68 
3 87.34854437184683 80.31374007936508 0.103967 0.15603721 0.01225511 0.014499774 65.95 
4 87.7890515155901 85.09956065759637 0.09997596 0.13295229 0.01196022 0.014975642 65.23 
5 88.12593905935545 84.20050311791383 0.0972016 0.13649797 0.011789084 0.014825162 64.52 
6 88.40745225443167 82.94625141723355 0.09501546 0.14221425 0.0116668595 0.016138304 63.82 
7 88.70912507236788 83.34750566893425 0.09277201 0.13837916 0.011444491 0.014416575 63.11 
8 89.03521127973976 84.05257936507937 0.090528995 0.13338616 0.011268978 0.014849417 62.4 
9 89.60297604278665 82.02593537414965 0.08689614 0.14390336 0.0110260425 0.013535109 61.7 
10 90.75329144611695 84.49457908163265 0.07931016 0.1282933 0.010603276 0.013210066 60.99 
11 92.23005920381551 86.04290674603175 0.06814389 0.11979475 0.009579737 0.011984484 60.3 
12 93.7490200183332 86.1173115079365 0.057444345 0.11834234 0.008233139 0.011800718 59.6 
13 95.35222694910816 86.77898242630386 0.047462907 0.11509291 0.007175983 0.012899559 58.91 
14 97.0915974864224 86.80732709750566 0.03664333 0.117385805 0.0059727803 0.013397401 58.21 
15 98.52384607697185 87.80913407029479 0.026685422 0.10854602 0.0044448343 0.012705816 57.52 
16 99.31314054186309 86.93399234693878 0.019811602 0.11399703 0.00319596 0.01301976 56.84 
17 99.66005405191189 87.69309807256236 0.015693096 0.108980626 0.0023751014 0.012582331 56.16 
18 99.80620054861743 86.64434523809524 0.013120815 0.11554722 0.0019476297 0.012709025 55.46 
19 99.8830806488297 87.79496173469387 0.01130224 0.10651015 0.0016731673 0.012138579 54.75 
20 99.92628599440356 87.36979166666667 0.009959289 0.11054998 0.0014892003 0.012406647 54.06 
21 99.95018247043255 87.77370323129252 0.008916293 0.1032916 0.0013227157 0.012579029 53.36 
22 99.96547449204643 87.75598781179139 0.008108163 0.104671225 0.0012011593 0.012252119 52.68 
23 99.97460662889753 87.18466553287982 0.0074357833 0.10644305 0.0011230676 0.011398766 52.0 
24 99.98006652675544 86.74975198412699 0.0068848687 0.10949544 0.0010358554 0.011465452 51.31 
25 99.9856125768478 87.65235260770974 0.0064092795 0.10462732 0.0009698606 0.010876284 50.62 
26 99.98843406252584 87.84013605442176 0.0060083778 0.10061332 0.00093131495 0.011184644 49.94 
27 99.99101862955918 87.91631235827664 0.0056115547 0.101459175 0.00087627117 0.011935538 49.27 
28 99.99302166901 87.91808390022676 0.0052964347 0.1016344 0.0008464428 0.011929683 48.59 
29 99.9943677976732 88.06069302721089 0.0049851676 0.09993787 0.00079465314 0.011447765 47.9 
30 99.9959185378932 88.41677295918367 0.0047033727 0.09783263 0.0007534122 0.011163577 47.22 
31 99.99633853003611 88.11118197278911 0.0044684894 0.09864712 0.00073373097 0.012136659 46.55 
32 99.99723235946847 87.9889455782313 0.0042541176 0.09914893 0.0007166453 0.01108715 45.86 
33 99.99741543296668 87.93225623582767 0.0040727924 0.09971531 0.0006999252 0.011473662 45.19 
34 99.99779234899236 87.85253684807256 0.0039086756 0.098602414 0.0006814898 0.011519315 44.53 
35 99.99821234113529 87.98983134920636 0.003752139 0.098358 0.000659794 0.011562573 43.87 
36 99.99788927025611 88.17938633786848 0.0035887945 0.09806296 0.00064361515 0.011732723 43.21 
37 99.99811541987152 88.34413973922902 0.0034484325 0.09702737 0.0006534925 0.011231809 42.54 
38 99.99842772172138 88.05803571428571 0.0033239499 0.09766549 0.0006279086 0.011672255 41.87 
39 99.99830926239903 87.87910997732426 0.0032114033 0.100236386 0.00063982914 0.010767595 41.2 
40 99.99798619151986 87.63463718820861 0.0031111836 0.10110249 0.0006433219 0.0115287695 40.53 
41 99.99849233589723 87.71967120181407 0.0030242084 0.10185032 0.00060685363 0.011305003 39.86 
42 99.99857848813167 87.91276927437642 0.0029366189 0.09797592 0.0005853684 0.010949038 39.18 
43 99.998061574725 87.24312641723355 0.0028688742 0.10468263 0.000631291 0.011717445 38.49 
44 99.99866464036612 88.59126984126983 0.0028039136 0.09567504 0.00056900765 0.011355918 37.81 
45 99.99812618890084 88.37868480725623 0.002758351 0.09582362 0.0006366797 0.011601368 37.15 
46 99.99829849336973 86.95082199546485 0.0026905031 0.1035415 0.00059803075 0.01136596 36.47 
47 99.99856771910237 87.82242063492063 0.002633677 0.098437294 0.0005965747 0.011967443 35.8 
48 99.99830926239903 88.30693735827664 0.0025963376 0.09632859 0.0005864163 0.0114675285 35.12 
49 99.99855695007305 88.3937429138322 0.0025493987 0.09607563 0.0006111222 0.012200469 34.44 
50 99.99841695269208 88.25113378684807 0.0025067094 0.096451625 0.000600526 0.012398322 33.77 
51 99.99798619151986 88.25910572562358 0.0024735203 0.0959017 0.0006581241 0.012022474 33.1 
52 99.99791080831473 88.26176303854875 0.00243403 0.095566675 0.0006489496 0.011110138 32.43 
53 99.99854618104375 88.25290532879819 0.0023958078 0.09617024 0.00057507184 0.011992004 31.76 
54 99.99836310754556 88.61075680272108 0.0023567823 0.09471626 0.00056128856 0.011193941 31.08 
55 99.99874002357124 88.11029620181407 0.0023283586 0.09789271 0.0005619996 0.011421196 30.4 
56 99.99816926501806 88.46991921768708 0.0023019386 0.09391278 0.00060080446 0.01243707 29.72 
57 99.99827695531111 88.59038407029479 0.0022716278 0.09306126 0.00059644994 0.0121249845 29.04 
58 99.99830926239903 88.5921556122449 0.0022397158 0.09478214 0.00055857917 0.011717611 28.37 
59 99.99772773481654 88.10055272108843 0.0022220085 0.096966885 0.00066094444 0.0110008465 27.69 
60 99.99834156948694 88.2422760770975 0.002185335 0.09557636 0.00059276 0.011792716 27.01 
61 99.99798619151986 88.12003968253968 0.0021680703 0.09527138 0.0006314835 0.011741292 26.33 
62 99.99797542249055 88.09966695011337 0.0021431083 0.09602183 0.0006367905 0.011530774 25.66 
63 99.99811541987152 87.71169926303855 0.0021208194 0.09847334 0.0005972949 0.010837301 24.98 
64 99.99819080307667 87.8188775510204 0.0021034274 0.09749474 0.0005871291 0.011216833 24.3 
65 99.99819080307667 87.43533871882086 0.0020872916 0.09892143 0.00059421477 0.012379337 23.63 
66 99.99855695007305 87.45128259637188 0.0020567551 0.10109608 0.0005342822 0.011278085 22.96 
67 99.99827695531111 87.69132653061224 0.0020418307 0.09899601 0.0005651318 0.011729422 22.28 
68 99.99811541987152 88.21127409297053 0.0020207297 0.09572651 0.0005808649 0.011838546 21.61 
69 99.99797542249055 88.05360685941044 0.002005861 0.094483174 0.00062444794 0.013324271 20.93 
70 99.99826618628181 88.04652069160997 0.001987355 0.09634233 0.0005840866 0.0116608525 20.26 
71 99.99772773481654 88.36008361678005 0.0019759247 0.094251186 0.0006110137 0.011156238 19.59 
72 99.99764158258209 87.53011621315193 0.0019634129 0.09787932 0.0006756493 0.011555455 18.91 
73 99.99809388181292 88.5655824829932 0.0019358302 0.092657715 0.00060587685 0.012559003 18.23 
74 99.99757696840625 88.2954223356009 0.0019326146 0.09567134 0.0006828993 0.011402558 17.56 
75 99.99844925978 87.91985544217687 0.0019053391 0.09595321 0.00052301324 0.011418632 16.89 
76 99.99893386609875 86.4078443877551 0.0018963546 0.106541954 0.00049093174 0.011568409 16.21 
77 99.99792157734403 88.52926587301587 0.0018874676 0.093240194 0.000624686 0.01177137 15.53 
78 99.99841695269208 87.87468112244898 0.0018732533 0.09756534 0.0005398916 0.011779619 14.86 
79 99.9984707978386 87.78964710884354 0.0018584278 0.09769642 0.0005406601 0.011816677 14.18 
80 99.99795388443195 88.08992346938776 0.0018563314 0.09649589 0.00061711646 0.011614912 13.51 
81 99.99772773481654 88.26353458049887 0.0018433217 0.09555253 0.0006277239 0.011371056 12.83 
82 99.99794311540263 88.2936507936508 0.001831986 0.09476123 0.0006059681 0.012115622 12.16 
83 99.99716774529264 88.52217970521542 0.0018244911 0.09438459 0.0007441749 0.011539278 11.48 
84 99.99854618104375 88.21747448979592 0.0018097034 0.09496868 0.0005224871 0.01137056 10.81 
85 99.99808311278362 88.1687570861678 0.0017991931 0.09634145 0.00057005306 0.011686816 10.13 
86 99.99821234113529 88.16787131519274 0.0017925197 0.095907286 0.00057775195 0.01260622 9.46 
87 99.99844925978 88.01640447845806 0.00177743 0.096855044 0.0005503173 0.012107734 8.78 
88 99.99882617580569 88.26264880952381 0.0017700657 0.0951766 0.0004772703 0.0118067935 8.1 
89 99.99801849860778 88.37868480725623 0.0017652645 0.09395072 0.00058906426 0.011705659 7.43 
90 99.99835233851626 88.14484126984127 0.0017489339 0.09590322 0.00053518335 0.012428742 6.75 
91 99.99825541725251 88.1749574829932 0.0017399647 0.09676657 0.00056773337 0.012622073 6.08 
92 99.99830926239903 87.93491354875283 0.0017321301 0.09582859 0.0005718376 0.0118691 5.4 
93 99.99767388967 88.56292517006803 0.0017334087 0.092724405 0.00061126304 0.010885514 4.73 
94 99.99792157734403 87.98274518140589 0.0017180267 0.09659014 0.00060588313 0.01191146 4.04 
95 99.99814772695944 88.30605158730158 0.0017141661 0.09475357 0.0005763348 0.011887836 3.35 
96 99.99850310492653 88.17230017006803 0.0016960254 0.09672338 0.00048958365 0.011268565 2.66 
97 99.9980508056957 88.07575113378685 0.0017016503 0.096359804 0.0005797156 0.011707552 1.99 
98 99.99879386871778 88.19798752834467 0.001684048 0.094652995 0.0004666418 0.01142924 1.32 
99 99.99853541201445 88.01108985260771 0.0016826689 0.09643328 0.0005119505 0.011692855 0.66 
