0 79.98681342813578 79.75038973922902 0.1611527 0.16204286 0.041415144 0.01564849 265.67 
1 81.41045561522142 80.8983489229025 0.14326277 0.15147117 0.015140948 0.015348588 270.26 
2 83.35306657716787 79.49085884353741 0.13055755 0.15512711 0.014867076 0.014369146 273.92 
3 84.43269772606736 80.71056547619048 0.12327807 0.14808676 0.014346337 0.015130467 276.84 
4 85.08192662755238 82.4812216553288 0.11900305 0.13735704 0.014398708 0.0155656515 279.07 
5 85.6037440334129 80.18796060090703 0.11541206 0.15194082 0.014651528 0.016844576 280.68 
6 85.9072527181119 81.21014030612245 0.11322578 0.14408344 0.014345417 0.014419078 281.8 
7 86.17885673561389 83.39356575963718 0.11126194 0.13172719 0.014431328 0.014764661 282.52 
8 86.38359561455847 80.5484693877551 0.109657854 0.148424 0.014342904 0.016220136 282.79 
9 86.49723009480243 82.44579081632654 0.10853911 0.13684009 0.014498079 0.015363764 282.67 
10 86.68498077433041 82.38378684807256 0.10714483 0.13737367 0.014318982 0.015287762 282.28 
11 86.79561124370194 77.15508078231292 0.10623102 0.17252715 0.014288742 0.017842352 281.57 
12 86.88179527976664 83.24032738095238 0.10542029 0.13210022 0.014366252 0.016617624 280.48 
13 86.99133809002917 81.28454506802721 0.10429265 0.14410354 0.013883196 0.015764976 279.1 
14 87.13641109785203 82.45376275510205 0.103129864 0.13569272 0.014086038 0.015285478 277.49 
15 87.19654310859188 82.07553854875283 0.1024913 0.13783139 0.013925724 0.015225718 275.72 
16 87.3678753149032 81.83195153061224 0.10126968 0.14016584 0.013835148 0.016279588 273.71 
17 87.45649363564041 80.77699829931973 0.100468285 0.14703763 0.013768893 0.016440162 271.55 
18 87.60156664346327 80.87000425170068 0.09939642 0.14625037 0.0138450125 0.016245082 269.27 
19 87.71069510739856 81.5812783446712 0.09827149 0.14150412 0.013800747 0.0155786155 264.07 
20 87.84235365287722 81.75223214285714 0.09728589 0.1399103 0.013399258 0.016309679 255.92 
21 88.0300525391143 83.49188633786848 0.09559041 0.13001071 0.013524266 0.015423608 246.91 
22 88.21723349244232 80.84343112244898 0.09402303 0.14848638 0.013352114 0.016407572 238.6 
23 88.46547873574649 81.35806405895691 0.09195331 0.14463475 0.013281027 0.016800212 230.93 
24 88.7191622745956 81.32883361678005 0.08994876 0.14418264 0.013295089 0.015451641 223.88 
25 89.02355144523999 82.28635204081633 0.08751167 0.1402151 0.01282073 0.01674923 217.37 
26 89.3512993900822 81.16496598639456 0.08488494 0.14794943 0.0126848575 0.017195603 211.26 
27 89.75782493038982 78.6422902494331 0.081928454 0.16423997 0.012510327 0.017438687 205.52 
28 90.23520369265447 81.23937074829932 0.0781336 0.14625376 0.01211562 0.016188985 200.08 
29 90.68901650755768 79.86288265306122 0.07459022 0.15998037 0.012053494 0.018710032 194.95 
30 91.19907683638293 80.19238945578232 0.07079143 0.15944834 0.01155836 0.01834648 190.14 
31 91.7544045014585 82.30052437641723 0.066527314 0.146501 0.011120583 0.018067714 184.83 
32 92.41621917263325 81.00021258503402 0.0616365 0.15379591 0.010626012 0.017291462 177.69 
33 93.04473075775657 81.87889739229026 0.056859743 0.14920554 0.010194232 0.018805496 169.62 
34 93.67909498475206 81.55736252834467 0.052154623 0.15332183 0.009673795 0.018956255 160.65 
35 94.35826040837973 81.42006802721089 0.04732427 0.15428078 0.009107165 0.019232003 152.49 
36 94.95838927008751 80.83988803854875 0.042908482 0.15839246 0.0086173685 0.019288922 145.07 
37 95.53961358061522 81.04627267573696 0.038628634 0.15857908 0.008028605 0.018702473 138.29 
38 96.05878952863962 81.04715844671202 0.034892213 0.15945356 0.0077222707 0.01928856 132.05 
39 96.49944684765315 80.3580286281179 0.03166994 0.1622297 0.0070299925 0.01892436 126.38 
40 96.97977782749933 81.24202806122449 0.028146472 0.15912245 0.006619993 0.019238016 121.19 
41 97.33435469702997 80.66450538548753 0.025391592 0.1620865 0.006100255 0.01954732 116.37 
42 97.64402678334659 80.73713860544218 0.023220224 0.16148207 0.005727576 0.01938099 111.98 
43 97.88859470299656 80.6795634920635 0.021264626 0.16076294 0.005413645 0.019679217 107.96 
44 98.12901915937417 81.10561933106575 0.019346967 0.15696158 0.0052042943 0.018889189 104.38 
45 98.301697991249 81.3624929138322 0.017924536 0.1577512 0.0049952585 0.018780435 101.26 
46 98.45453999270751 81.24557114512471 0.016645757 0.15911293 0.0047337348 0.020018231 98.06 
47 98.60038989989393 81.48384353741497 0.0154842045 0.15706904 0.0045610163 0.02059483 94.9 
48 98.69356603023071 80.91695011337869 0.014666433 0.16045171 0.0044101225 0.019485049 91.94 
49 98.80108890214797 80.81420068027211 0.013649363 0.16169909 0.004157597 0.020075075 89.18 
50 98.8754640678865 81.29251700680273 0.012980151 0.15779233 0.004115399 0.018791499 86.59 
51 98.96351266242377 81.42095379818593 0.012243479 0.15699705 0.0039032002 0.021073883 84.21 
52 99.0113178699284 81.47764314058956 0.011705455 0.15720047 0.0038248503 0.020172682 82.03 
53 99.09113133121188 80.72739512471655 0.011006113 0.16085517 0.0036784643 0.020015262 79.93 
54 99.14421945438876 80.81951530612245 0.010504946 0.16165182 0.0036125763 0.021170648 77.58 
55 99.18549870723946 80.83900226757369 0.010032928 0.16088463 0.0034957712 0.020320226 75.31 
56 99.21957869265447 81.0719600340136 0.009690294 0.15845706 0.0034415044 0.02022593 73.12 
57 99.27302936886767 81.4422123015873 0.00915113 0.15667759 0.0032897282 0.018996747 70.99 
58 99.31871105144523 80.61135912698413 0.008735884 0.16239947 0.003194358 0.020683838 68.99 
59 99.35294641673296 81.40235260770974 0.008360635 0.15959202 0.0031122228 0.02033553 67.18 
60 99.38189886634845 80.90277777777777 0.008081342 0.16139932 0.0030597646 0.019176545 65.58 
61 99.4067596459825 81.25265731292517 0.007774622 0.15901324 0.0029710743 0.019435616 63.68 
62 99.43814638027048 80.93732284580499 0.007475635 0.16130191 0.0028804818 0.01972295 61.78 
63 99.45513457968708 80.9311224489796 0.007247576 0.16116978 0.0028556928 0.019521719 59.91 
64 99.4748678235216 81.37046485260771 0.0070613176 0.16009104 0.002863662 0.019151632 58.09 
65 99.50682428400955 81.26328656462584 0.006703022 0.15911964 0.002715726 0.021137424 56.32 
66 99.52189613166269 80.80800028344672 0.0065324125 0.16090886 0.0027191057 0.019509321 54.58 
67 99.54178475536993 81.34654903628117 0.0063366946 0.1591813 0.0026471545 0.021641899 52.86 
68 99.55758170909573 81.25620039682539 0.0061050165 0.1590763 0.0026314699 0.020110747 51.17 
69 99.57436273534871 81.06575963718821 0.005921116 0.16302806 0.002557942 0.020262612 49.51 
70 99.57804005900292 80.83457341269842 0.0058110566 0.16230989 0.0025721225 0.021408113 47.88 
71 99.58684491845665 80.62907454648526 0.005679533 0.16174597 0.0025361532 0.020332152 46.31 
72 99.60057014054627 81.06133078231292 0.005538247 0.16013451 0.0024628805 0.0206713 44.81 
73 99.61869779236277 80.94086592970521 0.0053475117 0.16265202 0.0024147336 0.019661115 43.34 
74 99.63884538252454 80.9700963718821 0.0051504527 0.16114822 0.0023692981 0.020279935 41.48 
75 99.64241911959692 81.95684523809524 0.0050500915 0.15615779 0.002343326 0.020457344 39.91 
76 99.66002883850437 80.37131519274377 0.004842407 0.16484717 0.0022947537 0.021577891 39.78 
77 99.65604075510474 80.91074971655328 0.0048045004 0.16220583 0.0023465122 0.020745425 37.58 
78 99.6567658611774 81.41298185941044 0.0047949874 0.16038376 0.0023974248 0.021362545 35.16 
79 99.67810469702997 81.29783163265306 0.004560416 0.15968336 0.0022356948 0.01972867 36.45 
80 99.67919235613896 80.59275793650794 0.004532611 0.16526745 0.0022380268 0.020083962 36.38 
81 99.6906386734288 80.7796556122449 0.0044098957 0.16521232 0.002236578 0.020608768 35.97 
82 99.69488572328295 81.24379960317461 0.0043416475 0.16027051 0.0022120636 0.020588296 35.28 
83 99.71187392269955 81.0843608276644 0.0041402588 0.16281343 0.00209833 0.022217553 34.35 
84 99.70695356006364 81.12156320861678 0.0041379766 0.16399263 0.0021402943 0.020717641 33.2 
85 99.73336813842482 80.01169217687075 0.0039044686 0.16945367 0.0020506037 0.021044075 31.89 
86 99.71534407319014 80.54138321995465 0.004023321 0.16711193 0.0021064042 0.020827154 30.55 
87 99.72497762529832 80.80357142857143 0.0038796049 0.16605398 0.00213344 0.02089388 28.62 
88 99.73720084195173 81.23671343537416 0.0037968815 0.16350524 0.0020260294 0.020941492 25.81 
89 99.76304569411296 80.9001204648526 0.00351851 0.1656533 0.0018878778 0.02116976 23.13 
90 99.75294600238664 80.92049319727892 0.0036028945 0.16447258 0.0020019787 0.021391578 20.59 
91 99.76408155993106 81.22076955782313 0.003453085 0.16130048 0.0019029996 0.019469695 18.17 
92 99.76045602956775 80.78142715419501 0.0034694858 0.1645657 0.0019621407 0.020479066 15.86 
93 99.7696234420578 81.5547052154195 0.003363268 0.16414088 0.0019059321 0.02118277 13.65 
94 99.78303790440202 80.68310657596372 0.0032584656 0.16840537 0.001825817 0.021660076 11.52 
95 99.77102186091223 81.02058531746032 0.0033370852 0.16605219 0.0018814695 0.021183709 9.47 
96 99.78599012198356 81.18533871882086 0.003188567 0.16266589 0.0018219941 0.021634253 7.27 
97 99.79116945107398 81.20128259637188 0.0031131227 0.16389811 0.0017908216 0.021930894 5.05 
98 99.79085869132857 81.03387188208617 0.003119314 0.1639324 0.0018106824 0.021476535 3.13 
99 99.7961934002917 80.61047335600907 0.0030778022 0.16583632 0.0018113381 0.020791566 1.46 
