0 85.75938287258022 85.23508361678005 0.1152922 0.13009968 0.019430932 0.014785506 84.67 
1 88.32087186754177 81.5281320861678 0.09336293 0.1433791 0.013075567 0.015935741 84.16 
2 89.95329281026252 83.46088435374149 0.08048015 0.12795341 0.012965139 0.015022479 84.0 
3 92.20516151219836 82.55739795918367 0.06362787 0.13355535 0.0110339755 0.015378565 86.43 
4 93.95945206841687 84.0499220521542 0.05062314 0.12301298 0.009722342 0.015276626 88.57 
5 95.94241000397773 81.11802012471655 0.03711545 0.14859092 0.007992188 0.017594995 90.43 
6 97.37656622911695 76.27373866213152 0.027030457 0.18387328 0.006250488 0.01864653 91.88 
7 98.33215244630071 82.23940617913833 0.019524073 0.14024785 0.0050480547 0.017053023 93.1 
8 98.95931740586052 83.84442318594104 0.01410547 0.12803015 0.003933715 0.016945897 94.03 
9 99.37024537589498 83.80102040816327 0.010082798 0.1265849 0.0031480957 0.017278265 94.71 
10 99.57612370723946 83.21375425170068 0.0076199784 0.12780295 0.0028566194 0.016879532 95.21 
11 99.71083805688146 79.69547193877551 0.0058889803 0.15312918 0.0023989936 0.01834769 95.52 
12 99.79210173031026 83.2358985260771 0.0047316207 0.13154791 0.0021403413 0.017516581 95.66 
13 99.82965186621585 81.53787556689342 0.003956056 0.14404647 0.002211442 0.016675781 95.64 
14 99.86259239923098 80.68310657596372 0.0033452113 0.14889662 0.0019200471 0.0174427 95.47 
15 99.89957280893663 82.15260062358277 0.002760817 0.13739857 0.0014689352 0.017200636 95.27 
16 99.9126765115354 81.51218820861678 0.0023822666 0.14267965 0.0019542074 0.017445609 94.93 
17 99.93064878347919 82.0046768707483 0.0020164999 0.14017867 0.0014611088 0.01758317 94.53 
18 99.94546166467781 83.328018707483 0.001716936 0.13224226 0.0012456687 0.018059297 94.06 
19 99.94805132922302 85.17928004535148 0.0015244026 0.12039238 0.0014041126 0.017982008 93.48 
20 99.95447369729514 85.79046201814059 0.0013417946 0.12056519 0.001313888 0.016847545 92.78 
21 99.96348572991249 85.36529195011337 0.0011324588 0.12132451 0.0009808479 0.017916298 88.14 
22 99.96566104813047 83.40242346938776 0.0009853046 0.13365379 0.0011918705 0.019286465 81.14 
23 99.9649359420578 84.30856717687075 0.0008928944 0.12871285 0.0014007445 0.018822681 74.86 
24 99.96685229382126 83.93920068027211 0.0007947697 0.13479854 0.001094821 0.019463105 69.24 
25 99.97229058936621 84.95252267573696 0.0006926765 0.12561394 0.0010002224 0.018046385 64.22 
26 99.97343004176611 85.20319586167801 0.0006287664 0.12480304 0.0009972627 0.017679064 59.69 
27 99.97627867276584 81.98430413832199 0.00053809525 0.14607045 0.0010564761 0.019679647 55.66 
28 99.97374080151154 82.96485260770974 0.00053381565 0.14280754 0.00092348835 0.019471306 52.04 
29 99.97104755038451 83.59817885487529 0.0005376664 0.13715275 0.0010985585 0.0194292 48.77 
30 99.97529460023867 83.27310090702947 0.0004712019 0.14226712 0.0007984694 0.019822355 45.83 
31 99.97715915871122 83.6654974489796 0.00041635855 0.13749626 0.0008184422 0.019068003 43.19 
32 99.97829861111111 84.31831065759637 0.0004011613 0.13474298 0.0007606542 0.019782972 40.82 
33 99.97746991845665 84.17304421768708 0.00039827562 0.13562086 0.00087453914 0.01935167 38.74 
34 99.97923089034738 81.81335034013605 0.00036246557 0.15380122 0.000709962 0.021001667 36.87 
35 99.97881654402015 84.30236678004535 0.0003472804 0.13483767 0.0008706605 0.019415695 35.24 
36 99.97752171174754 85.72580073696145 0.00035366535 0.12672463 0.00083900226 0.01986761 33.61 
37 99.98094006894723 82.44313350340136 0.0003043326 0.14907426 0.0007747485 0.019008439 32.09 
38 99.9793862702201 81.94621598639456 0.000297784 0.15319246 0.0010147259 0.019970613 30.72 
39 99.97928268363829 84.8373724489796 0.00029920312 0.13358669 0.00079487683 0.019899558 29.42 
40 99.98207952134712 84.25453514739229 0.000267186 0.13600175 0.00069704454 0.019425843 28.25 
41 99.98239028109255 83.27575821995465 0.00027747234 0.14375803 0.0007878228 0.020291807 27.23 
42 99.98358152678334 83.97906037414965 0.00025347114 0.13957557 0.0007282255 0.020946132 26.34 
43 99.98244207438346 82.40327380952381 0.00025648103 0.1504492 0.0007144213 0.020304825 25.56 
44 99.98441021943782 82.30672477324264 0.00023697647 0.15457913 0.0007274635 0.020037765 24.87 
45 99.98409945969239 84.34134070294785 0.00023511612 0.13836177 0.00059147284 0.019761913 24.13 
46 99.9829082140016 84.17215844671202 0.0002406673 0.13917363 0.00068788463 0.019886663 23.31 
47 99.98663733094669 84.59024234693878 0.00020808827 0.13556255 0.00056791946 0.020053588 22.53 
48 99.98549787854681 84.52735260770974 0.00020911558 0.13903365 0.0005879842 0.019153127 21.82 
49 99.98632657120127 80.71410856009071 0.00020287198 0.16538261 0.00056487013 0.02028718 21.14 
50 99.984306632856 83.45999858276645 0.00021439126 0.14371425 0.0006656721 0.019440051 20.49 
51 99.98653374436489 83.22438350340136 0.000183367 0.14714031 0.0005933159 0.020602273 19.86 
52 99.98606760474675 83.19781037414965 0.00018734027 0.14648147 0.0006031731 0.021238782 19.28 
53 99.98881264916467 83.47417091836735 0.00016914461 0.14474078 0.0005687167 0.019726217 18.77 
54 99.98586043158313 83.28461592970521 0.0001907985 0.14688466 0.0006472113 0.021186821 18.32 
55 99.98663733094669 80.9700963718821 0.00017917666 0.16667366 0.0005690145 0.021761518 17.93 
56 99.98813933638293 84.09775368480726 0.00016654859 0.14217228 0.0004927776 0.021015406 17.59 
57 99.99041824118271 83.92857142857143 0.00014222645 0.14340693 0.00045808143 0.02086669 17.27 
58 99.98865726929196 83.30764597505669 0.0001529661 0.14747652 0.0006328755 0.02038328 16.74 
59 99.98933058207372 83.09328939909297 0.0001480954 0.14984937 0.0005084205 0.020367574 16.21 
60 99.98834650954655 83.6468962585034 0.00015526116 0.14362419 0.0005504153 0.021122264 15.72 
61 99.98943416865554 83.80810657596372 0.00014513935 0.14344047 0.00049692654 0.020672418 15.25 
62 99.98762140347388 83.20401077097506 0.00016170161 0.1481489 0.00059382006 0.022079935 14.8 
63 99.99041824118271 82.23409155328798 0.0001369653 0.15612593 0.00051567657 0.02129557 14.34 
64 99.98876085587378 83.88782596371883 0.00014750003 0.14424014 0.0005421468 0.01973334 13.9 
65 99.98829471625564 82.53082482993197 0.00014676322 0.15185425 0.00045925882 0.020776669 13.46 
66 99.99026286131 82.81161422902494 0.0001344117 0.15194553 0.00051457336 0.021178115 13.03 
67 99.98990030827366 83.55920493197279 0.00013513661 0.14723928 0.00054373674 0.020050328 12.6 
68 99.99015927472819 81.8532100340136 0.00013020656 0.15836486 0.00051945023 0.02058619 12.18 
69 99.9889680290374 83.80899234693878 0.000129024 0.14541133 0.00052746513 0.019903557 11.76 
70 99.99243817952798 83.13669217687075 0.00010632011 0.1491365 0.00040742214 0.021043664 11.35 
71 99.98927878878281 82.54322562358277 0.00013432105 0.154286 0.00048368587 0.021442907 10.95 
72 99.9902110680191 82.29875283446712 0.00011916683 0.15534987 0.0005239935 0.01944073 10.57 
73 99.99243817952798 81.66542658730158 0.00010146988 0.1596769 0.00037352898 0.020492943 10.04 
74 99.99362942521877 82.84970238095238 9.592161e-05 0.15176879 0.0003774208 0.020671811 9.37 
75 99.99217921307346 82.30141014739229 0.000105890045 0.15561521 0.00045761335 0.020557746 8.77 
76 99.99357763192788 82.46616354875283 8.1531165e-05 0.15528044 0.00034954856 0.021122376 8.21 
77 99.99373301180059 83.23146967120181 7.80776e-05 0.15046784 0.00041229706 0.021584364 7.63 
78 99.99109155396447 82.56005527210884 0.00010700831 0.15487885 0.00048125582 0.020771693 7.09 
79 99.99430273800053 83.67878401360544 8.266749e-05 0.14869024 0.00036882993 0.02075313 6.58 
80 99.99248997281889 82.69114937641723 9.705958e-05 0.15395181 0.00045684053 0.021738667 6.1 
81 99.99440632458234 83.08177437641723 7.698869e-05 0.15219279 0.00033737088 0.021507952 5.67 
82 99.99357763192788 82.42541808390023 8.8006775e-05 0.15442763 0.0003500664 0.020999657 5.27 
83 99.99440632458234 82.68052012471655 6.9277354e-05 0.15402612 0.00036225058 0.020975817 4.91 
84 99.99487246420048 82.82578656462584 7.828854e-05 0.15287533 0.00034440355 0.021831525 4.58 
85 99.99621908976398 83.15352182539682 5.7716617e-05 0.15036082 0.00026026097 0.021170458 4.23 
86 99.99383659838239 83.41305272108843 7.117335e-05 0.14899853 0.00038531222 0.019723825 3.89 
87 99.99316328560063 82.38024376417233 8.019189e-05 0.15612842 0.00036611012 0.02058751 3.55 
88 99.99476887761867 82.87538973922902 7.16391e-05 0.1526616 0.00033947438 0.020868244 3.23 
89 99.99399197825511 81.99316184807256 7.460478e-05 0.15856062 0.0004397055 0.021402696 2.92 
90 99.9938883916733 83.67789824263039 7.9398276e-05 0.1468673 0.0004259955 0.019761762 2.62 
91 99.9928007325643 82.60700113378685 9.15147e-05 0.15548815 0.000478133 0.021366995 2.33 
92 99.99223100636436 82.73632369614512 8.515737e-05 0.1545274 0.00039201975 0.019480402 2.05 
93 99.99425094470962 82.99939767573696 7.637167e-05 0.1522327 0.0003445392 0.020605123 1.78 
94 99.9939401849642 82.06136621315193 7.603029e-05 0.15847927 0.0003724153 0.022878122 1.52 
95 99.99445811787324 83.1623795351474 7.255581e-05 0.15289676 0.00034607836 0.020426467 1.27 
96 99.99331866547335 83.13669217687075 8.162928e-05 0.15304123 0.0003717064 0.020486927 1.02 
97 99.99445811787324 79.8141652494331 6.677342e-05 0.17703652 0.0003549207 0.023349138 0.77 
98 99.99523501723681 82.39264455782313 6.614877e-05 0.15924014 0.0003075589 0.021346359 0.51 
99 99.99601191660037 82.75758219954649 5.479279e-05 0.15454559 0.00029480807 0.020186307 0.25 
