0 88.52551312270835 83.57780612244898 0.0916805 0.12786461 0.022440394 0.016292043 101.49 
1 96.11345732362915 83.8453089569161 0.035579324 0.1300095 0.014917186 0.016895073 100.57 
2 99.39307904639814 83.49985827664399 0.009528205 0.13312839 0.004408798 0.018341005 99.61 
3 99.84299832175448 83.26424319727892 0.0037982126 0.1370116 0.002039265 0.018173127 98.67 
4 99.93184281352521 83.50694444444444 0.0020279966 0.13624038 0.0017038686 0.01899026 97.69 
5 99.95878692484769 84.60264314058956 0.0012416136 0.13059717 0.0012801626 0.018754797 96.73 
6 99.96984671794448 83.89048327664399 0.00082770904 0.137512 0.001117366 0.019030334 95.74 
7 99.97399279422712 83.66904053287982 0.0006097088 0.14043705 0.0012361835 0.020143805 94.77 
8 99.97958192043669 83.84708049886622 0.000449825 0.13866009 0.00087530375 0.02027203 93.79 
9 99.98060497822071 84.64958900226758 0.0003726874 0.13507457 0.00086295354 0.019312479 92.81 
10 99.98412645080363 83.96134495464852 0.00029308113 0.14178593 0.00076743634 0.019900762 91.81 
11 99.98392183924682 84.15710034013605 0.00025996304 0.1426618 0.0007308403 0.020613715 90.83 
12 99.98450336682932 83.47948554421768 0.00022399334 0.14376801 0.00071171887 0.019714864 89.82 
13 99.98616179734238 83.95691609977324 0.0001979458 0.14313917 0.00072013424 0.019572966 88.82 
14 99.98657102045598 84.64781746031746 0.00017987035 0.13789146 0.0005952058 0.019320032 87.8 
15 99.98806791552946 83.718643707483 0.00015636333 0.1461464 0.00054935477 0.01989013 86.81 
16 99.98878944049292 84.34399801587301 0.00014512955 0.14176431 0.00055949105 0.019539462 85.79 
17 99.99007095498028 84.24744897959184 0.00013027374 0.1421227 0.00047895033 0.021132601 84.79 
18 99.99058786838695 83.49188633786848 0.00012410273 0.14772189 0.0004716091 0.020110745 83.79 
19 99.99210630151903 80.95326672335601 0.000107599706 0.1668237 0.0004350945 0.021260133 82.79 
20 99.99170784743472 83.54680413832199 0.00010467701 0.14850058 0.00048170966 0.02067631 81.78 
21 99.99264475298432 83.58577806122449 9.598993e-05 0.14816244 0.0004507229 0.022050414 80.79 
22 99.99298936192208 83.21906887755102 8.991918e-05 0.15130801 0.0004015497 0.022125214 79.78 
23 99.99379703912001 82.28723781179139 8.3263985e-05 0.15648103 0.0004063221 0.020765554 78.77 
24 99.99314012833237 83.14289257369614 8.476053e-05 0.15085496 0.0004263031 0.021019518 77.76 
25 99.99408780291125 81.0250141723356 7.6546276e-05 0.16775607 0.00039170214 0.021378633 76.75 
26 99.99471240661097 83.05077239229026 6.8944384e-05 0.15542412 0.0003576088 0.021496875 75.72 
27 99.99491701816778 83.30233134920636 6.502346e-05 0.15232852 0.00035435255 0.02194072 74.7 
28 99.99505701554875 82.52728174603175 6.4225766e-05 0.15687841 0.00034560368 0.021241285 73.68 
29 99.99616622556722 82.09856859410431 5.133934e-05 0.16027725 0.00027396312 0.02105254 72.67 
30 99.99613391847932 82.65394699546485 5.3469856e-05 0.15643226 0.0002918952 0.020858701 71.65 
31 99.99541239351583 82.86121740362812 5.5936616e-05 0.15544118 0.00034000087 0.021200685 70.63 
32 99.99660775576875 81.83549461451247 4.4264336e-05 0.16228054 0.00025921396 0.021421915 69.59 
33 99.99676929120834 82.42364654195012 4.4553264e-05 0.15818177 0.00027272786 0.02246597 68.57 
34 99.99674775314972 82.76643990929705 4.2312153e-05 0.15713653 0.00025398532 0.02255357 67.55 
35 99.99686621247209 82.21549036281179 4.1016137e-05 0.16008794 0.0002477591 0.020270891 66.54 
36 99.99679082926694 82.69292091836735 4.2446445e-05 0.15546826 0.00027198828 0.021400155 65.51 
37 99.99738312587876 82.65217545351474 3.7734702e-05 0.15716723 0.0002512069 0.0214939 64.5 
38 99.99741543296668 83.46974206349206 3.4101842e-05 0.15224922 0.00021807427 0.02094486 63.47 
39 99.99730774267361 82.59194302721089 3.7080667e-05 0.15840738 0.00025162715 0.020510862 62.45 
40 99.99717851432194 82.61763038548753 3.4808432e-05 0.15849768 0.0002122033 0.021674853 61.43 
41 99.99798619151986 82.0719954648526 2.9216757e-05 0.16245413 0.00020460552 0.021869346 60.42 
42 99.99772773481654 82.47767857142857 3.0690484e-05 0.15895455 0.00021020194 0.02196877 59.4 
43 99.99830926239903 82.58131377551021 2.5256282e-05 0.15989332 0.00018235232 0.023548817 58.38 
44 99.99813695793014 82.23409155328798 2.6750167e-05 0.16234699 0.0001821832 0.02294523 57.35 
45 99.99801849860778 82.27306547619048 2.807422e-05 0.15756011 0.0002105633 0.020449534 56.33 
46 99.99834156948694 82.30229591836735 2.6149983e-05 0.16125596 0.00017881343 0.021970036 55.3 
47 99.99836310754556 82.38821570294785 2.4286008e-05 0.1596738 0.00018216764 0.022101142 54.28 
48 99.99829849336973 82.37492913832199 2.36285e-05 0.15918861 0.00019124434 0.022360612 53.27 
49 99.99850310492653 82.44401927437642 2.2298098e-05 0.15932103 0.00016610109 0.021284904 52.24 
50 99.99856771910237 82.01530612244898 2.1315209e-05 0.16369718 0.00016753972 0.021670248 51.21 
51 99.9986215642489 82.937393707483 1.9564599e-05 0.15699643 0.00016201813 0.02097734 50.19 
52 99.99860002619027 82.70532171201815 1.9560732e-05 0.15845107 0.00014589424 0.021666296 49.16 
53 99.99898771124528 82.47590702947846 1.8825545e-05 0.16026878 0.00013924157 0.021469891 48.14 
54 99.99866464036612 82.1703160430839 1.998284e-05 0.16317709 0.00019848223 0.022001147 47.12 
55 99.99872925454194 82.73366638321995 1.857026e-05 0.15887974 0.00015111665 0.021248452 46.1 
56 99.99897694221598 82.2358630952381 1.7409182e-05 0.16160809 0.00013516536 0.023538237 45.07 
57 99.99897694221598 82.3483560090703 1.615906e-05 0.16030517 0.00012818868 0.021860164 44.04 
58 99.99888002095223 82.09768282312925 1.7152102e-05 0.16240059 0.00014551732 0.021974662 43.02 
59 99.99886925192291 82.00644841269842 1.6793665e-05 0.16353431 0.00015525776 0.021606505 41.99 
60 99.99896617318667 81.9205286281179 1.707177e-05 0.1641436 0.00015153122 0.020436918 40.97 
61 99.99910617056764 82.14905753968254 1.4485419e-05 0.16175541 0.00012858263 0.020457795 39.94 
62 99.99905232542112 81.82929421768708 1.5472187e-05 0.16234161 0.00013650866 0.022834316 38.66 
63 99.99923539891931 82.06136621315193 1.4425027e-05 0.16438495 0.00013529112 0.021780696 37.35 
64 99.99898771124528 82.39353032879819 1.4879605e-05 0.16047686 0.00014072856 0.020138707 36.08 
65 99.99905232542112 81.74868905895691 1.500147e-05 0.16599911 0.00012742796 0.022258652 34.83 
66 99.99909540153834 81.12067743764172 1.4576058e-05 0.17049988 0.00013057553 0.02101741 33.24 
67 99.9990200183332 81.9719033446712 1.5077311e-05 0.16381687 0.00013075271 0.021294456 31.72 
68 99.99891232804013 81.76640447845806 1.565902e-05 0.16403545 0.00014647504 0.022215119 30.28 
69 99.9990307873625 82.24560657596372 1.545881e-05 0.16131353 0.00013007184 0.021728542 28.93 
70 99.99920309183139 82.44047619047619 1.3115907e-05 0.15924987 0.000118147866 0.020764189 27.64 
71 99.99907386347972 81.50953089569161 1.3967324e-05 0.16639921 0.00012702432 0.022094725 26.4 
72 99.99921386086069 82.38024376417233 1.2982823e-05 0.15901302 0.00012491186 0.019301888 25.23 
73 99.99917078474347 81.85763888888889 1.2444589e-05 0.16313788 0.00011405808 0.021563562 24.09 
74 99.99931078212444 81.92584325396825 1.3225139e-05 0.1665806 0.00011145315 0.021822289 22.99 
75 99.99921386086069 82.5015943877551 1.3237192e-05 0.15896401 0.00015203729 0.021496749 21.93 
76 99.99931078212444 81.87003968253968 1.2142296e-05 0.16355766 0.00011672819 0.02132407 20.9 
77 99.99914924668487 81.5139597505669 1.3428332e-05 0.16366452 0.00013111459 0.020052554 19.9 
78 99.9990092493039 81.97367488662131 1.4272916e-05 0.16245657 0.000172605 0.021346675 18.92 
79 99.99926770600722 81.91609977324264 1.2349932e-05 0.1640338 0.000115028524 0.021184856 17.96 
80 99.99928924406584 81.93204365079364 1.2431641e-05 0.16346034 0.00010864885 0.022089323 17.02 
81 99.99927847503653 81.77880527210884 1.2399363e-05 0.16444021 0.00013252132 0.021913104 16.1 
82 99.99933232018306 81.75046060090703 1.1454847e-05 0.16212943 0.00011915982 0.021390177 15.19 
83 99.99936462727098 82.23143424036282 1.1911239e-05 0.16021457 0.00012685337 0.02119636 14.29 
84 99.99931078212444 81.95330215419501 1.1301207e-05 0.16530597 9.951167e-05 0.022443278 13.41 
85 99.99926770600722 82.31735402494331 1.2414149e-05 0.15968841 0.00012094351 0.020541755 12.53 
86 99.99931078212444 81.95861678004535 1.0760476e-05 0.16266082 0.00010239133 0.021533052 11.66 
87 99.99924616794861 81.41121031746032 1.153837e-05 0.165819 0.00012667837 0.02154555 10.8 
88 99.9994292414468 81.69465702947846 1.06361995e-05 0.16522366 0.00010317505 0.021744786 9.95 
89 99.99923539891931 82.38644416099773 1.1080423e-05 0.16041443 0.0001201939 0.023364505 9.1 
90 99.9994400104761 81.93204365079364 1.0099314e-05 0.16253941 9.379051e-05 0.021028966 8.26 
91 99.99951539368125 82.44313350340136 1.0021486e-05 0.16137826 0.00010060941 0.021373937 7.42 
92 99.99956923882777 82.46173469387755 9.487619e-06 0.16107272 8.965761e-05 0.021617545 6.59 
93 99.99937539630028 81.56001984126983 1.01003725e-05 0.16636482 9.3213224e-05 0.020743461 5.76 
94 99.99938616532958 82.17828798185941 1.0276473e-05 0.16132136 0.00011465551 0.02152204 4.93 
95 99.99952616271055 82.18714569160997 9.974271e-06 0.16149527 0.00010347668 0.022693811 4.1 
96 99.99946154853473 82.56979875283447 1.0207852e-05 0.15784255 9.6609416e-05 0.021230854 3.28 
97 99.99934308921236 82.2358630952381 1.0398741e-05 0.16087429 9.995368e-05 0.02097657 2.46 
98 99.99948308659333 82.28103741496598 9.9161625e-06 0.16164874 9.996108e-05 0.021485588 1.64 
99 99.99930001309514 82.52108134920636 1.1047206e-05 0.1586926 0.000118662036 0.02186701 0.82 
