0 84.3585894697548 81.52777777777777 0.12963583 0.13967423 0.015642658 0.015059843 96.46 
1 86.13553150821807 81.826171875 0.11716908 0.14042439 0.014081052 0.0142994365 95.43 
2 87.12796073681965 81.37369791666667 0.10792895 0.15055358 0.01307948 0.014617419 94.13 
3 87.55351183593048 79.90559895833333 0.103368 0.15353325 0.012647508 0.013259951 92.88 
4 87.84690159365456 81.63302951388889 0.1003399 0.1482853 0.012485598 0.01258332 91.65 
5 88.0654133734507 80.14756944444444 0.09763157 0.1526199 0.012478854 0.014186876 90.47 
6 88.23209734821268 78.47330729166667 0.09505089 0.1631356 0.012296219 0.014662812 89.3 
7 88.35075135845159 78.21831597222223 0.09318744 0.16332163 0.012089297 0.014591736 88.16 
8 88.51858433346057 77.13433159722223 0.09140702 0.17074725 0.011944646 0.01584267 87.04 
9 88.74102551868151 76.46158854166667 0.08944807 0.17630793 0.011812496 0.016136516 85.95 
10 89.06043004535657 74.267578125 0.08702199 0.19492818 0.01149205 0.018069442 84.88 
11 89.54469417998922 76.75021701388889 0.08233971 0.16601561 0.011208678 0.016299672 83.81 
12 91.07014550026945 76.97374131944444 0.07141899 0.16750275 0.010346692 0.01657362 82.77 
13 92.66619455328274 83.40060763888889 0.06144023 0.12493494 0.009334766 0.013509513 81.73 
14 94.42495432066194 84.42708333333333 0.050272226 0.12330442 0.008373793 0.015665015 80.71 
15 96.26702976243938 81.90755208333333 0.038742546 0.14607438 0.006760703 0.016848104 79.7 
16 97.75788828139034 83.984375 0.029378483 0.12645955 0.005152009 0.014990806 78.7 
17 98.72796024564397 83.05013020833333 0.022693567 0.13163507 0.0038568375 0.015713813 77.7 
18 99.26455213198311 83.27799479166667 0.018222079 0.12941061 0.0030107722 0.01472633 76.72 
19 99.54620629939824 82.67578125 0.015119172 0.13159776 0.0024627158 0.015123103 75.72 
20 99.7029878216499 83.33224826388889 0.013011352 0.12502228 0.0020929938 0.01321472 74.91 
21 99.79643399440901 83.13042534722223 0.011442449 0.12499385 0.0018329336 0.014447528 74.75 
22 99.85667318293066 83.42881944444444 0.010197948 0.124387085 0.0016373779 0.014768558 74.5 
23 99.9004316732531 83.90190972222223 0.009168188 0.12014465 0.0014658801 0.014427778 74.1 
24 99.92641135822706 83.63932291666667 0.008354275 0.12192862 0.0013349291 0.014758942 73.31 
25 99.94385686579396 84.26974826388889 0.007728754 0.1180336 0.0012464739 0.013070361 72.5 
26 99.95662743342464 84.14171006944444 0.007204593 0.11942032 0.0011560114 0.0136345755 71.67 
27 99.96524054977995 84.78949652777777 0.0067852126 0.11485173 0.0011116656 0.01434833 70.82 
28 99.97195913137686 85.27235243055556 0.006398887 0.11239605 0.0010484493 0.013542959 69.96 
29 99.97705507903719 84.24479166666667 0.006089008 0.11905238 0.0009976915 0.013277461 69.09 
30 99.98041436983564 85.35047743055556 0.005813707 0.11186934 0.000963926 0.01351361 68.21 
31 99.98222119465152 84.35004340277777 0.005584675 0.116176724 0.0009304756 0.013538223 67.31 
32 99.98441394321448 84.71571180555556 0.005366428 0.11531101 0.0009047048 0.013414756 66.41 
33 99.98632601996138 84.84266493055556 0.005182171 0.11301515 0.00086854165 0.013216579 65.49 
34 99.98801882185198 85.01736111111111 0.0050034807 0.113138005 0.0008470309 0.013051302 64.57 
35 99.98839597460481 84.63216145833333 0.004855629 0.11441712 0.0008278247 0.013223103 63.64 
36 99.99033436433447 85.13997395833333 0.0047174874 0.11095098 0.0008078869 0.013098172 62.69 
37 99.99068520410455 85.03472222222223 0.0045836293 0.112002246 0.00078669697 0.0139170885 61.75 
38 99.99175526540327 84.49761284722223 0.004467457 0.114936054 0.00076824287 0.013015882 60.77 
39 99.99231660903538 85.03363715277777 0.004359494 0.112354964 0.0007494699 0.0138456505 59.21 
40 99.99259728085144 85.82899305555556 0.004259277 0.10825729 0.0007456241 0.013126064 57.62 
41 99.99325510542033 85.41558159722223 0.004164706 0.10950324 0.0007297686 0.012710774 55.65 
42 99.99367611314442 85.03580729166667 0.0040662503 0.111273065 0.0007199491 0.012860972 53.82 
43 99.99393047197772 85.69878472222223 0.0039813463 0.107546926 0.0007030315 0.01364213 52.1 
44 99.99417605981678 85.55555555555556 0.0039023876 0.1081446 0.000695543 0.013197618 50.49 
45 99.99445673163284 85.63910590277777 0.0038279395 0.10762223 0.00068521703 0.013344686 48.97 
46 99.99514086918448 86.17947048611111 0.0037606661 0.104652554 0.0006742638 0.012840413 47.53 
47 99.99481634239716 85.65104166666667 0.003688201 0.106699266 0.0006662071 0.013764344 46.17 
48 99.99523735012124 84.99891493055556 0.00362778 0.111952424 0.00065734127 0.013464639 44.87 
49 99.99533383105802 84.68532986111111 0.0035736721 0.11253527 0.00065757905 0.013486736 43.63 
50 99.99586009071314 85.61197916666667 0.0035056681 0.10743302 0.000637703 0.013241828 42.45 
51 99.99574606778786 85.068359375 0.003443807 0.11135106 0.0006327304 0.014252139 41.3 
52 99.99621970147746 84.98372395833333 0.0033999581 0.111297905 0.0006324163 0.0144964075 40.2 
53 99.9961933884947 85.44270833333333 0.0033569415 0.1091045 0.00061856257 0.014162846 39.14 
54 99.9962109304832 86.015625 0.0032995106 0.10588229 0.0006127954 0.013398139 38.1 
55 99.99593025866714 85.69118923611111 0.0032605256 0.108304545 0.0006090892 0.013758816 37.1 
56 99.99649160229926 85.27235243055556 0.0032244308 0.10856703 0.00059831154 0.01282849 36.12 
57 99.99648283130502 85.48394097222223 0.003185278 0.107669696 0.00060030905 0.013301541 35.16 
58 99.99667579317855 85.4296875 0.0031463127 0.10925368 0.0005932408 0.014076837 34.22 
59 99.99671087715556 85.39822048611111 0.0031183558 0.10964419 0.00058599276 0.014072062 33.3 
60 99.99694769400035 85.85177951388889 0.0030756008 0.10725112 0.0005803479 0.013288971 32.4 
61 99.99696523598887 85.60329861111111 0.0030402513 0.10869135 0.0005724771 0.014101111 31.51 
62 99.99667579317855 85.79861111111111 0.0030220295 0.10620323 0.00057556573 0.013667275 30.63 
63 99.99705294593139 85.13346354166667 0.002991251 0.10981221 0.000575042 0.012827852 29.76 
64 99.9971231138854 85.59678819444444 0.002958544 0.107318275 0.0005654779 0.013243567 28.9 
65 99.99694769400035 85.38953993055556 0.0029339192 0.1087245 0.0005684729 0.013673478 28.05 
66 99.99716696885666 86.27712673611111 0.0029111828 0.10344932 0.0005610941 0.0141322855 27.21 
67 99.99728976277618 85.37977430555556 0.0028792238 0.10859482 0.00055775215 0.013026655 26.37 
68 99.99707048791988 86.17947048611111 0.0028580162 0.1044413 0.00054778217 0.013017182 25.54 
69 99.99720205283366 85.31032986111111 0.0028424617 0.10983906 0.0005560387 0.013540214 24.72 
70 99.99728099178193 85.10633680555556 0.0028102892 0.11047144 0.0005437967 0.013464242 23.89 
71 99.9973774727187 85.19422743055556 0.002792398 0.109415226 0.00054106687 0.013508627 23.08 
72 99.99736870172445 85.54253472222223 0.0027743583 0.10962821 0.0005416372 0.0135391615 22.26 
73 99.9974300986842 85.05208333333333 0.0027539285 0.11067285 0.0005368316 0.014069097 21.45 
74 99.99764937354051 85.263671875 0.002733229 0.10904486 0.0005354861 0.014320907 20.64 
75 99.99768445751751 85.15842013888889 0.0027128882 0.11053028 0.0005343802 0.014019334 19.84 
76 99.99782479342554 85.03580729166667 0.0026837478 0.111073814 0.00052274606 0.014373984 19.03 
77 99.99738624371295 84.71788194444444 0.0026735805 0.1120611 0.0005326106 0.014208877 18.23 
78 99.99764937354051 84.80143229166667 0.0026563227 0.112177506 0.0005273179 0.013878252 17.43 
79 99.99769322851176 84.51280381944444 0.0026297565 0.11507877 0.00052089663 0.013801728 16.63 
80 99.9978861903853 85.80729166666667 0.0026126006 0.10705206 0.000516358 0.013548814 15.83 
81 99.99787741939106 85.62174479166667 0.0026014575 0.1085711 0.00052045356 0.0132755935 15.04 
82 99.99767568652327 86.41927083333333 0.0025831766 0.10303866 0.00052122015 0.013456937 14.24 
83 99.99739501470721 85.91471354166667 0.0025651022 0.10569951 0.00051371224 0.012654122 13.45 
84 99.99745641166696 85.34505208333333 0.0025493249 0.10963472 0.00051282643 0.012818576 12.65 
85 99.99757920558649 85.17686631944444 0.0025311993 0.1102694 0.00050496886 0.014301822 11.86 
86 99.99778970944854 86.04058159722223 0.0025116 0.105348654 0.0005106164 0.013708401 11.07 
87 99.99805283927608 84.98480902777777 0.0024966155 0.11203736 0.0005002011 0.014901971 10.27 
88 99.99782479342554 85.96354166666667 0.0024869405 0.10682195 0.0005062133 0.0138547225 9.48 
89 99.99769322851176 85.44596354166667 0.0024666437 0.10943001 0.00050141657 0.014372362 8.69 
90 99.99800898430483 85.46766493055556 0.0024466927 0.10866714 0.0004975302 0.013951377 7.9 
91 99.99787741939106 85.70529513888889 0.002436966 0.10698791 0.00049875723 0.014132119 7.11 
92 99.9980703812646 85.58702256944444 0.0024189788 0.10874462 0.00048727146 0.013266524 6.32 
93 99.9981230072301 84.833984375 0.0024032884 0.11141634 0.0004908175 0.013097006 5.53 
94 99.99802652629333 86.2109375 0.0023866212 0.10679903 0.00048702068 0.01376074 4.74 
95 99.99828088512663 85.48502604166667 0.0023785965 0.10861737 0.00048473093 0.013648185 3.95 
96 99.99823703015538 85.45789930555556 0.002357214 0.10830803 0.00047907626 0.013449328 3.16 
97 99.99798267132208 85.80512152777777 0.0023482593 0.10713141 0.0004868372 0.01337661 2.37 
98 99.99787741939106 85.10416666666667 0.00233216 0.112086594 0.00048287454 0.014461138 1.58 
99 99.9981405492186 85.76714409722223 0.002322635 0.10678989 0.00048036003 0.0141351735 0.79 
