0 85.14516623574649 80.36068594104309 0.12086897 0.15014827 0.024927499 0.016444245 252.93 
1 88.05527587178467 81.99139030612245 0.097233064 0.13919179 0.01396003 0.016265986 251.79 
2 90.49919409639352 81.73185941043084 0.07736294 0.14091274 0.013552058 0.017173229 248.8 
3 92.62971111774065 82.24029195011337 0.060456954 0.13770969 0.011591475 0.016268415 243.41 
4 94.7823438743039 84.12255527210884 0.044503137 0.12644112 0.010092265 0.016677758 234.45 
5 96.76633767568285 81.13130668934241 0.030252518 0.14698079 0.007866747 0.01772873 226.19 
6 98.23441850636436 82.72480867346938 0.019045688 0.13638362 0.005913295 0.018037744 218.56 
7 99.17405238994962 85.26608560090703 0.0112425955 0.11955238 0.003911362 0.016643832 211.55 
8 99.63143894192523 83.33067602040816 0.0069825295 0.13248515 0.0026392732 0.017723411 203.06 
9 99.81333697958101 85.34403344671202 0.0046870857 0.11803481 0.0020579076 0.017023874 195.27 
10 99.89470423959162 84.46977749433107 0.003424854 0.12621956 0.0016259173 0.017883565 187.73 
11 99.92153316428004 82.44136196145125 0.0027413436 0.14323102 0.0015868015 0.019150937 180.65 
12 99.94722263656855 84.3360260770975 0.0021610695 0.12908182 0.0012819946 0.017815009 174.02 
13 99.94742980973217 83.86479591836735 0.0019138069 0.13665721 0.0013492494 0.020548806 182.83 
14 99.9587207471493 83.71332908163265 0.0016090395 0.13290656 0.0012936232 0.018960448 191.69 
15 99.9623980708035 83.5202310090703 0.0014490248 0.13819814 0.0011287191 0.018591115 199.25 
16 99.96747381331213 79.84782454648526 0.0013017594 0.16377454 0.0011120961 0.019280603 205.65 
17 99.96514311522142 84.13938492063492 0.001195973 0.13388069 0.0013283618 0.019964809 211.03 
18 99.96804353951207 83.87453939909297 0.0011317506 0.13824993 0.0013111685 0.018197674 215.42 
19 99.97104755038451 82.54233985260771 0.0010396985 0.14998932 0.0010473215 0.020484542 219.0 
20 99.97508742707505 82.17740221088435 0.00094461115 0.15227973 0.0010269212 0.01949306 221.85 
21 99.96995989127552 82.37050028344672 0.00093442743 0.15230398 0.0013316354 0.021323543 224.0 
22 99.97275672898435 82.3811295351474 0.0009097725 0.15206319 0.0010102945 0.020828513 225.56 
23 99.97141010342084 84.11281179138322 0.00088036153 0.13848096 0.0009706105 0.018352658 226.63 
24 99.97260134911164 83.76027494331066 0.0008564269 0.14169595 0.0010929214 0.019915957 227.16 
25 99.97814323123839 83.87011054421768 0.0007885314 0.13789931 0.0008969301 0.01950795 227.21 
26 99.97643405263855 83.43519699546485 0.00077302835 0.14288636 0.0010290726 0.020232093 226.99 
27 99.97679660567489 84.4547193877551 0.00077935297 0.13693349 0.0010520237 0.020193564 226.45 
28 99.97653763922037 81.94975907029479 0.00076409546 0.15483342 0.00097171636 0.020664345 225.58 
29 99.98052572262 82.68494897959184 0.0007007363 0.1511264 0.0007243015 0.02000381 224.39 
30 99.97871295743835 83.34573412698413 0.0007009447 0.14480533 0.0010303871 0.020506518 222.96 
31 99.98601581145584 83.46442743764172 0.0006254261 0.14402463 0.0007190723 0.020789457 220.9 
32 99.9829082140016 85.79223356009071 0.00064583315 0.128055 0.0007514187 0.019041909 216.21 
33 99.97959344338372 82.77618339002268 0.00066646 0.15110235 0.001013349 0.019956982 208.61 
34 99.98239028109255 83.85239512471655 0.0006526774 0.1423949 0.0007301766 0.01820251 201.48 
35 99.9854460852559 83.71067176870748 0.0006133231 0.14251402 0.0006964261 0.019793073 194.9 
36 99.98456559931053 84.09863945578232 0.0006144354 0.14176518 0.0006194372 0.020474087 188.68 
37 99.98466918589233 83.5671768707483 0.0006043211 0.14542177 0.00074328255 0.020985158 182.92 
38 99.98213131463802 83.38647959183673 0.000618741 0.14541511 0.000856049 0.020878185 177.49 
39 99.98352973349245 83.70712868480726 0.00060227374 0.1430726 0.00068765495 0.020859307 172.4 
40 99.98720705714665 82.9639668367347 0.0005733401 0.14899358 0.00068630406 0.02111362 167.59 
41 99.98731064372845 83.96134495464852 0.0005607047 0.14183524 0.00063489424 0.018870465 163.03 
42 99.98699988398303 83.51137329931973 0.0005598846 0.14560284 0.00056662067 0.021309786 158.68 
43 99.98699988398303 80.68930697278911 0.0005380812 0.16877042 0.0008743701 0.022107689 154.51 
44 99.98927878878281 83.57692035147392 0.0005356461 0.1460409 0.0005688667 0.020952415 148.92 
45 99.98679271081942 82.24826388888889 0.0005452764 0.15452607 0.00060496805 0.02114484 142.36 
46 99.98990030827366 83.40419501133786 0.00051415997 0.14728527 0.00052629464 0.020626169 134.47 
47 99.98617119132857 82.79389880952381 0.000554583 0.15160576 0.0007108503 0.02157123 126.97 
48 99.98741423031026 83.62829506802721 0.0005327963 0.146034 0.00060733035 0.01958128 120.25 
49 99.98943416865554 83.66461167800453 0.0005098521 0.14607754 0.0005280433 0.020228729 114.31 
50 99.98834650954655 82.7327806122449 0.00050742534 0.1520445 0.0008866417 0.021494491 109.03 
51 99.99047003447362 83.32624716553288 0.0004978019 0.14765383 0.0007144168 0.02207323 104.24 
52 99.98990030827366 80.68310657596372 0.00049596006 0.1684882 0.0005514048 0.021220773 99.55 
53 99.98751781689207 83.42545351473923 0.0005078768 0.14650542 0.0006090906 0.020306144 95.1 
54 99.98974492840095 83.9967757936508 0.0004919146 0.14372277 0.0005071259 0.02050445 91.01 
55 99.99103976067356 82.94713718820861 0.0004718589 0.15169182 0.0005824394 0.019869693 87.19 
56 99.98886444245558 82.30849631519274 0.00049471937 0.15767823 0.00064273167 0.02098187 83.66 
57 99.98979672169186 83.45025510204081 0.00048796285 0.14661883 0.00058153557 0.020973157 80.44 
58 99.99109155396447 82.04276502267574 0.00046889356 0.15799683 0.00050058414 0.021448456 77.49 
59 99.9914023137099 75.13463718820861 0.0004643095 0.21437997 0.0005110944 0.023393452 74.74 
60 99.98953775523734 83.6265235260771 0.00047979195 0.14889802 0.00050759816 0.021120725 72.11 
61 99.99041824118271 83.07203089569161 0.0004695636 0.15266672 0.00049197546 0.021506911 69.4 
62 99.99316328560063 83.16857993197279 0.0004385669 0.15261301 0.0005044641 0.020752328 66.81 
63 99.98984851498277 82.48210742630386 0.00047102486 0.15489432 0.00059988676 0.021102447 64.38 
64 99.99533860381861 83.07380243764172 0.00041504705 0.15238826 0.00040376862 0.021383151 62.04 
65 99.99425094470962 83.40330924036282 0.00041857694 0.14922534 0.00039618055 0.020835979 59.81 
66 99.99171307345532 83.04811507936508 0.0004473339 0.15305687 0.0005650493 0.020999707 57.66 
67 99.9915576935826 82.80984268707483 0.00045119246 0.15284494 0.000442055 0.020434638 55.57 
68 99.99171307345532 82.29875283446712 0.0004348105 0.15764613 0.00082630024 0.022058006 53.53 
69 99.99238638623707 82.68140589569161 0.00044082594 0.15517136 0.00046785132 0.020850018 51.53 
70 99.99067720763723 83.5406037414966 0.00045080794 0.15072288 0.0005683294 0.021267826 49.6 
71 99.99414735812782 82.63180272108843 0.00041756433 0.15518272 0.00036528497 0.021352245 47.72 
72 99.99440632458234 82.83110119047619 0.00041299086 0.15399872 0.00049897074 0.021484898 45.86 
73 99.99549398369133 82.6264880952381 0.00040208088 0.15531707 0.00044799573 0.021094332 44.0 
74 99.994043771546 82.60434382086167 0.0004171038 0.15770704 0.0003387805 0.022004725 42.18 
75 99.99751392203659 83.25892857142857 0.00037304653 0.14948949 0.00030133047 0.019834876 40.4 
76 99.9938883916733 81.66808390022676 0.00041252104 0.16246755 0.0005684312 0.020147156 38.65 
77 99.9938883916733 83.00914115646259 0.00041291316 0.15210262 0.00040988182 0.020287054 36.94 
78 99.99342225205515 83.06848781179139 0.00041133736 0.15380536 0.00044086482 0.021189127 35.27 
79 99.99554577698223 83.24121315192744 0.00039723265 0.15263356 0.00041399762 0.020935725 33.65 
80 99.99285252585521 83.19781037414965 0.00041811727 0.15194236 0.00043871245 0.021483446 32.08 
81 99.99450991116414 83.17478032879819 0.00040255723 0.15147288 0.00050324143 0.020746142 30.55 
82 99.9938883916733 83.07025935374149 0.00040958694 0.15126592 0.0005224825 0.0215941 28.93 
83 99.9937848050915 83.78153344671202 0.0004175652 0.14833462 0.0004262227 0.02127939 27.25 
84 99.99337045876425 82.74518140589569 0.0004073979 0.15539165 0.00043828503 0.020875914 25.59 
85 99.99331866547335 82.80364229024943 0.00041219563 0.15620594 0.00040703217 0.021830348 23.95 
86 99.99476887761867 82.79301303854875 0.00040121123 0.15472981 0.0003535403 0.02129778 22.31 
87 99.9963226763458 82.74872448979592 0.0003869643 0.15266076 0.0003916488 0.02061792 20.56 
88 99.9963744696367 83.42102465986395 0.00038107848 0.14925362 0.0003322475 0.021190455 19.75 
89 99.99627088305489 83.09151785714286 0.00038172866 0.1516425 0.0003535684 0.021148684 18.2 
90 99.99549398369133 82.25712159863946 0.00038384585 0.1577782 0.00041536466 0.019919308 16.06 
91 99.99694419583665 83.91794217687075 0.00037358224 0.14639187 0.00042076022 0.02003175 15.22 
92 99.99476887761867 82.94979450113378 0.0003892055 0.15050519 0.00046328208 0.01991804 14.23 
93 99.99730674887297 83.21286848072562 0.00037039877 0.15168616 0.00024137621 0.021840338 13.0 
94 99.99611550318218 83.2562712585034 0.00037560458 0.15017428 0.00041911606 0.021239156 11.56 
95 99.9964262629276 83.18009495464852 0.00037328355 0.1535708 0.00028316345 0.021996481 9.95 
96 99.99373301180059 83.43962585034014 0.00039932437 0.14880143 0.0006346762 0.020542132 8.19 
97 99.99606370989127 83.49277210884354 0.0003718777 0.14915274 0.0002951571 0.020881593 6.29 
98 99.9951832239459 83.21906887755102 0.00038712862 0.15167205 0.00031452472 0.021145502 4.29 
99 99.99585653672766 83.00648384353741 0.00037997303 0.15226795 0.0003987595 0.021137543 2.21 
