0 84.86318476906322 82.07465277777777 0.12706691 0.13674861 0.016811285 0.013614747 96.93 
1 87.79920492691306 79.46180555555556 0.10090583 0.14965335 0.0127688125 0.0142120905 95.98 
2 88.32538564307526 75.36349826388889 0.09430878 0.16896066 0.011724612 0.014712605 94.76 
3 88.65234199580115 76.65907118055556 0.09124328 0.15934072 0.011434 0.013233229 93.59 
4 89.02372343441262 77.20594618055556 0.088336036 0.1546966 0.011248762 0.013454306 92.42 
5 89.52037221292886 76.60590277777777 0.08459152 0.16089848 0.0108159715 0.013611549 91.3 
6 90.08827654874707 78.18684895833333 0.08072114 0.15365753 0.010527577 0.012989039 90.18 
7 90.62927147420065 77.63129340277777 0.0767433 0.15597247 0.010161181 0.014391223 89.1 
8 91.2421183845653 80.56206597222223 0.07256745 0.14043394 0.009856163 0.013238208 88.03 
9 91.80803170468835 81.21202256944444 0.068961546 0.13594115 0.00952893 0.014933375 86.97 
10 92.36237608339322 81.32921006944444 0.06559686 0.14010245 0.00923027 0.015878594 85.92 
11 92.83601854398688 82.31011284722223 0.06256435 0.13400596 0.008925138 0.015371354 84.87 
12 93.26308702510329 81.43988715277777 0.05974698 0.14076243 0.0086512435 0.015983824 83.84 
13 93.62710959953745 81.39105902777777 0.057205286 0.14303382 0.0084028365 0.01651358 82.82 
14 94.02732129625471 80.966796875 0.054332796 0.15136714 0.008051836 0.017568015 81.82 
15 94.45937170210617 79.25238715277777 0.051432826 0.16654812 0.0076524555 0.019958325 80.81 
16 94.86413554484012 81.455078125 0.048726946 0.15062705 0.007388106 0.018481007 79.81 
17 95.3999029577196 82.11480034722223 0.045271568 0.14710847 0.006955437 0.018756311 78.81 
18 96.01939828172715 81.74587673611111 0.041322216 0.1493088 0.006429065 0.017295515 77.82 
19 96.64408603433178 81.41927083333333 0.037389476 0.14798431 0.005835006 0.016578251 76.83 
20 97.25341577600143 80.35264756944444 0.033608902 0.16132501 0.0052548456 0.01997441 76.2 
21 97.78208745453117 81.09917534722223 0.030088734 0.15386613 0.0047147106 0.017975876 75.9 
22 98.22728558076612 81.50933159722223 0.026930263 0.1517041 0.0042136973 0.018707613 75.51 
23 98.61427938914586 80.18446180555556 0.02408753 0.16732718 0.0037465838 0.02092175 74.88 
24 98.94955064442249 81.43988715277777 0.021520061 0.16253607 0.0033435558 0.021076137 73.99 
25 99.19568228511766 81.14474826388889 0.019396873 0.15988918 0.002972849 0.020126954 73.09 
26 99.38346927204958 80.87348090277777 0.017613908 0.16508955 0.002689525 0.021156983 72.19 
27 99.5184022476199 79.86002604166667 0.016210381 0.1767974 0.002442794 0.022756316 71.28 
28 99.61726889482665 80.67274305555556 0.015021998 0.16450414 0.0022627092 0.020271363 70.36 
29 99.6896383683986 79.47374131944444 0.014003232 0.17550944 0.0020823523 0.024410948 69.43 
30 99.74579027359889 79.833984375 0.013103759 0.17123958 0.0019542908 0.021488497 68.49 
31 99.7874963512664 80.89409722222223 0.012329773 0.16261114 0.0018352647 0.02122481 67.55 
32 99.81980869409017 80.44487847222223 0.011666111 0.16659743 0.0017285225 0.02107291 66.6 
33 99.84377982138045 80.53168402777777 0.011077465 0.16545932 0.0016360643 0.02060326 65.66 
34 99.86512842138944 80.38736979166667 0.010542452 0.16913548 0.0015674871 0.021296803 64.71 
35 99.88361767727231 80.48394097222223 0.010062349 0.16546988 0.0014861445 0.021025322 63.75 
36 99.8966075197593 79.306640625 0.009647246 0.17707442 0.0014245082 0.02228669 62.79 
37 99.90667662116041 79.74175347222223 0.009269269 0.17374828 0.0013613749 0.02187948 61.82 
38 99.9173158371879 80.56098090277777 0.008926992 0.16571307 0.0013142277 0.020451501 60.72 
39 99.92581493061793 81.15668402777777 0.008590049 0.15872428 0.001263627 0.020666583 59.35 
40 99.93277032905964 80.69878472222223 0.00829896 0.16453424 0.0012192256 0.021554677 57.68 
41 99.9399713153404 79.39778645833333 0.008004187 0.17747213 0.0011778265 0.020851614 55.72 
42 99.9466021869948 80.69878472222223 0.007734875 0.16253573 0.0011402535 0.01949825 53.91 
43 99.95204897442518 79.32834201388889 0.007481373 0.17670459 0.0011063394 0.021738708 52.21 
44 99.95454870778696 80.94075520833333 0.007229866 0.16105375 0.0010728881 0.020488678 50.6 
45 99.96027616703341 80.89735243055556 0.007009994 0.16210148 0.0010431439 0.01860672 49.09 
46 99.96348635092959 80.67274305555556 0.0067791166 0.1625025 0.0010116734 0.019250518 47.66 
47 99.96695966465332 78.935546875 0.0065654344 0.17758963 0.0009854827 0.02161818 46.3 
48 99.96963481790013 80.40364583333333 0.0063633774 0.16604199 0.0009570571 0.021143816 45.01 
49 99.97313444460661 80.73567708333333 0.0061750114 0.16286407 0.00092578976 0.019726964 43.78 
50 99.97419573491108 79.73415798611111 0.0060090553 0.16884208 0.0009145553 0.020292379 42.59 
51 99.9773796058245 81.42578125 0.005848527 0.15499716 0.0008907585 0.018328993 41.45 
52 99.97918643064038 80.33637152777777 0.005691347 0.16430959 0.0008697184 0.019529972 40.35 
53 99.98171247698491 80.18012152777777 0.0055558193 0.16913372 0.0008519784 0.021497676 39.28 
54 99.9838087446111 80.17144097222223 0.005423397 0.17092629 0.000831527 0.0209329 38.25 
55 99.98479109596731 80.29947916666667 0.005302543 0.16737676 0.00081882364 0.019892002 37.24 
56 99.98599272217982 80.96788194444444 0.0051808525 0.15775564 0.00079475547 0.019702954 36.26 
57 99.98753641716813 79.63758680555556 0.0050754817 0.17342576 0.0007877255 0.021102758 35.3 
58 99.98800127986348 81.259765625 0.0049657556 0.15506597 0.0007786611 0.01998127 34.36 
59 99.9892555320415 79.53016493055556 0.0048653358 0.17488648 0.000760847 0.02276153 33.44 
60 99.99013263146668 79.74392361111111 0.0047750943 0.1714868 0.0007515997 0.020105602 32.54 
61 99.9911676087884 80.07378472222223 0.0046716924 0.16818127 0.0007358603 0.020335296 31.65 
62 99.99225521207562 80.04014756944444 0.0045911875 0.16712835 0.00072661677 0.019698655 30.76 
63 99.99237800599515 80.42426215277777 0.004504281 0.16273709 0.000711915 0.020972027 29.9 
64 99.99357963220766 79.96419270833333 0.0044210725 0.16918623 0.00070333463 0.021815395 29.04 
65 99.99374628109844 80.11827256944444 0.004343624 0.16911371 0.0006953132 0.02082624 28.18 
66 99.9947724874259 80.20182291666667 0.004269534 0.16714518 0.00068475475 0.01957542 27.33 
67 99.99521103713849 79.95768229166667 0.0041870754 0.1686469 0.0006732233 0.020527648 26.49 
68 99.99549170895456 80.52625868055556 0.0041111433 0.1652042 0.0006544679 0.02136028 25.65 
69 99.99584254872462 79.951171875 0.0040443437 0.17039855 0.0006480372 0.021844886 24.83 
70 99.99597411363841 80.64995659722223 0.0039831502 0.16092083 0.000647065 0.021056166 24.0 
71 99.99615830451769 80.27452256944444 0.003933498 0.1642442 0.0006458468 0.020651387 23.18 
72 99.996412663351 80.11393229166667 0.0038640716 0.16678359 0.0006249754 0.021277433 22.36 
73 99.99664070920154 80.185546875 0.0038051403 0.16840833 0.0006184431 0.02016869 21.55 
74 99.99691261002336 80.18663194444444 0.0037510847 0.17074643 0.00060946774 0.021921037 20.73 
75 99.99673719013832 79.86545138888889 0.0036926838 0.17094651 0.0006054055 0.02111593 19.93 
76 99.99738624371295 79.55295138888889 0.00364319 0.17594387 0.0005929938 0.022384984 19.12 
77 99.9974125566957 79.541015625 0.003600107 0.17550968 0.0005914959 0.021722322 18.32 
78 99.99748272464973 79.73524305555556 0.00354431 0.17276901 0.00057759177 0.02221069 17.51 
79 99.99793881635081 79.58224826388889 0.0035043661 0.17649998 0.00057844573 0.022968885 16.71 
80 99.99778970944854 80.703125 0.0034535276 0.16436878 0.0005667108 0.02230176 15.91 
81 99.99777216746003 79.89800347222223 0.0034213185 0.16897875 0.00056784734 0.022422021 15.1 
82 99.99774585447727 80.50238715277777 0.0033759433 0.16643544 0.0005570283 0.021295076 14.31 
83 99.99817563319561 80.22569444444444 0.0033403267 0.16770057 0.00055405323 0.021934701 13.51 
84 99.99801775529909 80.74978298611111 0.0033053325 0.1646958 0.00055000995 0.020503867 12.71 
85 99.99841245004042 80.57291666666667 0.0032652 0.16392833 0.0005421139 0.021729529 11.91 
86 99.99858786992546 80.19856770833333 0.0032298665 0.17184876 0.0005402497 0.022041013 11.12 
87 99.99857032793695 78.81944444444444 0.0031961352 0.18645692 0.0005384937 0.024076946 10.32 
88 99.99875451881624 78.77495659722223 0.0031551442 0.18448076 0.0005260335 0.023221297 9.53 
89 99.99888608373001 79.54752604166667 0.0031278688 0.17725898 0.0005209408 0.023087455 8.73 
90 99.9985790989312 79.89474826388889 0.003094755 0.17296647 0.00052058045 0.022350486 7.93 
91 99.99867557986798 78.87912326388889 0.0030646217 0.18323673 0.0005181367 0.0220213 7.14 
92 99.99892993870128 80.55989583333333 0.0030276647 0.1692034 0.0005035929 0.021432757 6.35 
93 99.99892993870128 78.62738715277777 0.0030091552 0.18900079 0.0005078752 0.022247056 5.55 
94 99.99907027460931 80.53819444444444 0.002978543 0.16794054 0.0004975868 0.022657868 4.76 
95 99.99922815250584 80.07378472222223 0.0029527943 0.17195608 0.00049654534 0.022751087 3.97 
96 99.99918429753458 79.93489583333333 0.0029243035 0.17515951 0.0004951585 0.021612855 3.17 
97 99.99912290057482 79.57139756944444 0.0028943685 0.18042079 0.00048632038 0.021980252 2.38 
98 99.9992895494656 79.27842881944444 0.0028646206 0.18005839 0.0004815322 0.02052674 1.59 
99 99.99921938151158 80.51432291666667 0.0028402766 0.16761976 0.00048014373 0.022884607 0.79 
