0 82.90736437915254 61.24588815789474 0.13400565 0.27571577 0.022335812 0.018303217 142.07 
1 86.93170755451713 61.23560855263158 0.10502558 0.3088246 0.014319574 0.024139006 139.72 
2 87.5089490633529 61.09512061403509 0.100722894 0.2949828 0.013932033 0.020113656 137.47 
3 89.69317743224988 45.60375548245614 0.08330473 0.3697704 0.015135949 0.01915269 135.25 
4 91.02344331527583 55.94161184210526 0.07184659 0.27895477 0.012558981 0.013407707 133.24 
5 92.4845098282469 53.52590460526316 0.05983188 0.289509 0.013020646 0.014511355 130.72 
6 94.17725046866815 52.22724780701754 0.046657976 0.31244364 0.011926865 0.015222178 128.2 
7 95.93801906721252 44.96984649122807 0.033172425 0.44483382 0.010543603 0.023685742 125.74 
8 97.59518960383757 45.36732456140351 0.020163046 0.5412808 0.008799421 0.03212569 127.28 
9 98.87839482879828 47.786458333333336 0.009553225 0.5507822 0.005968177 0.03524946 132.28 
10 99.57743405907975 49.31469298245614 0.0036748834 0.4766289 0.0046202755 0.027671224 136.43 
11 99.79804839343313 50.647615131578945 0.0017635425 0.41676077 0.003165487 0.02477257 139.96 
12 99.86707787128167 48.183936403508774 0.0011555807 0.45259145 0.0032466634 0.02691822 142.76 
13 99.90233567322802 49.96230811403509 0.0008551732 0.43232423 0.002890843 0.02951149 145.11 
14 99.92967823863479 51.2952302631579 0.00061540556 0.41365933 0.0023922469 0.024771828 146.99 
15 99.9493101790588 53.61156798245614 0.00044803473 0.37897992 0.0015962416 0.023289977 148.46 
16 99.95516853100102 55.15350877192982 0.000390239 0.36988336 0.0016084278 0.02632312 149.39 
17 99.96522680437239 52.54591557017544 0.0003015874 0.3994009 0.001382668 0.026984701 150.16 
18 99.97092362087503 52.6281524122807 0.00025665946 0.3998236 0.0013939472 0.028687127 150.65 
19 99.9718174503074 56.61321271929825 0.00024742165 0.33969927 0.0013558345 0.025050111 150.75 
20 99.974165098696 55.27001096491228 0.00022718892 0.37311882 0.0012050949 0.025341367 150.61 
21 99.13466541918231 50.04454495614035 0.007002696 0.5005178 0.022239015 0.030439962 150.27 
22 99.91761692581258 52.06962719298246 0.0007528036 0.46875253 0.0018182183 0.03134846 149.75 
23 99.97485431657155 54.36540570175438 0.00022399148 0.43020236 0.001065966 0.028081046 149.0 
24 99.98324339040057 56.19517543859649 0.00014823313 0.3907229 0.00090073084 0.027335629 148.08 
25 99.98754023309348 53.577302631578945 0.000109582994 0.43499509 0.0007852335 0.031236218 147.11 
26 99.98934943001682 57.02097039473684 9.452798e-05 0.38990483 0.0008326449 0.028935162 146.04 
27 99.98979096021834 54.83484100877193 9.039076e-05 0.40512124 0.0006932751 0.029080503 145.28 
28 99.99302166901 54.553865131578945 6.006129e-05 0.4351223 0.0006034675 0.028773805 144.22 
29 99.99151400490723 54.745751096491226 7.4130854e-05 0.42540213 0.0006442151 0.028974358 143.07 
30 99.99026479750779 59.8547149122807 8.665848e-05 0.36816287 0.0007007338 0.029145403 141.71 
31 99.99442164281973 58.11060855263158 4.9642036e-05 0.37859133 0.0005189741 0.029745659 140.31 
32 99.99129862432112 58.7171052631579 7.62943e-05 0.3661868 0.0006633446 0.02602556 138.95 
33 99.99326935668404 62.13678728070175 6.0592978e-05 0.32883683 0.0005985052 0.027632564 137.37 
34 99.99284936454112 61.87294407894737 6.293031e-05 0.34070718 0.00052703684 0.030057354 135.83 
35 99.99279551939459 62.43146929824562 6.287577e-05 0.3463514 0.00054813153 0.028093107 135.26 
36 99.99353858241668 61.91063596491228 5.675112e-05 0.35281518 0.00048766978 0.026333185 137.56 
37 99.99392626747168 63.78837719298246 5.39265e-05 0.34855473 0.00048161135 0.028047413 137.65 
38 99.99314012833237 62.825520833333336 5.9564332e-05 0.34774402 0.000467842 0.029077746 131.7 
39 99.99345243018223 62.73643092105263 5.595099e-05 0.34877607 0.0004688348 0.029838225 126.34 
40 99.99462625437653 62.03056469298246 4.8199443e-05 0.34993216 0.00045936593 0.026342772 121.35 
41 99.99501393943153 63.613623903508774 4.3294145e-05 0.33564997 0.0004647601 0.028328167 116.74 
42 99.99457240923 60.413240131578945 4.8254264e-05 0.3601698 0.000550642 0.0278215 112.46 
43 99.99410934096987 59.92324561403509 4.99159e-05 0.37448713 0.0005463485 0.030507293 108.5 
44 99.99541239351583 61.44805372807018 3.957903e-05 0.3472053 0.00043595766 0.027285181 104.81 
45 99.99510009166598 63.5827850877193 4.295234e-05 0.3488104 0.00044283137 0.031360295 101.38 
46 99.99466933049375 63.733552631578945 4.5819786e-05 0.3504784 0.00042527766 0.030000784 98.15 
47 99.99421703126292 62.174479166666664 5.1322866e-05 0.35973668 0.00049722055 0.027933868 95.09 
48 99.99420626223362 63.77467105263158 4.9907045e-05 0.34356508 0.00047759616 0.030252595 92.18 
49 99.99497086331431 60.35841557017544 4.3428445e-05 0.3677332 0.0004177757 0.03040105 89.42 
50 99.99588623080528 60.9375 3.588408e-05 0.37238964 0.0004405135 0.026518904 86.42 
51 99.99574623342431 63.19901315789474 3.6485064e-05 0.3529652 0.00041068599 0.030505856 82.26 
52 99.99486317302126 61.739309210526315 4.400661e-05 0.36517993 0.00041094897 0.029391957 78.47 
53 99.99575700245362 63.55879934210526 3.7127156e-05 0.3436483 0.0004334387 0.027298976 75.13 
54 99.99616622556722 63.58963815789474 3.340768e-05 0.34038025 0.0004131678 0.025937691 71.86 
55 99.99484163496264 62.66447368421053 4.4524622e-05 0.3502161 0.0004480195 0.030695425 68.87 
56 99.99531547225209 64.3092105263158 4.0876876e-05 0.33367455 0.0004388177 0.028793935 66.11 
57 99.99666160091527 64.10704495614036 2.7414524e-05 0.3473397 0.0003165015 0.02909135 63.86 
58 99.99545546963306 64.46340460526316 3.9089628e-05 0.34270304 0.00037658153 0.02997198 61.7 
59 99.99451856408348 65.84429824561404 4.7736332e-05 0.33267564 0.00052628125 0.027204981 59.64 
60 99.99549854575028 64.80605811403508 3.8363596e-05 0.32858908 0.0004738136 0.029286345 58.2 
61 99.9953370103107 64.41543311403508 4.1367606e-05 0.34110203 0.00044524804 0.026006307 57.48 
62 99.99516470584182 66.06359649122807 4.112943e-05 0.3263933 0.0004192364 0.027970461 56.96 
63 99.99568161924847 65.9094024122807 3.7585425e-05 0.32960373 0.0003939943 0.030831862 56.34 
64 99.99518624390042 65.45709978070175 4.068156e-05 0.33356783 0.0004294804 0.030398741 55.59 
65 99.99582161662944 66.0327576754386 3.6073918e-05 0.32665035 0.0004213664 0.027648343 54.54 
66 99.9955308528382 63.05852521929825 3.978047e-05 0.3599707 0.0004021215 0.029656265 53.16 
67 99.9949385562264 64.2749451754386 4.300026e-05 0.34051633 0.00043768014 0.030075587 52.47 
68 99.99585392371736 66.93050986842105 3.536908e-05 0.32169297 0.00042352517 0.027617857 51.9 
69 99.99498163234361 65.23780153508773 4.327377e-05 0.3352463 0.00043621505 0.030184131 51.26 
70 99.9955523908968 65.61129385964912 3.8121983e-05 0.33405942 0.00040320834 0.029161286 50.46 
71 99.99614468750862 65.27206688596492 3.2244716e-05 0.33436564 0.00035769434 0.023506619 49.65 
72 99.99437856670251 62.38692434210526 4.6959216e-05 0.36058593 0.00041916448 0.028032929 48.92 
73 99.99633853003611 64.13445723684211 3.1895725e-05 0.3451697 0.0003670493 0.027452199 48.05 
74 99.99540162448653 63.16132127192982 3.89369e-05 0.3572413 0.00038713336 0.025218412 46.99 
75 99.9967046770325 66.1561129385965 2.7404296e-05 0.32617933 0.00035349885 0.029087579 45.66 
76 99.99547700769168 63.66844846491228 3.978947e-05 0.35124105 0.00042244978 0.02589061 44.21 
77 99.99667236994459 65.08018092105263 2.8104274e-05 0.33518216 0.00029814738 0.028871007 42.7 
78 99.99654314159292 64.42228618421052 2.8161518e-05 0.34073105 0.0003239947 0.027643189 41.01 
79 99.9967046770325 63.53138706140351 2.8273096e-05 0.3507632 0.00043393142 0.028873991 39.09 
80 99.99545546963306 64.19270833333333 3.8295588e-05 0.33968866 0.000384152 0.028133042 37.15 
81 99.99743697102528 63.98026315789474 2.1851207e-05 0.34533277 0.0003105922 0.025803426 35.14 
82 99.99724312849779 67.02302631578948 2.3230636e-05 0.32038748 0.00030196874 0.030687882 33.12 
83 99.9970708240289 63.26754385964912 2.5124176e-05 0.35539475 0.0003425883 0.027559776 31.47 
84 99.99600469012765 64.26809210526316 3.4299188e-05 0.34073853 0.0004091283 0.03025546 29.98 
85 99.99477702078681 63.15446820175438 4.488325e-05 0.34920567 0.00045228435 0.030599827 28.43 
86 99.99618776362584 65.4468201754386 3.1525702e-05 0.33356285 0.0003249029 0.028476251 26.76 
87 99.9974908161718 64.74095394736842 2.1858687e-05 0.33540508 0.00031178445 0.02756416 25.06 
88 99.99544470060376 63.459429824561404 4.046381e-05 0.34006223 0.00047965083 0.026754113 23.29 
89 99.99568161924847 64.03851425438596 3.712411e-05 0.34931156 0.0003802167 0.027874103 21.48 
90 99.99681236732556 64.93626644736842 2.6564552e-05 0.33543772 0.0003148412 0.028718323 19.65 
91 99.99657544868084 62.66790021929825 2.8428818e-05 0.35788175 0.0003376367 0.030509435 17.76 
92 99.99564931216057 62.438322368421055 3.7769445e-05 0.3578624 0.00041075033 0.02814109 15.87 
93 99.9965000654757 62.109375 3.0271814e-05 0.36461475 0.0003320277 0.029868249 13.95 
94 99.99630622294819 63.85348135964912 3.0503947e-05 0.34616062 0.00035318863 0.026624372 11.43 
95 99.99687698150139 63.26754385964912 2.7454516e-05 0.35648423 0.00044224618 0.02799782 9.0 
96 99.9967046770325 62.8015350877193 2.9309052e-05 0.351753 0.0003325268 0.029330553 6.82 
97 99.99657544868084 64.9876644736842 2.9170526e-05 0.33883262 0.00033350088 0.02625503 4.86 
98 99.99636006809473 63.884320175438596 3.0980296e-05 0.34714064 0.000368804 0.02993315 3.09 
99 99.99720005238056 65.36115679824562 2.2445607e-05 0.3374146 0.00030658933 0.025776304 1.47 
