0 84.85918632660656 60.50918311403509 0.121846125 0.27603534 0.02181045 0.017806485 117.66 
1 87.80143589929149 39.778645833333336 0.10016591 0.8210586 0.012784531 0.057735723 116.74 
2 88.16888594822595 38.9562774122807 0.096028335 1.7377664 0.012322257 0.11902418 115.51 
3 88.68199788754721 39.64501096491228 0.09126341 2.406848 0.011847545 0.15246443 114.25 
4 89.82592725649933 40.54961622807018 0.08344039 3.034273 0.011159284 0.2198619 113.05 
5 90.80829964780966 41.10814144736842 0.07682398 4.0213113 0.010611066 0.28025693 111.88 
6 91.72834089749952 42.02645285087719 0.07069543 3.7690716 0.0099413805 0.28035986 108.86 
7 92.25044497629091 43.17091557017544 0.06698867 4.40183 0.009536553 0.2956651 106.03 
8 92.60266761778733 43.65063048245614 0.064401194 5.754831 0.009291275 0.49657843 103.43 
9 92.88597924075759 42.50959429824562 0.06220466 7.2173314 0.009050148 0.5650181 101.15 
10 93.18330137085435 42.53015350877193 0.06005331 8.466911 0.008753379 0.73286766 103.05 
11 93.50861220811623 44.397615131578945 0.057678994 7.436851 0.008568829 0.69126314 105.23 
12 93.90416942353816 43.8219572368421 0.0549428 9.658237 0.008264294 0.90432245 106.96 
13 94.31366176288148 45.7750822368421 0.052138153 11.292986 0.007901398 1.1618623 108.26 
14 94.71260045350536 44.84306469298246 0.049449883 12.352385 0.007465515 1.2516105 109.36 
15 95.1063807790919 45.78193530701754 0.0468369 13.390051 0.007193685 1.3205793 110.16 
16 95.52956055468255 48.58826754385965 0.044072866 12.7074995 0.006819835 1.1201609 110.69 
17 95.95708024908335 45.877878289473685 0.041382875 16.655891 0.006430012 1.7933495 111.04 
18 96.39947197295508 48.12225877192982 0.03854934 15.066144 0.0060558585 1.3229123 111.08 
19 96.81552265114549 47.087445175438596 0.035818294 14.761142 0.0056707864 1.416786 110.97 
20 97.19530323863479 45.50438596491228 0.033316143 18.21891 0.005288807 1.9014555 110.67 
21 97.5179541256582 44.668311403508774 0.03107176 19.376429 0.0050082323 1.7871101 110.32 
22 97.77585083946737 43.489583333333336 0.029177783 21.820082 0.0047535356 2.0143793 109.87 
23 97.99823129462686 44.32565789473684 0.02756033 20.361532 0.0044982657 1.698817 109.29 
24 98.18546163813305 42.72889254385965 0.026161822 25.817432 0.0043266383 2.332783 108.55 
25 98.34515557370496 42.32798793859649 0.024923256 27.849926 0.004133249 2.2226007 107.82 
26 98.48052227207565 40.645559210526315 0.023797525 29.926172 0.003986751 2.4436457 106.92 
27 98.60486148443746 40.94024122807018 0.02281133 33.516853 0.0038300345 2.9734619 105.95 
28 98.70760879304166 42.14638157894737 0.021970233 33.87839 0.0037020745 3.037489 104.9 
29 98.78997032917046 41.56729714912281 0.021244004 31.824741 0.0035758123 2.659918 103.81 
30 98.8731933876437 41.35142543859649 0.020552617 40.50329 0.0034502165 3.2376223 102.73 
31 98.94051058983266 41.581003289473685 0.01995423 39.224422 0.0033840104 3.2342517 101.6 
32 99.00154944793648 41.12870065789474 0.01939996 46.468937 0.0032827707 3.7013988 100.39 
33 99.05775301188211 41.76603618421053 0.018855011 48.362236 0.0032042805 4.107869 99.14 
34 99.10307985622916 40.90254934210526 0.018411677 47.7952 0.003160693 3.941591 97.69 
35 99.14641443015466 41.24520285087719 0.01798229 48.862156 0.0030987728 3.660211 96.58 
36 99.17949688818129 41.37883771929825 0.017612297 55.19588 0.0030395633 4.5822554 94.71 
37 99.21756540677639 41.21779057017544 0.017211854 53.18563 0.0029996037 4.4516273 92.9 
38 99.25113247112176 42.03673245614035 0.016881041 59.482 0.0029579122 4.5274982 91.06 
39 99.27830273205966 41.24520285087719 0.016565943 59.613007 0.0028865638 4.741984 89.33 
40 99.30376071733797 41.735197368421055 0.01626914 59.955887 0.0028575484 4.714606 87.58 
41 99.32759257919113 42.053865131578945 0.015973277 56.649975 0.0028239356 4.418117 85.86 
42 99.35128444366333 41.80372807017544 0.015713282 54.566185 0.0027659603 4.864841 84.21 
43 99.375697833099 41.30688048245614 0.015433072 58.713272 0.0027416477 4.130469 82.56 
44 99.3914098468558 42.34854714912281 0.015233475 55.585693 0.0027145974 4.491409 80.92 
45 99.4087264459791 42.27316337719298 0.01501881 52.21393 0.0026798556 4.0774736 79.33 
46 99.42680764618311 41.53303179824562 0.01480896 52.72386 0.0026287897 4.4872828 77.75 
47 99.44423193559948 41.44394188596491 0.014615758 45.212723 0.0026122807 3.8599637 75.45 
