0 88.34750106828771 82.81161422902494 0.093038715 0.13724498 0.024271645 0.017458295 109.27 
1 97.26968492404819 83.64158163265306 0.02521988 0.13486175 0.016988317 0.018294664 108.16 
2 99.75917219764011 83.98880385487529 0.0038923789 0.13462546 0.002483304 0.018093614 107.04 
3 99.93270433586966 82.41301729024943 0.0013344773 0.1486072 0.0011799017 0.021231972 105.93 
4 99.96062842885893 82.8860189909297 0.00075648073 0.15017986 0.0008945394 0.02044523 104.8 
5 99.97364818528933 81.23671343537416 0.0005013282 0.15914851 0.0007287167 0.020518363 103.68 
6 99.9788065503267 83.29347363945578 0.00037412997 0.14893211 0.0006455331 0.021173123 102.54 
7 99.98299570272654 82.55739795918367 0.00029441676 0.1544574 0.00055333826 0.020785894 101.46 
8 99.98474028547405 82.55739795918367 0.00024631183 0.1574429 0.00055688515 0.02057845 100.34 
9 99.98731408347807 82.1437429138322 0.00020925983 0.1593091 0.0005084184 0.021114815 99.24 
10 99.98881097855154 80.56175595238095 0.00018185806 0.1725367 0.00045716058 0.021486284 98.14 
11 99.98919866360654 82.41744614512471 0.00016378594 0.16321348 0.0004689011 0.023042988 97.03 
12 99.99023249041987 80.61313066893425 0.00014751467 0.17422135 0.0004378777 0.02343496 95.93 
13 99.9910617056764 82.39087301587301 0.00013256363 0.16135596 0.000405118 0.022739463 94.84 
14 99.99137400752626 81.29340277777777 0.00012482269 0.1684682 0.00041758313 0.022125589 93.74 
15 99.99276321230667 81.41121031746032 0.00011057773 0.17042182 0.00036954187 0.021203808 92.64 
16 99.99251552463265 80.2295918367347 0.00010929368 0.18027861 0.00037995577 0.023103667 91.53 
17 99.99256936977918 81.72211592970521 0.00010571009 0.1680839 0.00038819513 0.0219193 90.45 
18 99.99198784219668 81.29163123582767 0.00010458494 0.16972663 0.00038930052 0.02232442 89.38 
19 99.99297859289278 81.54584750566893 9.437852e-05 0.16999598 0.00035866856 0.022488724 88.28 
20 99.99296782386348 80.99666950113378 9.216099e-05 0.173966 0.00035867345 0.020370342 87.2 
21 99.99323704959612 81.65656887755102 8.941607e-05 0.1700283 0.00035240763 0.02304064 86.12 
22 99.99394780553028 81.38286564625851 8.229653e-05 0.17525132 0.00032794155 0.022125604 85.05 
23 99.99443241184903 80.56087018140589 7.781935e-05 0.17966941 0.00032222082 0.023250362 83.95 
24 99.99386165329584 81.2234268707483 8.152921e-05 0.17512308 0.00034167906 0.023418475 82.85 
25 99.99445394990765 81.36780753968254 7.781323e-05 0.17314807 0.00031735422 0.02215552 81.75 
26 99.99469086855237 80.99666950113378 7.330819e-05 0.17818756 0.000329323 0.02199375 80.64 
27 99.99473394466959 80.92137896825396 7.4065494e-05 0.17758054 0.0003274349 0.023815703 79.56 
28 99.9949385562264 80.07989654195012 7.093893e-05 0.1830662 0.0003090615 0.022352004 78.47 
29 99.99561700507265 80.22427721088435 6.5903914e-05 0.1831649 0.00029761784 0.02366154 77.38 
30 99.99563854313125 80.62287414965986 6.410715e-05 0.17998268 0.0002956896 0.021235809 76.27 
31 99.99521855098834 80.83900226757369 6.684886e-05 0.1786529 0.00029489817 0.02303265 75.17 
32 99.99522932001764 80.99046910430839 6.8633664e-05 0.17775998 0.00032180504 0.02224741 74.08 
33 99.99588623080528 81.18002409297053 6.0126684e-05 0.17570733 0.00027230897 0.02296077 73.0 
34 99.99588623080528 81.01615646258503 6.0640574e-05 0.17796777 0.00027727464 0.023125911 71.9 
35 99.99589699983459 80.44749149659864 6.164554e-05 0.18152349 0.00027980062 0.02192653 70.81 
36 99.99589699983459 80.93998015873017 5.9364338e-05 0.17973848 0.0002737984 0.022529494 69.72 
37 99.99606930430348 80.38814484126983 5.766541e-05 0.18363746 0.00026349278 0.023336617 68.63 
38 99.99613391847932 81.14459325396825 5.8399004e-05 0.17704828 0.00027511636 0.023023622 67.55 
39 99.99629545391889 80.79294217687075 5.436088e-05 0.17992774 0.0002495008 0.024131287 66.46 
40 99.9967046770325 80.44394841269842 5.1926174e-05 0.18245722 0.00025471527 0.02333666 65.37 
41 99.99685544344278 80.97895408163265 5.0510185e-05 0.17830338 0.00023991453 0.023304757 64.29 
42 99.99640314421195 81.125106292517 5.3598666e-05 0.1771556 0.000264315 0.023611948 63.19 
43 99.9960908423621 80.53872590702947 5.4526743e-05 0.18040663 0.00026388303 0.02353256 62.1 
44 99.9971031311168 80.34562783446712 4.864439e-05 0.18396735 0.00023118155 0.023923736 61.02 
45 99.99673698412042 80.54581207482993 5.0281724e-05 0.18207891 0.00024615013 0.023635074 59.94 
46 99.99684467441348 80.80800028344672 4.783453e-05 0.17955999 0.0002292847 0.023276722 58.84 
47 99.99732928073223 80.20833333333333 4.473781e-05 0.18479525 0.00022957493 0.023856517 57.74 
48 99.99755543034765 80.44749149659864 4.2669755e-05 0.1839827 0.0002082835 0.023832176 56.67 
49 99.9967046770325 80.44306264172336 4.8676113e-05 0.18194985 0.00025955995 0.022993153 55.58 
50 99.99731851170291 81.18888180272108 4.403471e-05 0.1773119 0.0002306624 0.022595908 54.49 
51 99.99738312587876 80.46875 4.2577973e-05 0.17987244 0.00021736094 0.023359979 53.4 
52 99.9974800471425 80.6343891723356 4.194129e-05 0.18079491 0.00023236175 0.024345092 52.31 
53 99.99784619413889 80.18530328798185 3.8504753e-05 0.18481421 0.00019790178 0.02391489 51.22 
54 99.9975015852011 80.00372023809524 4.1766838e-05 0.1867394 0.00021384003 0.02275413 50.14 
55 99.99756619937695 79.24904336734694 4.0035375e-05 0.19161093 0.00020939532 0.022873007 49.05 
56 99.99773850384584 80.89746315192744 3.9111335e-05 0.17986687 0.00021136263 0.023072375 47.95 
57 99.99764158258209 79.89122732426304 3.872843e-05 0.18519105 0.00019995378 0.022126595 46.86 
58 99.99776004190444 80.92846513605443 3.7569014e-05 0.17886664 0.00019045731 0.022870453 45.56 
59 99.99781388705098 80.02675028344672 3.7282734e-05 0.18618481 0.00019514744 0.022718387 44.13 
60 99.99784619413889 80.61667375283447 3.619355e-05 0.18137713 0.00020823936 0.022822784 42.74 
61 99.99788927025611 79.87174036281179 3.6279747e-05 0.18688768 0.00021062631 0.02380108 41.37 
62 99.99816926501806 80.28805272108843 3.400566e-05 0.1859624 0.00017554319 0.023504643 39.6 
63 99.99854618104375 80.55378401360544 2.9865694e-05 0.18243675 0.00016940714 0.024369625 37.91 
64 99.99861079521959 80.37840136054422 2.9903225e-05 0.18329886 0.00016155407 0.024474183 36.31 
65 99.9984384907507 77.26580215419501 3.136615e-05 0.20781678 0.00017456127 0.024923963 34.81 
66 99.99821234113529 80.80534297052154 3.288253e-05 0.17987293 0.00019371169 0.020681253 33.38 
67 99.998061574725 80.44926303854875 3.2702173e-05 0.18214767 0.00017638266 0.023284616 32.02 
68 99.99839541463348 80.98869756235828 3.0991217e-05 0.17911872 0.0001740889 0.023457214 30.73 
69 99.99834156948694 80.67247732426304 3.0181145e-05 0.18178752 0.00015725108 0.023006435 29.48 
70 99.99855695007305 80.3952310090703 2.8870598e-05 0.18201363 0.000203168 0.021360049 28.28 
71 99.99837387657486 80.68842120181407 3.058675e-05 0.18037003 0.00017710184 0.022979321 27.12 
72 99.99826618628181 80.32082624716553 3.1503307e-05 0.18393156 0.00017757394 0.02406213 25.99 
73 99.9984600288093 80.77168367346938 2.891535e-05 0.17886768 0.00016322252 0.022099683 24.9 
74 99.99836310754556 80.85494614512471 2.979453e-05 0.17903645 0.00019279076 0.02337923 23.83 
75 99.9986431023075 80.51569586167801 2.6567934e-05 0.18055446 0.00016149163 0.022619884 22.79 
76 99.99838464560416 79.94348781179139 2.8547445e-05 0.18644272 0.00017542232 0.023642853 21.77 
77 99.9986323332782 80.45546343537416 2.6804271e-05 0.18103449 0.0001603191 0.02285418 20.77 
78 99.99867540939542 81.6671981292517 2.6926326e-05 0.17598742 0.0001589873 0.022641512 19.79 
79 99.99852464298515 80.48912273242631 2.6622265e-05 0.18411516 0.00015721135 0.023106078 18.82 
80 99.99839541463348 79.39873866213152 2.7715181e-05 0.191051 0.00016816851 0.023835119 17.87 
81 99.99838464560416 80.09584041950113 2.8062474e-05 0.18541007 0.00018088667 0.023353497 16.92 
82 99.99853541201445 80.82748724489795 2.6705455e-05 0.17892163 0.00017446607 0.023656787 15.99 
83 99.99866464036612 79.88945578231292 2.5965985e-05 0.18770263 0.0001795997 0.02257343 15.06 
84 99.99885848289361 80.83634495464852 2.4265346e-05 0.17806779 0.00014743092 0.022134114 14.15 
85 99.99849233589723 80.19504676870748 2.7906633e-05 0.18398777 0.00016748218 0.022933215 13.24 
86 99.9990415563918 80.56175595238095 2.1654685e-05 0.18051155 0.00013217921 0.021483641 12.33 
87 99.99858925716097 80.62996031746032 2.6079013e-05 0.18111531 0.0001639673 0.022337504 11.43 
88 99.99866464036612 80.52278202947846 2.432583e-05 0.18101774 0.00014980942 0.02438925 10.54 
89 99.99828772434041 80.57061366213152 2.9456725e-05 0.17972013 0.000197049 0.023104249 9.65 
90 99.99865387133681 80.90809240362812 2.4974268e-05 0.17781487 0.000152615 0.022285048 8.76 
91 99.99858925716097 80.39168792517007 2.5115836e-05 0.18263695 0.00020523556 0.02373955 7.87 
92 99.99850310492653 80.19150368480726 2.6402528e-05 0.185974 0.00016612664 0.023993801 6.99 
93 99.99871848551264 80.57327097505669 2.343128e-05 0.1819888 0.00014551915 0.02159253 6.1 
94 99.9986215642489 80.21010487528345 2.5026584e-05 0.18406954 0.00016632373 0.023557471 5.14 
95 99.99912770862625 80.11532738095238 2.0633574e-05 0.18519193 0.00011742143 0.021972941 4.22 
96 99.99850310492653 79.99397675736961 2.5644169e-05 0.18656431 0.00019314744 0.023267237 3.3 
97 99.99877233065916 80.42623299319727 2.3107366e-05 0.18250467 0.00014429851 0.023165368 2.42 
98 99.9990200183332 80.53075396825396 2.0330715e-05 0.18078046 0.00013573721 0.022472449 1.58 
99 99.99882617580569 80.72385204081633 2.3546447e-05 0.18065235 0.00015013223 0.021776525 0.78 
