0 89.52495442546798 38.40803179824562 0.08438398 7.390664 0.02520085 0.42967337 185.74 
1 97.5964280422077 47.12171052631579 0.02383462 0.8297992 0.012378447 0.07246004 183.08 
2 99.715428400601 57.78166118421053 0.0055034882 0.36986995 0.0029780853 0.02837503 180.58 
3 99.93419046191381 60.96491228070175 0.0020148316 0.34035376 0.0015893399 0.028509168 178.29 
4 99.96534526369476 59.52576754385965 0.0010156112 0.30603316 0.001264552 0.023583576 177.43 
5 99.97626505941058 61.43777412280702 0.0005953888 0.31365046 0.00095733645 0.024682188 175.88 
6 99.978817319356 61.44120065789474 0.0004147041 0.32498196 0.00089108705 0.026386745 175.45 
7 99.98167111212196 60.59141995614035 0.0002981274 0.3446078 0.0007429171 0.026976189 174.54 
8 99.98299570272654 61.2219024122807 0.0002383326 0.34628442 0.00068287854 0.03070635 173.55 
9 99.98394337730544 62.03399122807018 0.00020391148 0.3515158 0.0006722259 0.027689854 172.42 
10 99.98630179472335 61.896929824561404 0.00016319365 0.35636058 0.00067561964 0.02764474 171.19 
11 99.98800330135363 62.243009868421055 0.00014222202 0.35795698 0.00056900433 0.026897315 169.85 
12 99.98778792076752 63.346354166666664 0.00013533418 0.34098426 0.00055738894 0.029238852 168.49 
13 99.9895109654564 63.17160087719298 0.000116253446 0.34926692 0.0005182772 0.030749092 167.05 
14 99.98988788148209 62.05797697368421 0.000113854025 0.36023626 0.0004872222 0.028956078 165.56 
15 99.99094324635404 62.825520833333336 9.879483e-05 0.35618073 0.00047618177 0.030085564 164.03 
16 99.9920524563725 63.99396929824562 8.720398e-05 0.3408275 0.00040902643 0.030038282 162.4 
17 99.99272013618945 62.94202302631579 7.809547e-05 0.36123115 0.00040934613 0.029513063 160.81 
18 99.99394780553028 64.13445723684211 6.8150985e-05 0.3457609 0.00035258065 0.028135374 159.14 
19 99.99440010476111 63.86376096491228 6.001096e-05 0.34890342 0.00035104845 0.030889077 157.48 
20 99.99502470846083 63.70271381578947 5.4967917e-05 0.35286447 0.00033538055 0.03057808 155.7 
21 99.9945616402007 64.30235745614036 5.7888614e-05 0.3481854 0.00032306573 0.030165179 153.98 
22 99.99535854836931 64.13103070175438 5.134792e-05 0.34922317 0.0003075952 0.029997803 152.2 
23 99.99584315468806 63.0139802631579 4.9466777e-05 0.36375645 0.0003366241 0.029063903 150.39 
24 99.99547700769168 63.671875 4.7815065e-05 0.35377917 0.00030627058 0.028219221 148.42 
25 99.99562777410195 62.78782894736842 4.662704e-05 0.363016 0.00029811458 0.026833592 146.67 
26 99.99645698935848 63.18530701754386 4.0178104e-05 0.35892347 0.00028849608 0.028847976 144.2 
27 99.99684467441348 63.59306469298246 3.5870264e-05 0.35332787 0.00025221045 0.026782453 141.82 
28 99.99676929120834 64.34004934210526 3.507723e-05 0.3460445 0.00024120961 0.02878611 139.48 
29 99.99683390538416 64.19613486842105 3.5548648e-05 0.3473376 0.00025630937 0.026682466 137.07 
30 99.99721082140987 64.23040021929825 3.1519266e-05 0.34031355 0.00022299754 0.028439766 134.82 
31 99.99721082140987 64.72382127192982 3.0529016e-05 0.3430525 0.00022616833 0.030215664 132.57 
32 99.99751235423042 62.948876096491226 2.7460319e-05 0.3567452 0.00021501278 0.029343726 130.33 
33 99.99800772957848 64.4017269736842 2.3534085e-05 0.3437936 0.00020483659 0.024301013 128.14 
34 99.99808311278362 64.76151315789474 2.242683e-05 0.34008428 0.00017990997 0.028660864 125.63 
35 99.99797542249055 64.01795504385964 2.2203523e-05 0.3455298 0.00018661509 0.029772835 123.59 
36 99.99818003404737 63.18188048245614 2.1700733e-05 0.35316718 0.00018260385 0.028817821 122.58 
37 99.99832003142834 64.4017269736842 1.9956893e-05 0.3405822 0.00017391074 0.025790399 121.57 
38 99.99851387395583 63.5999177631579 1.7605622e-05 0.34923553 0.00015467103 0.027169626 119.52 
39 99.99850310492653 63.7780975877193 1.7340373e-05 0.34392667 0.00015289284 0.030515341 117.39 
40 99.99827695531111 64.85745614035088 1.963542e-05 0.3370264 0.00016664602 0.028881429 115.25 
41 99.99876156162986 66.39939692982456 1.7115519e-05 0.32524195 0.0001632647 0.026190614 113.11 
42 99.99885848289361 63.90487938596491 1.4373085e-05 0.34476927 0.00013784337 0.03284916 111.02 
43 99.99872925454194 64.67242324561404 1.4702037e-05 0.33579335 0.00014599862 0.024994563 108.95 
44 99.99891232804013 64.57305372807018 1.3783824e-05 0.3381777 0.00012986064 0.028154735 106.94 
45 99.99877233065916 65.02878289473684 1.4855503e-05 0.33594945 0.00014755264 0.029098775 104.9 
46 99.99897694221598 65.04934210526316 1.3225371e-05 0.3344918 0.00013312917 0.029290486 102.9 
47 99.9990307873625 64.7889254385965 1.3292459e-05 0.33316693 0.00013034667 0.026465986 100.93 
48 99.99898771124528 64.33319627192982 1.2895767e-05 0.34076506 0.00013725142 0.02879726 98.96 
49 99.99907386347972 64.08305921052632 1.2003965e-05 0.34059322 0.000119878154 0.030876057 98.61 
50 99.99910617056764 66.16981907894737 1.1744841e-05 0.3174656 0.00012920053 0.02828859 98.24 
51 99.99895540415736 64.85745614035088 1.1932995e-05 0.33055496 0.00012693509 0.027597038 97.67 
52 99.99911693959695 65.54961622807018 1.1546113e-05 0.32945073 0.00012041104 0.03002844 96.46 
53 99.9990307873625 65.0390625 1.1686299e-05 0.33431566 0.00011630016 0.02836351 94.66 
54 99.99917078474347 65.5187774122807 1.0438274e-05 0.32472765 0.000118599135 0.027816484 92.41 
55 99.99896617318667 65.59758771929825 1.1726102e-05 0.32634547 0.00013043835 0.02873481 91.28 
56 99.99920309183139 64.52165570175438 1.0206749e-05 0.33753955 0.000114390976 0.024178727 92.1 
57 99.99913847765556 65.67297149122807 1.0987118e-05 0.32510537 0.00012560001 0.028183384 92.33 
58 99.99909540153834 65.06990131578948 1.1416614e-05 0.32960737 0.000118052405 0.029636715 91.47 
59 99.99933232018306 65.5736019736842 9.76334e-06 0.32975382 0.000107521606 0.028843474 88.77 
60 99.99934308921236 65.31318530701755 8.58613e-06 0.32797685 9.928232e-05 0.029984215 89.51 
61 99.99924616794861 65.11101973684211 1.01421665e-05 0.3275947 0.00011405441 0.028925715 91.38 
62 99.99931078212444 64.76493969298245 9.934447e-06 0.33505166 0.00010321745 0.02958552 91.74 
63 99.99926770600722 63.40803179824562 9.58828e-06 0.3451856 0.00010743776 0.028268896 91.18 
64 99.99922462989 65.88541666666667 9.3566205e-06 0.32013264 0.00012398874 0.026500523 90.26 
65 99.99936462727098 65.43311403508773 8.555921e-06 0.32458624 0.00010554239 0.025142934 88.06 
66 99.99930001309514 65.47080592105263 9.271587e-06 0.32568833 0.00011012095 0.02561838 85.64 
67 99.99936462727098 64.53878837719299 8.562956e-06 0.3365135 9.3088034e-05 0.030063242 83.5 
68 99.9994184724175 64.97738486842105 8.336427e-06 0.3320832 9.706452e-05 0.02774019 81.54 
69 99.99938616532958 65.76206140350877 8.084339e-06 0.32482252 9.9243174e-05 0.02847394 80.05 
