0 85.99096823050202 81.91609977324264 0.11147335 0.13868766 0.020576918 0.015264095 80.24 
1 89.77815584249993 82.79567035147392 0.081749454 0.13956541 0.017228097 0.017526962 79.5 
2 96.45418941085656 82.77795493197279 0.030669576 0.14152202 0.015157462 0.017987218 78.73 
3 99.294316278637 82.5201955782313 0.0075501674 0.14837795 0.0042564394 0.019253677 78.14 
4 99.76291981983844 80.45900651927438 0.0029239028 0.16428398 0.0020398023 0.02032385 77.53 
5 99.87091164571444 82.17651643990929 0.0017157752 0.15747654 0.0015461508 0.021220597 76.92 
6 99.91450467634328 80.97098214285714 0.0012008984 0.16957939 0.0012291305 0.021794459 76.27 
7 99.93625811554048 82.12514172335601 0.0009346476 0.1603085 0.0010685873 0.021055454 75.58 
8 99.94750098213547 81.33857709750566 0.0007908017 0.16838288 0.0010099008 0.02076025 74.9 
9 99.95641773840046 81.4625850340136 0.00068083685 0.16660112 0.0009083195 0.021004722 74.19 
10 99.9650114237863 81.75046060090703 0.0005830436 0.16699046 0.0008227253 0.02245512 73.47 
11 99.96865135569156 80.51746740362812 0.00052753877 0.17413296 0.0007749009 0.020951498 72.76 
12 99.97248513012434 82.10034013605443 0.00048412007 0.16689278 0.00073165767 0.022892155 72.03 
13 99.97587737435558 81.01438492063492 0.000442751 0.17254928 0.00067679555 0.020556472 71.28 
14 99.97715888884294 80.3890306122449 0.00042039706 0.17704374 0.00067359325 0.022954756 70.52 
15 99.98089574201197 81.23317035147392 0.00038177596 0.1721679 0.00059824355 0.023398034 69.74 
16 99.98131573415488 81.18356717687075 0.00036874777 0.17213215 0.000585021 0.02159643 68.94 
17 99.984244910126 80.45369189342404 0.00033623495 0.17678979 0.0005238244 0.02220742 68.13 
18 99.98478336159127 79.48731575963718 0.00032487095 0.18385443 0.0005285887 0.023410108 67.31 
19 99.98546181043751 81.15787981859411 0.00031416523 0.17435823 0.000530021 0.02413972 66.51 
20 99.98666794171973 80.75662556689342 0.00029843164 0.17773467 0.00049746735 0.02438347 65.67 
21 99.98859559796543 81.05070153061224 0.0002793986 0.17625053 0.0004641581 0.022412786 64.85 
22 99.9887140572878 80.20213293650794 0.00027430872 0.18172868 0.00045921747 0.021401072 64.04 
23 99.98919866360654 80.14898667800453 0.00026687726 0.18158005 0.00045603627 0.022377392 63.23 
24 99.98927404681167 80.63350340136054 0.00026006324 0.17756592 0.00046298164 0.022677304 62.42 
25 99.99038325683014 81.65568310657596 0.0002501984 0.17329769 0.00043186522 0.02386473 61.6 
26 99.9910724747057 80.89037698412699 0.00024026642 0.17572117 0.00040559575 0.022200631 60.78 
27 99.99150323587793 81.468785430839 0.0002334954 0.1736061 0.00039599164 0.023056516 59.96 
28 99.992633983955 80.73979591836735 0.00022002544 0.17840119 0.00036510432 0.022087231 59.14 
29 99.99266629104292 80.77876984126983 0.00021804962 0.17755662 0.00036890182 0.02190782 58.3 
30 99.9931939734789 81.8921839569161 0.00021234235 0.16907468 0.00036366654 0.022803217 57.31 
31 99.99365704173904 80.49355158730158 0.00020495312 0.17937693 0.0003437828 0.022427473 56.24 
32 99.99402318873543 81.0108418367347 0.00019864367 0.17605314 0.00032034604 0.022742491 55.2 
33 99.99374319397347 79.16312358276645 0.0002005277 0.18807593 0.00034708608 0.022582116 54.2 
34 99.99429241446806 80.4359764739229 0.00019303188 0.18079175 0.0003241028 0.023376554 53.21 
35 99.99487394205056 80.8921485260771 0.00018628815 0.17702332 0.00032672635 0.023891263 52.24 
36 99.99538008642791 81.91078514739229 0.00017894588 0.1735589 0.00029899922 0.023425251 51.29 
37 99.9955308528382 80.34917091836735 0.00017626201 0.18158045 0.00028969167 0.022769233 50.36 
38 99.99564931216057 80.47849348072562 0.00017446073 0.18207715 0.000288346 0.023928879 49.45 
39 99.9955523908968 80.59452947845806 0.00017532306 0.1805358 0.00029672502 0.021659454 48.55 
40 99.9960908423621 80.22427721088435 0.00016757661 0.18155672 0.00027252556 0.022320481 47.66 
41 99.99594007595181 80.23933531746032 0.00016830645 0.18163723 0.00031837804 0.023113549 46.77 
42 99.99647852741708 81.47321428571429 0.00016091447 0.17196427 0.000290447 0.022423834 45.91 
43 99.99678006023764 81.29517431972789 0.00015893088 0.17611733 0.00024058399 0.024012186 45.05 
44 99.99627391586029 80.65121882086167 0.00016242212 0.17830788 0.00027157972 0.021842385 44.21 
45 99.99664006285667 80.79825680272108 0.00015772323 0.17725495 0.00024596183 0.02252219 43.38 
46 99.99699544082375 80.79028486394557 0.00015402067 0.1782408 0.00025442007 0.022544963 42.54 
47 99.9974692781132 81.05513038548753 0.00014929178 0.17569503 0.0002293491 0.023325782 41.71 
48 99.99703851694098 80.91429280045351 0.00015120639 0.17662865 0.00023953666 0.022984011 40.88 
49 99.99693082664793 81.3359197845805 0.00015138902 0.17115536 0.00026243096 0.021504445 40.07 
50 99.9975015852011 80.96655328798185 0.0001461451 0.17635079 0.00022494179 0.022470996 39.25 
51 99.99781388705098 81.15610827664399 0.00014260689 0.1770023 0.00020944474 0.022541162 38.44 
52 99.9974800471425 81.02324263038548 0.00014464547 0.1776786 0.00022462427 0.023411497 37.64 
53 99.99729697364431 80.67513463718821 0.00014389602 0.17957196 0.00022223323 0.023965774 36.82 
54 99.99724312849779 80.68222080498866 0.00014599286 0.17922167 0.00023768509 0.02404038 36.03 
55 99.99769542772862 81.1906533446712 0.00014041277 0.17444955 0.00021018837 0.022396643 34.76 
56 99.9980723437543 81.28454506802721 0.00013528283 0.17179099 0.00020094374 0.021090787 33.32 
57 99.99781388705098 80.77168367346938 0.00013751378 0.17971916 0.0001955961 0.02353025 31.98 
58 99.9974585090839 79.88502692743764 0.00013982297 0.18308336 0.00020459984 0.02289483 30.71 
59 99.99759850646487 80.68399234693878 0.00013691123 0.17771174 0.00019742388 0.024457274 29.52 
60 99.99763081355277 80.15341553287982 0.00013785933 0.18139744 0.00021752239 0.021866607 28.41 
61 99.99783542510959 81.16496598639456 0.00013606818 0.17485264 0.00021631064 0.022692218 27.35 
62 99.99767388967 80.57327097505669 0.00013757926 0.18016234 0.00020887781 0.023642344 26.34 
63 99.99788927025611 80.82217261904762 0.00013461612 0.17692257 0.00019764624 0.02293818 25.37 
64 99.9980400366664 80.58832908163265 0.00013158124 0.18050705 0.000192141 0.022817964 24.45 
65 99.99771696578722 80.1844175170068 0.00013434165 0.18347016 0.00020681098 0.02392592 23.47 
66 99.99774927287514 79.59095096371883 0.00013071643 0.18300411 0.00020117988 0.021760657 22.33 
67 99.99821234113529 80.96832482993197 0.00012724522 0.17777951 0.00018836881 0.022727756 21.25 
68 99.99826618628181 80.41294642857143 0.00012542222 0.17971158 0.00017863027 0.023289122 20.25 
69 99.99777081093376 81.44929846938776 0.00013176509 0.17134565 0.00021100008 0.024263255 19.3 
70 99.99823387919389 81.54850481859411 0.00012636291 0.17161244 0.00019299392 0.021905452 18.4 
71 99.998061574725 79.95854591836735 0.00012673133 0.18314219 0.00020643734 0.02412224 17.55 
72 99.99792157734403 80.71056547619048 0.00012721127 0.17695448 0.00020288557 0.022289405 16.73 
73 99.99857848813167 81.39349489795919 0.000120399076 0.17191543 0.00017386646 0.021989033 15.96 
74 99.99815849598875 81.11004818594104 0.00012377187 0.17513596 0.00017550043 0.02151824 15.21 
75 99.9980400366664 79.9674036281179 0.00012348217 0.18312858 0.0001875953 0.022812141 14.49 
76 99.99820157210597 77.468643707483 0.000121962454 0.20174688 0.00017990108 0.022870904 13.79 
77 99.99787850122681 80.98249716553288 0.00012093557 0.17509319 0.00019813902 0.021662438 13.12 
78 99.99798619151986 80.3952310090703 0.00011931025 0.1801383 0.00020790266 0.0216507 12.46 
79 99.99833080045764 81.72565901360544 0.00011347528 0.17284992 0.00016133912 0.023141377 11.82 
80 99.99810465084222 80.48203656462584 0.00011417362 0.181294 0.00018640568 0.02409129 11.19 
81 99.99809388181292 80.7530824829932 0.00011466536 0.17780627 0.00018478416 0.023126164 10.58 
82 99.99818003404737 81.19596797052154 0.00011230862 0.1726578 0.00017353593 0.02367761 9.97 
83 99.99818003404737 81.00995606575964 0.000111136964 0.17407572 0.00017194045 0.021742083 9.38 
84 99.99757696840625 80.72739512471655 0.00011748275 0.1758245 0.0002174248 0.022688607 8.79 
85 99.99848156686792 80.96212443310658 0.00010972968 0.17465255 0.00017666449 0.022849023 8.22 
86 99.99820157210597 80.41117488662131 0.000111075016 0.17781053 0.00017693306 0.023030235 7.64 
87 99.99796465346125 80.84874574829932 0.00011168433 0.17636955 0.0001816548 0.022184098 7.08 
88 99.99830926239903 81.05070153061224 0.000108719774 0.17336774 0.0001850427 0.022341285 6.52 
89 99.99820157210597 80.54581207482993 0.00011043295 0.18030085 0.0001957419 0.023672389 5.96 
90 99.99827695531111 81.31820436507937 0.00010862619 0.17505951 0.00017848937 0.0234125 5.41 
91 99.99828772434041 80.97275368480726 0.000107941065 0.17624503 0.00019013316 0.023400107 4.86 
92 99.99808311278362 80.62641723356009 0.00010984781 0.17885669 0.00022021624 0.02384939 4.56 
93 99.99813695793014 81.58570719954649 0.000108673295 0.17077355 0.00018105832 0.022463784 4.18 
94 99.99820157210597 81.60696570294785 0.000108648615 0.17188853 0.00018317439 0.023063263 3.74 
95 99.99857848813167 81.36780753968254 0.000105166146 0.17300114 0.00016957153 0.02401882 3.23 
96 99.99844925978 81.21191184807256 0.000106166546 0.17490742 0.00016417261 0.02246953 2.66 
97 99.99838464560416 80.62287414965986 0.00010724935 0.17716493 0.00017440192 0.022835333 2.05 
98 99.99819080307667 80.83900226757369 0.000108454355 0.17690504 0.00020008179 0.022529287 1.4 
99 99.99842772172138 79.97360402494331 0.00010598559 0.18438129 0.00017810175 0.02230177 0.71 
