0 85.24069713265672 80.84743923611111 0.12258759 0.14847961 0.022146339 0.014704191 96.36 
1 87.69590892760912 80.25282118055556 0.10120554 0.14464986 0.012844589 0.012792048 95.42 
2 87.98076450792617 78.36588541666667 0.09672308 0.1505173 0.01228642 0.012935813 94.18 
3 88.37479265369589 76.68294270833333 0.09300031 0.16128331 0.011993577 0.014674923 92.99 
4 88.84976830541585 81.29665798611111 0.08926664 0.13592176 0.011765479 0.01322378 91.81 
5 89.59582907647746 82.49348958333333 0.08383449 0.12985323 0.011269134 0.015242381 90.69 
6 90.15108563858452 81.84787326388889 0.07993624 0.13334951 0.010891147 0.013807358 89.56 
7 90.5711636372822 83.408203125 0.077022344 0.12541725 0.010501353 0.013445403 88.46 
8 91.08085488425094 83.818359375 0.0735297 0.12078393 0.010211151 0.014345338 87.36 
9 91.58583610730645 84.56163194444444 0.07009421 0.11850266 0.009847558 0.013939731 86.29 
10 92.02464017873181 84.46940104166667 0.06712588 0.12081408 0.009680102 0.014179237 85.24 
11 92.45625203487067 84.50846354166667 0.06414021 0.11711632 0.009393382 0.013418056 84.19 
12 92.89122318180797 83.93229166666667 0.061172783 0.12074596 0.009001628 0.013217344 83.18 
13 93.30063565149543 85.46657986111111 0.058373522 0.11399231 0.008796808 0.014688028 82.16 
14 93.74656177025328 84.27083333333333 0.055384938 0.12266377 0.008440906 0.014878618 81.14 
15 94.1856640554832 83.60785590277777 0.052431423 0.12511183 0.008089567 0.014903268 80.14 
16 94.5938836699524 83.12608506944444 0.04966366 0.13133802 0.0077267913 0.016331058 79.14 
17 95.00640984259924 83.13910590277777 0.04698183 0.13106696 0.007389191 0.016001008 78.15 
18 95.39046536790461 83.17274305555556 0.04439553 0.13338937 0.0070110206 0.01710586 77.15 
19 95.75469844620082 83.13802083333333 0.042017706 0.13171309 0.006663978 0.015876869 76.17 
20 96.08885578520747 82.060546875 0.03980114 0.14048979 0.006397792 0.016907651 75.47 
21 96.38925356733878 82.32204861111111 0.03774283 0.14042276 0.00611075 0.016839392 75.31 
22 96.69370354881444 82.61935763888889 0.035731345 0.13917984 0.005846327 0.019647669 75.05 
23 96.92961698120621 83.33550347222223 0.0340484 0.13236433 0.005661423 0.016131405 74.6 
24 97.12603462648195 81.72526041666667 0.032691155 0.14703093 0.0054388945 0.019079912 73.81 
25 97.29533235753098 82.10069444444444 0.031486582 0.14293374 0.005304652 0.017742908 73.0 
26 97.45174549802407 82.04969618055556 0.030364146 0.14095385 0.0051846 0.017999155 72.16 
27 97.57756541056673 81.51041666666667 0.029381115 0.14537495 0.005024019 0.018942596 71.3 
28 97.68500131915754 83.42122395833333 0.028600132 0.13357091 0.004973182 0.017074509 70.44 
29 97.79305996834022 82.99479166666667 0.027763624 0.13539152 0.004855038 0.017123291 69.56 
30 97.87690190239357 82.86675347222223 0.02711062 0.13927238 0.0047342507 0.018665195 68.67 
31 97.96385753940632 82.01822916666667 0.026441952 0.14484158 0.0046641603 0.017627321 67.76 
32 98.04703287789653 82.49457465277777 0.02578687 0.14178884 0.004583083 0.019498376 66.85 
33 98.108833303395 82.63888888888889 0.025289122 0.1400022 0.0044904496 0.018253341 65.94 
34 98.17335273711156 81.21310763888889 0.024751034 0.15172713 0.0043940255 0.018256838 65.01 
35 98.22226857205406 81.923828125 0.024324058 0.14637119 0.0043718535 0.01900412 64.07 
36 98.27095636114603 82.34049479166667 0.023938071 0.14529365 0.0042981044 0.019274589 63.13 
37 98.32417875426621 82.91883680555556 0.023476034 0.14152847 0.004232719 0.020164246 62.19 
38 98.36039418953206 82.83094618055556 0.023169532 0.13943014 0.004154337 0.018669175 61.04 
39 98.40243356498114 81.19791666666667 0.02280688 0.15126324 0.004118582 0.019108618 59.48 
40 98.43619312185648 82.55208333333333 0.022507261 0.13948832 0.0041167284 0.017003706 57.74 
41 98.47282956484642 82.62803819444444 0.022186644 0.14248388 0.004019967 0.018929165 55.77 
42 98.50342279279684 81.43337673611111 0.021919653 0.15061872 0.0039976686 0.018719148 53.94 
43 98.53485803619543 81.43880208333333 0.021683907 0.14981064 0.003976571 0.019938622 52.22 
44 98.56356550038171 81.80230034722223 0.021395398 0.14723691 0.0039288257 0.019548712 50.61 
45 98.59198352175768 81.86740451388889 0.02118866 0.14924581 0.003898007 0.019411113 49.09 
46 98.61716504625471 81.34765625 0.020959916 0.15379006 0.0038442393 0.019875651 47.65 
47 98.64382886878032 82.958984375 0.02074833 0.13664383 0.0038374325 0.017451782 46.28 
48 98.66621244611102 81.89019097222223 0.020544255 0.1473097 0.0037892899 0.01983909 44.98 
49 98.68655238178103 82.78537326388889 0.02034362 0.13888103 0.003764664 0.018071461 43.74 
50 98.71101468474941 81.36393229166667 0.02012935 0.15081382 0.0037315902 0.019052736 42.55 
51 98.73282814745374 81.90755208333333 0.01995141 0.14632326 0.0036934942 0.019174777 41.41 
52 98.77019258296659 81.42686631944444 0.019709768 0.15171823 0.0036481905 0.019852899 40.3 
53 98.79270772521106 81.96180555555556 0.01947791 0.14600198 0.0036086622 0.01953111 39.24 
54 98.81631924173702 82.09743923611111 0.019284176 0.14417148 0.0035867384 0.018627103 38.2 
55 98.83148429079846 81.630859375 0.019143019 0.15176839 0.0035836648 0.018404234 37.19 
56 98.8507453941755 81.15451388888889 0.019001039 0.15653989 0.0035505004 0.021604793 36.21 
57 98.87058538317316 82.38715277777777 0.01881973 0.14383915 0.0035276315 0.018959984 35.25 
58 98.87495333831058 82.92534722222223 0.018732475 0.13634235 0.003510512 0.019038936 34.31 
59 98.89641596124484 82.09201388888889 0.018568194 0.14697535 0.0034637027 0.020224446 33.39 
60 98.91047586503053 81.46484375 0.018454289 0.15096582 0.0034664476 0.02037241 32.48 
61 98.92571108204598 81.73285590277777 0.0183065 0.14768831 0.0034228629 0.018710429 31.59 
62 98.93636784006198 81.53862847222223 0.018200045 0.15338634 0.0034103396 0.020318478 30.71 
63 98.95354144680708 83.28450520833333 0.01806402 0.1389484 0.0033833734 0.019376129 29.84 
64 98.96564541887462 81.00368923611111 0.017940084 0.15467206 0.00335124 0.019960236 28.97 
65 98.97860017738459 81.80772569444444 0.017846784 0.14838712 0.0033553024 0.019410085 28.12 
66 98.99631758577331 82.51085069444444 0.017716056 0.13973719 0.0033188073 0.018504359 27.27 
67 99.00395712176666 82.46527777777777 0.017661637 0.14130528 0.0033440208 0.018882608 26.43 
68 99.01100023015088 82.64105902777777 0.017544387 0.14151195 0.0033094315 0.019253276 25.6 
69 99.0213061483968 82.66710069444444 0.017465942 0.13991114 0.0032932877 0.019495755 24.77 
70 99.03313821964254 82.22873263888889 0.017351896 0.14437048 0.0032767444 0.019914113 23.95 
71 99.0446720770837 83.44401041666667 0.017258972 0.13427731 0.00326491 0.018638268 23.13 
72 99.05196954430124 82.431640625 0.017175965 0.14442852 0.0032538471 0.018981569 22.31 
73 99.05981081316239 81.95855034722223 0.01711254 0.1453758 0.0032383548 0.018669903 21.5 
74 99.06858180741423 82.26128472222223 0.017020253 0.14579155 0.0032175006 0.018939445 20.69 
75 99.07950169525778 81.73394097222223 0.016932847 0.14789638 0.003213356 0.018944196 19.88 
76 99.08854459033142 81.30967881944444 0.016845487 0.15318948 0.003195624 0.021010911 19.07 
77 99.09201790405514 82.06380208333333 0.016793413 0.14717093 0.0031877835 0.019553786 18.27 
78 99.10611289181786 81.630859375 0.016684856 0.148556 0.0031528843 0.01917692 17.47 
79 99.11482248910994 82.060546875 0.016630834 0.14679584 0.0031473704 0.01891958 16.67 
80 99.12197084942518 82.21354166666667 0.016543787 0.14546067 0.0031323615 0.019456016 15.87 
81 99.13623248607868 82.35568576388889 0.0164307 0.14392911 0.0031204803 0.018053222 15.07 
82 99.14694187006018 82.72135416666667 0.016317477 0.1392025 0.0031074244 0.019204322 14.27 
83 99.15496732980061 81.13823784722223 0.016220096 0.15286571 0.0030791266 0.020356223 13.47 
84 99.15629174993263 81.99327256944444 0.016187495 0.14798921 0.0030726357 0.019253748 12.68 
85 99.16639593531076 81.69704861111111 0.016087666 0.14963357 0.0030720015 0.021662656 11.88 
86 99.17720180022903 82.87109375 0.016008958 0.13889594 0.0030452306 0.017323123 11.09 
87 99.18352568708461 81.20551215277777 0.015936205 0.15109017 0.003022947 0.019764507 10.3 
88 99.1911564520837 82.21462673611111 0.015869556 0.1448304 0.0030279106 0.019594414 9.5 
89 99.1923229943192 81.07638888888889 0.015827468 0.15496755 0.0030129664 0.019750882 8.71 
90 99.20296221034668 81.015625 0.01575889 0.15227698 0.0030342177 0.020546615 7.92 
91 99.20644429506467 80.71506076388889 0.015714284 0.15495871 0.002981768 0.018044053 7.12 
92 99.21482936556943 81.17838541666667 0.015636813 0.15141529 0.00298007 0.019824073 6.33 
93 99.22315303911442 81.09483506944444 0.015592791 0.15205881 0.002959521 0.020283908 5.54 
94 99.22599484125202 80.84092881944444 0.01554564 0.16134483 0.002973939 0.022073254 4.75 
95 99.23502896533142 81.90104166666667 0.015480183 0.15040529 0.0029740175 0.02025736 3.96 
96 99.23862507297467 81.06662326388889 0.015439487 0.15751998 0.002952997 0.021881755 3.16 
97 99.24408940239357 82.35568576388889 0.015384473 0.14348024 0.0029376424 0.019589268 2.37 
98 99.25312352647296 80.96462673611111 0.015301627 0.15458441 0.002913452 0.019291915 1.58 
99 99.2632803378166 81.47569444444444 0.015196309 0.15126061 0.0029117735 0.019594615 0.79 
