0 85.21563042759077 61.149945175438596 0.12200757 0.56628764 0.015167972 0.04372681 89.19 
1 87.7447584980564 38.36006030701754 0.10120521 2.3440058 0.014241464 0.1442756 91.76 
2 88.66187057177515 38.17845394736842 0.09191938 4.992271 0.011612424 0.27583405 93.26 
3 89.03999272875141 37.90433114035088 0.08834148 6.0301228 0.01117055 0.3067889 94.49 
4 89.51010393405564 42.17379385964912 0.08493784 4.7785044 0.010828833 0.29414427 95.48 
5 89.9771998111543 41.46107456140351 0.08173388 4.642997 0.010477824 0.2502927 96.26 
6 90.33925457640669 45.65858004385965 0.07935816 4.3816056 0.010215876 0.33237463 95.59 
7 90.68313122019133 47.23478618421053 0.07710617 5.063752 0.010045386 0.34708843 94.19 
8 91.07755768753618 47.484923245614034 0.07458688 5.719393 0.009690839 0.41167662 92.9 
9 91.52731542745293 46.703673245614034 0.071841545 5.8296432 0.009460936 0.45670104 91.66 
10 92.11729669795716 47.30674342105263 0.068088174 5.381037 0.00922862 0.42379114 92.7 
11 92.7341036204615 44.0686677631579 0.064147346 6.7623215 0.008853348 0.4849403 96.63 
12 93.18575670953602 47.65625 0.06099365 6.974762 0.0085019665 0.537996 99.35 
13 93.59278294116837 46.5734649122807 0.058195073 8.811084 0.008303702 0.7258297 101.59 
14 93.90098179086372 45.531798245614034 0.055964395 12.162563 0.008057619 0.99311614 103.47 
15 94.13200977655556 47.74191337719298 0.05424862 13.066334 0.00800316 0.9463358 104.93 
16 94.34722882722686 44.52097039473684 0.05270631 15.855409 0.00778566 1.1991432 106.05 
17 94.5499019587572 43.421052631578945 0.051259577 18.500265 0.007655238 1.3181087 106.98 
18 94.78101609668349 45.65515350877193 0.049701482 19.368744 0.007454827 1.3795748 107.49 
19 95.07198449948999 44.84649122807018 0.047726955 24.345036 0.007246997 1.6208847 107.87 
20 95.40735361012324 44.555235745614034 0.04562746 28.782547 0.0070013567 1.9592037 108.0 
21 95.8004447178342 43.383360745614034 0.043191437 30.06533 0.006679121 2.177334 108.03 
22 96.24259952306123 41.97848135964912 0.040360086 32.362682 0.0062063215 2.200437 107.89 
23 96.74889466683207 42.65693530701754 0.03715161 36.775562 0.005679971 2.3244965 107.52 
24 97.27361561974472 40.62842653508772 0.033915922 40.86519 0.005159049 2.3031223 107.05 
25 97.72911325228131 42.28001644736842 0.030973323 35.252724 0.0046261675 2.464336 106.49 
26 98.13744253645963 41.98533442982456 0.0284059 34.83509 0.0041972427 2.1688473 105.79 
27 98.52893982783337 40.77234100877193 0.025841195 33.617863 0.003785024 1.9576942 105.03 
28 98.84967382764039 40.40227521929825 0.023439633 33.83876 0.0034209345 2.2628515 104.18 
29 99.10389830245637 41.1218475877193 0.02127763 30.998413 0.0030762665 2.185421 103.26 
30 99.31222517437212 41.59470942982456 0.019369844 34.644905 0.0027885041 2.3635974 102.26 
31 99.47353446433986 40.368009868421055 0.01764957 36.723587 0.0025388342 2.4158728 101.24 
32 99.59837982107904 41.81058114035088 0.016152566 43.36913 0.0022882605 3.0319016 100.12 
33 99.6853074256334 40.83401864035088 0.01492862 48.79597 0.0021180683 3.3841503 98.94 
34 99.7488339295068 40.77576754385965 0.01387013 48.597824 0.0019421619 3.1273942 97.6 
35 99.79944836724285 41.80372807017544 0.012897718 50.057133 0.0018109713 3.412668 96.58 
36 99.84096297521573 41.20065789473684 0.011989443 56.212337 0.0016982558 3.457463 94.75 
37 99.87282853293082 41.9030975877193 0.011173287 56.36534 0.0015783835 3.6866453 92.98 
38 99.89909419540705 41.344572368421055 0.010440705 56.82589 0.001478008 3.8916252 91.28 
39 99.92146146927466 40.90254934210526 0.009779485 61.58454 0.0013827661 3.9403422 89.61 
40 99.93622580845256 40.86485745614035 0.009201521 65.62028 0.0012996566 4.506411 87.94 
41 99.94919171973645 41.16296600877193 0.008698442 64.07496 0.0012367141 4.3450885 86.23 
42 99.95910999572685 40.27549342105263 0.008245405 68.3184 0.0011635668 4.63585 84.52 
43 99.96489296446393 40.169270833333336 0.007821873 76.71843 0.0011028474 4.5884776 82.89 
44 99.97172052904364 40.63870614035088 0.007437954 76.3583 0.0010481211 5.2223787 81.26 
45 99.97756811195656 40.217242324561404 0.0070770676 76.3617 0.0009888501 4.467247 79.68 
46 99.98050805695696 40.9265350877193 0.0067799394 77.00243 0.0009587433 5.5729465 78.1 
47 99.984244910126 40.30975877192982 0.0064789657 87.41705 0.00091846613 4.7867556 76.63 
