0 85.15961656390878 82.83287273242631 0.1205338 0.13844663 0.023835499 0.015241197 248.85 
1 87.64833598514983 84.34311224489795 0.10047287 0.12725937 0.013954886 0.014580425 246.84 
2 88.6150059665871 82.12868480725623 0.09160929 0.1406347 0.012995599 0.016191645 243.42 
3 89.66066071665341 84.04726473922902 0.08320595 0.12557532 0.012763818 0.015021475 237.1 
4 91.40661255303633 84.38297193877551 0.069856636 0.11953037 0.01169955 0.014888252 228.4 
5 92.79855724608858 80.76194019274377 0.05909382 0.14816304 0.010887816 0.017586043 219.42 
6 94.14041782683638 83.76027494331066 0.04900356 0.13148338 0.009623629 0.01641645 211.16 
7 95.64045511800583 80.38725907029479 0.038504533 0.1556683 0.008365413 0.017773392 203.58 
8 96.9295901286131 84.4139739229025 0.029429283 0.12657955 0.0070167324 0.018031599 195.7 
9 97.86280164412622 84.15532879818593 0.0224762 0.12989454 0.005648697 0.017146705 187.46 
10 98.48887894457704 82.69823554421768 0.017668726 0.14020596 0.0047099437 0.017992169 179.83 
11 98.93103826902679 83.42368197278911 0.014069849 0.13324702 0.00398205 0.017559657 172.49 
12 99.2381724840891 82.36518565759637 0.011438538 0.14103313 0.0033075344 0.017942196 165.63 
13 99.4553417528507 82.19246031746032 0.009408362 0.14356123 0.0027948215 0.018251956 159.27 
14 99.60196855940069 83.0250850340136 0.0079085445 0.13792616 0.002410832 0.017639905 167.52 
15 99.69726821466455 83.2155257936508 0.006746237 0.13618039 0.002215554 0.01716677 176.61 
16 99.76200982829488 80.53784013605443 0.005846438 0.15349394 0.0019300374 0.019233035 184.38 
17 99.81665175019889 83.90288407029479 0.0051412103 0.13214558 0.0018473632 0.01842362 190.98 
18 99.8520265678865 80.83900226757369 0.0045403666 0.15427251 0.0016509697 0.019124284 196.51 
19 99.87657658777512 82.50513747165533 0.004090647 0.14154571 0.0016197162 0.019584589 201.11 
20 99.89615445173693 83.71598639455782 0.0036937713 0.13309531 0.0014749549 0.019169813 204.82 
21 99.91609486873509 82.15171485260771 0.003324614 0.14553784 0.0012755772 0.019391535 207.8 
22 99.92003115884381 80.9452947845805 0.0030697326 0.15452977 0.0013945568 0.018799638 210.12 
23 99.93846957040573 83.88339710884354 0.0027662786 0.13651516 0.0011389261 0.018557722 211.82 
24 99.94261303367807 83.13403486394557 0.0025786802 0.14233711 0.0011530671 0.019660586 213.04 
25 99.94603139087775 83.1623795351474 0.0023894764 0.14052683 0.0011816389 0.01843662 213.81 
26 99.94939795478653 83.55831916099773 0.002233734 0.13835648 0.0011582713 0.01868559 214.16 
27 99.95706336184035 83.15263605442176 0.0020233216 0.14092979 0.0011623269 0.019142443 214.16 
28 99.95380038451339 82.59902919501134 0.0019475134 0.14722328 0.0013672177 0.018894242 213.71 
29 99.95975661296738 83.39356575963718 0.0017849216 0.14050776 0.0010339892 0.02061291 212.98 
30 99.96700767369398 83.03482851473923 0.0016203369 0.1431141 0.00092656 0.019219564 212.0 
31 99.96612718774861 82.89930555555556 0.001534716 0.14299761 0.0009559822 0.018383468 210.77 
32 99.96395186953063 84.25807823129252 0.0014480082 0.13611479 0.001051313 0.019180674 209.39 
33 99.96545387496685 79.52008928571429 0.0013678371 0.17078699 0.0010790885 0.01971237 206.61 
34 99.96804353951207 82.20663265306122 0.0012883513 0.15303718 0.0008486335 0.020501932 201.57 
35 99.964832355476 80.89569160997732 0.001244473 0.16357446 0.0010867155 0.020997379 194.01 
36 99.96944195836647 82.93119331065759 0.0011756411 0.14586186 0.0010788048 0.020049268 187.05 
37 99.97218700278441 80.82925878684807 0.0010928955 0.16655238 0.00083692785 0.021465022 180.56 
38 99.9696491315301 82.67254818594104 0.0010780933 0.14844254 0.0009579193 0.020299293 174.53 
39 99.96700767369398 83.9702026643991 0.0010669489 0.14053518 0.0010328655 0.020312985 168.93 
40 99.96793995293025 83.79659155328798 0.0010412305 0.14013024 0.00091103604 0.019663176 163.7 
41 99.97488025391142 85.2297689909297 0.0009390191 0.13289356 0.0007047313 0.019299053 158.79 
42 99.97363721492972 79.10909155328798 0.00091728324 0.1758579 0.0007634943 0.021861318 154.16 
43 99.97296390214797 82.31026785714286 0.0009123427 0.15239148 0.0008528183 0.018861577 149.8 
44 99.97275672898435 84.49457908163265 0.00089190854 0.1362576 0.0009837531 0.019381542 145.68 
45 99.9780914379475 84.91089143990929 0.000821226 0.13444047 0.0007337081 0.019018948 141.76 
46 99.97462128745691 83.17920918367346 0.00083424983 0.14856367 0.0008951425 0.02064286 137.29 
47 99.97866116414744 83.02597080498866 0.0007867594 0.14677162 0.0006602269 0.019504605 131.43 
48 99.97591611972952 82.60522959183673 0.0007985306 0.14903532 0.0009886344 0.02051064 124.97 
49 99.97643405263855 83.78950538548753 0.00078914553 0.1418824 0.0007460549 0.01934075 117.57 
50 99.9757607398568 85.06944444444444 0.0007690259 0.1332585 0.00069197966 0.020093162 110.89 
51 99.9757607398568 84.06586592970521 0.00076737633 0.14132209 0.00071442436 0.019893778 104.97 
52 99.9793862702201 84.2217616213152 0.00071875815 0.14171748 0.00064461987 0.020367041 99.68 
53 99.98094006894723 83.02774234693878 0.00070261577 0.14836662 0.0006806401 0.020222783 94.63 
54 99.97643405263855 84.02689200680273 0.0007278039 0.14254552 0.00073383696 0.019960765 89.93 
55 99.98037034274728 83.06583049886622 0.00069489464 0.1488853 0.00061998604 0.020770742 85.55 
56 99.97980061654734 82.68849206349206 0.0006882205 0.1527973 0.00072103087 0.02032017 81.48 
57 99.98042213603819 84.5406391723356 0.00068148033 0.1393075 0.0007285248 0.020803923 77.74 
58 99.9817687616017 82.68140589569161 0.0006577296 0.15338995 0.00063664874 0.020288534 74.27 
59 99.98233848780164 83.33687641723355 0.00065360364 0.148113 0.000593592 0.020080773 71.02 
60 99.98264924754707 79.49794501133786 0.0006390646 0.17840706 0.0005904995 0.022063421 68.02 
61 99.98031854945637 82.13842828798185 0.0006435289 0.15725775 0.00069156976 0.020300966 65.19 
62 99.9817687616017 83.96754535147392 0.0006395179 0.14516161 0.0006449404 0.021460976 62.57 
63 99.9793344769292 82.22611961451247 0.0006412323 0.15594335 0.0007387253 0.020845795 60.07 
64 99.98078468907451 84.21733276643991 0.00063454756 0.14248352 0.0006367554 0.020107212 57.72 
65 99.98534249867409 83.12872023809524 0.00060083956 0.15106969 0.0005970903 0.020426435 55.47 
66 99.9829082140016 82.3359552154195 0.000609236 0.15660763 0.00060024945 0.020585248 53.3 
67 99.98482456576505 82.16322987528345 0.0005838276 0.15762115 0.00058154005 0.02197803 51.22 
68 99.98409945969239 80.3704294217687 0.0005887662 0.17116138 0.00063960324 0.022253888 49.25 
69 99.98472097918324 81.37223639455782 0.0005862965 0.16526867 0.0005903378 0.02189311 47.37 
70 99.98461739260144 81.34389172335601 0.0005754209 0.16439644 0.0005472392 0.021660367 45.64 
71 99.98518711880138 83.26512896825396 0.00057142845 0.14893882 0.0005236986 0.022514626 43.98 
72 99.9865855376558 80.64324688208617 0.0005478372 0.17140752 0.00069141685 0.021281097 42.29 
73 99.98321897374701 83.73547335600907 0.0005772084 0.14685647 0.00064472447 0.020436028 40.5 
74 99.98648195107398 83.96754535147392 0.00055165455 0.14511144 0.00056553236 0.020087767 38.75 
75 99.98741423031026 83.0250850340136 0.0005468357 0.1523944 0.00056307716 0.02126397 37.03 
76 99.98756961018297 83.18629535147392 0.00052913395 0.1506975 0.0005478273 0.021527998 35.37 
77 99.98762140347388 82.94093679138322 0.00052614 0.15342532 0.0005201518 0.020791614 33.74 
78 99.98632657120127 83.52908871882086 0.00054073916 0.14867388 0.00058920955 0.020734739 32.15 
79 99.98477277247414 82.24737811791383 0.0005425601 0.15776111 0.0005803236 0.022362472 30.57 
80 99.98466918589233 83.77710459183673 0.00054390746 0.14693008 0.00063283625 0.021314504 29.01 
81 99.98591222487404 83.45556972789116 0.0005361009 0.14948939 0.00053569564 0.020390708 27.47 
82 99.9841512529833 81.47587159863946 0.00054143526 0.16578248 0.00058055576 0.020251593 25.94 
83 99.98772499005568 82.66191893424036 0.0005177511 0.15582268 0.00059581676 0.022157472 24.43 
84 99.98917520220101 83.77533304988663 0.00050407543 0.14663939 0.0005527311 0.02095483 22.93 
85 99.98731064372845 83.68764172335601 0.0005152342 0.14890555 0.00052230124 0.02223965 21.45 
86 99.9865855376558 83.49454365079364 0.00052138534 0.15035884 0.00054431724 0.021167975 19.98 
87 99.98824292296473 82.55651218820861 0.0005030136 0.15664534 0.00048707737 0.022008335 18.54 
88 99.98927878878281 82.81161422902494 0.00049252965 0.15533413 0.0006036307 0.022110386 17.09 
89 99.98860547600106 83.12606292517007 0.00050071045 0.15265204 0.0005031751 0.021986442 15.64 
90 99.98622298461946 84.2359339569161 0.0005147318 0.14442939 0.00064150896 0.021385772 14.2 
91 99.98948596194643 82.89664824263039 0.0004926 0.15481581 0.00048398372 0.020127157 12.77 
92 99.99098796738265 84.16152919501134 0.00046269418 0.14485678 0.00042502175 0.020557284 11.33 
93 99.98927878878281 83.7469883786848 0.00048484892 0.14938506 0.00046588393 0.021024266 9.9 
94 99.98933058207372 84.3484268707483 0.00048363165 0.14240725 0.00049901067 0.020013824 8.41 
95 99.99171307345532 82.47413548752834 0.00046371142 0.15695585 0.00046342262 0.02112714 7.09 
96 99.98689629740122 82.41478883219955 0.0004968096 0.15887798 0.0006755305 0.022953244 5.94 
97 99.99057362105542 82.82932964852608 0.00047064954 0.15622328 0.00045633654 0.021120869 4.37 
98 99.9878803699284 82.71152210884354 0.00048750392 0.15660174 0.00052928494 0.020568937 2.83 
99 99.99145410700079 82.05693735827664 0.0004612099 0.16217998 0.00042023484 0.021204451 1.5 
