0 87.31929568825296 81.57242063492063 0.10068076 0.14397742 0.018570028 0.017027916 204.49 
1 92.67849235312767 83.77001842403628 0.05974477 0.13496713 0.019363703 0.017463014 202.58 
2 98.49206667149119 84.09775368480726 0.017097516 0.13221313 0.0076330695 0.017875245 200.79 
3 99.63757908775122 84.17481575963718 0.00597842 0.12897152 0.0027890783 0.017658656 198.98 
4 99.88524522372012 84.29793792517007 0.0026162632 0.13249113 0.0015381023 0.019330574 197.13 
5 99.9477379007802 84.20581774376417 0.0013349693 0.1354215 0.0010494447 0.019393317 195.26 
6 99.96607755768754 84.06940901360544 0.0008163431 0.13517602 0.00085781334 0.01845827 193.36 
7 99.96957749221184 83.21375425170068 0.0005991761 0.14208026 0.0008231654 0.019582745 191.46 
8 99.97332511441017 83.43962585034014 0.00045627987 0.14686336 0.0007664419 0.021188382 189.69 
9 99.97445586248725 82.11539824263039 0.0003842204 0.15165353 0.0007595391 0.019573726 188.79 
10 99.97486508560085 82.59105725623583 0.00033924333 0.15192175 0.0007536412 0.020252125 188.21 
11 99.97761118807378 82.87361819727892 0.00029500268 0.15256153 0.0006769351 0.020731151 187.47 
12 99.97930192567475 82.90904903628117 0.0002656977 0.15307544 0.000675065 0.020603001 186.55 
13 99.9803788286053 83.24121315192744 0.00024110734 0.15198211 0.00066921016 0.021389818 185.5 
14 99.98145573153586 83.2686720521542 0.00021957228 0.1531315 0.0006312027 0.021324657 184.31 
15 99.98276955311113 82.7735260770975 0.000200214 0.15862674 0.0006051012 0.020595025 183.01 
16 99.98294185758002 82.57068452380952 0.00019820691 0.16068263 0.00061776093 0.021998819 181.6 
17 99.98491258994294 83.1437783446712 0.00017123543 0.15545575 0.0005410421 0.020947706 180.11 
18 99.98449259780001 82.5281675170068 0.00017417465 0.15991464 0.00060391036 0.021418653 178.53 
19 99.98616179734238 82.78504109977324 0.00015634687 0.15737335 0.00053249544 0.020758038 176.88 
20 99.98596795481488 82.4953939909297 0.00015755522 0.15993765 0.00054315553 0.020709628 175.16 
21 99.98729254541946 82.24472080498866 0.0001410697 0.16221905 0.00051645405 0.021092195 173.39 
22 99.98857405990682 82.58308531746032 0.0001284354 0.16284844 0.00048994186 0.020943508 171.57 
23 99.98869251922918 82.97193877551021 0.00012732796 0.15762977 0.00047359412 0.022316234 169.7 
24 99.98903712816696 82.64331774376417 0.00012104828 0.16109568 0.0004701012 0.022806976 167.79 
25 99.98916635651862 82.9187925170068 0.00011998934 0.1600526 0.00047419986 0.021453151 165.84 
26 99.99016787624404 82.31292517006803 0.00011143707 0.16286896 0.00045370765 0.021015765 163.86 
27 99.98967250089598 82.28723781179139 0.00011629974 0.16054244 0.0004620672 0.021369455 161.86 
28 99.99007095498028 81.65214002267574 0.000108282205 0.16777305 0.00043152334 0.021745328 159.82 
29 99.98945712030988 82.2234623015873 0.00011311919 0.163083 0.00045282912 0.02210163 157.76 
30 99.99041556391806 81.83372307256236 0.00010653016 0.16720207 0.00043130785 0.022774855 153.33 
31 99.99034018071292 81.55293367346938 0.00010406075 0.16692054 0.00043714716 0.022028279 147.41 
32 99.99121247208667 82.5219671201814 9.6475495e-05 0.16243547 0.0004166674 0.022570916 141.96 
33 99.99185861384501 80.64413265306122 9.046911e-05 0.17470573 0.00038967677 0.022181354 136.93 
34 99.99232168210514 82.02504960317461 8.705064e-05 0.16434878 0.00040262146 0.022844212 132.28 
35 99.99186938287431 81.71680130385488 8.839031e-05 0.16730367 0.0003879962 0.02185773 127.97 
36 99.99248321754473 81.25088577097506 8.249802e-05 0.16927065 0.0003887957 0.021668576 123.96 
37 99.99256936977918 81.73805980725623 8.1386e-05 0.16899632 0.00039513517 0.022949796 120.21 
38 99.9931832044496 82.09856859410431 7.6115975e-05 0.16543752 0.00037510035 0.02172021 116.7 
39 99.99371088688557 81.26328656462584 6.911811e-05 0.17185706 0.00034039558 0.022131981 113.39 
40 99.99270936716015 82.26243622448979 8.093073e-05 0.16246074 0.00038647008 0.021232804 110.27 
41 99.99315089736167 81.80803571428571 7.391501e-05 0.16731428 0.00036844885 0.0212041 107.32 
42 99.99427087640944 82.73366638321995 6.569355e-05 0.15909956 0.00034721915 0.021939589 104.52 
43 99.99400165067681 81.69022817460318 6.480336e-05 0.16746393 0.00033653455 0.020810673 101.85 
44 99.99389396038376 80.9984410430839 6.4341504e-05 0.17414565 0.00034998494 0.020541942 99.29 
45 99.99405549582335 82.06048044217687 6.398501e-05 0.1663736 0.0003336065 0.022357883 96.83 
46 99.99404472679403 82.1968891723356 6.325717e-05 0.16615407 0.00034196142 0.022490779 94.47 
47 99.99452933311278 81.78677721088435 6.108293e-05 0.16526808 0.00032136083 0.022592958 92.19 
48 99.99471240661097 81.77614795918367 5.943126e-05 0.16863318 0.0003238713 0.022232022 89.98 
49 99.99474471369889 82.37315759637188 5.6875495e-05 0.16291122 0.00031037108 0.022252917 87.84 
50 99.9947554827282 81.60962301587301 5.7802903e-05 0.1695826 0.00031962086 0.022436446 85.75 
51 99.99516470584182 82.02062074829932 5.4864126e-05 0.16621272 0.00030829688 0.02210058 83.71 
52 99.99464779243515 82.00556264172336 5.8292735e-05 0.16518609 0.00032759106 0.021472069 81.72 
53 99.99479855884542 82.21460459183673 5.639998e-05 0.16218439 0.00031013455 0.021330813 79.76 
54 99.99464779243515 82.00290532879819 5.6353816e-05 0.16630243 0.00032067983 0.022443412 77.85 
55 99.99534777934001 81.78234835600907 5.2143303e-05 0.16475718 0.0002969439 0.021911874 75.96 
56 99.99504624651945 82.00024801587301 5.3441967e-05 0.16627367 0.0003136932 0.021152364 74.1 
57 99.99490624913848 82.09768282312925 5.4533964e-05 0.16678333 0.00032187597 0.022058608 72.27 
58 99.9951323987539 81.77880527210884 5.2366533e-05 0.16771537 0.0003153104 0.021156969 70.45 
59 99.99594007595181 82.11362670068027 4.5962493e-05 0.16436689 0.0002828216 0.02181341 68.66 
60 99.99556315992612 82.16677295918367 4.757914e-05 0.16359913 0.00029655342 0.021816427 66.88 
61 99.99599392109833 81.15876558956916 4.4901342e-05 0.17020622 0.00027692676 0.021308865 65.12 
62 99.99615545653792 82.30495323129252 4.3520216e-05 0.16618085 0.00027476798 0.02275507 63.37 
63 99.99550931477958 82.24117772108843 4.7913312e-05 0.16609737 0.00029390797 0.022543618 61.64 
64 99.99605853527417 81.77171910430839 4.4137825e-05 0.167997 0.00027608196 0.023024846 59.69 
65 99.99584315468806 81.4280399659864 4.5981968e-05 0.16734587 0.00029303096 0.021334164 56.97 
66 99.99573546439501 81.8656108276644 4.43977e-05 0.16597898 0.00028397233 0.021932997 54.41 
67 99.99673698412042 81.28100198412699 3.6211528e-05 0.17097975 0.00023783837 0.021319097 51.99 
68 99.99614468750862 82.05339427437642 4.1683146e-05 0.16740213 0.00026431624 0.022718474 49.71 
69 99.99549854575028 81.63973922902494 4.7682224e-05 0.16863532 0.00030027324 0.022203453 47.53 
70 99.99582161662944 81.43778344671202 4.4649212e-05 0.16922638 0.00029470833 0.0207745 45.46 
71 99.99603699721555 82.13665674603175 4.0977997e-05 0.16356985 0.00026464261 0.022519298 43.48 
72 99.99564931216057 81.49270124716553 4.4196364e-05 0.16870174 0.00028677064 0.022151956 41.57 
73 99.99602622818625 81.37577947845806 4.2467273e-05 0.17016278 0.00027334233 0.02275207 39.73 
74 99.99632776100681 81.97544642857143 3.933263e-05 0.16465183 0.00026675814 0.020495614 37.95 
75 99.99630622294819 81.26151502267574 3.9542065e-05 0.17096317 0.0002587549 0.021944579 36.23 
76 99.99613391847932 82.3483560090703 4.085903e-05 0.16677473 0.0002758012 0.022312177 34.55 
77 99.99660775576875 81.20305413832199 3.556469e-05 0.1703324 0.0002365141 0.021821974 32.91 
78 99.99660775576875 82.10831207482993 3.7346654e-05 0.16641158 0.0002573536 0.023682296 31.31 
79 99.99682313635486 79.73267431972789 3.4950095e-05 0.17815675 0.00024237267 0.022558123 29.74 
80 99.99659698673945 80.74068168934241 3.7187885e-05 0.17394729 0.00025913893 0.022347389 28.2 
81 99.99653237256362 82.10654053287982 3.7703805e-05 0.1667742 0.00027022674 0.02256339 26.68 
82 99.99633853003611 81.51307397959184 3.8983868e-05 0.16884881 0.0002630111 0.022471845 24.55 
83 99.99668313897389 81.49713010204081 3.4741726e-05 0.16780512 0.00024355926 0.022206306 22.25 
84 99.99666160091527 82.02682114512471 3.5049015e-05 0.16556703 0.00024792377 0.022981606 20.15 
85 99.99666160091527 80.3562570861678 3.5104244e-05 0.17650229 0.0002444887 0.022271318 18.22 
86 99.99631699197751 81.98518990929705 3.7002257e-05 0.16999562 0.0002530597 0.02216528 16.5 
87 99.99656467965153 82.2562358276644 3.5127294e-05 0.16493432 0.0002578556 0.023423655 15.22 
88 99.99665083188597 81.57596371882086 3.5003643e-05 0.17270158 0.00025109304 0.021302002 13.96 
89 99.99642468227056 81.17293792517007 3.654347e-05 0.17267236 0.00025670268 0.022010008 12.73 
90 99.99660775576875 81.84612386621315 3.47294e-05 0.16631727 0.0002551331 0.021665553 11.52 
91 99.99653237256362 81.52724631519274 3.5176206e-05 0.16860557 0.00025702475 0.021237547 10.32 
92 99.99637083712403 81.37843679138322 3.5344845e-05 0.16854814 0.00026379115 0.021880336 9.14 
93 99.99726466655639 81.33060515873017 2.9522074e-05 0.1728193 0.00021963418 0.02273669 7.97 
94 99.99699544082375 82.10122590702947 3.1590786e-05 0.16621457 0.00023396315 0.021695036 6.81 
95 99.99671544606181 80.3562570861678 3.3981094e-05 0.177722 0.00025380673 0.022577306 5.66 
96 99.99689851956 81.81157879818593 3.2605058e-05 0.16699624 0.00024271494 0.02116336 4.51 
97 99.99659698673945 81.65214002267574 3.5309633e-05 0.17043513 0.0002588741 0.021960855 3.38 
98 99.99725389752709 81.67605583900227 3.0018018e-05 0.16965 0.00023862648 0.022567542 2.25 
99 99.99667236994459 81.19508219954649 3.5451973e-05 0.17076577 0.00028019882 0.022225335 1.14 
