0 87.78912689879525 84.56455498866214 0.096897 0.12572274 0.0261409 0.017030427 82.58 
1 92.66166036032311 84.45383361678005 0.05794274 0.13065682 0.018008433 0.018277656 81.2 
2 97.95919356339427 84.76385345804988 0.017129365 0.13649459 0.009749784 0.020191187 79.23 
3 99.48128816543986 86.07922335600907 0.0045498353 0.12757456 0.0042068646 0.019546246 77.4 
4 99.83946608014226 84.96049461451247 0.0014346789 0.13559805 0.002635912 0.01976823 75.69 
5 99.90390795150662 82.49185090702947 0.0008574511 0.15742786 0.0019958147 0.020124577 74.09 
6 99.93769039643813 86.53362386621315 0.00055625656 0.12269978 0.0014948752 0.019721314 72.59 
7 99.94946094546908 83.98614654195012 0.00044736508 0.14541018 0.001445871 0.021538973 71.16 
8 99.96198532655143 85.45829790249434 0.00033446145 0.13283801 0.0012303848 0.019863596 69.83 
9 99.96864058666226 85.91801303854875 0.00027589555 0.1293496 0.0010972483 0.020499965 68.56 
10 99.97593121950212 86.00393282312925 0.00020983891 0.1283702 0.0009389759 0.019297415 67.34 
11 99.98052959501558 85.53535997732426 0.00016686918 0.13224085 0.0009692437 0.019676726 66.2 
12 99.98199418300113 85.21382511337869 0.0001539703 0.13671486 0.0007380253 0.020415785 65.09 
13 99.984244910126 85.43349631519274 0.00013613197 0.13447165 0.0007457766 0.02149 64.02 
14 99.98574180519945 86.2873795351474 0.00012038919 0.12859756 0.0006903699 0.019892933 63.0 
15 99.98817560582252 84.48926445578232 0.00010166306 0.14086948 0.0006213826 0.019703787 62.01 
16 99.98798176329501 86.30420918367346 0.00010337292 0.12727919 0.0006483915 0.020311976 61.06 
17 99.98975865313042 86.45921910430839 8.8542336e-05 0.12498481 0.0006094223 0.019221691 60.14 
18 99.99041556391806 85.77274659863946 8.2012375e-05 0.12959221 0.00058004627 0.019872254 58.67 
19 99.99140631461418 86.59031320861678 7.198479e-05 0.12460381 0.0005229499 0.019613728 56.28 
20 99.99390472941306 84.90203373015873 5.2178475e-05 0.13998866 0.0004789872 0.020059051 54.13 
21 99.99191245899154 87.35030470521542 6.929128e-05 0.118233904 0.0005238649 0.019756641 52.15 
22 99.99250475560333 85.90826955782313 6.3519095e-05 0.1310999 0.00046476943 0.020226665 50.34 
23 99.99275244327737 85.64873866213152 6.206158e-05 0.13317798 0.00047269205 0.020636287 48.67 
24 99.99338781600639 86.13236961451247 5.718983e-05 0.12854561 0.00047160633 0.01946603 47.13 
25 99.99431395252667 86.43618905895691 4.9120044e-05 0.1251468 0.0004363115 0.020830233 45.7 
26 99.99504624651945 86.890589569161 4.1908137e-05 0.12253234 0.00045699166 0.018434808 44.38 
27 99.99385088426654 87.27855725623583 5.291178e-05 0.117451034 0.0004280472 0.018749803 43.14 
28 99.99524008904694 86.42467403628117 4.1204632e-05 0.12534983 0.00039896264 0.018689558 41.98 
29 99.99497086331431 86.92867772108843 4.30732e-05 0.12152486 0.00039661603 0.01990558 40.88 
30 99.99382934620792 86.8843891723356 5.287051e-05 0.12197545 0.00044724825 0.019323444 39.85 
31 99.99449702602487 86.67711876417233 4.767397e-05 0.12321028 0.00038998717 0.019765971 38.88 
32 99.99444318087833 86.66914682539682 4.760036e-05 0.12257207 0.00042155897 0.020832911 37.97 
33 99.99408780291125 86.20588860544218 4.936934e-05 0.1275342 0.00040832354 0.020081509 37.12 
34 99.99516470584182 87.18023667800453 4.157271e-05 0.11830085 0.00040141033 0.019415425 36.31 
35 99.99470163758167 85.96673044217687 4.53678e-05 0.12733006 0.00042973898 0.020122139 35.53 
36 99.99590776886389 87.14480583900227 3.571733e-05 0.119209096 0.00036434695 0.019266438 34.79 
37 99.99612314945 86.85693027210884 3.3066037e-05 0.12205869 0.0003665362 0.019203084 34.07 
38 99.99364627270973 86.26169217687075 5.3281925e-05 0.12658241 0.00047647406 0.018985638 33.38 
39 99.9961016113914 87.45836876417233 3.3849774e-05 0.116402246 0.0003655739 0.018694336 32.69 
40 99.99404472679403 84.24656320861678 4.9563183e-05 0.14576776 0.0004687571 0.020171715 32.02 
41 99.9957246953657 86.29357993197279 3.8850365e-05 0.12605923 0.00042729694 0.02069682 31.38 
42 99.99483086593334 85.98444586167801 4.503014e-05 0.12958837 0.00044640154 0.020325128 30.75 
43 99.99444318087833 86.63017290249434 4.695919e-05 0.12118324 0.0004468168 0.019910548 30.12 
44 99.99557392895542 83.86036706349206 3.737324e-05 0.14746977 0.0004482356 0.020470088 29.52 
45 99.99558469798473 85.61685090702947 3.7877155e-05 0.13245556 0.00036146585 0.02007303 28.9 
46 99.99510009166598 86.5407100340136 4.1086845e-05 0.1239857 0.00041060997 0.020030765 28.3 
47 99.99544470060376 86.10048185941044 4.013635e-05 0.1286398 0.00042530918 0.020245628 27.71 
48 99.99527239613487 87.08988803854875 4.1968546e-05 0.11925279 0.0003949566 0.018476695 29.31 
49 99.99524008904694 86.83035714285714 4.1085546e-05 0.121705435 0.00044210342 0.020492632 31.91 
50 99.99703851694098 86.52388038548753 2.4244899e-05 0.12611249 0.0003459418 0.019376712 34.09 
51 99.99558469798473 86.95436507936508 3.8118662e-05 0.12008688 0.00037441106 0.019570027 35.88 
52 99.99488471107986 85.47069869614512 4.3550575e-05 0.13345271 0.00042263244 0.021100663 37.31 
53 99.99445394990765 86.9295634920635 4.8620706e-05 0.1198786 0.00042121223 0.01978851 38.45 
54 99.99488471107986 85.15447845804988 4.3972712e-05 0.13718049 0.00042214504 0.022016803 39.32 
55 99.99588623080528 85.0030116213152 3.5146073e-05 0.13663754 0.00039120027 0.020452797 39.95 
56 99.99619853265514 87.6780399659864 3.1977226e-05 0.11458047 0.00037839604 0.018560674 40.36 
57 99.99521855098834 84.52558106575964 4.172767e-05 0.14112735 0.00047266236 0.019856518 40.58 
58 99.99576777148292 86.34761196145125 3.7149002e-05 0.12688734 0.00039154376 0.02016832 40.64 
59 99.99578930954154 87.4202806122449 3.761284e-05 0.11725099 0.0004229377 0.019927796 40.54 
60 99.99471240661097 87.58680555555556 4.5347457e-05 0.11605463 0.00041385167 0.018529436 40.29 
61 99.9961016113914 87.18998015873017 3.242144e-05 0.11954367 0.00035827773 0.020105315 39.57 
62 99.99598315206903 87.59212018140589 3.4060213e-05 0.115564406 0.00036337308 0.018721176 38.81 
63 99.99598315206903 87.34056122448979 3.3607037e-05 0.116894156 0.0003627568 0.018980065 38.01 
64 99.99617699459654 86.46364795918367 3.317713e-05 0.1241809 0.00036240797 0.019157682 36.41 
65 99.99560623604334 87.04117063492063 3.8642836e-05 0.119787134 0.0004421124 0.018467091 34.62 
66 99.9959185378932 87.37422052154194 3.484709e-05 0.117421046 0.00038889254 0.01863836 32.72 
67 99.99633853003611 86.69129109977324 3.103186e-05 0.123579964 0.00041169685 0.019909406 30.95 
68 99.99522932001764 85.07298752834467 3.9875566e-05 0.13741612 0.00039122548 0.021026352 29.31 
69 99.99567085021917 85.96318735827664 3.6709054e-05 0.1298026 0.0003774662 0.01964007 27.63 
70 99.99656467965153 86.0358205782313 2.9009943e-05 0.12895596 0.00032643517 0.020218382 25.89 
71 99.99646775838778 86.0092474489796 3.0979987e-05 0.13018723 0.00033614298 0.020052396 24.1 
72 99.99617699459654 85.98887471655328 3.139489e-05 0.13101251 0.00034531535 0.02136593 22.38 
73 99.99644622032918 87.1749220521542 3.0361261e-05 0.119628266 0.00038621243 0.020501615 20.8 
74 99.99594007595181 86.2873795351474 3.3515273e-05 0.12645856 0.00038999828 0.019927252 19.35 
75 99.99629545391889 85.91535572562358 3.253145e-05 0.12895668 0.00045721052 0.018255942 18.02 
76 99.99464779243515 86.33521116780045 4.4590026e-05 0.12621212 0.0004459814 0.020542812 16.79 
77 99.99613391847932 85.81349206349206 3.391999e-05 0.12985033 0.00036301863 0.020332811 15.66 
78 99.996510834505 85.41932397959184 2.9770088e-05 0.13290597 0.00037220566 0.019872272 14.6 
79 99.99624160877237 86.18374433106575 3.1217078e-05 0.12703104 0.0003547772 0.019691778 13.62 
80 99.9959185378932 84.8781179138322 3.4782428e-05 0.1400511 0.00036801712 0.02169614 12.7 
81 99.99568161924847 85.62925170068027 3.720067e-05 0.13293625 0.00041243827 0.02007277 11.83 
82 99.99519701292972 86.16160005668934 4.005498e-05 0.12818927 0.0004023816 0.01976725 11.0 
83 99.9961016113914 86.88704648526077 3.279043e-05 0.1214474 0.00034856345 0.020243607 10.22 
84 99.99752312325973 87.07128684807256 2.1316484e-05 0.12034895 0.00031657654 0.019518137 9.47 
85 99.99584315468806 86.52388038548753 3.5386674e-05 0.124776416 0.00039082163 0.01934492 8.76 
86 99.99616622556722 86.8250425170068 3.142721e-05 0.12128197 0.00034085297 0.01957379 8.07 
87 99.99636006809473 86.0437925170068 3.1387794e-05 0.12811136 0.00036078974 0.019463403 7.39 
88 99.99647852741708 86.04910714285714 3.0586558e-05 0.12850158 0.0003690349 0.01925444 6.66 
89 99.99587546177598 86.39632936507937 3.5469093e-05 0.1258705 0.00039268873 0.018643698 5.97 
90 99.99672621509112 86.92690617913833 2.7476013e-05 0.1208202 0.00034492774 0.019055171 5.31 
91 99.99617699459654 84.94012188208617 3.1920936e-05 0.13825266 0.00037084415 0.02114454 4.69 
92 99.99622007071375 86.5796839569161 3.1663487e-05 0.124259174 0.00037665025 0.019801144 4.09 
93 99.99665083188597 85.88701105442176 2.8740638e-05 0.12983544 0.0003205507 0.019029222 3.52 
94 99.9955523908968 85.97735969387755 3.6680292e-05 0.13041896 0.00038726404 0.019058194 2.97 
95 99.99604776624487 85.12790532879819 3.2961354e-05 0.13633859 0.0003515579 0.02069519 2.45 
96 99.99600469012765 85.34403344671202 3.424044e-05 0.13505408 0.00038862994 0.019988295 1.93 
97 99.99637083712403 85.84626558956916 3.2011583e-05 0.13058615 0.00042317813 0.019659316 1.43 
98 99.99526162710556 85.4751275510204 4.248874e-05 0.13545504 0.0004482962 0.020458091 0.94 
99 99.99684467441348 86.88261763038548 2.7265984e-05 0.12210287 0.0003594827 0.019863509 0.47 
