0 88.38329094899318 71.92057291666667 0.09456374 0.21508579 0.03223768 0.016729113 114.5 
1 92.35929959227825 72.57440476190476 0.06319956 0.2416044 0.012081707 0.016747728 117.69 
2 92.75565817939757 49.21502976190476 0.05668806 0.29155618 0.010847901 0.016058713 120.4 
3 93.00480919246131 55.284598214285715 0.053354364 0.30638334 0.01041164 0.01862443 122.64 
4 93.12243873772674 56.25 0.051677875 0.36432713 0.010218523 0.022199303 124.49 
5 93.31960392744217 50.70777529761905 0.050094116 0.4165269 0.010562642 0.02506918 125.95 
6 93.3441829443335 49.265252976190474 0.050006043 0.34455454 0.012603856 0.020515855 127.11 
7 93.69933381178232 37.353980654761905 0.04672682 0.38493335 0.009973633 0.018905794 127.96 
8 94.18496604052255 51.297433035714285 0.042991307 0.3206205 0.009954733 0.018267443 128.54 
9 94.81157820560826 41.275111607142854 0.039117098 0.4227624 0.010359251 0.022411283 130.3 
10 95.86563514103844 46.42392113095238 0.031930175 0.4344316 0.010292009 0.026608394 132.23 
11 97.65010037027791 43.48121279761905 0.018971447 0.5072911 0.009926648 0.029289586 133.76 
12 99.16724522591113 47.53534226190476 0.0070873126 0.49239704 0.0062102224 0.02862987 134.91 
13 99.54308121151605 49.499627976190474 0.003966148 0.47930086 0.006818717 0.030830352 135.75 
14 99.78732422200034 54.29873511904762 0.001858923 0.4186001 0.0034473643 0.028605107 136.29 
15 99.88676490472625 54.61123511904762 0.0009790392 0.43322003 0.00287955 0.02831516 136.58 
16 99.92946777750042 54.86142113095238 0.0006088823 0.43465406 0.0017985837 0.029444393 142.41 
17 99.947910166001 55.55152529761905 0.0004491103 0.43099582 0.0015828871 0.030104144 150.18 
18 99.95463835496754 60.65941220238095 0.00039561585 0.3815894 0.0018956849 0.030979795 156.63 
19 99.9662485438509 60.481770833333336 0.00029210228 0.38398027 0.0013284484 0.030183446 162.22 
20 99.96631355050758 56.20814732142857 0.00029020806 0.42361572 0.0013595017 0.028944701 165.77 
21 99.97434837327343 61.07700892857143 0.0002211419 0.37168148 0.0012719926 0.030204576 169.02 
22 99.97642208562156 64.7367931547619 0.00020547594 0.34010184 0.0010557666 0.027410006 171.16 
