0 80.17368362171838 79.87439767573696 0.15686388 0.15674378 0.031236108 0.015533741 14.36 
1 80.43622381331213 80.05863803854875 0.1502815 0.1525567 0.014425048 0.014978253 14.27 
2 82.24805671572527 80.68576388888889 0.138643 0.15565841 0.014717545 0.011491861 14.17 
3 84.38307975338107 81.17736678004535 0.12508507 0.14550665 0.014822385 0.0146316895 14.06 
4 85.30717564969504 83.6061507936508 0.11783846 0.13318609 0.014154821 0.014238969 13.95 
5 85.50497422765845 82.30052437641723 0.11583491 0.13861254 0.014045788 0.015097786 13.84 
6 85.61078792097587 82.32089710884354 0.11470861 0.13849309 0.0138370665 0.015400268 13.72 
7 85.72007176478388 84.4015731292517 0.11360809 0.12844364 0.013910403 0.014791141 13.6 
8 85.83065044086449 85.71517148526077 0.11269864 0.12059245 0.013653262 0.015006391 13.47 
9 85.90543995293025 79.79290674603175 0.112028345 0.15162057 0.013393464 0.016726254 13.34 
10 85.96702217581543 84.15178571428571 0.11144027 0.12971544 0.013716573 0.01508184 13.21 
11 86.03922202333598 83.74787414965986 0.110698745 0.13296843 0.013447691 0.016071428 13.08 
12 86.09629822991249 80.98692602040816 0.11013408 0.1459255 0.0137304375 0.015678465 12.94 
13 86.15984859785203 84.22707624716553 0.10954056 0.13140276 0.013453142 0.015612839 12.81 
14 86.20470158777512 84.45560515873017 0.109088905 0.12930681 0.013424963 0.015519014 12.68 
15 86.27866240718642 82.17297335600907 0.10839805 0.14147621 0.01351844 0.016716657 12.55 
16 86.33926055754442 84.42194586167801 0.10785441 0.12791485 0.013454039 0.015538774 12.41 
17 86.45864409307876 84.33071145124717 0.10695145 0.12933299 0.013490531 0.016181353 12.27 
18 86.51799920445505 82.89576247165533 0.10634565 0.13636029 0.013282318 0.017192448 12.13 
19 86.54104721890745 83.97906037414965 0.1061656 0.12987606 0.013437749 0.015904702 11.99 
20 86.61852998210024 80.62907454648526 0.10555534 0.14821464 0.013629216 0.016520614 11.85 
21 86.63950626491646 82.0046768707483 0.10520242 0.14024104 0.013516223 0.015228873 11.71 
22 86.68233931649429 83.20843962585035 0.10478589 0.13262218 0.013380796 0.017464163 11.56 
23 86.80633245491912 82.34304138321995 0.10392023 0.13894176 0.013330716 0.017278012 11.42 
24 86.83683870326173 83.97640306122449 0.103761815 0.12809636 0.013443002 0.016717538 11.28 
25 86.80187823190136 80.85671768707483 0.10375062 0.14662902 0.013386123 0.018435627 11.13 
26 86.83854788186157 80.73979591836735 0.10352715 0.14631921 0.013490303 0.015793221 10.98 
27 86.89759223349245 84.31476757369614 0.103158966 0.12662333 0.013365641 0.016245795 10.84 
28 86.9116282153275 85.42109552154194 0.10292296 0.120550215 0.013403784 0.017422773 10.69 
29 87.00024653606471 85.51232993197279 0.10229507 0.12134065 0.013240742 0.016620586 10.54 
30 87.02158537191727 84.91620606575964 0.10209209 0.12330142 0.013350017 0.016320648 10.39 
31 87.03375679527977 84.0640943877551 0.10192863 0.12627937 0.013303551 0.015606093 10.24 
32 87.06343435096791 85.43881094104309 0.10176372 0.12172349 0.013353604 0.01676703 10.09 
33 87.09083300185627 85.68062641723355 0.10146522 0.12039866 0.013569715 0.01595634 9.94 
34 87.10471360381861 85.17307964852608 0.10138258 0.12234294 0.0134378085 0.016602714 9.8 
35 87.13594495823389 82.65040391156462 0.100998685 0.1349197 0.013223745 0.016464317 9.65 
36 87.21591379939008 83.49631519274377 0.10055624 0.12975812 0.013321095 0.015986733 9.5 
37 87.22259513391673 84.52026643990929 0.10042252 0.126454 0.013226243 0.017183376 9.35 
38 87.23476655727923 85.21382511337869 0.100325406 0.12197521 0.013331124 0.017174395 9.2 
39 87.26765529700344 84.85331632653062 0.099946156 0.12239984 0.013425813 0.016876379 9.06 
40 87.34731337841421 86.18285856009071 0.09933799 0.11655037 0.013447171 0.017387265 8.91 
41 87.39532575908247 85.28557256235828 0.09894946 0.12078431 0.01309733 0.0164099 8.76 
42 87.43743370458765 84.83028628117914 0.098540895 0.12468917 0.013380094 0.017479224 8.61 
43 87.47172086316627 84.45737670068027 0.09828489 0.12675656 0.0131381545 0.016676195 8.46 
44 87.50590443516309 82.90019132653062 0.09791429 0.13408253 0.012959518 0.01606706 8.31 
45 87.55163791103156 84.46180555555556 0.09756081 0.12504773 0.013094156 0.016493235 8.16 
46 87.54329919119597 83.46354166666667 0.09750321 0.1308253 0.012951758 0.016179537 8.01 
47 87.56059815035799 84.20581774376417 0.09739804 0.12853469 0.012985323 0.016244477 7.87 
48 87.63523228255104 84.35817035147392 0.09674673 0.12763691 0.013074885 0.016656484 7.72 
49 87.5923474376823 84.4733205782313 0.096716605 0.12648965 0.012898034 0.016645215 7.57 
50 87.65315276120393 85.4405824829932 0.096291944 0.1219052 0.013013728 0.01779227 7.42 
51 87.66542777114823 85.27317176870748 0.09623667 0.12255356 0.013054894 0.016303133 7.27 
52 87.72183066494298 84.88343253968254 0.095703155 0.12555405 0.012918732 0.016156025 7.12 
53 87.75140463404932 84.9436649659864 0.095431715 0.12560007 0.01318121 0.016955262 6.97 
54 87.76326529766641 81.63442460317461 0.09521096 0.14326991 0.01283605 0.018072713 6.83 
55 87.79610224409971 84.62035856009071 0.094906904 0.12938946 0.0127755115 0.01724119 6.68 
56 87.82961250331478 84.92152069160997 0.09453574 0.12705208 0.012682225 0.017962959 6.53 
57 87.80920594669848 83.0968324829932 0.09461464 0.13576935 0.012839943 0.01770646 6.38 
58 87.88275241978255 83.7921626984127 0.09400691 0.1345742 0.012671206 0.016674345 6.23 
59 87.90248566361707 85.34669075963718 0.09368736 0.12395097 0.0126062995 0.016494751 6.08 
60 87.92884844868735 84.73019416099773 0.09345528 0.12706663 0.012804259 0.018401736 5.93 
61 87.95427895452134 84.99681122448979 0.093148775 0.12752695 0.012862924 0.016935034 5.78 
62 87.9900681185362 85.18548044217687 0.09280861 0.12671268 0.012686562 0.017092833 5.64 
63 87.96841852293821 85.20142431972789 0.09272681 0.12786281 0.012678679 0.017309163 5.49 
64 87.96872928268364 85.47955640589569 0.092635214 0.12547258 0.012486384 0.017113876 5.34 
65 88.02451065698753 84.33514030612245 0.09224816 0.13088164 0.012570779 0.017537586 5.19 
66 88.07728802041899 82.9923115079365 0.091826044 0.13684213 0.012514408 0.01653994 5.04 
67 88.09090965592681 85.30240221088435 0.091716886 0.12785023 0.0124385925 0.01750297 4.89 
68 88.12291790970565 84.92417800453515 0.09142084 0.12872235 0.012521466 0.017299196 4.74 
69 88.08645543290905 85.04464285714286 0.09141435 0.12733942 0.012439421 0.018755702 4.59 
70 88.14840020883055 85.84626558956916 0.0910096 0.12293356 0.01254339 0.018272128 4.44 
71 88.12737213272341 83.84176587301587 0.091020465 0.13398664 0.01246587 0.01743148 4.3 
72 88.17719727857332 85.17307964852608 0.0906847 0.12716642 0.012413171 0.017078489 4.15 
73 88.18740055688146 84.17747307256236 0.090559795 0.13459237 0.012688764 0.016330933 4.0 
74 88.25504259480243 85.39629393424036 0.0901745 0.12681243 0.012382926 0.017731821 3.85 
75 88.27156465460091 84.76208191609977 0.09001324 0.12704282 0.012445959 0.017606663 3.7 
76 88.28259662556351 84.35462726757369 0.089787185 0.12946515 0.012543185 0.017378014 3.56 
77 88.33568474874039 83.74255952380952 0.08945208 0.13450794 0.012151776 0.01826761 3.41 
78 88.31382797997878 85.04109977324264 0.089503266 0.12639223 0.012224817 0.01671003 3.26 
79 88.35598771877486 84.83294359410431 0.08924675 0.12584195 0.012291026 0.017077724 3.11 
80 88.35603951206576 83.49720096371883 0.08911694 0.13605377 0.012350401 0.018421123 2.96 
81 88.35837021015645 85.04287131519274 0.08918539 0.12802625 0.012138545 0.017548567 2.82 
82 88.42839473945902 85.27405753968254 0.08860176 0.1272208 0.012358606 0.017626641 2.67 
83 88.45206427340229 85.23154053287982 0.088449314 0.12639803 0.012248441 0.01761771 2.52 
84 88.50173403937947 83.58666383219955 0.087976255 0.13456209 0.012344907 0.0184817 2.37 
85 88.47350669583665 85.11904761904762 0.0880346 0.12548776 0.012436718 0.016846394 2.22 
86 88.5032360448157 85.00212585034014 0.08797579 0.12699191 0.012335641 0.016720496 2.07 
87 88.52426412092284 85.40692318594104 0.08768261 0.12459028 0.012381738 0.017183805 1.92 
88 88.63914164014851 84.28819444444444 0.087136164 0.13203453 0.0123437755 0.017362138 1.78 
89 88.58600172368072 84.49192176870748 0.08723578 0.13015069 0.012192371 0.017913878 1.63 
90 88.61438444709626 84.15887188208617 0.08711585 0.13248327 0.012301163 0.017981647 1.48 
91 88.64054005900292 84.63807397959184 0.086847715 0.12971428 0.0124443695 0.01777457 1.33 
92 88.68943292561654 84.890518707483 0.08655587 0.12810692 0.012158144 0.016804403 1.18 
93 88.68249262463537 84.32096797052154 0.0865995 0.13057443 0.01245007 0.018636018 1.04 
94 88.7046601531424 84.92949263038548 0.086350635 0.12759948 0.012111516 0.018428946 0.89 
95 88.74692347852029 84.86040249433107 0.086045295 0.12666056 0.012264593 0.01673654 0.74 
96 88.76111484022806 84.02689200680273 0.08587847 0.13266516 0.012065922 0.01616999 0.59 
97 88.80446582471492 83.56274801587301 0.08549682 0.1345422 0.012337055 0.01783368 0.44 
98 88.852581791965 84.32628259637188 0.085315466 0.13056158 0.012239367 0.017839957 0.3 
99 88.84398410567489 82.9515660430839 0.08538226 0.13879688 0.012171169 0.017686445 0.15 
