0 89.47437229481984 79.59360827664399 0.08568676 0.15621048 0.027471175 0.018248761 87.79 
1 97.41956827392275 83.4546839569161 0.025226148 0.1266961 0.013740362 0.017103136 86.94 
2 99.80811743583382 83.23146967120181 0.004821853 0.13346627 0.002571646 0.017509136 86.08 
3 99.9605745837124 83.08531746031746 0.0018281062 0.13969919 0.0012277184 0.018018652 85.15 
4 99.97036363135115 82.47324971655328 0.0010876048 0.14618847 0.0010644717 0.020247495 84.1 
5 99.97565122474016 83.65398242630386 0.0008419501 0.14049016 0.0009172602 0.019980172 83.08 
6 99.98203725911836 84.17747307256236 0.00068191014 0.13785544 0.00075161946 0.01989066 86.03 
7 99.98283416728697 83.99146116780045 0.00062965765 0.14381795 0.0007477162 0.022502437 92.74 
8 99.98713100997988 83.96488803854875 0.00055600074 0.14232914 0.00057810254 0.021235816 98.65 
9 99.98807868455876 83.37142148526077 0.00052303215 0.14803489 0.0006530991 0.02097274 103.72 
10 99.98920943263585 82.73720946712018 0.0004972516 0.15299569 0.00057568745 0.020813236 108.06 
11 99.99113708888154 81.84612386621315 0.00047044537 0.16163206 0.00049385004 0.02078538 111.72 
12 99.99225706792932 82.43693310657596 0.00044844957 0.15607612 0.00044360073 0.021525268 114.81 
13 99.99350627532876 81.0577876984127 0.00042741018 0.16682258 0.00045456985 0.021300202 117.36 
14 99.99310782124445 82.23409155328798 0.00043219316 0.1592733 0.0004626147 0.021083122 119.45 
15 99.99422780029222 82.05073696145125 0.0004139112 0.16257705 0.00038284215 0.021731144 121.1 
16 99.99428164543876 82.47767857142857 0.000408567 0.15817797 0.00039428618 0.021961357 122.4 
17 99.99510009166598 82.6264880952381 0.0003971831 0.15573256 0.00037907585 0.021318618 124.2 
18 99.99597238303973 82.43250425170068 0.0003833572 0.15753256 0.00033294637 0.022536056 127.17 
19 99.99525085807626 82.47236394557824 0.00038796684 0.15914308 0.00036248667 0.020471985 129.75 
20 99.99646775838778 82.73012329931973 0.00037147757 0.15417057 0.0003402066 0.021078687 131.89 
21 99.99700620985305 82.97991071428571 0.00036302005 0.15441908 0.0002877834 0.02163913 133.55 
22 99.99698467179445 81.07904620181407 0.00036009477 0.16937923 0.00029517675 0.022674566 134.81 
23 99.99703851694098 82.8125 0.0003580192 0.15504059 0.00028376438 0.022214333 135.69 
24 99.99767388967 82.34304138321995 0.0003503371 0.1566814 0.00023944747 0.020903511 136.26 
25 99.99763081355277 82.39087301587301 0.0003492217 0.15786858 0.0002679794 0.02127897 136.53 
26 99.9974908161718 81.52636054421768 0.00035107924 0.16591907 0.00027602428 0.020973304 136.89 
27 99.99772773481654 81.88066893424036 0.00034811656 0.16215523 0.00023826823 0.021551464 137.79 
28 99.99788927025611 81.29428854875283 0.0003432783 0.16620623 0.00024863495 0.021842042 138.46 
29 99.99834156948694 82.88956207482993 0.0003383234 0.15358801 0.00024457744 0.020654544 138.81 
30 99.99836310754556 82.37492913832199 0.00033600884 0.1557386 0.00026109142 0.020967705 138.88 
31 99.99810465084222 81.41386763038548 0.00033827915 0.16546616 0.00023236498 0.02333359 138.68 
32 99.9986323332782 82.80098497732426 0.00033479606 0.15270856 0.00019443574 0.020641867 138.26 
33 99.99841695269208 82.40238803854875 0.00033415324 0.16030386 0.0001995388 0.021231063 137.64 
34 99.99853541201445 81.55559098639456 0.00033301493 0.16308968 0.00019085531 0.022192163 136.84 
35 99.99865387133681 82.1703160430839 0.00032922512 0.15935744 0.00018030115 0.020772938 135.87 
36 99.99898771124528 82.43781887755102 0.0003268528 0.15582436 0.00017344546 0.021394875 134.77 
37 99.99896617318667 82.4608489229025 0.00032566753 0.1536937 0.00015270269 0.021470249 133.53 
38 99.99888002095223 83.14820719954649 0.00032575484 0.15084226 0.00018444112 0.020677848 132.19 
39 99.9990307873625 82.57245606575964 0.0003233494 0.1527378 0.0001489303 0.021116665 130.74 
40 99.99885848289361 82.23852040816327 0.00032545725 0.15663688 0.00017850328 0.021777384 129.2 
41 99.99909540153834 82.83287273242631 0.00032106994 0.14961962 0.00017932609 0.020282457 127.58 
42 99.99897694221598 82.59194302721089 0.00032256334 0.15281868 0.00015831667 0.021944981 125.9 
43 99.99889078998153 82.20663265306122 0.0003233346 0.15439188 0.0002192194 0.020389546 124.14 
44 99.99908463250902 82.56359835600907 0.0003208911 0.15217674 0.00018894709 0.021268733 122.34 
45 99.99923539891931 82.7389810090703 0.00031768647 0.15108167 0.00016669463 0.021358663 120.48 
46 99.99916001571417 82.30583900226758 0.00031799971 0.15049477 0.00015049186 0.020983674 118.59 
47 99.99921386086069 82.7000070861678 0.00031677604 0.14788316 0.0001644403 0.0205022 116.61 
48 99.99937539630028 82.77264030612245 0.00031651687 0.148165 0.00015801842 0.020571228 111.83 
49 99.99884771386431 82.22434807256236 0.0003208117 0.15417898 0.00017047364 0.02168795 107.12 
50 99.99908463250902 82.24649234693878 0.0003185325 0.15364179 0.00017549348 0.02174192 102.77 
51 99.99917078474347 83.34307681405896 0.00031802926 0.14462948 0.00014770866 0.019673819 98.72 
52 99.99933232018306 82.90462018140589 0.00031601582 0.1477893 0.00013701465 0.020574903 94.95 
53 99.99935385824166 83.19958191609977 0.00031409969 0.14592053 0.0001308328 0.019042876 91.43 
54 99.99918155377277 82.70089285714286 0.00031641222 0.14955534 0.00016526705 0.020342551 88.12 
55 99.99906309445042 83.17389455782313 0.00031788004 0.1463913 0.00018236018 0.02125341 85.0 
56 99.99923539891931 82.49805130385488 0.00031571803 0.15216137 0.00016176661 0.021680007 82.06 
57 99.99912770862625 83.71155753968254 0.00031478071 0.14146683 0.00018966659 0.019991307 79.27 
58 99.99933232018306 82.7983276643991 0.00031410024 0.14668198 0.00012862256 0.021047374 76.61 
59 99.99930001309514 82.65217545351474 0.00031488488 0.1492585 0.00016676386 0.020247715 74.07 
60 99.99923539891931 82.74163832199547 0.00031504084 0.14847746 0.00015854195 0.02119337 71.63 
61 99.99930001309514 82.80187074829932 0.00031386866 0.14941409 0.00015143806 0.020343848 69.29 
62 99.99932155115376 82.5015943877551 0.0003132758 0.1510209 0.00015094991 0.02046578 67.03 
63 99.99896617318667 82.70443594104309 0.0003164015 0.14822057 0.00022230911 0.01961949 64.84 
64 99.99921386086069 82.64154620181407 0.00031352037 0.14963312 0.00017692734 0.020543916 62.71 
65 99.99926770600722 83.19958191609977 0.0003133197 0.1456966 0.00023592952 0.02068021 60.65 
66 99.9994292414468 82.45907738095238 0.0003117816 0.14958814 0.00012940243 0.020528184 58.63 
67 99.99921386086069 82.26775085034014 0.00031242217 0.15259007 0.00015952956 0.019398848 56.66 
68 99.99919232280209 82.49893707482993 0.00031322087 0.15210968 0.00017057048 0.020783149 54.72 
69 99.99932155115376 83.02597080498866 0.00031232936 0.1478333 0.00015268059 0.019711668 52.83 
70 99.99926770600722 82.94093679138322 0.00031271542 0.14665563 0.00014105067 0.02036775 50.96 
71 99.99922462989 81.6264526643991 0.00031174973 0.15490311 0.00013286869 0.020102967 49.11 
72 99.99937539630028 82.81515731292517 0.00031125965 0.14774628 0.00016820143 0.019386731 47.29 
73 99.99919232280209 82.83818735827664 0.00031166454 0.14767937 0.0001770172 0.019627716 45.5 
74 99.99920309183139 82.96662414965986 0.00031286522 0.14747043 0.00014160477 0.020298194 43.72 
75 99.99894463512805 82.37492913832199 0.0003139483 0.15210555 0.00016776776 0.020490186 41.96 
76 99.99911693959695 81.468785430839 0.00031194036 0.16157576 0.00016158046 0.020691829 40.21 
77 99.99934308921236 82.86121740362812 0.00031149806 0.1492844 0.00014341225 0.020258628 38.47 
78 99.9990092493039 81.68491354875283 0.0003128428 0.15906759 0.0001651448 0.02144395 36.75 
79 99.99918155377277 82.23409155328798 0.00031096785 0.15236439 0.00015536578 0.019999456 35.03 
80 99.99928924406584 82.20751842403628 0.00031143104 0.15426981 0.00014329766 0.02022664 33.33 
81 99.9994184724175 81.37577947845806 0.0003088223 0.16016935 0.00012313106 0.020435032 31.63 
82 99.9990307873625 82.42630385487529 0.00031167263 0.15406226 0.00014456325 0.021060312 29.64 
83 99.99918155377277 82.32266865079364 0.0003110243 0.15308656 0.00014071193 0.019894673 27.49 
84 99.99953693173987 81.96304563492063 0.00030887613 0.1550968 0.00010938823 0.020273948 25.45 
85 99.99913847765556 81.73628826530613 0.00031144667 0.15746863 0.0001849168 0.019564409 23.51 
86 99.99938616532958 81.95330215419501 0.0003096732 0.1560672 0.00014965395 0.020419663 21.64 
87 99.99924616794861 82.13399943310658 0.00031095475 0.15426457 0.0001542069 0.021240206 19.84 
88 99.99930001309514 81.95241638321995 0.0003088591 0.15586907 0.00013614174 0.020722894 18.11 
89 99.99933232018306 82.1109693877551 0.0003087637 0.15330541 0.0001496595 0.020416023 16.43 
90 99.99936462727098 82.22611961451247 0.0003098686 0.15532166 0.00013204955 0.021884594 14.8 
91 99.99948308659333 82.06313775510205 0.00030791416 0.15317115 0.00012410653 0.019794194 13.2 
92 99.99924616794861 81.7123724489796 0.00030985614 0.15803957 0.00014445379 0.021014564 11.65 
93 99.99935385824166 82.16234410430839 0.0003081755 0.15631975 0.00014397105 0.020611009 10.12 
94 99.99933232018306 81.59367913832199 0.00030950655 0.15814169 0.00016719986 0.021262255 8.62 
95 99.9994292414468 81.7531179138322 0.00030861382 0.15733016 0.00012396458 0.02046755 7.14 
96 99.99924616794861 82.33064058956916 0.00030831125 0.15325263 0.00014944644 0.019742746 5.68 
97 99.99946154853473 81.31466128117914 0.0003071405 0.1597616 0.00013794696 0.021284219 4.24 
98 99.99930001309514 81.2765731292517 0.0003086197 0.16316517 0.00012928905 0.021304218 2.82 
99 99.99951539368125 81.65391156462584 0.00030657617 0.16081262 0.00012984953 0.021313662 1.4 
