0 80.87237511601697 82.09945436507937 0.1494248 0.1520384 0.022701116 0.011906011 17.45 
1 84.95596534407319 86.25283446712018 0.12024864 0.1237939 0.015364591 0.017006693 17.39 
2 85.94936066361707 81.24734268707483 0.111709855 0.14881036 0.013631734 0.01630429 17.33 
3 86.38012546406789 81.7123724489796 0.107852325 0.14806066 0.013377602 0.016905224 17.25 
4 86.72589747414479 85.37414965986395 0.10474804 0.12489819 0.01319805 0.01643709 17.16 
5 86.94109859785203 81.39969529478458 0.10268426 0.14644364 0.013271783 0.01789814 17.05 
6 87.21032012397242 83.72484410430839 0.10034257 0.13482739 0.013230848 0.016934192 16.94 
7 87.38387944179263 83.95425878684807 0.097969204 0.13335183 0.012965794 0.017139284 16.82 
8 87.62145526717052 83.88073979591837 0.09525686 0.1361732 0.012858765 0.018143168 16.69 
9 87.89197162556351 82.94182256235828 0.092762835 0.13911088 0.012535966 0.015797324 16.56 
10 88.16331667661098 82.37935799319727 0.09041016 0.14418665 0.012395234 0.01857719 16.42 
11 88.47619994696367 83.53528911564626 0.0879201 0.13834216 0.012342151 0.019022249 16.28 
12 88.75883593542827 81.88509778911565 0.08540398 0.14715993 0.011995666 0.018428974 16.13 
13 89.18167636237072 81.44752692743764 0.082137644 0.1541723 0.012037528 0.01861672 15.98 
14 89.59674779567754 81.99759070294785 0.078856334 0.15105838 0.01172785 0.019188533 15.82 
15 90.42787473481835 81.73983134920636 0.07298203 0.14814952 0.011631056 0.01832174 15.67 
16 91.78403026385574 82.92942176870748 0.06297389 0.1420315 0.011051098 0.019780809 15.51 
17 92.76509878016441 81.39526643990929 0.05562754 0.15152168 0.010390049 0.019853 15.34 
18 93.42914056284805 83.14200680272108 0.05089594 0.14198303 0.009881788 0.018765751 15.17 
19 93.9538065997083 82.61585884353741 0.047012843 0.14745823 0.009730917 0.019879768 15.0 
20 94.45796249337046 80.47583616780045 0.043336827 0.16436753 0.009337969 0.01911268 14.83 
21 94.92601846327234 80.35094246031746 0.03990642 0.16648921 0.00904744 0.021401525 14.66 
22 95.37786313312118 79.47580073696145 0.036553834 0.17655471 0.0087737795 0.021988444 14.48 
23 95.77693043953859 82.05073696145125 0.033461247 0.15678257 0.008390757 0.021124965 14.31 
24 96.20272308406258 81.6999716553288 0.03030236 0.15772949 0.0080780545 0.022044206 14.13 
25 96.66466744563776 80.83457341269842 0.026814062 0.16704911 0.007717999 0.021779288 13.95 
26 97.00489757358791 82.09856859410431 0.024226401 0.15664607 0.007351187 0.020985845 13.77 
27 97.37097255369929 80.41383219954649 0.02142869 0.16994403 0.007007671 0.022263864 13.59 
28 97.66386361376293 81.23405612244898 0.019088238 0.165254 0.0066034957 0.021094328 13.41 
29 97.971671141607 82.14551445578232 0.016630562 0.15680714 0.0060464465 0.021667637 13.23 
30 98.27466189339698 78.83361678004535 0.014298655 0.18767934 0.005775457 0.02206815 13.05 
31 98.507835289048 81.62379535147392 0.012327991 0.16466069 0.005217375 0.02304848 12.86 
32 98.7384708134447 80.31285430839003 0.010499105 0.17594941 0.0048865178 0.021965485 12.68 
33 98.90607390281093 80.66804846938776 0.009123962 0.1723989 0.004647924 0.021443741 12.5 
34 99.07595589697694 81.80094954648526 0.007743607 0.16322288 0.004173749 0.021483535 12.32 
35 99.21460653672766 80.16493055555556 0.00658176 0.17800029 0.0038559195 0.022857552 12.13 
36 99.31410144855477 79.93640164399093 0.0057627503 0.18193132 0.003645028 0.023660088 11.95 
37 99.41691113099974 80.47052154195012 0.00492059 0.17739217 0.0034222452 0.022863818 11.76 
38 99.47631803566694 79.54223356009071 0.00441984 0.18525513 0.0032383092 0.024487773 11.58 
39 99.5571673627685 80.43509070294785 0.0037790367 0.1791397 0.0029956626 0.022456732 11.39 
40 99.61367384314505 78.75566893424036 0.003284421 0.19362143 0.0027298457 0.023688605 11.21 
41 99.64278167263325 81.6016510770975 0.0030219832 0.16676775 0.0026148523 0.02279341 11.03 
42 99.66847114492177 80.38105867346938 0.0027879262 0.17865457 0.0026286256 0.023065357 10.84 
43 99.70296547666402 80.33056972789116 0.0024821393 0.18047883 0.002407676 0.022194052 10.65 
44 99.73404145120658 78.62723214285714 0.0022329094 0.19618136 0.0023408774 0.024079174 10.47 
45 99.75771098514983 80.94263747165533 0.0020337172 0.17285515 0.002271447 0.02176082 10.29 
46 99.77459559798461 79.12680697278911 0.0018811268 0.18950942 0.0021088654 0.02407588 10.1 
47 99.8059305389817 78.64760487528345 0.0016395744 0.19591813 0.0019445787 0.022635395 9.91 
48 99.81333697958101 81.2092545351474 0.0015599886 0.1721966 0.0019541928 0.022615988 9.73 
49 99.82861600039777 80.93643707482993 0.0014378892 0.1753851 0.0018642097 0.022563472 9.54 
50 99.83483119530628 81.09233276643991 0.0013925412 0.17268117 0.0020011456 0.022442454 9.35 
51 99.84151252983294 83.27752976190476 0.001329243 0.15365164 0.0018284088 0.021896949 9.16 
52 99.85269988066825 80.23047760770974 0.0012250871 0.18149415 0.001700016 0.024213009 8.98 
53 99.86507847719437 80.19681831065759 0.001131649 0.18145856 0.0016577673 0.023339108 8.79 
54 99.86461233757623 80.16670209750566 0.0011392784 0.18269467 0.0017548904 0.023319647 8.6 
55 99.86476771744896 82.51576672335601 0.0011347394 0.16064414 0.0018371749 0.020744182 8.41 
56 99.87776783346592 81.09144699546485 0.0010239058 0.17408915 0.001654551 0.022455093 8.22 
57 99.88729779899231 78.12057114512471 0.00095589535 0.20149902 0.0015548924 0.024544662 8.04 
58 99.89102691593742 81.38729450113378 0.000915346 0.17109317 0.0015288601 0.021910483 7.85 
59 99.89465244630071 81.3483205782313 0.00088304887 0.17145066 0.0015184836 0.022443706 7.67 
60 99.89579189870061 80.92580782312925 0.0008845367 0.17573513 0.0016202669 0.024211196 7.48 
61 99.89952101564572 81.23848497732426 0.00084940443 0.17257757 0.0015077671 0.022386225 7.29 
62 99.90325013259083 77.53241921768708 0.0008059707 0.20561756 0.0014125252 0.023724215 7.11 
63 99.91060477989923 81.00109835600907 0.0007532343 0.17501828 0.0014519185 0.021808824 6.92 
64 99.90713462940865 81.42892573696145 0.0007821304 0.17054504 0.0014944536 0.023595437 6.74 
65 99.91298727128083 82.57777069160997 0.0007336059 0.16124693 0.0014231228 0.021963809 6.55 
66 99.91536976266242 80.23844954648526 0.00070883724 0.18330187 0.0014123983 0.022443423 6.36 
67 99.91707894126226 80.64413265306122 0.0006939129 0.17747754 0.0013344344 0.023541667 6.17 
68 99.92629814704323 81.9781037414966 0.000620373 0.16669445 0.0013271266 0.02210956 5.98 
69 99.92381206907982 80.36422902494331 0.00063251244 0.18030792 0.0012896047 0.022081941 5.8 
70 99.92453717515248 80.15075821995465 0.00063635036 0.18269366 0.0013159814 0.022424936 5.61 
71 99.92697145982498 81.0250141723356 0.00061839295 0.17473213 0.0013253451 0.021230098 5.42 
72 99.93194361575179 82.00290532879819 0.00056936394 0.16603665 0.001322052 0.02116898 5.23 
73 99.93655321864227 81.42272534013605 0.0005363032 0.17013818 0.0011856555 0.022133807 5.05 
74 99.93204720233359 79.97006094104309 0.0005564204 0.18436648 0.00128707 0.024174703 4.86 
75 99.93468866016971 81.73274518140589 0.00054883154 0.1694299 0.0012500187 0.021212727 4.67 
76 99.93878033015115 80.42268990929705 0.0005314623 0.18048654 0.0012565679 0.022743782 4.48 
77 99.93940184964201 82.43339002267574 0.000497468 0.1622475 0.0011444617 0.021477818 4.3 
78 99.93888391673296 82.03479308390023 0.00051531324 0.16602731 0.0011911805 0.021059588 4.11 
79 99.93857315698753 81.06487386621315 0.0004999723 0.17515965 0.0011315322 0.022395452 3.91 
80 99.94401145253248 81.58836451247166 0.0004759257 0.16964956 0.0011269655 0.02111254 3.69 
81 99.94359710620525 81.6999716553288 0.00046671732 0.16933689 0.00112311 0.021841591 3.47 
82 99.94603139087775 82.71683673469387 0.00045598947 0.16031753 0.0011720108 0.02079486 3.27 
83 99.94846567555025 81.94444444444444 0.0004302399 0.1674209 0.0010522533 0.023164168 3.07 
84 99.94831029567754 82.60522959183673 0.0004304251 0.16140984 0.0010493407 0.022591043 2.87 
85 99.94504731835057 79.67687074829932 0.00046724896 0.18854935 0.0011156801 0.022605224 2.67 
86 99.94996768098648 81.18799603174604 0.0004238782 0.17243578 0.0011965404 0.02225403 2.48 
87 99.94836208896844 79.2844742063492 0.0004260766 0.1909199 0.0011754365 0.02196172 2.3 
88 99.95473266374967 81.4156391723356 0.0003734324 0.17134264 0.00095580186 0.02213543 2.11 
89 99.95312707173164 81.3093466553288 0.00039692465 0.17166653 0.0010661933 0.022589669 1.93 
90 99.9574777081676 83.04545776643991 0.0003505556 0.15733406 0.000986232 0.023559462 1.75 
91 99.95302348514983 82.52551020408163 0.00039004366 0.16190793 0.0010443571 0.022125801 1.57 
92 99.95897971360382 80.99489795918367 0.00034530336 0.17701375 0.0009792031 0.022444349 1.39 
93 99.95820281424025 81.21545493197279 0.00034473604 0.1734375 0.0009781125 0.021224227 1.21 
94 99.95830640082207 81.3500921201814 0.00035870099 0.17318818 0.0010358554 0.022164633 1.04 
95 99.95856536727659 82.31203939909297 0.00033864827 0.16470064 0.000990778 0.02232446 0.86 
96 99.95711515513126 80.25882227891157 0.00035605623 0.18318245 0.0010122681 0.023149293 0.69 
97 99.95426652413153 82.156143707483 0.00037216092 0.16506854 0.0010287752 0.022440182 0.52 
98 99.96146579156722 82.60434382086167 0.0003271971 0.1603382 0.0009507841 0.02324266 0.34 
99 99.95897971360382 81.28808815192744 0.00033477103 0.1729852 0.00094972894 0.022938943 0.17 
