0 83.89979655595333 86.93487811791383 0.12832652 0.114688314 0.03187287 0.015116294 16.68 
1 88.00923163617078 83.95337301587301 0.09589406 0.12849006 0.013110932 0.016107801 17.36 
2 88.46723970763723 84.63098781179139 0.09159577 0.12482087 0.0128165 0.016252477 17.94 
3 88.80441403142403 85.08007369614512 0.08832221 0.121177174 0.012663805 0.01778661 18.44 
4 89.2662548064174 83.13314909297053 0.08430073 0.13108331 0.012406063 0.015685761 18.85 
5 89.85374610514452 82.21283304988663 0.07959236 0.13934411 0.012201568 0.016472928 19.19 
6 90.56372853686025 82.57599914965986 0.07400317 0.13627788 0.011898734 0.017594876 19.46 
7 91.1514788020419 82.25535005668934 0.069353156 0.14020708 0.011819868 0.01787787 19.67 
8 91.99819552174489 84.59644274376417 0.062385004 0.1278579 0.011300698 0.017533198 19.83 
9 93.30887654136833 84.15089994331066 0.052027382 0.12825228 0.010942899 0.018079283 19.96 
10 94.80093766573853 84.49369331065759 0.040658332 0.12729241 0.009853264 0.017983684 20.05 
11 96.45371337178467 85.59116354875283 0.028516185 0.12322955 0.009026797 0.019208388 20.09 
12 97.74248582935562 83.67081207482993 0.018682957 0.14122333 0.0072016083 0.019949656 20.1 
13 98.45956394192523 85.06501558956916 0.012937469 0.13150394 0.006147217 0.018803377 20.09 
14 98.86360340426943 84.03132086167801 0.009650809 0.13706477 0.0057928623 0.020207964 20.05 
15 99.19388922036595 83.03660005668934 0.0069037005 0.15070404 0.004660897 0.02161688 19.99 
16 99.40727757889154 81.50510204081633 0.005080838 0.16471457 0.003893448 0.022133823 19.9 
17 99.54706767104216 81.71060090702947 0.0039197486 0.1626215 0.0038143077 0.02019188 19.79 
18 99.65629972155926 82.06579506802721 0.0030019912 0.15868995 0.0033444148 0.020953823 19.68 
19 99.72409713935296 82.03745039682539 0.0024412454 0.15907383 0.002962154 0.020768492 19.54 
20 99.76687839763989 83.92857142857143 0.0020564361 0.14267437 0.0026859792 0.020988388 19.39 
21 99.80385880734553 83.85062358276645 0.0017485187 0.1415969 0.0024191123 0.019600738 19.22 
22 99.82597454256165 82.62737386621315 0.0015315089 0.15618557 0.0024228673 0.022052046 19.05 
23 99.83690292694246 84.15444302721089 0.0014428033 0.14290424 0.002718009 0.020947697 18.87 
24 99.85622182444975 83.96488803854875 0.0012739908 0.14403214 0.002417706 0.020114325 18.69 
25 99.8763694146115 83.19160997732426 0.0010917174 0.15235485 0.0020486785 0.020711394 18.49 
26 99.89346120060992 87.30335884353741 0.0009185267 0.11579407 0.0017346642 0.019827928 18.29 
27 99.9079115287722 83.37053571428571 0.00080717506 0.14971817 0.0018190553 0.021015171 18.08 
28 99.91972039909838 79.07631802721089 0.0006940308 0.18865535 0.0016036427 0.022936843 17.87 
29 99.92417462211615 83.52111678004535 0.0006631215 0.14890702 0.0017632972 0.021735085 17.66 
30 99.92997547069743 82.61142998866214 0.00060706655 0.15831554 0.0014507878 0.021644149 17.43 
31 99.93354920776983 84.65844671201815 0.0005712371 0.13859577 0.001645932 0.019043386 17.21 
32 99.935620939406 84.48926445578232 0.0005584322 0.13961591 0.0015062926 0.019916046 16.98 
33 99.94499552505967 84.89760487528345 0.00048000796 0.13411231 0.001385188 0.020210335 16.75 
34 99.9476887761867 82.1109693877551 0.00045683736 0.16226605 0.0013461697 0.021749249 16.52 
35 99.94696367011403 84.70184948979592 0.00045979716 0.13791521 0.0016337379 0.020794678 16.28 
36 99.95773667462211 84.04017857142857 0.00036873174 0.1463915 0.0012095607 0.020698817 16.04 
37 99.95442190400425 85.14916383219955 0.0003981502 0.13373993 0.0013575268 0.02082298 15.8 
38 99.95333424489526 83.93654336734694 0.00039698678 0.1440353 0.0015123619 0.021158256 15.55 
39 99.95794384778573 84.06763747165533 0.00036141273 0.14267617 0.0011439504 0.021192202 15.31 
40 99.96648974078494 82.9108205782313 0.00028188998 0.15217647 0.001061032 0.021329109 15.07 
41 99.97001168456643 83.10923327664399 0.0002622554 0.15398034 0.0015074015 0.021779254 14.82 
42 99.96628256762132 85.45209750566893 0.0002941443 0.13111144 0.0015065429 0.01898048 14.57 
43 99.9671630535667 84.33071145124717 0.00028467874 0.1410953 0.0013493052 0.019778648 14.32 
44 99.96768098647574 83.8984552154195 0.0002763129 0.14606817 0.0010367738 0.021813763 14.08 
45 99.96550566825776 85.94104308390023 0.00029469983 0.12846516 0.0011236564 0.019781243 13.84 
46 99.97715915871122 82.31381094104309 0.00019423554 0.160843 0.0009428536 0.02081686 13.59 
47 99.97617508618404 83.1889526643991 0.0002022993 0.15185083 0.0010893054 0.022183105 13.34 
48 99.96897581874835 84.80814200680273 0.00026468912 0.1385719 0.0010521872 0.020393722 13.09 
49 99.97032244431185 85.14562074829932 0.00025546658 0.13572891 0.0014957645 0.020800447 12.84 
50 99.9733782484752 85.09956065759637 0.00023098767 0.13382283 0.0011065409 0.019775588 12.59 
51 99.97265314240255 84.50786564625851 0.0002307135 0.14195496 0.0009324203 0.020280553 12.33 
52 99.97835040440202 84.25984977324264 0.00019004298 0.14331903 0.0008566557 0.020412982 12.08 
53 99.97596791302041 84.90823412698413 0.00020066237 0.13729359 0.0008094242 0.020078765 11.83 
54 99.97648584592946 84.66641865079364 0.00019790817 0.13899225 0.0007859042 0.019386407 11.57 
55 99.98321897374701 86.09428146258503 0.0001441174 0.12757508 0.0008583779 0.020355865 11.32 
56 99.97886833731106 83.36699263038548 0.00017831523 0.15079825 0.0010807142 0.021341417 11.06 
57 99.98596401816495 85.48841411564626 0.0001272215 0.13348408 0.00084779365 0.02066965 10.81 
58 99.98845009612835 84.52203798185941 0.00010350586 0.14249073 0.0005463248 0.02089479 10.55 
59 99.98114724211085 85.03578514739229 0.00016324458 0.13692096 0.00084499293 0.020857641 10.27 
60 99.97627867276584 85.82146400226758 0.00020567655 0.12913276 0.00086283963 0.018384125 9.94 
61 99.98233848780164 84.35994189342404 0.00014828659 0.14282945 0.00069974316 0.020182142 9.62 
62 99.98218310792893 85.32986111111111 0.00015083117 0.13284768 0.0010768331 0.020266516 9.31 
63 99.99197203990984 85.30505952380952 7.240048e-05 0.13662052 0.0004809688 0.020381942 9.01 
64 99.98881264916467 85.72845804988663 9.808654e-05 0.13182782 0.00065776875 0.01859503 8.72 
65 99.98140620856536 85.35200538548753 0.00015799094 0.13426754 0.0008478339 0.021099184 8.44 
66 99.97892013060196 83.79482001133786 0.00018170777 0.1479928 0.0008322829 0.019427054 8.16 
67 99.98586043158313 86.36267006802721 0.00012085484 0.123992704 0.0008533575 0.018682621 7.89 
68 99.98285642071069 84.79308390022676 0.00014984354 0.13949251 0.0007673704 0.020586971 7.62 
69 99.98632657120127 86.44593253968254 0.00011749268 0.123817 0.00065139827 0.018905234 7.36 
70 99.98580863829223 84.8311720521542 0.00012160588 0.13845183 0.00061137625 0.02170288 7.1 
71 99.98513532551047 85.48929988662131 0.00013294644 0.1323678 0.0008896006 0.019877447 6.85 
72 99.99564936356404 85.27671485260771 3.8824095e-05 0.13646255 0.00033726636 0.019850638 6.6 
73 99.98565325841952 85.4937287414966 0.00012113767 0.13245499 0.0007902603 0.01851654 6.35 
74 99.9865855376558 84.88431831065759 0.00011348567 0.13861246 0.00074150524 0.019830247 6.05 
75 99.98114724211085 85.9499007936508 0.00016412656 0.1297951 0.00093119306 0.020001471 5.69 
76 99.98591222487404 85.58053429705215 0.00012488886 0.13124615 0.000746925 0.019867558 5.34 
77 99.98586043158313 84.45383361678005 0.00012682167 0.14349635 0.0006973565 0.02056904 5.0 
78 99.99554577698223 85.40072278911565 4.2028245e-05 0.1348233 0.00035480867 0.019382074 4.69 
79 99.98694809069212 83.77001842403628 0.00011537699 0.14959499 0.00071834924 0.021197464 4.39 
80 99.98674091752851 86.8578160430839 0.000114117334 0.12126594 0.0006482538 0.019592224 4.11 
81 99.98891623574649 84.250106292517 9.5172145e-05 0.14533384 0.00071609655 0.02030289 3.84 
82 99.98834650954655 84.4485189909297 0.000100852354 0.14169756 0.0007289908 0.020406537 3.55 
83 99.99217921307346 84.95960884353741 6.7996334e-05 0.13841993 0.00044456427 0.021793054 3.28 
84 99.98850188941925 85.2953160430839 9.6352494e-05 0.13369986 0.00062752754 0.020738604 3.02 
85 99.99409556483691 86.31838151927438 4.7259095e-05 0.12616968 0.00033700347 0.019829715 2.78 
86 99.99228279965526 85.00566893424036 6.88329e-05 0.13776273 0.00052675174 0.020696057 2.55 
87 99.98529070538319 85.84980867346938 0.00012730375 0.13021483 0.00072689465 0.01989207 2.33 
88 99.98762140347388 85.36352040816327 0.00010613877 0.13429569 0.0005594287 0.02011327 2.12 
89 99.99109155396447 85.98887471655328 7.729924e-05 0.1289944 0.00064838526 0.021177849 1.91 
90 99.99160948687351 86.08010912698413 7.371555e-05 0.12799181 0.00050552137 0.019162176 1.72 
91 99.99192024661893 85.10841836734694 7.0066744e-05 0.13776925 0.00056527834 0.019846108 1.53 
92 99.98751781689207 85.30594529478458 0.00010887796 0.13555801 0.00061512366 0.021864409 1.34 
93 99.99088438080085 80.83014455782313 8.025088e-05 0.1739491 0.00059328583 0.02228958 1.17 
94 99.99114334725537 86.00747590702947 7.864185e-05 0.12861761 0.0005758381 0.019483507 0.99 
95 99.99145410700079 85.3484623015873 7.249738e-05 0.13546892 0.0004946283 0.020071166 0.82 
96 99.98891623574649 85.59470663265306 8.789683e-05 0.13279808 0.00058632554 0.019982034 0.65 
97 99.9927489392734 86.39455782312925 5.793128e-05 0.1247731 0.00039647162 0.019470952 0.48 
98 99.99305969901883 85.84449404761905 6.070873e-05 0.12874961 0.00055137125 0.019629568 0.32 
99 99.98720705714665 86.82238520408163 0.00010758635 0.12108382 0.00060045946 0.018225329 0.16 
