0 87.82792771138313 82.4750212585034 0.09849752 0.13333733 0.022525249 0.016345864 106.12 
1 94.93612242577123 81.4156391723356 0.043412168 0.14440443 0.016780946 0.017604813 105.04 
2 99.00122637705732 80.52543934240363 0.012878903 0.15163171 0.005456352 0.018127307 103.95 
3 99.72926660325862 82.8514739229025 0.0054191016 0.14062631 0.0023377545 0.019039173 102.86 
4 99.89630501681691 83.14732142857143 0.0029740436 0.13839957 0.0014676213 0.01856512 101.77 
5 99.94936402420534 84.11901218820861 0.0018431181 0.13366748 0.0010382253 0.019633116 100.69 
6 99.96370837124032 83.67789824263039 0.0012926073 0.13991788 0.00090059626 0.020205956 99.6 
7 99.96960979929976 85.2545705782313 0.0010038301 0.12897483 0.0009044389 0.018875763 98.53 
8 99.97694350825682 84.98086734693878 0.0008311704 0.13402621 0.00073642074 0.02040946 97.45 
9 99.97879578129738 84.5999858276644 0.0007376422 0.13608275 0.0007057338 0.01897699 96.39 
10 99.98197264494252 84.68767715419501 0.0006611864 0.13806629 0.0006355753 0.021079985 95.3 
11 99.98321108331265 83.20135345804988 0.00061270845 0.14662117 0.0006252448 0.020135218 94.24 
12 99.98570949811155 83.51491638321995 0.0005670383 0.14719403 0.0006044364 0.021435902 93.15 
13 99.98700178162821 82.48653628117914 0.000532908 0.15533856 0.0005738752 0.021670518 92.07 
14 99.9887355953464 82.44136196145125 0.0005060713 0.15327859 0.00049489463 0.021275328 91.01 
15 99.9887463643757 83.85682397959184 0.00048804694 0.14413126 0.0005056227 0.020851033 89.94 
16 99.99018941430265 83.25272817460318 0.00046617576 0.15046264 0.00044072318 0.020929426 88.88 
17 99.98988788148209 81.26682964852608 0.0004576494 0.1644945 0.0004815736 0.02262271 87.82 
18 99.9910724747057 82.93473639455782 0.00044405472 0.15394723 0.00050577824 0.020437704 86.76 
19 99.99154631199515 83.07734552154194 0.00043471213 0.1527622 0.00044450452 0.019268837 85.7 
20 99.99275244327737 83.26424319727892 0.0004158372 0.15013723 0.0004462255 0.022031968 84.64 
21 99.99330166377194 83.32181831065759 0.0004029959 0.15003608 0.00038587413 0.02080351 83.6 
22 99.99346319921153 82.84084467120181 0.0004011505 0.15278864 0.00035232396 0.021374507 82.53 
23 99.99393703650098 82.96750992063492 0.00039212973 0.15343231 0.00037768632 0.020404223 81.48 
24 99.9949493252557 83.21286848072562 0.00037824878 0.15098661 0.0003478777 0.02081147 80.41 
25 99.99507855360737 82.44313350340136 0.00037512716 0.15834816 0.0003435143 0.022148527 79.35 
26 99.99479855884542 81.30048894557824 0.0003721768 0.16543977 0.00037812802 0.021360518 78.29 
27 99.99535854836931 82.97193877551021 0.00036598588 0.15418957 0.0003506761 0.022348562 77.23 
28 99.99583238565876 82.85413123582767 0.0003594352 0.15407585 0.00030247797 0.021169817 76.17 
29 99.99603699721555 82.76821145124717 0.0003540077 0.15648443 0.00032369056 0.022734797 75.13 
30 99.99543393157445 81.18356717687075 0.00035934206 0.16985506 0.00033070365 0.020890422 74.07 
31 99.99718928335125 83.19603883219955 0.00033742975 0.15229414 0.00028420484 0.02063874 73.01 
32 99.99642468227056 80.11621315192744 0.00034563348 0.1759611 0.0003067 0.022128778 71.95 
33 99.99684467441348 82.26509353741497 0.00034149244 0.16027649 0.00026410812 0.02403516 70.9 
34 99.99712466917542 81.81157879818593 0.00033556137 0.16292618 0.00026764994 0.020710234 69.85 
35 99.99702774791167 82.74783871882086 0.0003353698 0.15579106 0.00026253128 0.02076288 68.78 
36 99.99797542249055 82.44667658730158 0.00032329356 0.15727623 0.00024065099 0.020587593 67.72 
37 99.99779234899236 82.58219954648526 0.00032458027 0.15590248 0.00024615502 0.02064845 66.67 
38 99.9980508056957 83.1234056122449 0.00032100547 0.15065187 0.0002180931 0.020892972 65.6 
39 99.99757696840625 82.41124574829932 0.00032645 0.15983011 0.00024028662 0.021549692 64.56 
40 99.99811541987152 82.58574263038548 0.00031871803 0.15504563 0.00019998646 0.021090768 63.49 
41 99.99824464822319 82.80275651927438 0.0003160513 0.15394692 0.00020606095 0.01993045 62.45 
42 99.99782465608028 82.24294926303855 0.00031702354 0.15939915 0.00023805496 0.020577751 61.39 
43 99.99814772695944 82.84173044217687 0.00031373816 0.15474507 0.00021772725 0.022152465 60.34 
44 99.99800772957848 82.41567460317461 0.00031715832 0.15732186 0.00022334972 0.02144015 59.28 
45 99.99856771910237 83.08531746031746 0.00030704468 0.1503199 0.00018237588 0.021354625 58.22 
46 99.99795388443195 82.35455640589569 0.000313879 0.15767813 0.00022671308 0.021479748 57.15 
47 99.99853541201445 82.3359552154195 0.0003093277 0.15867999 0.00018188694 0.02100416 56.1 
48 99.99857848813167 82.41390306122449 0.0003060145 0.15629975 0.00018158778 0.020981448 55.03 
49 99.99856771910237 82.44933390022676 0.0003059052 0.15655984 0.00018488565 0.021153549 53.98 
50 99.9986431023075 82.34481292517007 0.0003028898 0.15988055 0.00017095638 0.022004036 52.92 
51 99.99882617580569 82.0188492063492 0.0003021277 0.16100655 0.00017147418 0.021230612 51.86 
52 99.99891232804013 81.99936224489795 0.0003008615 0.15822281 0.00017405642 0.02080787 50.8 
53 99.99893386609875 82.9515660430839 0.0002995592 0.15174782 0.00016567207 0.02020328 49.74 
54 99.99853541201445 82.34304138321995 0.0003034042 0.1563407 0.00019312941 0.020249343 48.67 
55 99.99876156162986 82.90373441043084 0.0003012334 0.15272096 0.00017349272 0.021437438 47.62 
56 99.99885848289361 81.60253684807256 0.00030126222 0.16392678 0.00016335119 0.022622176 46.56 
57 99.99874002357124 82.60522959183673 0.00030002976 0.15361774 0.00018268348 0.020849915 45.5 
58 99.99851387395583 81.73185941043084 0.00030251397 0.16270737 0.00018437169 0.02076933 44.44 
59 99.99881540677639 82.41833191609977 0.0003000971 0.15612984 0.00017089136 0.020962782 43.38 
60 99.998836944835 82.18891723356009 0.000298288 0.15627699 0.00016860783 0.021251835 42.07 
61 99.99912770862625 82.15968679138322 0.00029602382 0.15964654 0.00015034107 0.019985875 40.74 
62 99.99890155901083 82.09591128117914 0.00029782695 0.16065346 0.00015293248 0.022921097 39.46 
63 99.9990415563918 81.1392786281179 0.0002961175 0.16544662 0.00016618002 0.021053195 38.08 
64 99.99909540153834 82.65571853741497 0.00029334874 0.15436271 0.0001501461 0.020756802 36.3 
65 99.99881540677639 82.0188492063492 0.0002950876 0.15776375 0.00017500413 0.020731855 34.64 
66 99.99926770600722 81.53610402494331 0.0002926591 0.161182 0.0001487972 0.021916654 33.07 
67 99.99930001309514 82.1171697845805 0.00029148514 0.15730552 0.00014101162 0.020991545 31.59 
68 99.99927847503653 81.7407171201814 0.0002903731 0.16032755 0.00014533145 0.021265721 30.19 
69 99.99895540415736 81.14636479591837 0.00029346382 0.16513124 0.00018670909 0.021459304 28.87 
70 99.99936462727098 81.1968537414966 0.0002898869 0.16202156 0.00014732692 0.020711241 27.6 
71 99.99921386086069 81.27303004535148 0.00029011787 0.16280504 0.00013021863 0.021735879 26.39 
72 99.99930001309514 82.0454223356009 0.00028946096 0.1596265 0.00013754943 0.021114467 25.23 
73 99.99930001309514 82.38821570294785 0.00029009374 0.15740548 0.00014250493 0.020784553 24.11 
74 99.99927847503653 81.64859693877551 0.00029026245 0.1608718 0.00015729605 0.021532798 23.03 
75 99.99919232280209 81.80272108843538 0.0002898941 0.15876158 0.00014176765 0.021082291 21.98 
76 99.99920309183139 82.16234410430839 0.00028921134 0.15729874 0.00015717844 0.020591727 20.95 
77 99.99925693697791 81.44044075963718 0.0002874829 0.16157272 0.00014026495 0.02023941 19.95 
78 99.9994184724175 81.67428429705215 0.00028591204 0.16076088 0.00013327296 0.02066166 18.97 
79 99.99920309183139 81.54673327664399 0.00028950843 0.1629919 0.00014286012 0.020438576 18.02 
80 99.99936462727098 81.13396400226758 0.00028584557 0.16600075 0.00014217611 0.020362996 17.08 
81 99.99927847503653 81.94267290249434 0.00028722014 0.15867554 0.00014972786 0.021979306 16.16 
82 99.9994292414468 81.7407171201814 0.00028481154 0.1586452 0.00012052077 0.021166565 15.25 
83 99.99935385824166 81.49270124716553 0.00028495237 0.16214536 0.00012558716 0.022143176 14.35 
84 99.99950462465195 81.29871740362812 0.0002838257 0.16396493 0.0001251882 0.021159977 13.47 
85 99.99946154853473 81.63531037414965 0.00028384975 0.15965536 0.00011895261 0.020724393 12.59 
86 99.99967692912084 81.54673327664399 0.00028197223 0.15907769 9.9429046e-05 0.020453578 11.73 
87 99.99934308921236 81.14016439909297 0.0002846683 0.16224831 0.00013938083 0.022375008 10.87 
88 99.99933232018306 81.29960317460318 0.00028465374 0.16208087 0.0001660779 0.02007876 10.01 
89 99.99938616532958 80.72119472789116 0.0002836882 0.16608372 0.00012252889 0.021039134 9.16 
90 99.99954770076917 79.33939200680273 0.00028248996 0.17789403 0.0001114487 0.021471534 8.31 
91 99.99938616532958 80.50860969387755 0.00028323074 0.16700013 0.00012819102 0.020155651 7.47 
92 99.99938616532958 77.08776218820861 0.00028282657 0.19051352 0.000116367766 0.022365902 6.63 
93 99.9994292414468 81.32794784580499 0.000282609 0.16307656 0.00015939478 0.020128027 5.8 
94 99.9994400104761 81.3155470521542 0.00028117816 0.16234742 0.00012135414 0.021193337 4.96 
95 99.99948308659333 81.26328656462584 0.00028211196 0.16394524 0.00011563056 0.020960182 4.13 
96 99.9994184724175 80.43420493197279 0.0002827739 0.17062914 0.00012858887 0.021187333 3.3 
97 99.9994400104761 81.21545493197279 0.00028174088 0.16292737 0.00014248509 0.019311523 2.46 
98 99.99946154853473 80.00106292517007 0.00028045443 0.16965179 0.00013210445 0.021125548 1.62 
99 99.9994184724175 80.92935090702947 0.0002809009 0.16636248 0.000121710706 0.021074414 0.8 
