0 80.42986303517768 80.1764455782313 0.15279704 0.15743919 0.020969752 0.01444869 45.26 
1 81.09801668941085 80.57681405895691 0.14396407 0.15485676 0.014289749 0.013749032 44.95 
2 81.39536035756623 80.67602040816327 0.14130877 0.15653652 0.014020805 0.014213852 44.64 
3 81.56538179224216 81.1109339569161 0.13995555 0.15437418 0.014033452 0.015449145 44.27 
4 81.7012223279023 81.06930272108843 0.13910805 0.1554082 0.013973353 0.014360109 43.75 
5 81.80085738703718 81.33060515873017 0.13842009 0.15358344 0.014030595 0.014804421 43.33 
6 81.88510350329446 81.12156320861678 0.13790621 0.15423727 0.01395493 0.014583061 42.92 
7 81.93106572037053 81.24911422902494 0.13764131 0.15152878 0.013854718 0.014045037 42.52 
8 82.00655661580238 81.17913832199547 0.13719265 0.15469973 0.013831013 0.014242293 42.1 
9 82.06144635817274 81.0719600340136 0.13687192 0.15602636 0.013827332 0.014742586 41.69 
10 82.11871605601962 81.27834467120181 0.13653803 0.1542272 0.013875912 0.014718282 41.26 
11 82.13941413034489 81.0985331632653 0.13649245 0.15480891 0.01382938 0.014464449 40.84 
12 82.17234582196124 81.31288973922902 0.1362498 0.15337865 0.0138870245 0.01493427 40.4 
13 82.2280001654123 81.24645691609977 0.13600141 0.15348566 0.013858801 0.014509367 39.98 
14 82.23459081134729 81.14813633786848 0.1359653 0.15304624 0.013924028 0.015082443 39.54 
15 82.27394084442975 81.41121031746032 0.1356726 0.15120564 0.013882793 0.015164721 39.11 
16 82.30665715545999 81.43955498866214 0.13558938 0.15292361 0.013887433 0.013891338 38.66 
17 82.34588872922008 81.38640873015873 0.1352674 0.15269622 0.013890007 0.014384405 38.22 
18 82.9810999228076 82.38555839002268 0.13114238 0.1410285 0.0141463615 0.014449352 37.77 
19 84.35888953215891 83.67258361678005 0.12295573 0.13103291 0.013867521 0.01340173 37.32 
20 84.9829763184738 84.09775368480726 0.11929132 0.13296436 0.013636053 0.011982394 36.87 
21 85.3194331010669 84.18721655328798 0.117228545 0.1276304 0.0136346 0.012780365 36.42 
22 85.52505694662696 83.41836734693878 0.116005905 0.13626003 0.013440758 0.013871714 35.96 
23 85.97179935833816 84.81434240362812 0.112852134 0.12328088 0.013563852 0.013087696 35.51 
24 87.2090100591349 85.00124007936508 0.103736036 0.11957102 0.013211939 0.013903084 35.05 
25 88.04318983817164 83.85859552154194 0.096843705 0.12750234 0.012512297 0.014373757 34.59 
26 88.5716584132826 84.87723214285714 0.09303184 0.118012324 0.012146608 0.013942887 34.12 
27 88.89562312188129 86.34318310657596 0.09085916 0.107926294 0.01211211 0.012308409 33.67 
28 89.19755439652083 86.18817318594104 0.08882698 0.109216385 0.011866771 0.01336469 33.2 
29 89.41471187246712 86.98802437641723 0.087264866 0.10534707 0.01186981 0.012540557 32.74 
30 89.58261180836986 86.40430130385488 0.08608594 0.10752407 0.011725878 0.012580395 32.27 
31 89.74828255520636 85.41400935374149 0.084938526 0.1137214 0.011645449 0.011893445 31.81 
32 89.87064026617594 86.70546343537416 0.08402181 0.106263675 0.011544954 0.013297219 31.35 
33 89.95421870261627 85.29265873015873 0.08335735 0.11455218 0.01149085 0.013844522 30.88 
34 90.05019229178728 83.93920068027211 0.082623065 0.121859975 0.011340444 0.013153642 30.42 
35 90.14167519573788 85.5344742063492 0.08189912 0.11396996 0.011260357 0.012806739 29.95 
36 90.19138503501227 85.95432964852608 0.08143849 0.11134795 0.011203658 0.013317322 29.49 
37 90.26361291456455 86.38304280045351 0.08088454 0.109926604 0.011256725 0.013660092 29.03 
38 90.32104414785101 85.79223356009071 0.080354564 0.11439112 0.011096482 0.013625098 28.58 
39 90.3965565813415 85.79311933106575 0.07980681 0.11260003 0.01102483 0.013524242 28.11 
40 90.40839174454828 85.53004535147392 0.07961138 0.11689548 0.0110246055 0.014378249 27.65 
41 90.51460668058887 86.38304280045351 0.07882755 0.1092981 0.01091615 0.012457002 27.19 
42 90.53416323780773 87.07925878684807 0.07863112 0.107205465 0.010901035 0.012881457 26.72 
43 90.59795896741377 85.16333616780045 0.07817026 0.116821826 0.01070208 0.014702643 26.26 
44 90.63344291897555 86.33875425170068 0.07784646 0.10821032 0.010829824 0.013264844 25.8 
45 90.67193142971357 86.72052154195012 0.07753071 0.10818618 0.0106622 0.012928138 25.33 
46 90.69664635196979 86.98625283446712 0.077273965 0.10720012 0.010667226 0.012101372 24.87 
47 90.74007784715904 87.109375 0.07695462 0.105234034 0.0106170755 0.012789375 24.41 
48 90.78741849998622 87.0110544217687 0.0766161 0.105805844 0.010519066 0.012136471 23.95 
49 90.81423338295701 86.30243764172336 0.07640388 0.10839188 0.01057004 0.012558411 23.49 
50 90.86046482576572 86.68863378684807 0.0760618 0.107098304 0.010467521 0.013613606 23.02 
51 90.88311209439529 86.32989654195012 0.07586847 0.11074331 0.010502406 0.013267062 22.57 
52 90.90073022633915 86.80024092970521 0.0756469 0.10786393 0.010448283 0.012779628 22.1 
53 90.9775672504342 86.17311507936508 0.07513377 0.108555935 0.010435848 0.013573792 21.64 
54 90.99352695186502 86.70989229024943 0.07509576 0.10791893 0.010452373 0.0120559065 21.04 
55 91.03516001916026 87.40256519274377 0.07468019 0.1051332 0.010334069 0.012298579 20.43 
56 91.04171835800733 87.57794784580499 0.07464328 0.1035572 0.010413013 0.013650072 19.84 
57 91.08032532806772 85.04021400226758 0.07432934 0.11667207 0.010290985 0.012961035 19.27 
58 91.09853575662338 86.60448554421768 0.07421818 0.1087779 0.010276422 0.013438601 18.73 
59 91.14069650635459 85.8577806122449 0.07390268 0.11282092 0.010235267 0.013328786 18.19 
60 91.16408683800623 86.34849773242631 0.07377227 0.110124595 0.010215139 0.01265511 17.67 
61 91.192592458578 84.984410430839 0.07358759 0.11870228 0.010187441 0.012571541 17.19 
62 91.19224784964022 86.44504676870748 0.07353059 0.11013299 0.01022319 0.014541728 16.71 
63 91.21551972196951 85.72225765306122 0.07332518 0.11536299 0.0101503655 0.0139085185 16.23 
64 91.24230229785239 85.32986111111111 0.07316572 0.11488675 0.010207629 0.013202312 15.77 
65 91.2694940968489 86.15894274376417 0.07297835 0.11072471 0.010101917 0.012730041 15.3 
66 91.28380613679596 86.843643707483 0.072846286 0.10912631 0.010159416 0.012343443 14.85 
67 91.30883336090204 86.50439342403628 0.072644144 0.10827173 0.010044189 0.01224766 14.39 
68 91.35991086689825 86.02076247165533 0.07234897 0.11044139 0.009975434 0.012801204 13.94 
69 91.3312544799162 86.6204294217687 0.07250551 0.110415295 0.010100046 0.012744955 13.49 
70 91.37835821409864 86.86224489795919 0.072214544 0.10637929 0.009993638 0.013357109 13.03 
71 91.37329677032504 87.15809240362812 0.07217739 0.10712434 0.01007812 0.012749288 12.59 
72 91.3827519780553 86.62220096371883 0.072105795 0.10827566 0.009980812 0.0124781 12.14 
73 91.40581923882777 84.8639455782313 0.07198468 0.118623294 0.009969338 0.013939611 11.7 
74 91.42730345229234 85.08361678004535 0.07184312 0.116557784 0.009918415 0.013899787 11.26 
75 91.42670038665123 86.95967970521542 0.07180948 0.10530316 0.009987909 0.0124937035 10.81 
76 91.43530484106635 85.812606292517 0.07172277 0.11424471 0.009982101 0.012587617 10.37 
77 91.46194741956828 86.40961592970521 0.07157659 0.111152254 0.00989425 0.012562433 9.93 
78 91.47763789526645 86.0889668367347 0.07144645 0.11147681 0.0099292025 0.013321755 9.49 
79 91.52099400725058 85.88346797052154 0.071220055 0.11232327 0.009868891 0.013258017 9.06 
80 91.49828212444518 86.2174036281179 0.07129228 0.112058036 0.009801678 0.013568287 8.62 
81 91.52771388153724 85.49550028344672 0.071155116 0.11602363 0.009895933 0.013492249 8.19 
82 91.54417972734541 85.56459041950113 0.071021065 0.1116036 0.009897217 0.013256514 7.75 
83 91.53248456151958 85.73997307256236 0.0710814 0.114577815 0.0098636905 0.013284232 7.32 
84 91.57327764452899 87.55846088435374 0.07086003 0.10355218 0.009777142 0.011835441 6.89 
85 91.57227612480358 87.1483489229025 0.07084332 0.1073259 0.00984612 0.012491278 6.45 
86 91.56738698549886 86.58411281179139 0.07084371 0.11021172 0.009834535 0.012901262 6.02 
87 91.59297419912883 86.47250566893425 0.070662916 0.11041555 0.009783663 0.013153171 5.59 
88 91.6115507746809 87.10760345804988 0.07055445 0.1044501 0.009794976 0.012531738 5.16 
89 91.61482455958978 85.7328869047619 0.07049957 0.11152328 0.009788312 0.013252647 4.73 
90 91.66058216510903 85.76388888888889 0.07029335 0.114413746 0.009853305 0.013329501 4.3 
91 91.65735145631737 86.26434948979592 0.07023501 0.1102738 0.009775883 0.013704898 3.87 
92 91.66309134893723 86.53539540816327 0.0701822 0.10884508 0.009707911 0.011986697 3.43 
93 91.6927492556447 86.09959608843538 0.07006371 0.112991974 0.009781586 0.0131532205 3.0 
94 91.68586784591845 86.44593253968254 0.07002707 0.10942306 0.0097841285 0.012243258 2.58 
95 91.7057690120751 86.49199263038548 0.06989078 0.1107749 0.009787342 0.011910485 2.15 
96 91.71916568453119 85.67974064625851 0.06984306 0.11436975 0.009691013 0.01286583 1.72 
97 91.74118834946103 85.77451814058956 0.06969826 0.11406479 0.009629488 0.013774524 1.29 
98 91.7302685537452 87.36713435374149 0.069721825 0.10557137 0.009702871 0.012455757 0.86 
99 91.76313563118573 85.9782454648526 0.06954113 0.11347818 0.009663151 0.012692081 0.43 
