0 87.58650831630591 82.91124131944444 0.10024319 0.14782475 0.017527776 0.015611513 211.82 
1 89.48198157108855 78.87803819444444 0.08202548 0.16273056 0.0132461935 0.016226474 209.9 
2 93.32188777056763 79.56271701388889 0.054226737 0.17184065 0.013792028 0.019955073 207.94 
3 97.50371363896623 81.32921006944444 0.024850499 0.15314254 0.008365534 0.018684566 205.97 
4 99.19458591083618 80.859375 0.011097524 0.15564662 0.0040422827 0.018602243 203.98 
5 99.69790064498383 82.373046875 0.0059567015 0.14966838 0.002301632 0.018267475 201.96 
6 99.85580485449974 82.72243923611111 0.0037854325 0.14183821 0.0016439372 0.017551713 199.94 
7 99.91678957753278 82.94921875 0.0026798763 0.14357664 0.0013275096 0.018891156 197.9 
8 99.94793537812107 80.99066840277777 0.0020030832 0.15596813 0.0011467752 0.019470017 195.85 
9 99.96271450343542 83.62087673611111 0.0015865592 0.13971479 0.0009936211 0.018138554 196.83 
10 99.97129253581372 83.32248263888889 0.001292941 0.13789558 0.0009122975 0.017792562 197.94 
11 99.97748485775553 83.74348958333333 0.0010603631 0.13559031 0.0008034231 0.018460607 198.75 
12 99.98064241568619 83.50151909722223 0.00090531155 0.13682899 0.0007724399 0.019151488 199.2 
13 99.98427360730645 84.15907118055556 0.0007689943 0.13414232 0.0006677075 0.019175021 199.31 
14 99.98563311141548 83.75325520833333 0.00066235213 0.13498448 0.00072579057 0.017832544 199.14 
15 99.98799250886923 84.02669270833333 0.00056046445 0.13457455 0.0006484617 0.018387973 198.71 
16 99.99028173836896 84.08528645833333 0.00046524018 0.13339703 0.0005838152 0.017952036 198.74 
17 99.9902027994207 83.33333333333333 0.00039343396 0.13636322 0.0005436695 0.018256621 199.56 
18 99.98901871519669 83.73697916666667 0.00033130185 0.13741933 0.00060819637 0.019539889 199.98 
19 99.98797496688073 83.94097222222223 0.00029598398 0.13964066 0.0005605406 0.018142091 200.06 
20 99.98769429506467 82.88302951388889 0.0002601807 0.14668112 0.0005498845 0.021153636 199.84 
21 99.98806267682325 84.09505208333333 0.00022937344 0.14072199 0.00049692224 0.020313159 199.33 
22 99.98757150114514 83.58832465277777 0.00020884028 0.14544968 0.00050032826 0.020110425 198.58 
23 99.98741362324861 83.60677083333333 0.00019447105 0.14983216 0.0005319193 0.021700786 197.6 
24 99.98982564666787 84.17860243055556 0.00016670326 0.1418425 0.00043581592 0.021183442 196.43 
25 99.99006246351266 82.36002604166667 0.00015501803 0.15691115 0.00045542873 0.021263013 195.08 
26 99.9906764331103 85.08355034722223 0.00014309984 0.13731733 0.00044172563 0.021597126 193.59 
27 99.99101850188612 84.97612847222223 0.00013420034 0.13911138 0.00043460482 0.02241618 191.94 
28 99.99152721955272 84.35329861111111 0.0001284862 0.14423053 0.0004344093 0.0200794 190.19 
29 99.99245694494341 84.79166666666667 0.00011448931 0.14221205 0.00037579835 0.020180067 188.31 
30 99.99308845652955 84.97395833333333 0.000109815875 0.13915329 0.0003999147 0.020256268 186.35 
31 99.99354454823064 84.78732638888889 0.00010204211 0.14097051 0.00035367985 0.0211006 184.29 
32 99.99424622777079 84.81879340277777 9.5447904e-05 0.14018725 0.00033004157 0.020518366 182.17 
33 99.99435147970182 84.81987847222223 9.310016e-05 0.14223143 0.0003367741 0.021467088 179.56 
34 99.9945356705811 85.00542534722223 8.9845504e-05 0.13965932 0.00033114434 0.019738525 172.55 
35 99.99517595316149 85.06293402777777 8.331598e-05 0.13943446 0.00032000997 0.02173652 166.09 
36 99.99586009071314 85.24739583333333 7.494811e-05 0.13872519 0.00027804662 0.019508347 160.13 
37 99.99617584650619 85.02387152777777 7.170776e-05 0.13838214 0.00026504928 0.020449057 154.61 
38 99.99636003738549 84.76236979166667 7.000091e-05 0.14243042 0.0002701126 0.020780168 149.48 
39 99.99643020533951 85.54470486111111 6.684836e-05 0.13567178 0.00026405643 0.020113936 144.71 
40 99.99708802990838 83.84223090277777 6.16569e-05 0.14926043 0.00023618751 0.020694587 140.24 
41 99.99691261002336 84.98589409722223 6.358398e-05 0.14062084 0.00024319105 0.02246422 136.05 
42 99.99728976277618 84.62348090277777 5.8550755e-05 0.14596817 0.00021417896 0.0194676 132.1 
43 99.99734238874169 85.03363715277777 5.6875477e-05 0.14190643 0.00021862387 0.022155255 128.37 
44 99.99764937354051 85.12044270833333 5.5243756e-05 0.13987793 0.00021513333 0.021472836 124.84 
45 99.99766691552901 84.91644965277777 5.424259e-05 0.14514716 0.00022995434 0.020567652 121.48 
46 99.99795635833932 85.03689236111111 5.1652773e-05 0.13927406 0.00019292164 0.020331517 118.26 
47 99.99774585447727 84.92730034722223 5.190344e-05 0.14177422 0.00021115206 0.02080196 115.19 
48 99.9978160224313 84.48893229166667 5.1532123e-05 0.1462193 0.00019467475 0.02155955 112.24 
49 99.99805283927608 85.07921006944444 4.9603477e-05 0.14004576 0.00020317684 0.021419723 109.39 
50 99.99809669424735 84.19162326388889 4.663891e-05 0.14750883 0.00019492327 0.022977032 106.63 
51 99.99819317518413 84.67339409722223 4.7784786e-05 0.14544569 0.00018451097 0.02047909 103.96 
52 99.99793881635081 84.39453125 4.9450773e-05 0.14735745 0.00020722905 0.020845814 101.37 
53 99.99792127436231 84.736328125 4.870775e-05 0.14438577 0.00019026246 0.02007842 98.84 
54 99.9981405492186 84.95225694444444 4.7529255e-05 0.14048512 0.0002053274 0.021236535 96.37 
55 99.99811423623585 83.82486979166667 4.6273915e-05 0.14978573 0.00020083447 0.021937195 93.95 
56 99.99790373237381 84.35438368055556 4.635328e-05 0.14395592 0.00022008437 0.021519298 91.58 
57 99.99840367904616 84.26106770833333 4.2295123e-05 0.14856091 0.00017320582 0.020964717 89.25 
58 99.99814932021286 85.02170138888889 4.3194217e-05 0.14006478 0.00018838035 0.019779438 86.95 
59 99.99792127436231 84.36848958333333 4.3706466e-05 0.1476493 0.00019881414 0.02120691 84.68 
60 99.99817563319561 82.87109375 4.2351625e-05 0.16301136 0.00021359691 0.023940183 82.45 
61 99.99819317518413 84.34353298611111 4.1874562e-05 0.1468223 0.00019228953 0.022149982 80.14 
62 99.99826334313813 84.63758680555556 3.9520175e-05 0.14365667 0.00017939997 0.021681579 76.58 
63 99.99822825916112 84.91861979166667 4.0185903e-05 0.1387589 0.00023950296 0.020432992 73.26 
64 99.99817563319561 84.63975694444444 4.0965333e-05 0.14441584 0.00018779482 0.0215325 70.12 
65 99.99828088512663 84.86979166666667 4.0345916e-05 0.14293976 0.00019681905 0.020645803 67.17 
66 99.99837736606341 84.912109375 3.8267386e-05 0.14269201 0.00019938947 0.020351015 64.37 
67 99.99857032793695 84.42708333333333 3.545128e-05 0.14576042 0.00016518985 0.021559704 61.71 
68 99.99822825916112 84.29904513888889 3.6778656e-05 0.14879808 0.00019141466 0.0210918 59.17 
69 99.99851770197144 84.59743923611111 3.4913643e-05 0.14359741 0.00019148088 0.021261495 56.74 
70 99.9983422820864 85.04340277777777 3.6288457e-05 0.14030077 0.00019007112 0.01948217 54.4 
71 99.99851770197144 84.48350694444444 3.3145312e-05 0.14627863 0.00016972759 0.02139157 52.14 
72 99.99847384700018 84.94574652777777 3.3002918e-05 0.14112505 0.0001586666 0.020645998 49.96 
73 99.99874574782199 84.951171875 3.1416133e-05 0.14151843 0.00016081335 0.020449748 47.84 
74 99.99828088512663 84.13953993055556 3.5170182e-05 0.14709008 0.00019463866 0.020570574 45.78 
75 99.99867557986798 84.21223958333333 3.1497388e-05 0.1486694 0.00016853657 0.021174567 43.77 
76 99.99858786992546 85.18012152777777 3.196167e-05 0.14051574 0.00016447739 0.020947184 40.58 
77 99.9987983737875 84.13628472222223 2.928583e-05 0.14944232 0.00014672539 0.021174936 37.29 
78 99.9983247400979 84.91102430555556 3.2381686e-05 0.1432672 0.0001759305 0.021995127 34.3 
79 99.99876328981048 84.28602430555556 2.8749797e-05 0.14677486 0.00016008796 0.020840786 31.63 
80 99.9985615569427 84.48133680555556 2.9946039e-05 0.14532526 0.00018489659 0.021048956 29.8 
81 99.9983949080519 84.82855902777777 3.069045e-05 0.14189908 0.00018334559 0.019834157 28.03 
82 99.99824580114964 84.65386284722223 3.2840908e-05 0.14300197 0.00019568215 0.021531204 26.32 
83 99.99864049589097 85.08897569444444 2.8826065e-05 0.14128046 0.00017636323 0.02001096 24.67 
84 99.99871066384497 84.48025173611111 2.7331118e-05 0.14610538 0.00014961675 0.021473395 23.05 
85 99.99865803787947 84.46397569444444 2.771431e-05 0.14602517 0.00017073711 0.020567877 21.47 
86 99.99837736606341 83.74782986111111 2.9259922e-05 0.14914621 0.00018539389 0.021913458 19.92 
87 99.99841245004042 85.31684027777777 2.9001456e-05 0.13708983 0.00018252416 0.021261709 18.39 
88 99.998815915776 84.48025173611111 2.5272278e-05 0.14512022 0.00016069562 0.021811169 16.9 
89 99.99871066384497 84.41731770833333 2.5126064e-05 0.14529996 0.00019473858 0.020490892 15.46 
90 99.9988334577645 84.92838541666667 2.402659e-05 0.14163946 0.00015940868 0.021149585 14.16 
91 99.998780831799 84.73741319444444 2.4342777e-05 0.14264816 0.00015528039 0.021274114 12.62 
92 99.99870189285073 85.05750868055556 2.4979672e-05 0.14090829 0.00017340544 0.020545838 11.12 
93 99.99886854174152 84.50954861111111 2.3048666e-05 0.14488572 0.00014329747 0.021391742 9.66 
94 99.99878960279325 84.86762152777777 2.4066776e-05 0.14208168 0.00015401369 0.021809261 8.22 
95 99.99887731273576 84.67230902777777 2.3035049e-05 0.1426848 0.00015077302 0.021701278 6.81 
96 99.99873697682773 84.90668402777777 2.4134319e-05 0.1415254 0.00015306236 0.020770011 5.41 
97 99.99842999202892 85.18771701388889 2.5888972e-05 0.13783109 0.00018195446 0.021046422 4.04 
98 99.99862295390245 85.29947916666667 2.4838071e-05 0.13889623 0.00017694202 0.020740243 2.68 
99 99.99849138898868 85.04665798611111 2.5674299e-05 0.14024064 0.00017656268 0.021562783 1.33 
