0 84.98191018457254 60.879248903508774 0.11992922 0.36357856 0.025558153 0.029406 122.27 
1 88.25299206710226 63.1578947368421 0.09366849 0.28936803 0.013239776 0.022604445 120.61 
2 88.75720878821713 61.42406798245614 0.08908746 0.3065527 0.012771745 0.025629776 118.82 
3 89.1502783578695 61.10540021929825 0.08585804 0.30388594 0.0126224905 0.02072337 117.06 
4 89.4061181870813 59.57373903508772 0.08377579 0.3129417 0.012512752 0.022212636 115.42 
5 89.64267068480689 59.01178728070175 0.081845514 0.31283945 0.012451984 0.025218409 113.8 
6 89.85898817646735 62.5719572368421 0.08010873 0.25432187 0.012460816 0.017830644 110.41 
7 90.09814677928486 62.09909539473684 0.07801022 0.24838881 0.012383833 0.012894538 107.32 
8 90.30232757491798 62.719298245614034 0.076216556 0.2420534 0.013094945 0.0142921405 104.48 
9 90.48736103644585 61.57483552631579 0.07460491 0.24826968 0.013544637 0.013448256 101.95 
10 90.80267821451217 61.972313596491226 0.07198226 0.24159785 0.013600465 0.014143859 103.49 
11 90.47492280759793 60.04317434210526 0.074737094 0.23901068 0.020265905 0.013545198 105.7 
12 90.34304527472224 61.80441337719298 0.07522936 0.23530786 0.023396082 0.013442198 107.44 
13 91.73162545143771 63.925438596491226 0.06438985 0.22602671 0.012648001 0.013325506 108.78 
14 91.75618960728366 65.04934210526316 0.06414867 0.22343835 0.016796485 0.014520092 109.85 
15 92.46316561216332 68.6437774122807 0.05871276 0.21480905 0.012052363 0.012527835 110.56 
16 92.89968821506355 69.8670504385965 0.055537228 0.21291037 0.012388874 0.015585325 111.08 
17 93.53223945841259 69.1954495614035 0.051145196 0.22074576 0.012771193 0.018512057 111.4 
18 94.23635090149698 68.6951754385965 0.04609183 0.25655076 0.0126318615 0.021962143 111.41 
19 94.85011018870786 69.16118421052632 0.041529194 0.25245288 0.012410376 0.022934806 111.32 
20 95.40350906666116 66.62897478070175 0.037211552 0.2920438 0.010476657 0.027403448 111.09 
21 95.52432680644006 65.57702850877193 0.036310762 0.3158294 0.014276581 0.023464473 110.73 
22 96.05642454442699 65.4468201754386 0.032236658 0.31568193 0.010398145 0.029105736 110.3 
23 96.22629521269263 65.42283442982456 0.030959789 0.32383734 0.012227359 0.031874854 109.68 
24 96.55582750944228 64.80263157894737 0.02846012 0.34741032 0.011469148 0.026770419 108.98 
25 96.73751180285612 64.59018640350877 0.027059495 0.36644018 0.012359891 0.03082193 108.17 
26 97.10287266010532 64.2064144736842 0.024191475 0.37734714 0.009290239 0.027647642 107.26 
27 97.13649356959722 64.73067434210526 0.023912922 0.37305912 0.012516863 0.035675302 106.3 
28 97.43356801201996 63.82264254385965 0.021572359 0.37256652 0.01188426 0.032541905 105.26 
29 97.74327452581811 63.78837719298246 0.019111825 0.35058057 0.010335332 0.030544244 104.23 
30 97.94491383053511 63.33264802631579 0.01739201 0.34473553 0.0096688485 0.031140108 103.15 
31 97.80279495078985 63.068804824561404 0.018490216 0.33715764 0.016362991 0.027242769 102.0 
32 97.91496516003639 63.46628289473684 0.017628878 0.33481026 0.0141694965 0.024996951 100.76 
33 98.19736141551567 62.126507675438596 0.015334264 0.33364055 0.011821277 0.024915164 99.48 
34 98.24699587158493 62.59251644736842 0.014874762 0.33315286 0.013796078 0.02340915 98.0 
35 98.42479254541946 62.05455043859649 0.013464473 0.34028268 0.011339403 0.025304636 96.82 
36 98.45408430513054 62.87691885964912 0.013227851 0.3317041 0.013303978 0.027079558 94.97 
37 98.75429253508119 63.22642543859649 0.010756104 0.32477844 0.009690399 0.026922883 93.15 
38 98.89642218385576 63.068804824561404 0.009558295 0.32424235 0.008480973 0.024164554 91.36 
39 99.03792722893061 62.59251644736842 0.008417753 0.3339835 0.008150219 0.030733816 89.64 
40 99.0445178748656 62.52741228070175 0.008363697 0.34362826 0.008525106 0.023421997 87.88 
41 99.09127700011028 62.092242324561404 0.0079628425 0.33067933 0.009612789 0.025874702 86.2 
42 99.08505250117167 62.33552631578947 0.007970149 0.3355299 0.010218903 0.026538681 84.52 
43 99.15736653295839 61.783854166666664 0.0073467596 0.3396263 0.0090441685 0.023191774 82.89 
44 98.97510071196207 62.15391995614035 0.008863795 0.3365749 0.014096833 0.027940845 81.23 
45 98.14354857607587 61.95175438596491 0.015176313 0.33816415 0.026267601 0.025702618 79.63 
46 99.41335712858049 61.51658442982456 0.00522072 0.33905357 0.006002514 0.022831786 78.06 
47 99.43925664406032 60.65652412280702 0.0050073937 0.35083154 0.008087876 0.027341152 75.6 
