0 89.44691685432338 77.29648109243698 0.088370286 0.18910232 0.04348912 0.020235237 216.97 
1 93.63720333537692 76.9439338235294 0.05703336 0.1956264 0.012377468 0.022666028 217.23 
2 94.08307530535971 78.80186449579831 0.052690774 0.17623919 0.011777436 0.021240376 214.77 
3 94.28436107312127 73.60950630252101 0.050710257 0.23007259 0.011593534 0.022956815 211.86 
4 94.40124737673607 71.18631827731092 0.049530115 0.25447884 0.011494082 0.025239035 208.84 
5 94.49200236093753 77.3529411764706 0.048620064 0.19252355 0.011407132 0.02249744 205.99 
6 94.59744872845387 70.67095588235294 0.047526114 0.24959506 0.011182092 0.023414936 203.2 
7 94.70459911221674 74.0126050420168 0.046372943 0.22842592 0.0109777115 0.022639355 200.55 
8 94.81687996651654 70.31053046218487 0.045179814 0.2607203 0.010826992 0.024755448 198.02 
9 94.9628542880049 70.67095588235294 0.0437468 0.2564391 0.010654552 0.025097717 195.51 
10 95.13008736353133 70.11948529411765 0.04221207 0.2628398 0.010379025 0.025805587 192.92 
11 95.31613830495886 70.27048319327731 0.040560454 0.26131442 0.010199535 0.024866048 190.48 
12 95.48977295503313 71.97807247899159 0.038954623 0.2424793 0.009919129 0.024996448 188.27 
13 95.72490877525996 69.87394957983193 0.03686971 0.2631273 0.009545032 0.024685215 186.21 
14 95.98188363613856 71.0845588235294 0.034661278 0.24997415 0.009201889 0.02562105 184.13 
15 96.2660122261784 70.69262079831933 0.032163046 0.2533778 0.008818763 0.024598049 182.07 
16 96.59289780765876 67.98188025210084 0.029375438 0.27534166 0.008291373 0.024635335 178.86 
17 96.95234391579618 74.65664390756302 0.026284885 0.21674223 0.0076977937 0.023667201 175.72 
18 97.3480717536372 72.67725840336135 0.022874039 0.23196653 0.007038726 0.022980023 172.82 
19 97.76495702563135 69.35005252100841 0.01961151 0.26120535 0.006363168 0.025818707 171.54 
20 98.1074366584923 70.69852941176471 0.01696451 0.25184295 0.00576771 0.022495354 170.59 
21 98.35485060659293 67.66150210084034 0.015031464 0.27517965 0.0053202272 0.025625864 169.58 
22 98.58712183734585 74.34151785714286 0.01325053 0.2154811 0.0048926673 0.022214577 168.23 
23 98.75623393619279 70.51995798319328 0.011921481 0.25493097 0.0045593516 0.02542651 167.33 
24 98.89726200511684 71.72728466386555 0.010818908 0.24080728 0.004267856 0.025293766 167.48 
25 99.02495269282464 68.72308298319328 0.009792995 0.26532766 0.0040232455 0.023575794 167.42 
26 99.1370124855573 71.91767331932773 0.008862223 0.23622206 0.0037459687 0.024012437 167.34 
27 99.2436746916928 67.82300420168067 0.0079916725 0.2794939 0.0034817567 0.025904005 167.83 
28 99.3351481259874 68.0842962184874 0.0072360905 0.2713041 0.0032889233 0.026151683 167.99 
29 99.41144199933976 71.20863970588235 0.0065638106 0.24617727 0.0030762337 0.02376375 167.6 
30 99.46991278384306 70.54359243697479 0.0060371007 0.25255495 0.0029581464 0.025038367 166.67 
31 99.5185186959136 71.09637605042016 0.005595821 0.24457185 0.002824975 0.022751542 165.57 
