0 80.6301378944577 79.80087868480726 0.15213639 0.15669647 0.02235877 0.015512649 27.47 
1 80.96539586648105 80.39345946712018 0.14802529 0.15723635 0.014683468 0.016073605 27.21 
2 83.04841844006894 81.31111819727892 0.13177946 0.14972141 0.015951838 0.014858096 26.94 
3 85.20244961548661 82.5999149659864 0.11811392 0.1377885 0.014526833 0.014895761 26.67 
4 86.20578924688411 81.60962301587301 0.110416055 0.14435017 0.01459288 0.016083868 26.4 
5 86.5914420909573 83.47948554421768 0.10748658 0.13329019 0.014453735 0.015228819 26.14 
6 86.8012049191196 84.77714002267574 0.10608791 0.124787204 0.014397581 0.014355092 25.87 
7 87.03764129209759 84.13407029478458 0.10425114 0.1304976 0.014126812 0.01559098 25.6 
8 87.17416840692124 76.44823554421768 0.10325133 0.18091755 0.014288741 0.018479906 25.33 
9 87.23362710487935 84.22619047619048 0.10284102 0.12938185 0.014210063 0.015673064 25.06 
10 87.26485845929462 83.87453939909297 0.10241136 0.13309754 0.013907773 0.016560806 24.79 
11 87.44359710620525 82.93562216553288 0.101092495 0.13877495 0.013956621 0.017363606 24.51 
12 87.48275283412887 83.50517290249434 0.10080672 0.13325673 0.013840093 0.0151456855 24.24 
13 87.52941858923363 81.69554280045351 0.100393444 0.14408739 0.013882293 0.017220551 23.98 
14 87.58773783479184 79.7982213718821 0.09988212 0.15940395 0.013850921 0.017046552 23.71 
15 87.60710852559004 79.37393707482993 0.099559985 0.16194281 0.013732978 0.017184583 23.43 
16 87.6770812616017 83.45114087301587 0.09898979 0.13558982 0.0136772655 0.016264584 23.16 
17 87.71784258154335 78.64937641723355 0.09862155 0.17050506 0.0137904305 0.017075475 22.87 
18 87.79858832206311 85.07210175736961 0.09793775 0.12415914 0.013588848 0.017219596 22.6 
19 87.86094744431185 84.5796130952381 0.09760367 0.13047805 0.013452071 0.017524203 22.33 
20 88.7434015347388 79.5360331632653 0.09070601 0.16406153 0.013526578 0.018223336 22.05 
21 89.79796473084063 79.57146400226758 0.08194165 0.16393337 0.012689791 0.018065406 21.77 
22 90.16574888955185 79.08960459183673 0.07861404 0.1660564 0.012493095 0.018234974 21.49 
23 90.36256339498807 83.06848781179139 0.076851465 0.13985288 0.0121904835 0.018255997 21.22 
24 90.57470871453195 82.52108134920636 0.075036585 0.14320245 0.0122936955 0.017336192 20.94 
25 90.71636336515513 82.27926587301587 0.073861286 0.1460226 0.0122406585 0.018346123 20.67 
26 90.83652380005303 79.02494331065759 0.07275897 0.16613202 0.0119930925 0.018923057 20.39 
27 90.99174829289313 82.8390731292517 0.07144632 0.14325824 0.011850503 0.018378329 20.12 
28 91.1320045246619 81.5547052154195 0.07024633 0.14670685 0.011855556 0.018533565 19.83 
29 91.3322891805887 83.96931689342404 0.068561815 0.13138616 0.011749456 0.017485276 19.56 
30 91.5384782716786 82.04010770975057 0.066845246 0.14909607 0.0116138235 0.019285485 19.29 
31 91.69173461946433 80.43331916099773 0.06553961 0.1536302 0.011548567 0.016416967 19.01 
32 91.84348896181385 84.53621031746032 0.06427324 0.12836592 0.01137635 0.017186679 18.73 
33 92.05941519159374 83.21021116780045 0.06253036 0.13734029 0.011231291 0.0185679 18.46 
34 92.26327358459295 78.66177721088435 0.060841486 0.17245701 0.011212646 0.019243324 18.18 
35 92.46692480442853 81.13573554421768 0.059136912 0.15110292 0.010950395 0.018772831 17.91 
36 92.74728188809334 80.96832482993197 0.05706661 0.15605596 0.010983407 0.020373272 17.63 
37 92.97936762463537 83.6592970521542 0.055371806 0.13561536 0.010699312 0.018445846 17.36 
38 93.30752991580482 79.21184098639456 0.05291915 0.17011485 0.010722175 0.019975454 17.09 
39 93.73503173892867 82.18714569160997 0.04959716 0.14371596 0.01036248 0.018150093 16.81 
40 94.13264883320075 80.90986394557824 0.046609137 0.15518707 0.010198766 0.019418078 16.54 
41 94.57641374966852 80.71322278911565 0.04331158 0.16112795 0.010049548 0.021013811 16.26 
42 94.90473142071069 81.54496173469387 0.040765073 0.15548724 0.009517354 0.020626 15.99 
43 95.24532410169716 80.19681831065759 0.038194172 0.16734892 0.009541102 0.020587018 15.71 
44 95.51925881728984 80.82837301587301 0.03595661 0.16543676 0.009223776 0.021771034 15.43 
45 95.79562781755503 83.33156179138322 0.033892766 0.14043428 0.00886313 0.0196588 15.15 
46 96.06231147242111 83.75584608843538 0.031776905 0.14136761 0.008827505 0.020453265 14.88 
47 96.34427414810395 80.07369614512471 0.029646391 0.17280087 0.008565466 0.021585843 14.6 
48 96.615308439406 80.73802437641723 0.027609563 0.16795729 0.008215585 0.021405661 14.33 
49 96.8410236011668 80.04889455782313 0.025926601 0.17522387 0.008310884 0.020718932 14.05 
50 97.10843236210555 80.27830924036282 0.023893531 0.17470923 0.008006081 0.020816108 13.78 
51 97.33342241779368 81.40678146258503 0.022230031 0.16389962 0.007938275 0.021307139 13.5 
52 97.62134132193053 80.36777210884354 0.019965865 0.17236243 0.0073914127 0.021221869 13.22 
53 97.62781548329356 81.63353883219955 0.019845756 0.16142817 0.007944054 0.020637657 12.92 
54 97.70182809599575 78.68303571428571 0.01926449 0.19182873 0.0076366956 0.02307867 12.52 
55 98.0491539047998 80.9718679138322 0.01642209 0.16986686 0.006625132 0.022324188 12.14 
56 97.8903556748873 81.90812783446712 0.017604277 0.16259806 0.00965931 0.020664752 11.77 
57 98.2991601199947 82.0046768707483 0.0141603565 0.1602393 0.0061800606 0.020418929 11.41 
58 98.19054958896844 82.36784297052154 0.015077189 0.1577933 0.0078123873 0.020547807 11.07 
59 98.44179884314505 79.61840986394557 0.013109554 0.18175589 0.006125823 0.021963729 10.74 
60 98.75478570007955 81.40412414965986 0.010467736 0.17076764 0.0060215583 0.02210451 10.42 
61 98.85795793556086 83.37762188208617 0.009595131 0.15204197 0.0067468835 0.022190923 10.11 
62 98.92901833068152 82.7000070861678 0.008917773 0.15710801 0.0053846403 0.022162018 9.8 
63 98.97656457173164 83.74875992063492 0.008686743 0.14878967 0.004835955 0.02095012 9.51 
64 99.2016582140016 81.4546130952381 0.006788918 0.1689374 0.0044787326 0.02129521 9.21 
65 99.36718957173164 83.07203089569161 0.005412377 0.15722936 0.004318933 0.021329366 8.93 
66 99.20352277247414 83.30764597505669 0.0067905537 0.14999563 0.0046846126 0.020322476 8.65 
67 99.2538658512331 81.87358276643991 0.0063390005 0.16410771 0.0042561125 0.021688107 8.34 
68 99.34232879209759 83.21375425170068 0.0055928556 0.14913362 0.003907597 0.020610182 7.91 
69 99.3254959725537 82.79655612244898 0.005731684 0.15859199 0.0047061844 0.021602795 7.47 
70 99.3327470332803 81.26594387755102 0.0056865634 0.17129247 0.0063928273 0.022549434 7.05 
71 99.51428251789976 83.59552154195012 0.004158853 0.1514455 0.003731842 0.021583704 6.67 
72 99.65008452665076 82.21549036281179 0.00306128 0.16560222 0.0033175878 0.022199325 6.31 
73 99.67095722288518 79.39342403628117 0.002868698 0.1895228 0.0029642235 0.02331102 5.97 
74 99.60398849774596 83.05520124716553 0.0034316976 0.156544 0.0038542305 0.021667207 5.65 
75 99.68400913219305 81.68579931972789 0.0027257365 0.16692503 0.0027410458 0.022374606 5.28 
76 99.69623234884646 81.29871740362812 0.002621836 0.17315802 0.0028202187 0.02020469 4.95 
77 99.48714283346592 78.84778911564626 0.0042935107 0.19251849 0.003984465 0.023404416 4.64 
78 99.68556293092018 82.59814342403628 0.0026993568 0.15921848 0.0028014777 0.0222671 4.35 
79 99.78329687085653 81.01172760770974 0.0018912872 0.17485902 0.002312051 0.022769697 4.07 
80 99.79702209294616 81.35540674603175 0.0018088743 0.17116682 0.0023942005 0.021096656 3.81 
81 99.80277114823654 85.21471088435374 0.0017255977 0.13962515 0.0021709297 0.019160848 3.56 
82 99.81587485083533 81.53344671201815 0.0016144362 0.1716266 0.002625971 0.023557862 3.32 
83 99.78324507756564 82.76466836734694 0.0018936245 0.16027361 0.0030319493 0.022055905 3.1 
84 99.78298611111111 84.77005385487529 0.0018914402 0.14314896 0.002655597 0.021346504 2.88 
85 99.83840493237868 83.82227891156462 0.0014328231 0.15170428 0.0021528576 0.022305137 2.67 
86 99.5293543655529 79.25170068027211 0.003929833 0.18797132 0.0048205387 0.022946583 2.47 
87 99.72751549655264 80.90366354875283 0.0023535439 0.17715387 0.0028021485 0.022228863 2.27 
88 99.86715020883055 82.34924178004535 0.0011902304 0.16200118 0.0020154028 0.021710234 2.08 
89 99.84772772474145 79.91071428571429 0.0013310476 0.18554245 0.002100134 0.021892382 1.89 
90 99.82778730774331 86.18463010204081 0.0014988426 0.12719364 0.0025609096 0.019628176 1.71 
91 99.84829745094139 83.87099631519274 0.0013236469 0.14977527 0.002148754 0.021178944 1.53 
92 99.82193466587113 82.60522959183673 0.0015369455 0.16187835 0.002882708 0.022900239 1.33 
93 99.87916625232035 82.79478458049887 0.0010534683 0.16073836 0.0017459311 0.023435472 1.14 
94 99.86300674555821 81.86472505668934 0.0011813462 0.1678062 0.0019247476 0.02258342 0.96 
95 99.85425367939538 81.7672902494331 0.0012565847 0.16947015 0.0018431771 0.021774227 0.79 
96 99.89045718973748 83.59906462585035 0.0009670502 0.15126045 0.0017270804 0.020814184 0.62 
97 99.82597454256165 84.6655328798186 0.0014813588 0.14194405 0.002166572 0.019835154 0.46 
98 99.88279178268364 81.35717828798185 0.0010295011 0.17259732 0.0017828131 0.022953218 0.3 
99 99.91951322593476 83.81430697278911 0.0007119554 0.15133838 0.0015095479 0.020875486 0.15 
