0 81.76594419402862 61.43092105263158 0.13975589 0.3872702 0.015922507 0.028766861 122.77 
1 82.9123396706917 61.09169407894737 0.13166736 0.41740945 0.013521459 0.032806132 121.36 
2 83.43688831913545 61.10540021929825 0.12879746 0.4266886 0.0133897485 0.03375495 119.76 
3 83.7637175895294 61.16022478070175 0.12690999 0.45055452 0.013301716 0.035332214 118.21 
4 83.99730860419596 61.33840460526316 0.12555039 0.46109807 0.013292645 0.034335285 116.74 
5 84.16624236691203 61.35896381578947 0.12467212 0.45377126 0.013235162 0.03250203 115.08 
6 84.3025459708323 61.352110745614034 0.12381665 0.4342547 0.013220879 0.033778366 111.76 
7 84.44545098971687 61.16365131578947 0.122940056 0.45322254 0.013178243 0.03693712 108.74 
8 84.5435999228076 60.368695175438596 0.12236673 0.4387675 0.01308265 0.030397948 105.95 
9 84.62843833567668 60.59827302631579 0.121864095 0.4712647 0.013261098 0.037689973 103.56 
10 84.70589996347145 60.334429824561404 0.121490374 0.43584093 0.013242473 0.037156068 106.12 
11 84.75576056915612 60.96491228070175 0.12113735 0.4375434 0.013130504 0.030024825 108.08 
12 84.84903113197144 61.547423245614034 0.12061683 0.41152826 0.01312299 0.03824049 109.59 
13 84.92422049458274 61.386376096491226 0.12008515 0.405417 0.013024134 0.03067516 110.84 
14 85.01760951672043 61.72217653508772 0.11941206 0.38168713 0.013050429 0.026897142 111.73 
15 85.19261701196483 60.82099780701754 0.11818602 0.3717578 0.013006366 0.026455052 112.36 
16 85.37533513219199 60.75589364035088 0.11671447 0.2889906 0.012967046 0.020705426 112.76 
17 86.21029028133874 52.72066885964912 0.10959299 0.28129348 0.0127517525 0.013339425 112.92 
18 87.5112644046536 47.9235197368421 0.098638944 0.9953968 0.012617799 0.06967664 112.89 
19 90.44352031814297 53.07702850877193 0.07769987 0.6405417 0.011026107 0.05753441 112.7 
20 92.02749376257823 64.85402960526316 0.06653223 0.2918282 0.009427712 0.025296828 112.44 
21 93.06766353417142 61.84553179824562 0.059483763 0.3510235 0.008585606 0.036111467 112.0 
22 93.87428536721528 62.77754934210526 0.054305643 0.36242095 0.007908935 0.0335761 111.52 
23 94.56215711410691 63.151041666666664 0.05012672 0.44055796 0.0073782364 0.03713825 110.82 
24 95.07522597731095 62.88377192982456 0.04688538 0.40839502 0.0069824313 0.03284659 110.05 
25 95.54545564193752 61.34183114035088 0.0440155 0.39924482 0.0065551377 0.035840668 109.22 
26 96.03266806577895 62.80496162280702 0.040956035 0.42400846 0.0062080724 0.03103643 108.29 
27 96.43936045750283 62.47258771929825 0.03843092 0.44119596 0.005906296 0.03470899 107.29 
28 96.76417591941664 62.68845942982456 0.036370374 0.49483982 0.005637517 0.039434336 106.28 
29 97.0344677859565 62.35608552631579 0.0346588 0.48923337 0.0053262003 0.039316468 105.19 
30 97.26098354836931 62.45545504385965 0.033200346 0.56825644 0.005128905 0.046732623 104.06 
31 97.44950617539216 62.11622807017544 0.03192437 0.5914772 0.004982887 0.046182178 102.88 
32 97.61846147616684 62.047697368421055 0.030889358 0.6472919 0.0048044235 0.04215621 101.62 
33 97.74706522413365 62.73643092105263 0.029959075 0.6461159 0.0046732584 0.05374269 100.28 
34 97.87025215035978 62.99342105263158 0.029082956 0.56796426 0.0045917104 0.042604372 98.83 
35 97.99721900587214 62.81181469298246 0.028243247 0.4946572 0.0044377027 0.043640364 97.44 
36 98.07778211410691 61.33155153508772 0.027648639 0.4698664 0.0043568974 0.042290334 95.63 
37 98.16950193670223 61.53029057017544 0.026997019 0.46869192 0.0042730137 0.038432173 93.79 
38 98.24891275880131 61.98259320175438 0.026460255 0.43434772 0.004179544 0.033311255 92.03 
39 98.31329001598985 61.59196820175438 0.025940072 0.42642173 0.004129763 0.033485238 90.29 
40 98.36812591321369 62.02713815789474 0.025526753 0.4108265 0.0040484965 0.03519949 88.53 
41 98.42445870551099 61.72217653508772 0.025104325 0.39931762 0.0040350733 0.029979615 86.83 
42 98.46776097234859 61.86609100877193 0.024766369 0.37513646 0.003941646 0.030481583 85.17 
43 98.51313089281284 61.91063596491228 0.024421465 0.37961832 0.0039118323 0.03318366 83.55 
44 98.55613162682987 60.89638157894737 0.024029026 0.3510804 0.0038834654 0.029574174 81.86 
45 98.59098020566262 60.53659539473684 0.023790263 0.33849007 0.0038090218 0.02726941 80.27 
46 98.62888718881813 60.327576754385966 0.02348353 0.32161206 0.0037935416 0.024227303 78.66 
