0 85.20979361370716 83.30853174603175 0.12196931 0.15290737 0.01639307 0.012570236 67.19 
1 87.56849102638326 83.73193027210884 0.10355532 0.14043191 0.015039445 0.013568937 66.53 
2 88.73982757491798 82.66014739229026 0.09228047 0.1512562 0.011376078 0.015433205 65.86 
3 89.01637624748436 83.21995464852608 0.08937407 0.15028682 0.011117093 0.015768826 65.2 
4 89.33406261199791 85.02604166666667 0.08689383 0.13822766 0.010848462 0.016400073 64.53 
5 89.74220882267802 82.79655612244898 0.084428094 0.14852625 0.010543922 0.01555431 63.87 
6 90.04667081920437 83.2562712585034 0.0824419 0.1418036 0.010385329 0.013983484 63.21 
7 90.39374586469275 85.65228174603175 0.08009229 0.12368683 0.010213387 0.013253876 62.52 
8 90.94351557977008 84.1358418367347 0.07657 0.13655567 0.010030228 0.013678912 61.85 
9 91.75869879111184 85.03401360544218 0.07145622 0.12824759 0.009543319 0.013445276 61.17 
10 92.20876883287845 85.8843537414966 0.06833324 0.12202409 0.009181239 0.013454278 60.48 
11 92.48965742425496 85.51587301587301 0.0663561 0.12722433 0.008970118 0.013288683 59.81 
12 92.82168813580348 85.3954081632653 0.06393365 0.12968306 0.008808593 0.012507288 59.15 
13 93.21638382888099 85.63013747165533 0.06124686 0.12471958 0.008556665 0.013332696 58.48 
14 93.54506537231549 85.25191326530613 0.059045646 0.12431298 0.008358575 0.012985136 57.8 
15 93.850625809831 86.45833333333333 0.05701538 0.11563574 0.008183741 0.012940222 57.13 
16 94.14889561450666 86.85161564625851 0.054900225 0.112431526 0.007898103 0.012727164 56.45 
17 94.40298009194167 85.62570861678005 0.053155806 0.11959 0.007756508 0.01276208 55.77 
18 94.6260389959474 87.2953869047619 0.0515482 0.10854984 0.0075299623 0.012415745 55.09 
19 94.87072211079867 86.61157171201815 0.0497931 0.11473474 0.007344071 0.012093792 54.41 
20 95.16475968695724 87.39105017006803 0.04779736 0.10710809 0.007030582 0.012159709 53.72 
21 95.53216665977449 86.73557964852608 0.04529911 0.117076986 0.006687779 0.011758549 53.03 
22 95.98678123190803 87.68512613378685 0.042271785 0.11300797 0.0063601537 0.01243091 52.35 
23 96.53861860061203 87.15100623582767 0.038748547 0.11274672 0.0059123435 0.012090694 51.67 
24 97.10918331127836 87.36713435374149 0.035199106 0.11468034 0.005374573 0.013633044 50.98 
25 97.72119801574173 87.17226473922902 0.03127605 0.11637164 0.004736757 0.013780734 50.3 
26 98.26517399305268 85.63545209750566 0.027636535 0.12573104 0.0041568913 0.013783539 49.63 
27 98.74716343768092 87.06420068027211 0.024242928 0.11516059 0.003630687 0.012134449 48.96 
28 99.10704285901359 87.22452522675736 0.021193365 0.11609836 0.003175576 0.0135754505 48.29 
29 99.37090561505804 87.20680980725623 0.01843494 0.11078815 0.002750218 0.013126462 47.61 
30 99.55796365409533 87.45393990929705 0.016068865 0.112360395 0.002392699 0.01237455 46.93 
31 99.68596433642102 87.3892786281179 0.014130201 0.112148866 0.002095695 0.01319963 46.25 
32 99.77173965483969 87.77724631519274 0.012567579 0.11003692 0.0018720148 0.013296089 45.59 
33 99.83434002219282 87.49025651927438 0.011272594 0.111111544 0.0016682848 0.012621917 44.92 
34 99.87849304234554 87.59034863945578 0.010217218 0.11106639 0.0015081407 0.012659626 44.27 
35 99.91350315661786 87.73561507936508 0.009320541 0.1080628 0.001358352 0.012287279 43.61 
36 99.93601042786646 87.10760345804988 0.008604484 0.11415156 0.0012475121 0.01280048 42.94 
37 99.9527885755245 87.4610260770975 0.007931275 0.10957745 0.0011499746 0.013835746 42.27 
38 99.9640529801781 87.16517857142857 0.0074068736 0.11305721 0.0010736434 0.0130989775 41.61 
39 99.97230205662613 86.99333900226758 0.006927253 0.11325418 0.0009925409 0.01264929 40.94 
40 99.97716965787225 87.0969742063492 0.0065359003 0.11070866 0.0009408829 0.012540687 40.27 
41 99.98168188115127 88.29807964852608 0.006200347 0.1019604 0.00089383445 0.012837953 39.6 
42 99.98583872646321 86.8312429138322 0.0058989367 0.11378569 0.00084258063 0.012287666 38.93 
43 99.98821868193974 87.39813633786848 0.0056446427 0.109795466 0.0008010736 0.012421838 38.26 
44 99.9910617056764 87.6062925170068 0.005390133 0.10712674 0.00077182316 0.012545023 37.6 
45 99.99238629628098 87.67892573696145 0.0051750997 0.10632823 0.0007406452 0.012546085 36.93 
46 99.99382934620792 87.23869756235828 0.004974266 0.10936128 0.0007150012 0.012719978 36.27 
47 99.99490624913848 87.5797193877551 0.0047948533 0.10705852 0.00069303554 0.012927031 35.61 
48 99.99567085021917 88.02791950113378 0.004627821 0.10224749 0.0006646668 0.012771389 34.94 
49 99.9964892964464 87.09963151927438 0.0044815387 0.11118039 0.00064660306 0.012779165 34.27 
50 99.99724312849779 86.49287840136054 0.004332856 0.11532607 0.0006250268 0.012952674 33.61 
51 99.99755543034765 87.58326247165533 0.0042007715 0.105685905 0.0006070837 0.012859061 32.94 
52 99.99787850122681 87.50974348072562 0.0040837093 0.10724087 0.00059291965 0.012491511 32.27 
53 99.99827695531111 88.26353458049887 0.0039734365 0.100274116 0.00057372695 0.012796615 31.59 
54 99.99823387919389 87.234268707483 0.003873093 0.109991185 0.00056370127 0.012157462 30.92 
55 99.99851387395583 87.8047052154195 0.0037727326 0.10521908 0.0005425871 0.012784923 30.25 
56 99.99893386609875 87.33790391156462 0.0036877678 0.10826073 0.00053108623 0.012275193 29.57 
57 99.99898771124528 87.79496173469387 0.0036014318 0.104757644 0.0005232525 0.013112384 28.9 
58 99.9990415563918 87.0952026643991 0.0035190484 0.10948782 0.0005095784 0.013117724 28.23 
59 99.99930001309514 87.16695011337869 0.0034545595 0.1102733 0.00050218834 0.013004413 27.55 
60 99.99921386086069 87.43090986394557 0.003374887 0.1080244 0.0004922157 0.013179716 26.88 
61 99.99931078212444 88.03677721088435 0.003309417 0.103627175 0.00048166674 0.012524058 26.2 
62 99.99945077950542 87.89682539682539 0.003246366 0.10423549 0.00047412634 0.012102324 25.53 
63 99.99958000785708 87.82773526077098 0.0031909598 0.10306075 0.0004595358 0.013074768 24.86 
64 99.99968769815014 87.04648526077098 0.0031277435 0.10855403 0.00045630115 0.01375745 24.18 
65 99.99967692912084 87.2891865079365 0.0030751978 0.10752569 0.000450139 0.014181033 23.51 
66 99.99964462203292 86.99776785714286 0.0030278557 0.11211509 0.0004377754 0.012924295 22.85 
67 99.99969846717944 87.34233276643991 0.0029786823 0.109051384 0.00043527843 0.013351702 22.17 
68 99.99972000523806 87.7639597505669 0.0029334808 0.10434346 0.00042944137 0.012012268 21.49 
69 99.99978461941389 87.35030470521542 0.0028858013 0.10865361 0.0004214247 0.012920959 20.83 
70 99.99981692650181 87.55580357142857 0.0028475625 0.105849594 0.00041641912 0.012291778 20.16 
71 99.99978461941389 87.68069727891157 0.0028107073 0.10568046 0.00041459527 0.013448156 19.49 
72 99.99984923358973 87.58946286848072 0.0027668066 0.10530052 0.0004047793 0.0130472025 18.82 
73 99.99979538844319 87.5655470521542 0.002736685 0.1065873 0.00039976422 0.013349552 18.14 
74 99.99983846456041 87.41850907029479 0.0026947493 0.107140034 0.00039148744 0.013063117 17.47 
75 99.99981692650181 87.03939909297053 0.0026607884 0.10917082 0.00039082454 0.012611955 16.8 
76 99.99986000261903 87.38662131519274 0.002631277 0.107983224 0.00038590364 0.013052271 16.13 
77 99.99988154067763 87.54163123582767 0.0026027795 0.10611315 0.00038404248 0.012519705 15.46 
78 99.99991384776555 87.91896967120181 0.0025672496 0.103434786 0.00037539692 0.01329738 14.78 
79 99.99991384776555 87.57794784580499 0.0025368824 0.10529724 0.00037575775 0.0125449365 14.11 
80 99.99991384776555 87.26969954648526 0.0025161526 0.10851259 0.0003719715 0.013030287 13.44 
81 99.99988154067763 86.47604875283447 0.0024859917 0.11454642 0.0003659884 0.01291423 12.77 
82 99.99987077164833 86.9703089569161 0.0024575628 0.11039302 0.0003607646 0.012809364 12.09 
83 99.99989230970695 86.84098639455782 0.002435184 0.1116852 0.00035841833 0.014393168 11.42 
84 99.99989230970695 87.65058106575964 0.002410073 0.10430471 0.0003548191 0.012988461 10.75 
85 99.99990307873625 87.64969529478458 0.0023870063 0.10449838 0.00034975214 0.01306965 10.07 
86 99.9999892309707 87.41230867346938 0.0023611432 0.10724899 0.000348562 0.013412481 9.4 
87 99.99995692388278 87.49202806122449 0.0023421752 0.10598793 0.00034357922 0.012928504 8.73 
88 99.99996769291208 87.36802012471655 0.0023165173 0.10777959 0.00033966743 0.012846685 8.06 
89 99.99993538582417 87.23249716553288 0.00229693 0.107589595 0.0003370476 0.013632129 7.39 
90 99.99994615485348 87.37599206349206 0.002280581 0.10630436 0.00033712527 0.013221812 6.71 
91 100.0 87.20503826530613 0.0022638533 0.10885374 0.00032883833 0.013313336 6.04 
92 99.99992461679486 87.48051303854875 0.0022397018 0.10614202 0.00032670712 0.012439498 5.37 
93 99.99996769291208 87.44153911564626 0.00222093 0.10782529 0.00032447896 0.012021313 4.7 
94 99.99996769291208 87.81356292517007 0.0022047344 0.10385787 0.000326211 0.01274137 4.02 
95 99.99995692388278 87.38219246031746 0.0021876525 0.108041294 0.0003214541 0.013800975 3.33 
96 99.99995692388278 87.35030470521542 0.0021730615 0.1073142 0.00032240708 0.013222075 2.65 
97 99.9999784619414 87.49911422902494 0.002160516 0.105707146 0.00031921198 0.0130805215 1.98 
98 99.99996769291208 87.03497023809524 0.0021423083 0.110759996 0.0003144788 0.013253686 1.32 
99 99.9999892309707 87.6780399659864 0.0021265724 0.10531326 0.00031451255 0.013178837 0.66 
