0 81.79617285928929 81.8532100340136 0.1395914 0.15068841 0.016468246 0.015308983 44.62 
1 83.03580659167976 81.59722222222223 0.13108224 0.15558267 0.01343169 0.013857907 44.22 
2 83.50977310947536 81.7061720521542 0.12855604 0.15282097 0.013268894 0.01365855 43.84 
3 83.82963481790864 81.49358701814059 0.12659688 0.15308367 0.013313156 0.014199078 43.42 
4 84.05518136768396 80.99401218820861 0.12535697 0.15502371 0.01323585 0.014562536 42.98 
5 84.25663759890277 81.89484126984127 0.124138206 0.15075094 0.01318464 0.013900269 42.76 
6 84.35056507250572 81.71945861678005 0.12357707 0.14961857 0.013183343 0.013924488 42.58 
7 84.4795134294103 81.42715419501134 0.1227499 0.15053557 0.013228736 0.012755674 42.36 
8 84.58607297438867 80.77522675736961 0.122154675 0.15417731 0.013116829 0.012985095 42.11 
9 84.76743419692333 80.55378401360544 0.12108454 0.15433988 0.013195697 0.012472268 41.85 
10 85.30530413461804 81.34743480725623 0.11710824 0.15125933 0.013139718 0.013950583 41.56 
11 86.8459645431864 84.7062783446712 0.10447894 0.12743065 0.012969598 0.0133611765 41.25 
12 88.32896756885286 85.17573696145125 0.093215205 0.12130548 0.011730414 0.013181082 40.91 
13 89.39345380861798 86.47516298185941 0.085583694 0.11256502 0.011215119 0.01414264 40.55 
14 90.60252503583934 85.41312358276645 0.07711736 0.120200515 0.010564478 0.01406544 40.2 
15 91.66968199487222 85.29443027210884 0.06970374 0.1213453 0.009791445 0.015422756 39.83 
16 92.5524947102528 86.23423327664399 0.06359403 0.11122998 0.009072385 0.013152661 39.44 
17 93.37450548617429 86.9986536281179 0.058096398 0.109048046 0.0084176045 0.013804676 39.05 
18 94.15303092175999 87.41053713151928 0.052955437 0.10827689 0.007908116 0.01457518 38.64 
19 94.92701182697874 87.09874574829932 0.048036374 0.10709371 0.007212495 0.013837433 38.22 
20 95.50846402627299 86.6452310090703 0.04436352 0.109612495 0.0066903345 0.013732521 37.81 
21 95.98407820555234 85.36440617913833 0.041486934 0.12076733 0.0062673492 0.013213871 37.38 
22 96.36231882185096 86.40430130385488 0.039127994 0.11119737 0.0059230383 0.014283527 36.95 
23 96.69727870937061 87.10583191609977 0.0370704 0.10837823 0.0056410767 0.013119804 36.51 
24 96.93180662958675 87.17580782312925 0.035564866 0.10764716 0.005418487 0.013891065 36.06 
25 97.1512040636286 87.53454506802721 0.034215696 0.10792486 0.0052111293 0.012889399 35.61 
26 97.32495158244424 86.30066609977324 0.033056874 0.113059826 0.0051267087 0.01366007 35.16 
27 97.48212556515865 86.66028911564626 0.03204579 0.109430194 0.0049365913 0.013514511 34.69 
28 97.63123354492322 87.33878968253968 0.031068586 0.10579152 0.0048102387 0.013458877 34.22 
29 97.7489282662035 85.546875 0.030251041 0.1177007 0.0046710856 0.014035866 33.76 
30 97.8654491632895 87.09343112244898 0.029452087 0.111113705 0.004579504 0.0135101965 33.28 
31 97.94809069418024 86.94639314058956 0.028815392 0.11247681 0.0044971975 0.0135919005 32.8 
32 98.04458119675792 87.11468962585035 0.028235022 0.10971938 0.004415502 0.013132384 32.32 
33 98.1208797693877 83.7469883786848 0.02762525 0.1277833 0.0043186774 0.0134266885 31.84 
34 98.1855477903675 87.57529053287982 0.027160086 0.106138036 0.004252903 0.014063527 31.36 
35 98.24137443828744 87.19086592970521 0.026743786 0.110123254 0.0042127473 0.014123756 30.87 
36 98.3007440968489 87.375106292517 0.026348395 0.105706595 0.0041421475 0.013733413 30.39 
37 98.34392790436412 87.15720663265306 0.026013598 0.10965077 0.004062007 0.012567607 29.92 
38 98.38977166211782 87.36270549886622 0.025640706 0.10753515 0.0040201005 0.013449787 29.45 
39 98.43249240137293 84.7514526643991 0.025309848 0.12036332 0.0040022954 0.0137201175 28.97 
40 98.46591946833733 86.5531108276644 0.025054445 0.11361277 0.0039459 0.012837397 28.5 
41 98.4899344036887 85.34934807256236 0.024820557 0.1194357 0.0039379583 0.013071222 28.02 
42 98.54205650552753 87.13063350340136 0.024456229 0.10609313 0.0038755417 0.012812172 27.53 
43 98.57771276155819 87.2200963718821 0.024193665 0.10854606 0.003848514 0.013486137 27.06 
44 98.59658010090149 87.4468537414966 0.02403541 0.10815571 0.0038220095 0.013726328 26.58 
45 98.62257653764507 87.60186366213152 0.023815464 0.107222594 0.0037718576 0.013216466 26.11 
46 98.65040370937061 86.94107851473923 0.023577102 0.108211055 0.003764487 0.0137512935 25.63 
47 98.67119870495961 87.14746315192744 0.023374986 0.10665384 0.0037265518 0.013098729 25.16 
48 98.69651669285695 86.68774801587301 0.02318396 0.111893915 0.0036940153 0.013854627 24.68 
49 98.71839936040581 87.00573979591837 0.022975529 0.11059123 0.0036654 0.013756091 24.2 
50 98.73856975229509 86.45921910430839 0.022827547 0.112088874 0.0036293743 0.012729154 23.73 
51 98.77221219984561 87.50620039682539 0.022584237 0.10521359 0.0036060794 0.0142883165 23.25 
52 98.77536752543215 87.59477749433107 0.022487838 0.10523297 0.0036166552 0.012846024 22.68 
53 98.79713173365865 86.70723497732426 0.022331962 0.109895624 0.0035515362 0.013753772 21.94 
54 98.81493293910071 86.05973639455782 0.022168174 0.11317344 0.0035268462 0.013465259 21.23 
55 98.83611561974472 87.3892786281179 0.022011306 0.10645815 0.003497011 0.013667331 20.55 
56 98.85275377002178 86.80644132653062 0.0218359 0.10959971 0.0034975768 0.01465949 19.9 
57 98.87031805681912 88.04474914965986 0.021710891 0.103401564 0.0034638343 0.012955349 19.28 
58 98.88164707564856 87.42293792517007 0.021588834 0.10894559 0.0034377729 0.014295351 18.69 
59 98.89984673517492 86.19171626984127 0.021445595 0.11213181 0.0034208721 0.014212826 18.11 
60 98.91722794847408 87.68778344671202 0.021306058 0.10777902 0.003406002 0.013748989 17.54 
61 98.92535856559975 87.75244472789116 0.021161959 0.105592504 0.0034097352 0.013837923 17.0 
62 98.9495027293028 88.05006377551021 0.021015087 0.10394425 0.0033764422 0.013131904 16.48 
63 98.95272266906514 87.49468537414965 0.020933196 0.104531534 0.0033402601 0.013338004 15.97 
64 98.96509628373721 87.30955924036282 0.020838425 0.106751405 0.003333825 0.013678228 15.47 
65 98.97746989840928 87.67892573696145 0.020727066 0.104022995 0.0033454073 0.013997614 14.99 
66 98.99156655777024 87.31133078231292 0.020622231 0.107182235 0.003323155 0.013111825 14.5 
67 98.99706953174538 87.47165532879819 0.020560473 0.1053089 0.0033029467 0.012938619 14.03 
68 99.00811855581286 87.70638463718821 0.020437703 0.10453298 0.0032850725 0.013610895 13.56 
69 99.02126754059493 87.66475340136054 0.020327328 0.104484834 0.0032561198 0.013569184 13.09 
70 99.01757376354313 87.7781320861678 0.020257298 0.103871524 0.0032427742 0.012698434 12.63 
71 99.03219810534006 87.6922123015873 0.020179823 0.105656035 0.003250471 0.013052809 12.18 
72 99.04486248380339 87.8640518707483 0.020075738 0.103745736 0.0032321638 0.013476317 11.74 
73 99.05504998552642 87.15454931972789 0.019972987 0.107427664 0.0032035813 0.014053157 11.3 
74 99.07342194952169 87.28032879818593 0.019828716 0.107988924 0.0031998153 0.013988716 10.86 
75 99.09082470087944 87.74801587301587 0.019637067 0.10492646 0.0031727361 0.0137321595 10.41 
76 99.1018198798004 88.07132227891157 0.019521717 0.10317642 0.0031587167 0.014018769 9.98 
77 99.11310582251261 87.55491780045351 0.019417467 0.10636224 0.0031405222 0.013715223 9.54 
78 99.12335793841149 87.6514668367347 0.019279273 0.10603865 0.0031069226 0.013699472 9.11 
79 99.13268391779009 87.02876984126983 0.019162351 0.10830173 0.0031207681 0.013784141 8.69 
80 99.14585444063077 87.60983560090703 0.019079085 0.1055061 0.0030834477 0.013105689 8.26 
81 99.1579480605409 86.96322278911565 0.018975737 0.10734455 0.0030622385 0.013600573 7.84 
82 99.16563714746506 87.79939058956916 0.018893909 0.10340717 0.0030514363 0.013310509 7.43 
83 99.16498023667742 87.89682539682539 0.01887126 0.103417344 0.003078721 0.013416843 7.01 
84 99.18141377539767 86.16337159863946 0.018728638 0.11542231 0.0030514977 0.013419436 6.6 
85 99.18633522179032 87.33613236961452 0.018652944 0.10800928 0.003034238 0.013326605 6.18 
86 99.19528428514322 86.58765589569161 0.018567758 0.11134659 0.0030187457 0.013107733 5.76 
87 99.20355489964987 87.22983985260771 0.018526396 0.1087836 0.002994213 0.012499998 5.35 
88 99.20912248780084 87.93314200680273 0.018434873 0.10562237 0.0029863825 0.013980946 4.93 
89 99.21009170043834 87.86582341269842 0.018378008 0.10361192 0.0029989807 0.013665161 4.51 
90 99.2212591838282 87.4468537414966 0.018291226 0.10613448 0.0029598426 0.013074744 4.1 
91 99.2230253046343 86.77632511337869 0.018240789 0.108550765 0.0029754362 0.013418763 3.69 
92 99.2325558955697 87.89593962585035 0.01817119 0.10307367 0.0029675392 0.012858897 3.28 
93 99.23577583533206 87.4734268707483 0.018102506 0.10476391 0.0029629776 0.013316064 2.86 
94 99.24770791980261 87.78787556689342 0.018046213 0.10539008 0.0029144697 0.013309411 2.45 
95 99.24506950762274 87.30690192743764 0.0179952 0.106897384 0.002927865 0.013378557 2.04 
96 99.24851559700052 87.82330640589569 0.017963175 0.10300629 0.0029352624 0.0142028425 1.63 
97 99.26350608579384 87.97388747165533 0.017842518 0.103826545 0.002930612 0.013722446 1.22 
98 99.26250456606843 86.57879818594104 0.01779303 0.10938234 0.0029182413 0.013162917 0.82 
99 99.26952597317565 86.82769982993197 0.017707128 0.10984929 0.0029095272 0.0140377795 0.41 
