0 85.05003506395941 82.8656462585034 0.12067363 0.14506814 0.021975439 0.013698352 62.57 
1 87.93625337716759 84.96049461451247 0.09959163 0.13625933 0.012811096 0.014455966 62.05 
2 88.34315038044826 83.08000283446712 0.095621705 0.14787443 0.0123653 0.01582792 61.51 
3 88.81458617635707 84.56278344671202 0.09113386 0.14409688 0.0118629355 0.015528857 60.97 
4 89.86235888263998 85.36352040816327 0.08377841 0.13116184 0.011222245 0.013342715 60.43 
5 90.83391916852756 86.23600481859411 0.07716503 0.12252937 0.010617614 0.013316203 59.87 
6 91.45086608841287 86.88704648526077 0.07266387 0.112913705 0.010196531 0.012408742 59.28 
7 92.05498709439529 85.9968466553288 0.0687165 0.1197426 0.009757998 0.011962299 58.72 
8 92.49583884707634 86.92424886621315 0.06570143 0.11188018 0.009541834 0.012574419 58.12 
9 92.88333005954843 86.65054563492063 0.06280252 0.113090985 0.009173588 0.012608977 57.52 
10 93.26213066537093 86.52830924036282 0.059973814 0.115607426 0.0088434005 0.012369651 56.93 
11 93.63313449397623 86.84275793650794 0.05730708 0.11639694 0.008611849 0.012287262 56.35 
12 93.9937785163896 86.95967970521542 0.054687727 0.1071039 0.008223596 0.012602935 55.73 
13 94.36926226118601 87.10228883219955 0.051995046 0.10619108 0.007904621 0.012891675 55.14 
14 94.7664671380917 87.1501204648526 0.04916317 0.11163367 0.0075435853 0.012174247 54.54 
15 95.22854464753398 87.37156320861678 0.04609465 0.10506768 0.0071849586 0.011090887 53.93 
16 95.6883714298514 87.02256944444444 0.04302683 0.11550282 0.006762646 0.011968971 53.33 
17 96.13719226421857 87.30247307256236 0.040059783 0.11155074 0.006361489 0.012338958 52.72 
18 96.55442753563257 87.7905328798186 0.03731654 0.10756121 0.0059647243 0.013290536 52.1 
19 96.89155199804262 86.3015518707483 0.035063207 0.12689602 0.005648726 0.013284591 51.47 
20 97.15962544454553 87.83216411564626 0.033193644 0.10480706 0.0054162485 0.0127552515 50.85 
21 97.41024229454415 87.08457341269842 0.031418886 0.11172276 0.005165195 0.013105726 50.22 
22 97.60647554654977 88.0013463718821 0.029974055 0.10621349 0.004940602 0.012104505 49.59 
23 97.78135381344251 87.19972363945578 0.02870502 0.113044985 0.004765093 0.012590478 48.97 
24 97.93129100846359 87.7923044217687 0.027553055 0.10984487 0.004611248 0.011906579 48.33 
25 98.05963629972707 87.55226048752834 0.026620438 0.1128412 0.0044866605 0.012204046 47.71 
26 98.16680967937585 86.62751558956916 0.025738383 0.118210375 0.004387858 0.012403609 47.07 
27 98.25887411090893 87.8312783446712 0.024987537 0.105124764 0.004271233 0.012843289 46.44 
28 98.33522652868525 88.14927012471655 0.0243511 0.1032257 0.004160935 0.012986818 45.8 
29 98.4110835711135 87.95262896825396 0.023751289 0.1042568 0.004097901 0.0128519675 45.18 
30 98.47599927976732 87.56466128117914 0.023187835 0.108763 0.004026209 0.012131467 44.55 
31 98.53970885713892 87.77458900226758 0.022660434 0.10615066 0.0039520054 0.012348952 43.91 
32 98.58909562553414 88.14395549886622 0.022184948 0.10546785 0.0038985063 0.012850931 43.28 
33 98.643016155267 87.84190759637188 0.021720713 0.10918632 0.0038407587 0.013035254 42.65 
34 98.68330309389904 87.50354308390023 0.02131432 0.11297103 0.003779841 0.012985693 42.01 
35 98.72899608524247 88.52926587301587 0.020924957 0.10210277 0.0037230083 0.012432468 41.39 
36 98.76532002109006 88.4327168367347 0.02058657 0.100161694 0.0036940149 0.012493583 40.76 
37 98.80821306481405 87.91808390022676 0.020211117 0.10963744 0.003594226 0.013399629 40.13 
38 98.84084322360985 88.08195153061224 0.01989882 0.10532083 0.0035740405 0.012202409 39.49 
39 98.87054420643454 87.82684948979592 0.01963624 0.1095765 0.0035419443 0.012275923 38.87 
40 98.90686814228214 88.86940192743764 0.019315016 0.0963413 0.0034827658 0.012666611 38.23 
41 98.93401686516141 88.66744614512471 0.01905882 0.10247696 0.0034165373 0.012102022 37.6 
42 98.96059482948749 88.26973497732426 0.018763917 0.10312099 0.003400065 0.012396888 36.97 
43 98.98378054958233 87.72410005668934 0.018527504 0.112282194 0.0033591315 0.012130926 36.34 
44 99.00775240881647 88.37514172335601 0.018284835 0.101937935 0.003310233 0.011999999 35.7 
45 99.03892874865602 87.95882936507937 0.017990556 0.10822969 0.0033057993 0.012158027 35.07 
46 99.05608381233975 87.81533446712018 0.01776466 0.10719687 0.0032814494 0.012372821 34.42 
47 99.08345868483445 88.24759070294785 0.017516172 0.10433653 0.0032137723 0.012506842 33.78 
48 99.09996760675985 87.50797193877551 0.017336952 0.11248828 0.0031924888 0.012453889 33.15 
49 99.12423022978524 87.63463718820861 0.017086688 0.11098863 0.0031623011 0.013161954 32.52 
50 99.14638212306674 88.26176303854875 0.016884418 0.101711266 0.0031439404 0.012320682 31.88 
51 99.15850805006478 87.68689767573696 0.016736249 0.10871569 0.0031154768 0.012830197 31.24 
52 99.17746154164254 88.70376275510205 0.016542934 0.0975851 0.00307994 0.012149085 30.6 
53 99.19278587034434 88.28833616780045 0.01637295 0.100320294 0.0030503878 0.012021585 29.97 
54 99.20783020428418 88.07220804988663 0.016218586 0.10286121 0.0030331614 0.0120876795 29.34 
55 99.21696234113529 88.12358276643991 0.016076842 0.10256048 0.0030076522 0.012663617 28.71 
56 99.23502200328068 88.08372307256236 0.015909035 0.10586472 0.0029688932 0.012742059 28.07 
57 99.24895712720205 87.890625 0.015770048 0.1082859 0.0029550625 0.01271583 27.43 
58 99.26054460273481 88.12889739229026 0.01564682 0.10578667 0.002925902 0.011646614 26.8 
59 99.26859983665537 87.73827239229026 0.015516533 0.10721783 0.0029303557 0.01257115 26.16 
60 99.2843872336173 87.94022817460318 0.01536933 0.10727676 0.002888535 0.011671846 25.52 
61 99.29481165398506 88.2077310090703 0.015292779 0.10342748 0.0028915775 0.011414676 24.88 
62 99.30883293014088 88.05360685941044 0.015119638 0.105141684 0.002864334 0.011819792 24.24 
63 99.32236959997795 88.44423185941044 0.015012385 0.10144755 0.0028366137 0.011704665 23.6 
64 99.3308232879828 88.23164682539682 0.014903276 0.101329096 0.0028178496 0.011830861 22.96 
65 99.33968619910127 87.99514597505669 0.014796907 0.10379103 0.0028144396 0.012330209 22.32 
66 99.35158597648389 88.38311366213152 0.014669945 0.10199255 0.0027761739 0.012176695 21.68 
67 99.3593827537011 88.69756235827664 0.014591952 0.096831635 0.0027693496 0.012782022 21.04 
68 99.3741255548204 88.12889739229026 0.014445174 0.104982734 0.0027372509 0.012439413 20.4 
69 99.37251020042456 87.84545068027211 0.014406427 0.10630873 0.0027375468 0.013039842 19.76 
70 99.38840528767955 88.22544642857143 0.014279246 0.10155172 0.0027309111 0.012577537 19.12 
71 99.39422056350453 88.39019982993197 0.014192567 0.10338448 0.002705646 0.011522884 18.48 
72 99.40354654288313 87.84367913832199 0.01409195 0.104847096 0.0026852153 0.012800604 17.85 
73 99.41055718096105 88.52660856009071 0.014011911 0.10315571 0.0026846451 0.012946275 17.21 
74 99.42145543861825 87.74713010204081 0.013904889 0.10807538 0.002654258 0.012647992 16.57 
75 99.42971528409561 88.07575113378685 0.01382841 0.10492652 0.0026205727 0.011780921 15.93 
76 99.4392135679431 88.24139030612245 0.013737655 0.10252616 0.002635298 0.012406059 15.3 
77 99.44568575455573 88.66213151927438 0.013635311 0.099473976 0.00260916 0.012279503 14.66 
78 99.45655170512502 88.6187287414966 0.013551035 0.09852053 0.0025687392 0.012797399 14.02 
79 99.4582532117553 88.39817176870748 0.013494835 0.1034296 0.0025971415 0.012367187 13.39 
80 99.47002376078626 88.40082908163265 0.013377107 0.100784965 0.0025630172 0.011735835 12.75 
81 99.47078836186695 88.05360685941044 0.013327128 0.10385518 0.0025577822 0.012338693 12.11 
82 99.48372196606292 88.04297760770974 0.013218935 0.10232114 0.0025526143 0.012055963 11.48 
83 99.49194950445235 88.00488945578232 0.0131188985 0.105850026 0.0025106997 0.0116557805 10.84 
84 99.49798016086345 88.23873299319727 0.013082233 0.1041932 0.0025197957 0.012172638 10.2 
85 99.49353255176027 88.5062358276644 0.013043859 0.10064898 0.0025158052 0.011710634 9.57 
86 99.50386005086428 87.63995181405896 0.01296119 0.108384125 0.0024911747 0.013370034 8.93 
87 99.50842611928984 88.04032029478458 0.012891721 0.107314415 0.0024806121 0.012919876 8.29 
88 99.51792440313731 88.64264455782313 0.012807259 0.09779324 0.0024693017 0.01263907 7.65 
89 99.52229662903537 88.74007936507937 0.012764911 0.0988849 0.002467916 0.011962244 7.01 
90 99.52666885493342 88.50712159863946 0.012690676 0.10082238 0.0024638071 0.013056985 6.38 
91 99.5342071754473 88.74007936507937 0.0126306815 0.09925409 0.002432827 0.012234798 5.74 
92 99.53855786328674 88.11826814058956 0.012565625 0.10493952 0.0024269992 0.011608405 5.1 
93 99.54121781352521 88.31579506802721 0.012518463 0.10112226 0.0024308164 0.011947019 4.46 
94 99.54991918920409 87.54871740362812 0.012434454 0.10958765 0.0024059864 0.012188187 3.83 
95 99.5466238662366 88.31313775510205 0.0124128945 0.10025514 0.0024060127 0.012556582 3.19 
96 99.55641291387533 88.19355867346938 0.012353489 0.10304834 0.002388881 0.01256577 2.55 
97 99.56078513977339 88.16167091836735 0.012285495 0.10372012 0.0023924136 0.012199254 1.91 
98 99.5660727331624 88.06335034013605 0.012225244 0.1048841 0.0023608278 0.012737452 1.28 
99 99.5693465180713 88.12181122448979 0.01218781 0.104689315 0.002372623 0.012201117 0.64 
