0 80.18916981569875 79.88502692743764 0.15302646 0.15298899 0.023356859 0.015144739 17.66 
1 83.24336838703262 82.56891298185941 0.13161139 0.14029238 0.016488887 0.013939248 17.58 
2 86.49168821267568 84.31831065759637 0.108849995 0.1269057 0.014257896 0.014006592 17.49 
3 87.33426146910634 84.78422619047619 0.10206771 0.12446376 0.013409253 0.0147199575 17.4 
4 87.62238754640678 81.38020833333333 0.099477656 0.1402342 0.012966016 0.015962828 17.29 
5 87.88642974343675 84.49723639455782 0.09718464 0.12568465 0.01280688 0.015803117 17.18 
6 88.10126831410767 83.96843112244898 0.095094755 0.12778445 0.0126557555 0.015858252 17.06 
7 88.23551652413153 84.45294784580499 0.09376102 0.12683757 0.0127583295 0.016213294 16.93 
8 88.36297981304693 84.32096797052154 0.09249148 0.12569392 0.012715564 0.015613322 16.79 
9 88.44393272673031 82.68317743764172 0.09168853 0.13242714 0.01252368 0.015428358 16.64 
10 88.49686547003448 85.07121598639456 0.091111906 0.12138342 0.0126093365 0.015607682 16.5 
11 88.63769142800318 85.62305130385488 0.0898871 0.116875574 0.012641015 0.0149299465 16.35 
12 88.70554063908777 84.21733276643991 0.08930066 0.12654072 0.01255251 0.016775347 16.2 
13 88.77706717382657 85.02781320861678 0.08862682 0.121142104 0.012620546 0.016323958 16.05 
14 88.827151286131 84.85420209750566 0.088129066 0.12289806 0.012654114 0.016097844 15.89 
15 88.88044658247149 84.91974914965986 0.0875791 0.122876436 0.012447464 0.01568912 15.72 
16 88.99910501193317 83.80544926303855 0.086744 0.12885615 0.012388547 0.016282018 15.55 
17 89.05353976067356 83.78684807256236 0.08614022 0.12804127 0.01242305 0.015629891 15.38 
18 89.10875140877751 86.58411281179139 0.08567602 0.11455092 0.012503092 0.016890649 15.21 
19 89.17442530164412 85.44235402494331 0.08515445 0.11873014 0.012497387 0.01679115 15.03 
20 89.23662904402015 84.96492346938776 0.08471709 0.12221472 0.012252974 0.01684744 14.86 
21 89.25237420445505 84.01892006802721 0.08452859 0.12723164 0.012477104 0.016440453 14.69 
22 89.28355376557943 84.6859056122449 0.084319316 0.12381682 0.012359172 0.016992072 14.5 
23 89.41210471360382 83.61943735827664 0.083434656 0.13099973 0.012394436 0.016432619 14.33 
24 89.41391747878546 86.26169217687075 0.08338951 0.11463848 0.012476281 0.016095135 14.15 
25 89.47425666268894 86.20766014739229 0.08285497 0.11670077 0.012415126 0.017311499 13.97 
26 89.48627270617874 84.60795776643991 0.08271317 0.124783486 0.012492713 0.016392136 13.78 
27 89.55660799522673 86.27054988662131 0.0821327 0.114250615 0.0122357 0.016138852 13.6 
28 89.57468385375232 84.61150085034014 0.0819157 0.12342417 0.012265277 0.016181964 13.41 
29 89.64652114823654 85.01275510204081 0.08140461 0.12102965 0.012195737 0.017436558 13.23 
30 89.73793630668258 86.63017290249434 0.08076855 0.11254659 0.012256859 0.016092854 13.06 
31 89.81023974078494 87.31133078231292 0.08014689 0.11091012 0.012122121 0.01642476 12.87 
32 89.85913260739856 86.29446570294785 0.07974142 0.11597278 0.012097474 0.016977234 12.69 
33 89.91910923826572 84.87900368480726 0.079312816 0.12199414 0.011968298 0.016192203 12.51 
34 90.02311016640148 85.04818594104309 0.07849885 0.12132695 0.011971487 0.017532839 12.32 
35 90.04978371121719 85.91535572562358 0.078210466 0.11847586 0.011963402 0.016210904 12.14 
36 90.19894838902148 85.23419784580499 0.07708279 0.12039204 0.011909599 0.016594391 11.96 
37 90.24561414412622 83.90819869614512 0.076617844 0.12818456 0.011782481 0.01642507 11.77 
38 90.3507545246619 83.25804280045351 0.07572786 0.13422912 0.011788998 0.01753015 11.58 
39 90.4988833366481 84.8781179138322 0.07453456 0.123968616 0.01171272 0.01822848 11.39 
40 90.6321992674357 84.47243480725623 0.07355485 0.13032167 0.011716166 0.017219175 11.21 
41 90.72029965526386 83.73547335600907 0.07267238 0.12950663 0.011430266 0.017829582 11.02 
42 90.86532086979581 82.54765447845806 0.07147148 0.13767987 0.011646496 0.016507981 10.83 
43 91.0036089565102 82.36518565759637 0.07019707 0.1407326 0.011438357 0.017664757 10.65 
44 91.17898103951207 83.17300878684807 0.06879981 0.13470146 0.01125898 0.017335704 10.46 
45 91.46985216123045 81.38995181405896 0.06682078 0.15178716 0.011251111 0.01851594 10.27 
46 91.88797939870061 83.37850765306122 0.06395751 0.13616894 0.011090425 0.018532282 10.09 
47 92.15383436091223 83.74787414965986 0.062016223 0.13376656 0.010993809 0.017260022 9.9 
48 92.40927887165208 84.39980158730158 0.06023757 0.12925756 0.010919411 0.017728927 9.72 
49 92.6617193715195 82.71683673469387 0.058515146 0.14370455 0.010807504 0.019258397 9.53 
50 92.90240279435163 84.51229450113378 0.05670095 0.12779713 0.010627476 0.0169512 9.34 
51 93.2575493900822 84.19873157596372 0.054153 0.13237791 0.010929282 0.017097155 9.15 
52 93.74461349774596 83.46354166666667 0.050834227 0.13784504 0.010306624 0.017405106 8.97 
53 94.09515049058605 84.12875566893425 0.04822901 0.13284957 0.010085292 0.019116871 8.78 
54 94.33775026518165 84.95075113378685 0.046409883 0.12679523 0.010158632 0.019420583 8.59 
55 94.48784722222223 84.62035856009071 0.0452069 0.1306473 0.01040557 0.019111753 8.4 
56 94.72972189074515 85.49107142857143 0.04332857 0.12414975 0.010059466 0.018013623 8.22 
57 94.9061298395651 84.10306831065759 0.04198752 0.13776891 0.010287124 0.01964368 8.03 
58 95.07709949284009 83.83202239229026 0.0406459 0.13838232 0.009570656 0.017992862 7.84 
59 95.24900142535137 84.37322845804988 0.039407726 0.13069634 0.009697238 0.018226003 7.66 
60 95.33699822659771 84.10218253968254 0.038593955 0.13728441 0.0099593345 0.019434623 7.47 
61 95.50501566229117 83.1889526643991 0.03727322 0.14435901 0.0094841495 0.020067597 7.28 
62 95.57726730310263 85.68505527210884 0.036735322 0.12355298 0.009911536 0.01654396 7.1 
63 95.76532874237603 85.22534013605443 0.035188287 0.12891966 0.009364858 0.01874115 6.91 
64 95.90180406390878 85.92952806122449 0.034205645 0.12355749 0.009257719 0.01851064 6.72 
65 95.97705971559269 85.72225765306122 0.033576787 0.12574907 0.009739298 0.018103814 6.53 
66 96.16263507690267 84.54329648526077 0.03214098 0.136695 0.009181129 0.020501884 6.35 
67 96.27963612105542 82.66811933106575 0.031152897 0.14919335 0.009508078 0.020261567 6.16 
68 96.35395949350306 85.13233418367346 0.03063352 0.13079716 0.010615577 0.0201128 5.97 
69 96.50535128281624 85.20762471655328 0.029434735 0.12935604 0.009012904 0.018611077 5.79 
70 96.64757565963936 83.87011054421768 0.028341122 0.1411284 0.009196573 0.019784808 5.6 
71 96.76897913351895 85.02338435374149 0.027326552 0.13277905 0.008635546 0.018740118 5.41 
72 96.85101970631132 85.34049036281179 0.026540127 0.1300265 0.008564911 0.01858362 5.23 
73 96.98474998342614 84.84268707482993 0.025602622 0.1345589 0.00842635 0.019187428 5.04 
74 97.09936853619729 80.84431689342404 0.024661494 0.16868912 0.007990375 0.020977557 4.85 
75 97.17136121055422 84.76119614512471 0.024098864 0.13597357 0.0084172 0.020433556 4.66 
76 97.22921431649429 84.91797760770974 0.023563653 0.1344723 0.008428675 0.019980391 4.48 
77 97.33264551843013 83.52908871882086 0.022791276 0.1470914 0.007921916 0.020800587 4.29 
78 97.43327988265712 83.79570578231292 0.021949716 0.1456472 0.0076871114 0.02062553 4.1 
79 97.46684193516309 82.22169075963718 0.021663668 0.1589132 0.0077071274 0.021935863 3.9 
80 97.56467946168125 84.72930839002268 0.020908939 0.13670442 0.007535457 0.020005217 3.68 
81 97.65728586581808 83.75584608843538 0.020129329 0.14547114 0.007453529 0.021415269 3.47 
82 97.70540183306815 84.25984977324264 0.019736813 0.13997732 0.0074088722 0.02022818 3.27 
83 97.7812790042429 84.08003826530613 0.019122075 0.14512177 0.007344291 0.019989192 3.06 
84 97.8528573322726 82.88159013605443 0.018536357 0.15354832 0.0070554186 0.020150557 2.87 
85 97.86782559334394 83.20932539682539 0.018427199 0.1500039 0.007349638 0.020683412 2.67 
86 97.96493801378945 82.67874858276645 0.017635418 0.15552855 0.006920065 0.020358719 2.48 
87 98.0118109420578 85.88081065759637 0.017185953 0.12572713 0.006845111 0.01874747 2.29 
88 98.05619779236277 80.29336734693878 0.01683292 0.18234654 0.0067602163 0.022593087 2.11 
89 98.11979995359322 84.62301587301587 0.016310938 0.13815366 0.006644348 0.02014443 1.93 
90 98.1669318483161 84.07560941043084 0.015905747 0.14401029 0.00669957 0.021283345 1.75 
91 98.1948484321135 84.18633078231292 0.015712768 0.14228739 0.006684284 0.020717263 1.57 
92 98.24508792429064 82.22434807256236 0.015357479 0.16206041 0.006578533 0.021864532 1.39 
93 98.2955863829223 84.43788973922902 0.014883367 0.13992639 0.0064990893 0.020204768 1.21 
94 98.32681773733758 83.61412273242631 0.014628461 0.14720613 0.0064306203 0.020908486 1.04 
95 98.36260690135242 85.03312783446712 0.014351191 0.1337907 0.006384349 0.020275304 0.86 
96 98.40626864558473 84.1703869047619 0.013946286 0.14196438 0.0064693773 0.019521927 0.69 
97 98.4253285766375 83.93300028344672 0.013780471 0.14487895 0.0063615195 0.020197067 0.52 
98 98.4701815665606 84.89671910430839 0.0134192165 0.13767833 0.006467756 0.021079093 0.34 
99 98.52290713670114 83.00914115646259 0.012985356 0.15281235 0.006071055 0.021030612 0.17 
