0 84.06488426308825 77.24188633786848 0.12742117 0.16940978 0.03292112 0.016457029 80.52 
1 87.35675037217766 80.74422477324264 0.101987496 0.14839311 0.0142931 0.016870743 79.79 
2 88.75450576186144 82.56625566893425 0.09038591 0.13575408 0.014194564 0.01665092 78.98 
3 91.8535954773523 82.03567885487529 0.06557224 0.14466348 0.014255983 0.018183267 78.27 
4 95.76948375858076 84.01626275510205 0.036031466 0.13368699 0.011081779 0.019102113 77.55 
5 98.27292769415267 83.18186649659864 0.017245147 0.1386946 0.0060467212 0.019393113 76.84 
6 99.2251575724368 83.33067602040816 0.009246388 0.14006583 0.0036192487 0.019054675 76.11 
7 99.5693572871006 83.43962585034014 0.0056937034 0.13987657 0.0026493073 0.018343823 75.35 
8 99.71936986532683 81.46435657596372 0.00389118 0.15440784 0.0021167053 0.019991998 74.6 
9 99.79664841962341 82.9125921201814 0.0029034608 0.14771874 0.0019026819 0.01861975 73.84 
10 99.84212603038073 81.1499078798186 0.002329923 0.15892226 0.0016590059 0.020308204 73.07 
11 99.86809016003639 81.8266369047619 0.0019898429 0.15765929 0.0015354963 0.02193235 72.3 
12 99.89195432897748 81.11713435374149 0.0017033967 0.16404733 0.00137671 0.020684043 71.54 
13 99.90948630868691 82.12159863945578 0.0014863218 0.1587143 0.001303215 0.0205727 70.75 
14 99.92901055881785 81.51750283446712 0.0012721869 0.16360353 0.0011568291 0.021361576 69.97 
15 99.94206262233617 81.72920209750566 0.00112887 0.16351707 0.0010295567 0.02248004 69.18 
16 99.94994555178783 81.21899801587301 0.001019216 0.1675644 0.0010850702 0.021194963 68.36 
17 99.95767771482922 80.23313492063492 0.0009306838 0.17490444 0.0008657568 0.022076625 67.55 
18 99.9646345077606 80.33411281179139 0.0008491341 0.17253016 0.00079344935 0.021826617 66.73 
19 99.9702774791167 79.57234977324264 0.00078630185 0.18107554 0.000759723 0.021733465 65.93 
20 99.96916826909823 80.0063775510204 0.00077392237 0.17734976 0.00095375604 0.021598138 65.11 
21 99.973777413641 79.92134353741497 0.00072234316 0.17898741 0.0006902942 0.023837222 64.3 
22 99.9758989124142 80.10292658730158 0.00069179636 0.17941216 0.0006738642 0.02182935 63.48 
23 99.97838655818377 80.71410856009071 0.00065940554 0.17313501 0.000654404 0.021190397 62.67 
24 99.97877424323877 80.01612103174604 0.00064914924 0.1800925 0.00069809903 0.022444718 61.86 
25 99.98211264232349 80.57327097505669 0.0006099909 0.17541443 0.0005723715 0.022305192 61.04 
26 99.98247878931988 79.64143990929705 0.0005990853 0.18067087 0.0005780877 0.02174495 60.22 
27 99.98441721459488 80.16315901360544 0.000575313 0.17864303 0.0005459863 0.022575004 59.41 
28 99.9846756712982 80.60072987528345 0.00056512485 0.17582405 0.000557521 0.024032515 58.59 
29 99.98359876836766 80.23047760770974 0.0005663569 0.17965 0.00058390124 0.022047121 57.77 
30 99.98609718316655 80.593643707483 0.00054149085 0.17632124 0.0005276609 0.022633854 56.88 
31 99.98708793386265 80.44926303854875 0.0005289749 0.17682831 0.0005175148 0.023386024 55.86 
32 99.98722793124362 79.84339569160997 0.00052252144 0.18102255 0.0004885396 0.02273061 54.87 
33 99.98759407824001 80.88860544217687 0.0005136383 0.17445923 0.000484678 0.02247833 53.9 
34 99.98866021214126 79.5484339569161 0.0005060409 0.18322647 0.00047279036 0.022335237 52.96 
35 99.98900482107904 79.48820153061224 0.00050149177 0.18504852 0.0004739214 0.023010287 52.04 
36 99.98939250613404 80.5077239229025 0.0004982013 0.17586946 0.00048340295 0.021030745 51.14 
37 99.98946788933918 79.96828939909297 0.0004945997 0.18238518 0.00047416764 0.023929663 50.25 
38 99.9891232804014 79.90717120181407 0.00049369124 0.18147555 0.00045945254 0.023045234 49.39 
39 99.99038325683014 80.43863378684807 0.00048085692 0.17900893 0.00043648743 0.02296764 48.51 
40 99.9901032620682 80.37397250566893 0.00048176388 0.17757826 0.0004640191 0.021692108 47.65 
41 99.98955404157363 79.5360331632653 0.0004817878 0.18685958 0.00045645708 0.022300476 46.79 
42 99.99058786838695 78.91422193877551 0.00047504817 0.18968889 0.00045889788 0.02483901 45.95 
43 99.99001710983376 80.71765164399093 0.00047375463 0.17523861 0.000447081 0.022845516 45.11 
44 99.98996326468723 79.65295493197279 0.00047458918 0.18607889 0.00046912694 0.02217835 44.29 
45 99.99099709150056 79.41645408163265 0.00046296493 0.18849893 0.00042779493 0.023199711 43.46 
46 99.99210630151903 79.16489512471655 0.00045295004 0.18988155 0.0003815699 0.023066621 42.65 
47 99.99121247208667 80.0125779478458 0.0004588491 0.1837171 0.00042903202 0.021780238 41.82 
48 99.9926232149257 80.35271400226758 0.00044543413 0.18188082 0.00037427354 0.0221179 41.0 
49 99.99196630413806 80.08255385487529 0.0004500487 0.18209714 0.0004153336 0.022521878 40.2 
50 99.9922355298707 80.6547619047619 0.0004474996 0.17801616 0.0003899169 0.022153117 39.39 
51 99.99226783695862 80.53606859410431 0.0004452545 0.17867698 0.00039508514 0.022530254 38.59 
52 99.9922247608414 80.79294217687075 0.000443087 0.1786386 0.00038560334 0.022364857 37.79 
53 99.99180476869849 79.01077097505669 0.0004472063 0.18764271 0.0004174942 0.022875793 36.98 
54 99.99350627532876 79.78493480725623 0.0004312435 0.18356182 0.00036488025 0.023137303 36.19 
55 99.99370011785625 79.13743622448979 0.00042812867 0.18785322 0.00035308456 0.023321409 35.04 
56 99.9931832044496 80.47140731292517 0.0004312102 0.17922631 0.00037472227 0.02340434 33.59 
57 99.99286013357042 79.88768424036282 0.00043302838 0.18338165 0.00038611866 0.02310677 32.24 
58 99.99338781600639 80.83457341269842 0.0004293563 0.17721362 0.00036621533 0.022378784 30.95 
59 99.99400165067681 79.84516723356009 0.00042310884 0.18562113 0.00034568916 0.022693148 29.74 
60 99.99343089212361 79.76544784580499 0.00042659076 0.18453227 0.00036884798 0.02311341 28.61 
61 99.99376473203209 79.4749149659864 0.0004239581 0.18606177 0.00035657707 0.022455754 27.55 
62 99.99395857455958 80.71853741496598 0.0004207972 0.17908423 0.0003417823 0.022505578 26.53 
63 99.9935708895046 79.91425736961452 0.00042101723 0.18391365 0.00035929595 0.022758571 25.55 
64 99.99372165591487 81.05335884353741 0.0004197458 0.177605 0.0003549585 0.023330664 24.62 
65 99.9939801126182 80.6795634920635 0.00041665472 0.17875561 0.00034494957 0.021466406 23.67 
66 99.9937862700907 80.29159580498866 0.0004184157 0.18241562 0.00035189907 0.022515513 22.5 
67 99.99405549582335 79.2561295351474 0.0004154562 0.1882715 0.00035594625 0.024443988 21.4 
68 99.99441087379043 81.32706207482993 0.0004117608 0.17391907 0.0003333174 0.023432786 20.38 
69 99.99447548796626 80.05598072562358 0.00041093616 0.1821703 0.00033000667 0.022793911 19.41 
70 99.99410934096987 79.71584467120181 0.0004120019 0.18431254 0.00034986174 0.021795772 18.5 
71 99.99423856932154 80.11001275510205 0.0004102749 0.18299069 0.00032627673 0.02304755 17.63 
72 99.99388319135446 78.76541241496598 0.0004136996 0.19208948 0.0003532145 0.02351773 16.81 
73 99.99472317564029 80.28008078231292 0.00040756396 0.18273234 0.00033373508 0.022619048 16.02 
74 99.99470163758167 80.29602465986395 0.0004066237 0.18155943 0.00033327317 0.022101933 15.26 
75 99.99518624390042 80.31639739229026 0.0004004323 0.18010403 0.00029178022 0.02249278 14.54 
76 99.99421703126292 79.39430980725623 0.0004106772 0.18475743 0.00035921248 0.022127854 13.83 
77 99.99454010214208 80.52898242630386 0.0004050137 0.18039833 0.0003324619 0.022805952 13.15 
78 99.99438933573181 79.15072278911565 0.00040601724 0.18605393 0.00032394 0.02311974 12.49 
79 99.99470163758167 80.14632936507937 0.00040260772 0.18196592 0.00031738295 0.02228129 11.84 
80 99.99465856146445 80.90277777777777 0.00039861278 0.17844254 0.00033901562 0.023349823 11.21 
81 99.99462625437653 80.40763180272108 0.00039842183 0.18050976 0.00033462702 0.02148287 10.6 
82 99.99472317564029 80.7610544217687 0.00039789316 0.178274 0.00035006387 0.02186634 9.99 
83 99.9945508711714 80.29868197278911 0.00039949565 0.1803119 0.0003455516 0.024382874 9.39 
84 99.99497086331431 80.82394416099773 0.00039528057 0.17742084 0.00031676824 0.022919515 8.81 
85 99.99452933311278 80.65564767573696 0.00039661498 0.17926452 0.0003318779 0.022125797 8.23 
86 99.99524008904694 80.47140731292517 0.0003874368 0.18008357 0.0003014462 0.023008045 7.65 
87 99.99508932263667 80.0046060090703 0.00038899033 0.18351741 0.00031179268 0.022259917 7.09 
88 99.99498163234361 79.9248866213152 0.00038843465 0.18526821 0.00031997066 0.022608494 6.52 
89 99.99479855884542 80.31285430839003 0.00039022093 0.18128985 0.0003371606 0.023151435 5.97 
90 99.99482009690404 80.45369189342404 0.00038652087 0.17891474 0.00031567126 0.022300802 5.41 
91 99.9949385562264 80.28362386621315 0.0003859447 0.1809809 0.00032834226 0.02267943 4.86 
92 99.99538008642791 80.19327522675736 0.0003818376 0.18232304 0.00030132293 0.023359155 4.53 
93 99.99561700507265 80.11621315192744 0.00037787217 0.18239412 0.0002953786 0.023423161 4.16 
94 99.99577854051223 80.40586026077098 0.0003779214 0.18099356 0.0002918805 0.024030773 3.72 
95 99.99544470060376 80.17024518140589 0.00037991977 0.18143208 0.0003067003 0.021191835 3.22 
96 99.99548777672098 80.64944727891157 0.00037914558 0.17841461 0.0003025311 0.02314719 2.66 
97 99.99517547487112 80.6078160430839 0.00038015007 0.18019706 0.00030586962 0.023087934 2.05 
98 99.99511086069528 80.93732284580499 0.00038180317 0.17748241 0.00032111813 0.02251447 1.4 
99 99.99600469012765 80.1782171201814 0.00037355832 0.18258992 0.0002818546 0.022522718 0.72 
