0 90.83637170176142 80.1234243697479 0.076231696 0.1579989 0.029899815 0.01961132 212.83 
1 93.27336362859299 70.73201155462185 0.05960928 0.24702045 0.01813791 0.024897177 217.98 
2 93.98237255063783 66.66425945378151 0.052640304 0.29035592 0.012581816 0.025368366 223.83 
3 94.24757274399302 77.88340336134453 0.04990268 0.19268064 0.011799847 0.022729456 229.15 
4 94.38395852000754 79.95076155462185 0.04843027 0.1730919 0.011822302 0.02100285 233.64 
5 94.34411217253414 71.66754201680672 0.048705377 0.25853416 0.011710613 0.025642069 237.34 
6 94.59298144261831 75.47203256302521 0.04609619 0.21208224 0.010942592 0.022757389 240.25 
7 94.60046990320451 74.88379726890756 0.045227043 0.2196046 0.013255998 0.024114612 242.52 
8 95.07655362069372 72.44353991596638 0.0406026 0.24738257 0.009788875 0.025059385 244.15 
9 95.39650339550568 70.52192752100841 0.037749484 0.2652516 0.009353233 0.025831547 231.86 
10 95.61467274045603 74.58048844537815 0.035817374 0.22544509 0.009133278 0.024123732 219.46 
11 95.81633615506142 71.80344012605042 0.034034148 0.25557062 0.0088594975 0.024324419 208.33 
12 96.00534379494918 73.1545430672269 0.03246536 0.24414109 0.008659218 0.025440237 198.17 
13 96.18879726296305 78.5609243697479 0.030894862 0.19805677 0.008400377 0.023628585 188.99 
14 96.41875655815983 73.90296743697479 0.029020926 0.23945881 0.008135096 0.024577647 182.04 
15 96.63550742472117 70.54293592436974 0.02717496 0.27216715 0.007808527 0.025678268 176.36 
16 96.88157658162183 70.9749212184874 0.025124349 0.26704606 0.007558752 0.025749695 171.64 
17 97.16404720990828 70.62631302521008 0.022841675 0.26968816 0.0071288114 0.026158307 174.83 
18 97.49358553019407 70.18185399159664 0.020351777 0.27841583 0.006806509 0.02721881 177.33 
19 97.838579738381 72.52297794117646 0.017656138 0.258646 0.006323078 0.026025716 178.98 
20 98.17163662194345 75.06499474789916 0.014984926 0.23016152 0.005762317 0.026258145 178.52 
21 98.54929267667241 70.50091911764706 0.01190488 0.2780711 0.0050880834 0.02594005 173.88 
22 98.98752881169091 67.85517331932773 0.008512116 0.30721477 0.004273817 0.026138695 176.76 
23 99.36239396413497 72.04634978991596 0.005595675 0.26371238 0.0034818945 0.026209824 183.68 
24 99.58674382206607 70.93027836134453 0.0037004214 0.27439964 0.0028998377 0.026545167 186.68 
25 99.70712105626164 74.32050945378151 0.0026844528 0.24195397 0.0031021202 0.02693884 187.91 
26 99.78002531891815 66.46861869747899 0.0020058148 0.32000026 0.002380422 0.028488409 188.23 
27 99.81887688933952 72.890625 0.0016441866 0.257164 0.0022056396 0.026911533 186.28 
28 99.8409093588625 72.27547268907563 0.0014366801 0.26294357 0.0023530466 0.026179198 183.4 
