0 79.98375762397242 80.00549178004535 0.15601648 0.15533015 0.036722198 0.015680917 18.81 
1 80.8606180389817 79.87085459183673 0.14885885 0.15724275 0.014462573 0.015701212 18.64 
2 80.92432378679395 79.74507511337869 0.14806962 0.15814002 0.014478509 0.015426921 18.47 
3 81.00020095796872 80.05775226757369 0.14691128 0.160398 0.014743811 0.01521946 18.3 
4 81.52383112901087 80.61578798185941 0.14102672 0.15022881 0.014545148 0.015514479 18.12 
5 83.13335943715195 81.62999574829932 0.13063118 0.14966528 0.014167914 0.013193881 17.94 
6 84.19636493967117 81.98696145124717 0.1252589 0.14953934 0.014370729 0.015294727 17.76 
7 84.91582554362238 78.1967474489796 0.120376945 0.16880561 0.014286345 0.014086252 17.58 
8 85.23989616481039 76.45797902494331 0.11788317 0.17022532 0.01637331 0.016650354 17.4 
9 85.31598050914877 83.17920918367346 0.11803277 0.13878208 0.019179529 0.014193917 17.21 
10 86.07433787456908 83.33156179138322 0.11275357 0.13742171 0.014311837 0.014022077 17.03 
11 86.42901833068152 82.70443594104309 0.10986038 0.13734753 0.014211465 0.014918312 16.85 
12 86.60796415075576 82.5201955782313 0.108277045 0.13941045 0.01439867 0.014627148 16.67 
13 86.77763897175815 79.95854591836735 0.10695277 0.15493055 0.014280826 0.014866409 16.48 
14 86.8617512761867 80.80711451247166 0.106037796 0.14777437 0.014449675 0.016072655 16.3 
15 87.07084079156722 85.29620181405896 0.104560554 0.1222377 0.014378521 0.015378609 16.12 
16 87.13408039976133 80.55998441043084 0.10392822 0.14979541 0.014236967 0.015870733 15.92 
17 87.17820828361178 86.06505102040816 0.10352925 0.11654276 0.013956857 0.015664557 15.74 
18 87.21057909042695 83.25361394557824 0.10317624 0.13595432 0.0141528165 0.014889925 15.55 
19 87.27785857531158 78.99748441043084 0.10275824 0.16037276 0.014137744 0.016967937 15.36 
20 87.2755796705118 84.6593324829932 0.10271461 0.12626196 0.014041278 0.015611592 15.17 
21 87.36626972288518 79.5014880952381 0.102104336 0.16002409 0.013957226 0.016894832 14.98 
22 87.40356089233624 80.74068168934241 0.10175919 0.15075082 0.01395067 0.015943555 14.79 
23 87.49331866547335 84.09863945578232 0.10114956 0.1313532 0.014184942 0.015666004 14.61 
24 87.4138677572262 84.62213010204081 0.10165374 0.1275032 0.013934623 0.01602668 14.42 
25 87.46747381331213 84.34576955782313 0.1012689 0.12740916 0.013994815 0.01611809 14.23 
26 87.54210794550517 81.15699404761905 0.100662425 0.14823326 0.013849369 0.017441163 14.04 
27 87.50191635176346 84.95340844671202 0.10092831 0.12544629 0.013947734 0.014657199 13.85 
28 87.60343120193582 82.69380668934241 0.10028649 0.14020042 0.013915909 0.015142062 13.65 
29 87.60855873773535 78.36858701814059 0.10011784 0.16848502 0.01390815 0.017767759 13.46 
30 87.6504595100769 85.0455286281179 0.099791914 0.1245509 0.014151423 0.015887672 13.27 
31 87.65626035865819 81.65922619047619 0.099828295 0.14660859 0.013959602 0.01574675 13.08 
32 87.62368237867939 84.52115221088435 0.09995287 0.12734051 0.013829303 0.015405437 12.89 
33 87.69500174025457 80.4156037414966 0.09953352 0.15695821 0.013864078 0.01737298 12.7 
34 87.69261924887297 84.07649518140589 0.09950435 0.13146383 0.013871026 0.015455108 12.52 
35 87.70235638756299 84.15975765306122 0.09939031 0.1312768 0.013891051 0.014119531 12.33 
36 87.71504574383452 85.43792517006803 0.09926942 0.121771306 0.013873123 0.015731072 12.14 
37 87.78046067024663 82.26332199546485 0.09881002 0.14292869 0.013844304 0.016762055 11.95 
38 87.81127767833466 82.45110544217687 0.09855219 0.14340822 0.01360075 0.016444448 11.76 
39 87.80744497480774 85.32454648526077 0.09861219 0.1247647 0.013874996 0.016003037 11.57 
40 87.79765604282683 80.84963151927438 0.09868325 0.15324959 0.013631153 0.016098725 11.37 
41 87.82956071002387 77.96201814058956 0.09833756 0.17321788 0.013578053 0.01850767 11.18 
42 87.88896761469107 85.2421697845805 0.097871676 0.12457917 0.013947714 0.015771078 10.99 
43 87.85768446698488 84.75056689342404 0.097987175 0.12747501 0.013593418 0.015796103 10.8 
44 87.88591181052772 80.63970379818593 0.09773074 0.15417328 0.013794157 0.018370572 10.61 
45 87.90476456841687 84.22707624716553 0.097411975 0.13038345 0.013363285 0.015715819 10.43 
46 87.88244166003713 82.49716553287982 0.097342655 0.14282483 0.013544225 0.015875382 10.24 
47 87.93454571068682 80.62464569160997 0.09670544 0.15544468 0.013482255 0.01785461 10.05 
48 87.96178898170247 80.77168367346938 0.0961311 0.15333748 0.01338155 0.017892273 9.86 
49 88.01254640678864 82.23409155328798 0.095249936 0.14275368 0.01325741 0.016404876 9.67 
50 88.07402504309202 84.3360260770975 0.09441761 0.13219698 0.0129742045 0.016436378 9.48 
51 88.1149417429064 83.62386621315193 0.09385284 0.13723873 0.012783807 0.016694928 9.29 
52 88.18004590957305 81.84346655328798 0.09310961 0.14860426 0.012834681 0.018490888 9.1 
53 88.22873160302306 85.53890306122449 0.09260171 0.1251512 0.013144545 0.017512266 8.91 
54 88.2387277081676 82.56359835600907 0.09234321 0.13944584 0.01276237 0.017556205 8.72 
55 88.31667661097852 83.57160572562358 0.09159339 0.13701953 0.012929334 0.017657595 8.53 
56 88.30870044417927 83.80810657596372 0.09161123 0.13662738 0.0128581235 0.017454468 8.34 
57 88.36365312582869 86.13414115646259 0.09097645 0.11911005 0.012659912 0.016409261 8.15 
58 88.37214722553699 82.6016865079365 0.090813436 0.14448965 0.012788295 0.018869067 7.96 
59 88.37634248210024 85.45652636054422 0.09061761 0.12498032 0.012663834 0.016745344 7.78 
60 88.43238282285866 82.45819160997732 0.09015885 0.14368227 0.012496168 0.01745709 7.59 
61 88.47951471758154 84.7062783446712 0.089716285 0.13163948 0.012605725 0.01786035 7.4 
62 88.49220407385309 86.15717120181407 0.08951345 0.12306018 0.012623004 0.016674131 7.21 
63 88.45216785998409 84.25099206349206 0.08955474 0.1334153 0.012742111 0.017661037 7.02 
64 88.54534399032087 85.421981292517 0.08875219 0.12724952 0.012352298 0.017178643 6.83 
65 88.59092208631662 83.10834750566893 0.08829075 0.14192271 0.012406294 0.017958738 6.64 
66 88.58304950609917 84.66907596371883 0.088278845 0.1324647 0.012273193 0.017275939 6.45 
67 88.63991853951207 83.07468820861678 0.08756979 0.14259706 0.012270694 0.017463787 6.26 
68 88.64887877883851 85.26785714285714 0.08742863 0.12968075 0.012310155 0.018843671 6.07 
69 88.70440118668787 82.57068452380952 0.08695405 0.14748122 0.012110801 0.0180953 5.88 
70 88.68244083134446 79.08960459183673 0.086769216 0.16569982 0.012182078 0.018901262 5.69 
71 88.71605467714134 83.00648384353741 0.08634682 0.13986512 0.0122453775 0.01761325 5.5 
72 88.7932266805887 82.7141794217687 0.08578837 0.14509125 0.012222899 0.017331038 5.31 
73 88.81166509215062 80.42889030612245 0.08555188 0.15727125 0.0121809915 0.019723658 5.11 
74 88.86273327698223 82.24737811791383 0.085057564 0.14830261 0.012001229 0.01837918 4.92 
75 88.91126359055953 85.49815759637188 0.08463433 0.1252613 0.012048657 0.017533962 4.74 
76 88.90831137297799 84.37145691609977 0.08457958 0.13392493 0.012077658 0.017438466 4.54 
77 88.88873350901618 82.95510912698413 0.08442157 0.14398493 0.012078646 0.018144717 4.35 
78 88.94265032484752 81.22785572562358 0.083886534 0.15358259 0.0119015165 0.019282022 4.13 
79 88.98418854415274 84.60972930839003 0.08363912 0.13180473 0.011847956 0.018175093 3.9 
80 88.97698927671705 81.73451672335601 0.08351869 0.15050443 0.011952664 0.018743519 3.68 
81 88.98584592946168 84.58935657596372 0.083380714 0.13549404 0.012206025 0.016940838 3.47 
82 89.0418344769292 81.84878117913833 0.082916364 0.15131612 0.01198358 0.018593788 3.26 
83 89.0661255303633 84.43966128117914 0.08270011 0.13344866 0.0119627975 0.018051414 3.06 
84 89.0831137297799 84.58315617913833 0.08252037 0.13561958 0.011891757 0.018695213 2.86 
85 89.1050740851233 85.90826955782313 0.08214185 0.12521 0.011820595 0.017627815 2.66 
86 89.14785534341024 84.00563350340136 0.081770554 0.13784829 0.0120588755 0.017965652 2.47 
87 89.177740072262 85.02515589569161 0.081597224 0.1307845 0.011884788 0.01684998 2.29 
88 89.18115842946168 84.11635487528345 0.08130828 0.1352991 0.011586997 0.018433478 2.1 
89 89.25962526518165 82.75492488662131 0.08070583 0.14441709 0.011731569 0.017966704 1.92 
90 89.30126707106868 83.52643140589569 0.08031825 0.13868485 0.011610892 0.017979378 1.74 
91 89.33809210090162 83.50074404761905 0.07994647 0.14054088 0.011621467 0.01971092 1.56 
92 89.38589730840626 83.40065192743764 0.07962271 0.13980122 0.011507096 0.018089736 1.38 
93 89.47964316494298 82.91790674603175 0.07894749 0.14420752 0.011664486 0.018071104 1.21 
94 89.49217714134181 82.26332199546485 0.07875955 0.14986478 0.011657345 0.018827587 1.03 
95 89.51538053566694 83.40685232426304 0.078522466 0.14044908 0.0115256915 0.018733667 0.86 
96 89.56582720100769 85.21825396825396 0.078123555 0.12934327 0.011418588 0.018428775 0.69 
97 89.56525747480774 84.62301587301587 0.07790619 0.13427298 0.011412491 0.018682877 0.51 
98 89.63932188080085 84.12786989795919 0.07740856 0.13673094 0.011492099 0.017744126 0.34 
99 89.6447601763458 84.05877976190476 0.077392206 0.13755883 0.011540632 0.0192544 0.17 
