0 94.1096211152114 78.1125262605042 0.050427563 0.20013222 0.023406595 0.02273421 119.15 
1 96.30697309238604 75.29871323529412 0.030909246 0.21730395 0.009627478 0.02344087 118.0 
2 97.83798102997005 72.15204831932773 0.018259007 0.26004264 0.007628591 0.026491845 116.89 
3 99.10846791070291 70.00525210084034 0.0075887493 0.2798312 0.0052430066 0.024230462 115.76 
4 99.67244202291967 71.36160714285714 0.0028675455 0.26601502 0.0034136614 0.027787913 114.65 
5 99.81477803944918 74.79254201680672 0.0016102598 0.23671098 0.0026102543 0.025482098 113.53 
6 99.87384753236341 73.75853466386555 0.0010994645 0.24429445 0.002615248 0.025150321 112.42 
7 99.89211274434672 74.8719800420168 0.0009443265 0.23722252 0.002620957 0.025973672 111.31 
8 99.9053395947794 74.60543592436974 0.00082638627 0.23702182 0.002475703 0.025099054 110.22 
9 99.93907911646113 77.47111344537815 0.00052788836 0.20778422 0.0021333923 0.024041148 109.1 
10 99.96208794123889 76.04188550420169 0.00033018424 0.22541937 0.0013276151 0.024358833 110.53 
11 99.97466081786885 75.20745798319328 0.00021766024 0.23170838 0.0009405685 0.025669219 115.66 
12 99.98260982338654 75.3453256302521 0.00015235045 0.23150437 0.00076852547 0.025189817 120.11 
13 99.98401909087694 75.55081407563026 0.00013956602 0.2280058 0.0007717397 0.0252156 123.79 
14 99.98404672357283 75.70903361344538 0.00014184731 0.22614497 0.00080061937 0.024011139 126.91 
15 99.9878139811125 76.19616596638656 0.00010565171 0.22368513 0.0006765219 0.025042795 129.49 
16 99.98848637671249 76.93868172268908 0.0001006114 0.21298961 0.00069382024 0.02437129 131.22 
17 99.98763897403853 77.11987920168067 0.00010871901 0.21444422 0.00073090574 0.024031702 132.01 
18 99.99018118206041 76.24737394957984 8.536154e-05 0.22246069 0.0006655596 0.025145905 132.82 
19 99.991710191233 74.61068802521008 7.167103e-05 0.23745205 0.0005262544 0.025622973 133.05 
20 99.9921431034686 76.38852415966386 6.9572416e-05 0.22102651 0.0005535626 0.024151495 133.09 
21 99.99311945872338 77.3529411764706 5.9201e-05 0.2099115 0.0005211057 0.02391229 133.03 
22 99.99119438090972 78.30028886554622 7.75298e-05 0.20137562 0.000547797 0.023602089 132.62 
23 99.9931563023179 76.10556722689076 5.889145e-05 0.22337334 0.00050941634 0.024317317 132.23 
24 99.99424318835625 77.10477941176471 4.9866216e-05 0.21318261 0.00043597244 0.022437658 131.27 
25 99.9934602619727 77.43500525210084 5.646581e-05 0.20968387 0.00044988695 0.024565985 130.31 
26 99.9959472046028 76.43776260504201 3.5736768e-05 0.21879904 0.00038849522 0.025605375 128.87 
27 99.99386554151242 75.66504726890756 5.1974333e-05 0.22712658 0.0004567734 0.024670793 127.4 
28 99.99390238510694 78.47426470588235 5.1985433e-05 0.198755 0.00047093906 0.023547497 126.46 
29 99.99489716215898 76.34322478991596 4.4013155e-05 0.21963665 0.00040060724 0.024904126 118.99 
30 99.99508138013158 78.51234243697479 4.221874e-05 0.19868466 0.00042845312 0.023866905 111.21 
31 99.99499848204391 76.6077993697479 4.159788e-05 0.21647786 0.00039763932 0.023943502 105.07 
32 99.99311945872338 78.38497899159664 5.9534294e-05 0.20085113 0.00049424457 0.02389322 99.89 
33 99.99458399160555 78.43224789915966 4.6589448e-05 0.19966571 0.00040706483 0.02337651 94.85 
34 99.9957629866302 77.15598739495799 3.6758644e-05 0.21186848 0.000373229 0.024290148 89.9 
35 99.99467610059186 79.78400735294117 4.573997e-05 0.18647687 0.00039865056 0.023065103 83.59 
36 99.99507216923294 76.19616596638656 4.2277836e-05 0.22171184 0.0003936867 0.02497474 77.64 
37 99.99512743462472 69.75840336134453 4.2389864e-05 0.28400916 0.0004153166 0.025853937 72.31 
38 99.99545902697541 77.44550945378151 3.932038e-05 0.20766166 0.00039079727 0.025330747 67.8 
39 99.99566166674526 81.45351890756302 3.7235273e-05 0.1716035 0.00039553357 0.02197241 63.82 
40 99.99540376158363 82.39692752100841 4.0066916e-05 0.16216308 0.00043025543 0.022395745 60.21 
41 99.99437214093706 79.19314600840336 4.8493228e-05 0.19098552 0.0004335898 0.023081036 56.97 
42 99.99543139427952 78.3718487394958 3.8988837e-05 0.20203875 0.00039503025 0.02524204 54.03 
