0 84.24100096835112 61.18421052631579 0.12617016 0.6456473 0.016899051 0.047224313 114.31 
1 85.32786525101315 61.43092105263158 0.1195959 0.47060528 0.01324581 0.03457785 112.85 
2 86.58679708391917 39.52850877192982 0.11048566 0.65391725 0.01276058 0.03228881 111.26 
3 87.36376101025556 36.75986842105263 0.10386008 1.0738529 0.012319114 0.06592267 109.62 
4 87.87638834325807 37.34923245614035 0.09933562 1.6248543 0.01195499 0.08402294 108.07 
5 88.21056209163841 36.890076754385966 0.09631717 2.5191424 0.011725563 0.14416137 106.61 
6 88.54261434124555 37.07510964912281 0.093713865 3.2256672 0.011484137 0.1886258 104.15 
7 88.8429948756651 36.938048245614034 0.09139038 3.7788985 0.011320175 0.2269144 101.22 
8 89.29795405673642 37.88034539473684 0.08824884 4.5823946 0.011092105 0.28702274 98.42 
9 90.33205009580128 39.57305372807018 0.08151216 6.076932 0.010558235 0.39279562 95.82 
10 91.73066700782951 40.37486293859649 0.07253728 5.7774744 0.00990914 0.36054394 95.14 
11 93.02110902048355 42.163514254385966 0.06345656 5.2186007 0.00899846 0.3448039 101.16 
12 94.37764056598571 42.16008771929825 0.053398784 5.293981 0.008206964 0.35925096 106.44 
13 96.65180109861329 46.80646929824562 0.039072823 2.7722132 0.0071928273 0.23311397 111.05 
14 98.5991108227883 46.110882675438596 0.025927916 1.3436791 0.0046726684 0.13819575 115.01 
15 99.40274963471452 52.758360745614034 0.01857932 0.64231765 0.0030470758 0.056311704 118.24 
16 99.71147616684587 57.02782346491228 0.014371031 0.40825552 0.0022748017 0.03698313 120.91 
17 99.85155970005238 59.60800438596491 0.011699848 0.29998827 0.0017944649 0.026779816 123.09 
18 99.9170784743473 62.93174342105263 0.009915561 0.27284586 0.0015221962 0.02265997 124.88 
19 99.952594732997 63.8671875 0.008563777 0.27097657 0.0013062721 0.022681547 126.31 
20 99.97261435847601 64.76493969298245 0.007546164 0.26768 0.0011578074 0.021671873 127.4 
21 99.98233879193891 65.03563596491227 0.0067739547 0.26299888 0.0010509449 0.024000857 128.12 
22 99.98782022785542 64.5593475877193 0.0061265696 0.26448038 0.00096580246 0.021174083 128.55 
23 99.99190168996223 64.06935307017544 0.005590268 0.27479628 0.00089947705 0.020764256 128.73 
24 99.99412010999917 65.27206688596492 0.005163062 0.25875804 0.0008523902 0.021484815 128.66 
25 99.99508932263667 64.60731907894737 0.0048179897 0.25479102 0.00081483065 0.02206043 128.37 
26 99.99596161401043 64.01452850877193 0.0045155543 0.26507884 0.00077889406 0.021279832 127.9 
27 99.99687698150139 63.925438596491226 0.0042583374 0.26559478 0.0007515159 0.023558332 127.28 
28 99.99712466917542 64.01452850877193 0.0040461216 0.2697712 0.0007319194 0.02422073 126.62 
29 99.99720005238056 63.67530153508772 0.0038611782 0.2683373 0.0007243103 0.019435568 125.76 
30 99.99752312325973 62.719298245614034 0.0036915396 0.27877665 0.0006868089 0.02254217 124.65 
31 99.99760927549417 63.71641995614035 0.0035618553 0.2687403 0.00069268566 0.021193922 123.92 
32 99.9980508056957 63.05509868421053 0.0034231055 0.2769055 0.0006480634 0.021934845 122.93 
33 99.99755543034765 63.51425438596491 0.0033220656 0.27530903 0.0007215256 0.022898018 121.72 
34 99.99840618366278 62.85293311403509 0.0032108321 0.2854632 0.0006299808 0.023087656 120.51 
35 99.998061574725 62.89747807017544 0.0031281363 0.28071618 0.00066246977 0.023512615 119.26 
36 99.99822311016459 62.637061403508774 0.003042991 0.28964272 0.0006151857 0.02505165 117.93 
37 99.99813695793014 62.756990131578945 0.0029734352 0.2810085 0.0006298758 0.025357002 116.57 
38 99.99853541201445 62.92146381578947 0.0029033525 0.28036225 0.00058683107 0.023555247 115.19 
39 99.99821234113529 62.678179824561404 0.0028398782 0.2772612 0.0006134425 0.023355829 113.71 
40 99.99834156948694 62.73985745614035 0.0027825187 0.2759365 0.0006284184 0.019584686 111.89 
41 99.99844925978 62.81181469298246 0.0027300157 0.2770028 0.00059722457 0.022298545 113.11 
42 99.99874002357124 62.712445175438596 0.002681556 0.2781719 0.00058231654 0.024943395 114.57 
43 99.99801849860778 62.50685307017544 0.0026371654 0.27609947 0.00063659524 0.024760166 114.68 
44 99.99841695269208 62.167626096491226 0.002581427 0.28550342 0.00056556414 0.021271335 114.68 
45 99.99836310754556 62.50685307017544 0.0025463894 0.27456397 0.00059041515 0.024769176 114.41 
46 99.99878309968847 62.72615131578947 0.0024975513 0.27281862 0.0005444772 0.022214146 113.95 
47 99.998061574725 62.756990131578945 0.002463427 0.280281 0.0006095292 0.021047711 113.25 
48 99.99850310492653 62.06483004385965 0.0024270865 0.28159407 0.00060118746 0.022528417 112.34 
49 99.99870771648334 62.18818530701754 0.002388585 0.2808696 0.0005567488 0.023469727 111.29 
50 99.99875079260056 62.15391995614035 0.0023612122 0.2769298 0.0005475834 0.023300407 110.1 
51 99.99855695007305 62.133360745614034 0.0023243327 0.27631178 0.0005400395 0.019957917 108.73 
52 99.99877233065916 62.01343201754386 0.0023017526 0.2786614 0.0005335419 0.022118825 99.71 
53 99.99825541725251 61.67077850877193 0.0022707363 0.28011906 0.00059673097 0.023480533 91.56 
54 99.99783542510959 62.62678179824562 0.0022549236 0.27588093 0.00069803704 0.019980192 84.26 
55 99.99869694745404 62.287554824561404 0.002235738 0.27836037 0.00055006106 0.02219224 77.72 
56 99.99840618366278 62.907757675438596 0.0022026522 0.27320364 0.0005568392 0.020150281 71.86 
57 99.99790003928541 62.38692434210526 0.0021826362 0.27324367 0.0005936644 0.021630445 66.59 
58 99.99858925716097 61.81811951754386 0.0021575317 0.2874115 0.00055449025 0.021847833 61.85 
59 99.99780311802166 62.44860197368421 0.002143995 0.27458784 0.0006577517 0.02191035 57.57 
60 99.99792157734403 62.30126096491228 0.0021256304 0.27858943 0.0006538359 0.02135834 53.7 
61 99.99891232804013 62.482867324561404 0.00209434 0.27834713 0.0005129653 0.0246515 50.48 
62 99.99842772172138 61.893503289473685 0.0020814654 0.2811347 0.0005476103 0.02421082 48.16 
63 99.99871848551264 61.83867872807018 0.002056886 0.2826165 0.00051636103 0.023444613 46.03 
64 99.99829849336973 62.09909539473684 0.0020436533 0.2753332 0.000556904 0.021665718 43.96 
65 99.99891232804013 62.10252192982456 0.0020212345 0.28824282 0.0004891204 0.023996133 42.28 
66 99.99816926501806 61.96888706140351 0.002007075 0.28337067 0.00058324623 0.024523402 43.51 
67 99.99877233065916 62.1813322368421 0.001989568 0.28018647 0.0004983128 0.020487953 44.34 
68 99.99830926239903 61.581688596491226 0.001979245 0.28505892 0.0005725325 0.021973865 43.56 
69 99.99824464822319 62.60279605263158 0.0019661346 0.28349632 0.00056048215 0.023811178 42.67 
70 99.99821234113529 61.68448464912281 0.0019506258 0.28764153 0.00058300456 0.022113418 41.67 
71 99.99870771648334 61.96888706140351 0.0019316307 0.28736442 0.0005066366 0.024192136 40.53 
72 99.99823387919389 62.21217105263158 0.0019231429 0.28522438 0.0006407259 0.021300549 38.98 
73 99.99888002095223 61.99287280701754 0.0019060416 0.28859717 0.0004898007 0.023885194 37.99 
74 99.99880463774709 62.171052631578945 0.001891729 0.28387454 0.0005007798 0.021160753 37.38 
75 99.99860002619027 61.53371710526316 0.0018869871 0.29049516 0.0005316521 0.025000893 36.64 
76 99.99801849860778 61.896929824561404 0.001875371 0.28523934 0.00062020513 0.021866098 35.83 
77 99.99838464560416 61.67763157894737 0.001851853 0.2912233 0.00054093276 0.022147879 34.94 
78 99.99811541987152 62.133360745614034 0.0018496161 0.28160414 0.00059077906 0.021772424 34.04 
79 99.99836310754556 62.34237938596491 0.0018331929 0.28074697 0.00057554047 0.022614349 33.14 
80 99.998836944835 61.49259868421053 0.0018183218 0.29230168 0.0004853145 0.023775883 32.1 
81 99.99867540939542 62.051123903508774 0.0018043676 0.28658244 0.00053443946 0.021735538 30.92 
82 99.99867540939542 61.71532346491228 0.0017952712 0.28633434 0.00049042056 0.020881742 29.6 
83 99.99834156948694 61.69133771929825 0.0017847464 0.28946137 0.0005876976 0.024233216 28.18 
84 99.99833080045764 61.82839912280702 0.0017797203 0.2855698 0.0005940612 0.021696774 26.71 
85 99.99844925978 61.57483552631579 0.0017619279 0.28877175 0.00054353883 0.021184843 25.17 
86 99.99829849336973 61.92776864035088 0.0017570747 0.28160188 0.0005624889 0.01915306 23.49 
87 99.99858925716097 61.68105811403509 0.0017492721 0.28725412 0.00051120314 0.023265082 21.79 
88 99.99885848289361 61.653645833333336 0.0017307324 0.28167287 0.00045196956 0.022172324 20.08 
89 99.99895540415736 62.27042214912281 0.0017268772 0.28363833 0.00046520072 0.023630656 18.3 
90 99.99877233065916 61.98944627192982 0.0017130716 0.28762174 0.0004755739 0.0239222 16.54 
