0 88.16509524991041 35.27275219298246 0.09391874 6.9571447 0.020356804 0.44044194 177.14 
1 95.8231673696689 45.61746162280702 0.03754658 10.059059 0.017422568 0.8969799 174.42 
2 99.47142373459599 50.27069627192982 0.008575576 1.0150652 0.0040589185 0.13073994 171.81 
3 99.86713171642819 56.31853070175438 0.0033468213 0.34607652 0.0018458001 0.026313396 169.41 
4 99.94565947812423 58.658854166666664 0.0015842253 0.30082488 0.0013187994 0.019354125 167.56 
5 99.96432220591073 52.97080592105263 0.0008720086 0.3278079 0.0010238946 0.020880174 165.74 
6 99.96937288065503 54.5641447368421 0.0005947474 0.33843324 0.00095774373 0.02239527 164.91 
7 99.97648043999669 57.49040570175438 0.00042311053 0.35235944 0.0008741519 0.026180819 164.51 
8 99.9801957551071 57.21628289473684 0.0003260569 0.3663102 0.00075361296 0.02734523 163.96 
9 99.98374953477793 58.32990679824562 0.00025803465 0.3734867 0.00064085436 0.025717497 163.38 
10 99.98439567653627 60.7421875 0.00022839817 0.3547652 0.0006226778 0.026426785 162.54 
11 99.98635563986987 59.58401864035088 0.00019577988 0.36758387 0.0005707937 0.02964713 161.59 
12 99.98858482893613 60.76959978070175 0.00016313988 0.36226046 0.0004996995 0.026961647 160.51 
13 99.98947865836848 61.03001644736842 0.00015003073 0.36854333 0.00047653235 0.024131421 159.39 
14 99.99088940120751 60.49547697368421 0.00012535999 0.37312868 0.00047607694 0.024980966 158.13 
15 99.99114785791085 60.07743969298246 0.00011667452 0.3732171 0.00049087 0.029234633 156.87 
16 99.99238629628098 61.393229166666664 0.000105982734 0.36719638 0.00041169845 0.02861014 155.5 
17 99.99235398919306 62.47258771929825 0.0001038522 0.35505375 0.00044550243 0.031537272 154.15 
18 99.99350627532876 62.60964912280702 9.0092064e-05 0.35282427 0.0003895451 0.028473 152.68 
19 99.9941524170871 61.191063596491226 8.121664e-05 0.37321198 0.00033104903 0.028244302 151.22 
20 99.99420626223362 59.590871710526315 7.780688e-05 0.37819442 0.0003467544 0.027883286 149.66 
21 99.99441087379043 61.04714912280702 7.372384e-05 0.36623514 0.000334479 0.029895853 148.15 
22 99.99519701292972 60.43379934210526 6.651807e-05 0.37570953 0.00032787994 0.032026954 146.56 
23 99.99595084498111 59.398985745614034 5.9643964e-05 0.38330588 0.00029680834 0.029369654 144.91 
24 99.99556315992612 62.05455043859649 6.085682e-05 0.3581971 0.00030670868 0.0302335 143.21 
25 99.99590776886389 62.22930372807018 5.454073e-05 0.36017805 0.00026190485 0.026970863 141.36 
26 99.9959293069225 62.4109100877193 5.4056472e-05 0.36115474 0.00031041927 0.028378068 139.64 
27 99.99682313635486 61.71532346491228 4.5969366e-05 0.36244836 0.0002648448 0.03076418 137.26 
28 99.99643545129986 61.47546600877193 4.7697456e-05 0.36693826 0.00031470854 0.027874704 134.92 
29 99.9966939080032 61.701617324561404 4.3046322e-05 0.36569792 0.00026593645 0.031494018 132.73 
30 99.99692005761861 61.852384868421055 4.2361848e-05 0.36216006 0.0002708057 0.02748796 130.44 
31 99.99721082140987 62.438322368421055 3.9438517e-05 0.3567245 0.00022140182 0.02702486 128.19 
32 99.9970815930582 62.69873903508772 3.9001672e-05 0.35752326 0.00022462325 0.03038729 126.05 
33 99.99721082140987 62.27042214912281 3.677333e-05 0.36277148 0.00025733467 0.032785602 123.96 
34 99.99752312325973 62.80496162280702 3.4058725e-05 0.35765445 0.0002217188 0.03129793 121.89 
35 99.99755543034765 62.671326754385966 3.2795437e-05 0.35793385 0.00020284679 0.030489901 119.62 
36 99.99738312587876 61.29728618421053 3.3864806e-05 0.3644655 0.00023573422 0.029451545 117.23 
37 99.99778157996306 63.74725877192982 3.0321002e-05 0.3473694 0.0001909928 0.029101985 115.59 
38 99.99762004452347 62.88719846491228 3.0985288e-05 0.3573913 0.00021354906 0.02992638 115.25 
39 99.99754466131833 62.95915570175438 3.0336008e-05 0.35452017 0.0002109796 0.033471804 113.39 
40 99.99832003142834 63.91515899122807 2.519637e-05 0.346795 0.00018246757 0.027815618 111.21 
41 99.99816926501806 63.69928728070175 2.5268424e-05 0.34507075 0.00018451379 0.029989364 109.1 
42 99.99811541987152 63.63418311403509 2.6357002e-05 0.34753346 0.00019348085 0.027881248 106.99 
43 99.99825541725251 64.2064144736842 2.3717466e-05 0.34654802 0.000178318 0.025219487 104.93 
44 99.99823387919389 63.22642543859649 2.3446466e-05 0.35507604 0.00017249813 0.028698925 102.9 
45 99.9984707978386 63.98026315789474 2.2839884e-05 0.33938083 0.00016853705 0.028699333 100.85 
46 99.99850310492653 63.83634868421053 2.2696584e-05 0.34562248 0.0001864866 0.02827768 98.86 
47 99.99848156686792 64.03508771929825 2.2116688e-05 0.34016064 0.00017539991 0.027742023 96.85 
48 99.99876156162986 63.34978070175438 1.8640583e-05 0.35082138 0.00014932326 0.025929341 94.89 
49 99.9986215642489 62.832373903508774 2.021431e-05 0.35448712 0.00015807005 0.02636236 92.99 
50 99.9986323332782 63.27782346491228 2.0319882e-05 0.35163617 0.0001658837 0.02566121 91.04 
51 99.99839541463348 64.13103070175438 2.0152933e-05 0.34220508 0.00016947689 0.029104745 89.29 
52 99.9986323332782 63.65816885964912 1.8170645e-05 0.3484127 0.0001647008 0.025572237 87.52 
53 99.99874002357124 64.76151315789474 1.7532362e-05 0.33273888 0.00014201397 0.03007053 85.75 
54 99.99877233065916 64.28522478070175 1.7316039e-05 0.33945882 0.00015329463 0.027897123 83.97 
55 99.99893386609875 64.3126370614035 1.6292126e-05 0.33832833 0.00014670598 0.029744284 81.75 
56 99.99875079260056 64.5422149122807 1.7641409e-05 0.33811712 0.00014333185 0.025647467 79.48 
57 99.99876156162986 63.50740131578947 1.7145601e-05 0.34734136 0.00013928518 0.030996198 77.24 
58 99.99894463512805 64.52508223684211 1.565152e-05 0.33856115 0.00013685923 0.03105602 75.44 
59 99.99907386347972 63.37376644736842 1.3690744e-05 0.3466524 0.00012792618 0.023823358 74.15 
60 99.99878309968847 63.90145285087719 1.6891141e-05 0.34425825 0.00015200525 0.031026736 72.86 
61 99.99895540415736 64.37088815789474 1.5459522e-05 0.33745703 0.00013040272 0.025238533 71.52 
62 99.99894463512805 64.18928179824562 1.5157797e-05 0.34171796 0.00013748869 0.030196369 70.04 
63 99.99914924668487 64.09333881578948 1.3932892e-05 0.3455752 0.00014107648 0.029759947 68.4 
64 99.99913847765556 64.57990679824562 1.3663704e-05 0.33722326 0.0001259676 0.025338653 67.53 
65 99.99911693959695 64.94654605263158 1.30194485e-05 0.33424428 0.0001251585 0.028216004 66.5 
66 99.99908463250902 64.4359923245614 1.3521373e-05 0.33708033 0.00013772759 0.028955156 65.42 
67 99.99923539891931 66.00534539473684 1.2433159e-05 0.3229948 0.00010274478 0.026423603 64.29 
68 99.9990092493039 65.55989583333333 1.4618337e-05 0.32170907 0.00013415796 0.028270833 63.39 
69 99.9990200183332 64.87801535087719 1.4031365e-05 0.3297733 0.00015337508 0.025378762 62.34 
70 99.99893386609875 64.64158442982456 1.39682015e-05 0.33556437 0.0001337847 0.029217027 61.06 
71 99.99897694221598 64.06592653508773 1.4473744e-05 0.33848405 0.00013553986 0.029153347 59.56 
72 99.99914924668487 65.01850328947368 1.2406622e-05 0.33254728 0.00012260828 0.029181728 57.9 
73 99.9990307873625 65.03563596491227 1.3005829e-05 0.33357152 0.00012740737 0.027907895 56.17 
74 99.99909540153834 64.58333333333333 1.2127627e-05 0.33632958 0.00012827797 0.029545644 54.02 
75 99.99890155901083 62.44517543859649 1.4327139e-05 0.36597636 0.0001376483 0.028410811 51.78 
76 99.99920309183139 64.73067434210526 1.0906724e-05 0.3318549 0.00012057024 0.0280294 49.48 
77 99.99914924668487 65.97108004385964 1.1316166e-05 0.31920236 0.000120217745 0.026732517 47.11 
78 99.99910617056764 65.64898574561404 1.24692115e-05 0.3255369 0.000120588826 0.02846057 45.16 
79 99.99906309445042 64.76493969298245 1.1569525e-05 0.33582404 0.00012058215 0.025388438 43.57 
80 99.99908463250902 64.87801535087719 1.1237478e-05 0.32966876 0.000119205695 0.02367175 41.92 
81 99.99918155377277 64.21326754385964 1.1513165e-05 0.33691642 0.00013467301 0.026170896 40.14 
82 99.9990200183332 65.38514254385964 1.12958305e-05 0.32920977 0.000122458 0.029960131 38.31 
83 99.99921386086069 64.5970394736842 1.0584078e-05 0.3381687 0.00011667676 0.029433494 36.4 
84 99.99910617056764 64.51822916666667 1.1188106e-05 0.34077078 0.000119091244 0.028767858 34.45 
85 99.99912770862625 66.36855811403508 1.1406844e-05 0.31079954 0.0001254708 0.027078923 32.48 
86 99.99913847765556 65.08018092105263 1.1149302e-05 0.329937 0.00013457649 0.031008648 30.44 
87 99.9990092493039 64.3092105263158 1.1889903e-05 0.3445182 0.00012234511 0.029715132 28.41 
88 99.99886925192291 64.29207785087719 1.308339e-05 0.33985415 0.00014474192 0.032221083 25.44 
89 99.99906309445042 63.62047697368421 1.1380442e-05 0.3444352 0.00012799192 0.030488135 22.09 
90 99.99886925192291 65.00137061403508 1.2477807e-05 0.33204466 0.00015038041 0.029493382 19.08 
91 99.99916001571417 64.1687225877193 9.56119e-06 0.34070238 0.00010615627 0.02728566 16.36 
92 99.99906309445042 65.68667763157895 1.1256565e-05 0.32289442 0.00013321162 0.028886763 13.89 
93 99.99893386609875 65.85457785087719 1.1143705e-05 0.32129097 0.0001229584 0.02716294 11.55 
94 99.99919232280209 64.56620065789474 1.0090319e-05 0.33646223 0.00012029217 0.030130884 9.4 
95 99.99913847765556 65.33717105263158 1.10213305e-05 0.32846522 0.00012524771 0.027846653 7.46 
96 99.99925693697791 64.70668859649123 9.696073e-06 0.33473015 0.000119054464 0.02317129 5.71 
97 99.99914924668487 64.96710526315789 1.0437644e-05 0.33431205 0.00012112746 0.02560168 4.11 
98 99.99922462989 64.96367872807018 9.968818e-06 0.33494383 0.00011680235 0.027227657 2.63 
99 99.99906309445042 64.85402960526316 1.1293955e-05 0.33478063 0.000137986 0.03265761 1.27 
