0 81.16655079191133 80.46343537414965 0.146448 0.15252225 0.018020017 0.013499453 78.51 
1 86.45228113886361 84.90911989795919 0.10884528 0.12592043 0.015041285 0.015117786 77.79 
2 87.45550237090949 83.86568168934241 0.101124465 0.12871487 0.014235499 0.014923729 77.1 
3 89.96959687646459 78.8061578798186 0.08075811 0.16693029 0.01328039 0.018938508 76.38 
4 91.17961577826482 79.53337585034014 0.07043848 0.16512468 0.01239783 0.019462433 75.65 
5 92.18102781338737 82.27306547619048 0.061756175 0.14413722 0.014453338 0.019693485 74.92 
6 93.56358810272103 83.62918083900227 0.050388828 0.13824399 0.010712544 0.019645395 74.19 
7 92.92966919265018 82.25800736961452 0.05454597 0.1541108 0.014670537 0.019293102 73.44 
8 93.39135901703746 83.40950963718821 0.050701812 0.13896854 0.012369557 0.01920723 72.67 
9 90.71626752336448 84.43257511337869 0.06918677 0.13044265 0.014354251 0.01803028 71.92 
10 91.53170919140959 84.85863095238095 0.06271728 0.13307065 0.01099048 0.01886885 71.15 
11 93.90718475174373 81.98341836734694 0.04571867 0.15581952 0.012202865 0.01983586 70.39 
12 97.4590906114741 80.0187783446712 0.020118084 0.17794931 0.009005119 0.022138057 69.61 
13 99.16626175116478 80.84785997732426 0.00691216 0.17265406 0.0047032763 0.023334064 68.84 
14 99.64281283599371 80.88417658730158 0.0030032217 0.17458798 0.0030555085 0.022659484 68.07 
15 99.80635131502771 83.49631519274377 0.0016346633 0.15128066 0.002377235 0.022284606 67.3 
16 99.88417908981887 84.34399801587301 0.00097478466 0.14220384 0.0017864878 0.01948245 66.57 
17 99.91671232735092 82.38644416099773 0.00070674234 0.1606845 0.0017403263 0.0230638 66.72 
18 99.93872422325146 84.11192602040816 0.00051784934 0.14563067 0.0016075948 0.020454496 65.92 
19 99.9500747801395 81.47055697278911 0.00041832222 0.16904542 0.0012648273 0.022405775 64.71 
20 99.96103765197255 83.92325680272108 0.00032750738 0.14727964 0.0012615192 0.021042386 63.55 
21 99.96559295136879 82.7141794217687 0.0002920434 0.15907073 0.00115528 0.020914212 62.44 
22 99.9708590066992 84.00917658730158 0.0002474553 0.14679538 0.0010137269 0.0216172 61.36 
23 99.97401433228572 81.38463718820861 0.00021888778 0.1697648 0.001013583 0.022064047 60.32 
24 99.98181110950294 84.98263888888889 0.00015557412 0.13763918 0.0010044087 0.020332096 59.3 
25 99.98124035094975 83.17743764172336 0.00016151671 0.15259208 0.00080261176 0.0216371 58.32 
26 99.9836741515728 83.63892431972789 0.00013523667 0.15161555 0.000741408 0.021594856 57.36 
27 99.98132650318419 85.32897534013605 0.00015696442 0.1339867 0.0008516532 0.020647613 56.44 
28 99.98489105188432 84.22796201814059 0.00013071352 0.14560667 0.000768389 0.02127268 55.53 
29 99.98727100736085 83.48922902494331 0.00010846829 0.15069567 0.00066605373 0.02092164 54.63 
30 99.98840175543793 83.10834750566893 9.785504e-05 0.15495418 0.0007021348 0.02138149 53.74 
31 99.98950019642709 82.57157029478458 8.79548e-05 0.16302653 0.0006026736 0.02152427 52.88 
32 99.99025402847849 83.5202310090703 8.194076e-05 0.1516353 0.0006603235 0.020621179 52.03 
33 99.98899405204973 82.65483276643991 9.303904e-05 0.15962823 0.00062243495 0.02217869 51.2 
34 99.99032941168362 84.83382936507937 8.202718e-05 0.13979042 0.00064738124 0.020154824 49.33 
35 99.99102939858848 83.65841128117914 7.5278134e-05 0.14959 0.0005511179 0.019853884 47.2 
36 99.9906524825628 84.81965702947846 7.994198e-05 0.13949116 0.00061924575 0.020440074 45.24 
37 99.9916324642296 83.52288832199547 7.080031e-05 0.15200168 0.00050042645 0.02159372 43.47 
38 99.99150323587793 82.47236394557824 7.1075185e-05 0.16261928 0.0005002308 0.021761095 41.81 
39 99.98934943001682 83.4830286281179 9.272757e-05 0.15107511 0.0005999731 0.020648135 40.28 
40 99.99306474512723 83.03039965986395 5.878409e-05 0.15670583 0.00049147214 0.021119073 38.86 
41 99.99239706531029 83.94717261904762 6.3843545e-05 0.14724611 0.00048332816 0.021490877 37.55 
42 99.99382934620792 84.83648667800453 5.2541243e-05 0.14003778 0.00049665535 0.02199755 36.31 
43 99.99248321754473 84.10306831065759 6.5732645e-05 0.14724469 0.00050102 0.020136679 35.18 
44 99.99430318349737 82.62737386621315 4.910401e-05 0.15958214 0.00044861023 0.020603986 34.09 
45 99.99420626223362 83.8780824829932 4.757752e-05 0.14925 0.00044367468 0.022281498 33.05 
46 99.99273090521876 84.26339285714286 6.0375198e-05 0.14585403 0.00048454205 0.020038953 32.09 
47 99.99328012571334 84.61858701814059 5.733515e-05 0.14071573 0.0005029048 0.020501625 31.17 
48 99.9920524563725 83.3829365079365 6.652305e-05 0.1524143 0.00047258197 0.022581417 30.31 
49 99.99377550106139 84.07915249433107 5.3216165e-05 0.14751507 0.00047308626 0.020913243 29.48 
50 99.99367857979765 85.40072278911565 5.3636588e-05 0.13455838 0.00046776852 0.01949111 28.69 
51 99.99392626747168 83.9967757936508 5.0375944e-05 0.14800331 0.00044845557 0.020516403 27.93 
52 99.99547700769168 84.65844671201815 3.724372e-05 0.14319117 0.00034147428 0.020317331 27.19 
53 99.99522932001764 82.86298894557824 4.0667717e-05 0.15761188 0.00038996316 0.021859355 26.47 
54 99.99510009166598 84.79485544217687 4.0604195e-05 0.13907711 0.00040843186 0.020445706 25.77 
55 99.9949493252557 83.69561366213152 4.2015683e-05 0.14930825 0.0003638767 0.021167908 25.09 
56 99.99381857717862 84.52203798185941 5.030466e-05 0.14261283 0.00041194097 0.020800047 24.44 
57 99.9941524170871 83.1313775510204 4.935479e-05 0.15442654 0.0004571359 0.021415692 23.79 
58 99.99476625175751 84.86040249433107 4.5019806e-05 0.1403656 0.00041440837 0.021113582 23.16 
59 99.99547700769168 84.12875566893425 3.8514252e-05 0.14863521 0.000366204 0.022741193 22.53 
60 99.99424933835084 84.0702947845805 4.851546e-05 0.14609112 0.0004510726 0.020740418 21.91 
61 99.99451856408348 84.95872307256236 4.6990823e-05 0.1393046 0.00040120305 0.021043818 21.29 
62 99.9955523908968 83.69827097505669 3.8206443e-05 0.15158278 0.00036104166 0.0208572 21.09 
63 99.99483086593334 83.65575396825396 4.1254305e-05 0.15121098 0.00036069498 0.020686178 23.28 
64 99.99598315206903 83.75496031746032 3.312268e-05 0.15014672 0.0003942793 0.02185854 25.08 
65 99.9949385562264 83.12517715419501 4.3660883e-05 0.15507111 0.00041132924 0.022178827 26.49 
66 99.99534777934001 84.18455924036282 4.0527673e-05 0.14437185 0.00038737484 0.020343827 27.57 
67 99.99447548796626 84.00917658730158 4.7354584e-05 0.14574029 0.00038912162 0.020489762 28.36 
68 99.99529393419348 84.09243905895691 4.0044193e-05 0.14695857 0.00036867787 0.021622725 28.91 
69 99.99535854836931 83.21995464852608 3.945693e-05 0.15386638 0.00039977688 0.020464666 29.23 
70 99.99549854575028 83.25981434240363 3.798639e-05 0.15319836 0.0003718874 0.0216644 29.35 
71 99.99575700245362 83.90554138321995 3.5907997e-05 0.14848182 0.00035109164 0.020366168 29.31 
72 99.99627391586029 83.99943310657596 3.260432e-05 0.14761463 0.00034853577 0.021117698 29.1 
73 99.99676929120834 84.69919217687075 2.758939e-05 0.14240222 0.0002908084 0.019855509 28.76 
74 99.99498163234361 83.84088010204081 4.1728832e-05 0.149046 0.00041520793 0.022144001 28.06 
75 99.99628468488959 84.66198979591837 3.1811083e-05 0.14180255 0.00034329045 0.020110542 27.2 
76 99.99575700245362 84.28287981859411 3.5217836e-05 0.14591356 0.0003337251 0.02047286 26.29 
77 99.99605853527417 84.43877551020408 3.3815035e-05 0.14314276 0.0003488778 0.021111522 24.91 
78 99.99654314159292 83.61766581632654 2.8583738e-05 0.15030101 0.0003366906 0.020492006 23.29 
79 99.99576777148292 82.49893707482993 3.6867317e-05 0.16310108 0.0003671454 0.0221892 21.6 
80 99.99594007595181 82.7983276643991 3.4562687e-05 0.16043831 0.00033974473 0.021751588 20.02 
81 99.99608007333278 83.61057964852608 3.451213e-05 0.1510279 0.0003465868 0.020790441 18.55 
82 99.99660775576875 84.96049461451247 2.9217115e-05 0.13952614 0.00030711805 0.019947276 17.06 
83 99.99559546701403 84.21201814058956 3.721961e-05 0.1457193 0.0003675311 0.02177389 15.59 
84 99.99636006809473 84.31122448979592 2.9314238e-05 0.14677931 0.00030058943 0.021616947 14.08 
85 99.99692005761861 84.80725623582767 2.6481444e-05 0.14213294 0.00028079978 0.020761464 12.68 
86 99.99636006809473 83.50605867346938 3.1085543e-05 0.15254928 0.00033168643 0.02107833 11.39 
87 99.99535854836931 84.3218537414966 3.762633e-05 0.14595042 0.00033776858 0.020802919 10.21 
88 99.99587546177598 84.98529620181407 3.376605e-05 0.13927257 0.0003188312 0.019696703 9.12 
89 99.99678006023764 84.13849914965986 2.6750195e-05 0.14694007 0.0003087112 0.020761795 8.11 
90 99.99643545129986 84.6593324829932 2.9918452e-05 0.14333712 0.00031416604 0.021504775 7.17 
91 99.99714620723402 83.76293225623583 2.3320614e-05 0.14789476 0.00027044705 0.02113751 6.28 
92 99.9965216035343 84.09243905895691 2.9328248e-05 0.14742936 0.00031820653 0.0208984 5.45 
93 99.99678006023764 84.41928854875283 2.7609276e-05 0.14257358 0.00029750675 0.020137955 4.66 
94 99.99675852217904 84.70893565759637 2.6143405e-05 0.14203894 0.00031469084 0.01928968 3.92 
95 99.99659698673945 84.09863945578232 2.8959368e-05 0.14663613 0.00033105863 0.020949451 3.2 
96 99.99659698673945 83.75407454648526 2.8672606e-05 0.15193208 0.00034843257 0.023183016 2.52 
97 99.99568161924847 84.66287556689342 3.6587637e-05 0.14166595 0.00040354606 0.021359893 1.86 
98 99.99715697626334 83.61412273242631 2.4149263e-05 0.15186802 0.00025325702 0.021177247 1.22 
99 99.99626314683097 83.718643707483 3.2131342e-05 0.1480499 0.00033370603 0.020916073 0.6 
