0 81.11963628679395 81.36957908163265 0.14617471 0.15373239 0.017364642 0.014331739 10.15 
1 82.99993991978255 81.34212018140589 0.1309872 0.15530156 0.01380202 0.013923462 10.13 
2 85.91740420312914 81.89927012471655 0.116695255 0.15054831 0.013509986 0.012394623 10.11 
3 87.16246312317688 82.5077947845805 0.10774902 0.1450546 0.013203215 0.012710182 10.07 
4 87.54930721294086 84.95695153061224 0.10412803 0.13227072 0.01335504 0.0144850025 10.04 
5 87.66926047467516 83.38736536281179 0.10265013 0.13986199 0.013196464 0.014438552 10.0 
6 87.77517775457439 84.72222222222223 0.10128924 0.13365446 0.01286467 0.014236433 9.95 
7 87.93630668257757 82.87627551020408 0.09937157 0.15005879 0.012834768 0.01600448 9.89 
8 88.01000853553434 81.96924603174604 0.09818585 0.15112199 0.01256556 0.01401669 9.82 
9 88.0739214565102 82.62825963718821 0.0973873 0.1466394 0.012326797 0.0149019705 9.75 
10 88.13788617077698 84.3032525510204 0.09659474 0.1362794 0.012248127 0.014117498 9.68 
11 88.2037154435163 84.4405470521542 0.0958598 0.13733836 0.012216466 0.014751871 9.6 
12 88.27296307345532 83.40950963718821 0.09526468 0.14464694 0.0119526815 0.014175229 9.52 
13 88.41409979116945 84.64781746031746 0.094277926 0.13873433 0.012071007 0.015862273 9.43 
14 88.47666608658182 83.75141723356009 0.09361996 0.14214274 0.011680345 0.016061304 9.34 
15 88.52561074648634 84.18721655328798 0.09292469 0.14371371 0.011918746 0.01566328 9.25 
16 88.68477152943517 84.00474773242631 0.091661274 0.14311655 0.011604526 0.01616183 9.15 
17 88.76147739326439 83.16060799319727 0.09103947 0.14676589 0.01151653 0.01527339 9.05 
18 88.87474932047202 82.99142573696145 0.090011515 0.15798448 0.011453532 0.017322002 8.95 
19 89.05877088305489 84.03220663265306 0.08882365 0.14075238 0.011407707 0.014839445 8.85 
20 89.26495997414479 84.42460317460318 0.08730657 0.1400299 0.011323243 0.013429082 8.76 
21 89.52252800981172 85.92598497732426 0.08560797 0.12824649 0.01102114 0.013602088 8.66 
22 89.85348713869 85.6186224489796 0.083553575 0.13123436 0.010954768 0.014747077 8.56 
23 90.18247812251393 85.09336026077098 0.0815964 0.13025655 0.010738279 0.013538083 8.46 
24 90.46739301577831 84.49723639455782 0.07989745 0.13411237 0.010606441 0.012740773 8.35 
25 90.61360547600106 85.46184098639456 0.07864998 0.13016815 0.010668929 0.013783706 8.25 
26 90.78245160434898 86.84187216553288 0.07750538 0.1126173 0.010388968 0.012437546 8.14 
27 90.92783537191727 85.62127976190476 0.07630994 0.12602857 0.010284457 0.013411841 8.04 
28 91.06648601166799 86.36975623582767 0.075451866 0.121262476 0.01035875 0.012934261 7.93 
29 91.19814455714665 87.46545493197279 0.074465714 0.10740066 0.010078374 0.011891005 7.83 
30 91.34699847520551 86.48667800453515 0.07336945 0.11489536 0.010211353 0.01178501 7.72 
31 91.50279269424556 86.98891014739229 0.07244205 0.110269554 0.010143331 0.012887932 7.61 
32 91.65796539379475 86.22360402494331 0.07135006 0.11778582 0.009933315 0.012244688 7.5 
33 91.79071159838239 85.81614937641723 0.07044855 0.11903807 0.009998905 0.0130256275 7.4 
34 91.90025440864493 87.10228883219955 0.0696202 0.1099878 0.009800018 0.011973856 7.29 
35 92.02559417263325 86.64965986394557 0.068723366 0.11519129 0.009723406 0.011837428 7.19 
36 92.11022440997083 86.68331916099773 0.06796078 0.11425344 0.009629788 0.01211458 7.08 
37 92.1886912456908 86.49022108843538 0.06732066 0.117518485 0.009277452 0.011925195 6.97 
38 92.30082372049854 86.57879818594104 0.06662175 0.11754419 0.009444151 0.012527859 6.86 
39 92.34785202863962 86.57436933106575 0.06605752 0.119123854 0.009396135 0.01314915 6.75 
40 92.45397648170247 87.25198412698413 0.06541641 0.109661646 0.00932816 0.013276307 6.64 
41 92.52529584327765 87.29804421768708 0.0648631 0.10976685 0.009257547 0.012843538 6.53 
42 92.63825701073986 87.10406037414965 0.06404215 0.109789066 0.0092826905 0.012456488 6.42 
43 92.74111848647574 86.78784013605443 0.063417666 0.11268979 0.009081905 0.012530266 6.31 
44 92.78001524794485 86.0499929138322 0.06297494 0.12057819 0.0090114465 0.012422969 6.2 
45 92.86469727857332 87.54428854875283 0.06226514 0.10583696 0.008990259 0.011239974 6.09 
46 92.92674564107664 86.83744331065759 0.061836224 0.109543055 0.008838536 0.012519013 5.98 
47 93.00422840426943 87.39105017006803 0.061371256 0.10823754 0.008855758 0.012329491 5.87 
48 93.11465170047732 87.06774376417233 0.060678646 0.110566586 0.00862793 0.012523521 5.75 
49 93.1858156821798 86.99599631519274 0.060085334 0.11090906 0.008730706 0.012076531 5.64 
50 93.25449358591885 86.74798044217687 0.059670556 0.11621391 0.008625813 0.012560002 5.53 
51 93.3423868005834 86.62131519274377 0.058983196 0.11433809 0.008575518 0.012688123 5.42 
52 93.4200249436489 87.28475765306122 0.058395293 0.1081396 0.008487221 0.012141696 5.31 
53 93.49056740586052 86.57171201814059 0.05786935 0.11727743 0.0083476845 0.0127813 5.2 
54 93.55473929329091 87.6062925170068 0.057399593 0.10306282 0.008327457 0.012942652 5.09 
55 93.69463297202334 87.22718253968254 0.056522164 0.107345216 0.008354741 0.012546528 4.98 
56 93.7477210952002 87.64615221088435 0.056072857 0.10553023 0.008327069 0.012009743 4.87 
57 93.84483351564572 87.0828018707483 0.055358727 0.11119505 0.008150011 0.012410789 4.75 
58 93.93541998143728 86.68066184807256 0.054852698 0.11409393 0.008134436 0.01200902 4.65 
59 94.05179950609917 87.00751133786848 0.05402624 0.113692544 0.007925511 0.012407805 4.53 
60 94.09856884778573 87.109375 0.053709935 0.110009484 0.007999904 0.012755184 4.4 
61 94.20401998806683 87.59654903628117 0.05302669 0.10753787 0.007913142 0.013141779 4.2 
62 94.2981801909308 86.66294642857143 0.052366722 0.115589626 0.007746027 0.012799806 4.0 
63 94.3917706675948 86.72229308390023 0.05175638 0.11106056 0.0077656857 0.013047554 3.82 
64 94.47883518960488 86.52210884353741 0.05115618 0.117303535 0.007755007 0.01202364 3.65 
65 94.5700949681782 86.14654195011337 0.050603915 0.11868845 0.007569784 0.012405166 3.48 
66 94.66207985282418 87.03851332199547 0.05000369 0.10871629 0.007416788 0.012735541 3.33 
67 94.7617819378149 86.84452947845806 0.049275476 0.11343986 0.007480881 0.013082512 3.18 
68 94.86811356404137 86.92779195011337 0.048656456 0.11171187 0.0073237456 0.012999885 3.05 
69 94.96284349310528 86.72583616780045 0.04795318 0.11707167 0.007243669 0.012399781 2.92 
70 95.0783425318218 87.47254109977324 0.047246113 0.109886765 0.0071267285 0.013726528 2.79 
71 95.16898079090427 87.24312641723355 0.04667117 0.10942533 0.007061802 0.012807133 2.67 
72 95.28308141076637 86.08542375283447 0.045966066 0.12202065 0.006994812 0.0134720765 2.56 
73 95.39386726001061 86.69306264172336 0.045101427 0.115416 0.0068873228 0.013260455 2.44 
74 95.51102368403606 87.2874149659864 0.044543356 0.111691184 0.0068353876 0.01203103 2.34 
75 95.60430340095465 86.44504676870748 0.04392187 0.119361505 0.0066105393 0.012801187 2.23 
76 95.72964316494298 88.05006377551021 0.043010622 0.10500646 0.006598083 0.01285999 2.13 
77 95.84933746022276 87.33790391156462 0.042316932 0.11116748 0.0065146387 0.0143789835 2.03 
78 95.92858119530628 87.43356717687075 0.04169376 0.10952748 0.006361925 0.012463521 1.93 
79 96.03227136369664 86.9561366213152 0.041146845 0.11436032 0.006368036 0.014061919 1.83 
80 96.10845929461681 86.40695861678005 0.04056913 0.11472022 0.0062988675 0.01316878 1.74 
81 96.24374337045876 87.20415249433107 0.039743986 0.11240318 0.0060886815 0.012926005 1.65 
82 96.34541360050385 86.55753968253968 0.03908444 0.12261238 0.0060050846 0.014411716 1.56 
83 96.45179702002122 87.21655328798185 0.03842646 0.11533556 0.005978163 0.012969104 1.46 
84 96.50105243967117 86.86224489795919 0.037966765 0.116973415 0.0058381283 0.013381418 1.37 
85 96.60614102691594 87.0438279478458 0.03740419 0.112390995 0.0057845614 0.012520952 1.29 
86 96.70687897772474 86.66914682539682 0.03678917 0.11810025 0.0056532538 0.012920826 1.2 
87 96.75872406191992 86.93222080498866 0.036292538 0.11982065 0.0056804363 0.013005355 1.11 
88 96.86837045876425 87.09077380952381 0.03569672 0.11471414 0.0055645863 0.012618822 1.02 
89 96.94305638424821 87.52834467120181 0.035155926 0.11010751 0.0054469444 0.012844311 0.93 
90 96.98977393264386 86.7922689909297 0.034853406 0.11910133 0.0054370402 0.013020058 0.85 
91 97.05974666865554 87.29361536281179 0.034283355 0.111196436 0.0053230315 0.013309237 0.76 
92 97.1443769059931 87.28210034013605 0.03380116 0.11509032 0.005341293 0.013762918 0.68 
93 97.19202673362503 87.42382369614512 0.033459853 0.11059054 0.005248367 0.013402198 0.59 
94 97.25899545876425 86.94639314058956 0.032939184 0.117418475 0.005151875 0.012965722 0.51 
95 97.33518338968443 87.43268140589569 0.032486327 0.110515736 0.0050930427 0.013274205 0.42 
96 97.3844388093344 87.41850907029479 0.032130543 0.11251529 0.0050294353 0.013707288 0.34 
97 97.46430406390878 87.61426445578232 0.03167613 0.10850348 0.005041266 0.013508631 0.25 
98 97.495017485415 87.78256094104309 0.03136492 0.10709296 0.0049475874 0.013279557 0.17 
99 97.55830888690002 87.06685799319727 0.030951584 0.11965541 0.004919187 0.013082398 0.08 
