0 82.95386504769388 81.55204790249434 0.13520877 0.14391902 0.03192434 0.015770152 81.21 
1 86.35717984106635 77.88849914965986 0.1101506 0.16672653 0.014639531 0.017062053 80.47 
2 87.0920799389353 78.39693168934241 0.104139455 0.16313533 0.0142055545 0.016427416 79.69 
3 87.66885837951094 80.13658588435374 0.09910384 0.15082382 0.014026795 0.017090464 78.92 
4 88.64692315909906 82.36784297052154 0.091081634 0.13654952 0.013781995 0.016227664 77.87 
5 90.68928033592479 80.44394841269842 0.0749038 0.15229622 0.013219526 0.018030526 76.85 
6 93.51927354712872 81.93470096371883 0.053084813 0.1484667 0.01178787 0.018234538 75.88 
7 96.36132807115486 81.74426020408163 0.032446437 0.15130834 0.008878872 0.019094015 81.3 
8 97.95237676784384 81.01792800453515 0.020360496 0.15517032 0.0058721947 0.018765045 86.32 
9 98.60626145824718 80.10646967120181 0.014836876 0.15971097 0.0046521598 0.018920828 90.63 
10 98.96415937818763 80.66361961451247 0.011591332 0.15869397 0.0040342435 0.018458495 94.32 
11 99.21186859027375 81.05247307256236 0.009212692 0.15695827 0.003481034 0.0203617 97.44 
12 99.36615647313428 81.43246882086167 0.0076894085 0.15571316 0.0030953912 0.019855391 100.04 
13 99.47370676880875 80.81774376417233 0.0065842248 0.15891977 0.0028416992 0.01894243 102.2 
14 99.53821325434896 79.96297477324264 0.0058259536 0.16604389 0.0026458828 0.019604605 103.96 
15 99.59201532475946 81.90104166666667 0.0051990133 0.1543795 0.0024903049 0.020244563 105.36 
16 99.62891001916026 81.34477749433107 0.00475469 0.15877853 0.0023898573 0.020245865 106.44 
17 99.66693546163813 81.16496598639456 0.004323215 0.158788 0.00228513 0.01996362 107.25 
18 99.69214575924241 80.77079790249434 0.0039862846 0.16522788 0.0021602728 0.020170815 107.8 
19 99.71482533495988 81.37843679138322 0.0037136842 0.16038762 0.0021080629 0.021321995 108.37 
20 99.72621896796515 81.23051303854875 0.0035474065 0.1602314 0.0020672146 0.021180265 110.34 
21 99.74799394522097 80.75751133786848 0.0033102431 0.16509376 0.0019942655 0.020949027 111.95 
22 99.76791664943622 81.24291383219955 0.0031033189 0.16078104 0.001932964 0.02104727 113.29 
23 99.77675802249607 81.26328656462584 0.0029765277 0.16263506 0.0019028189 0.020109553 114.28 
24 99.79075776059328 80.96389597505669 0.0028330036 0.16427112 0.0018587073 0.021402558 114.97 
25 99.80292676370854 81.53964710884354 0.0027088346 0.16288716 0.0018088088 0.02016519 115.4 
26 99.82279562277728 80.77079790249434 0.002491651 0.16560102 0.0017235659 0.019925248 115.58 
27 99.83438309831004 80.55998441043084 0.002365165 0.1661104 0.001656469 0.02028391 115.53 
28 99.85014895721335 81.44309807256236 0.002206083 0.16273855 0.0015851345 0.0209371 115.31 
29 99.85724574752571 80.49443735827664 0.0021214243 0.16724539 0.0015356943 0.020804076 114.91 
30 99.86564559038403 80.10824121315193 0.002033165 0.17061095 0.0014864124 0.020787112 114.4 
31 99.87239777175861 81.11359126984127 0.0019524166 0.16495037 0.0014504966 0.020807419 113.89 
32 99.87563924957958 81.86738236961452 0.0019070129 0.16134287 0.0014454641 0.021899356 113.23 
33 99.88291911339013 81.52104591836735 0.0018340269 0.16286543 0.0013964456 0.021764386 112.45 
34 99.88613905315248 80.58921485260771 0.0018061133 0.16794851 0.0013755946 0.02189546 111.55 
35 99.88514830245637 81.26948696145125 0.001788037 0.1654447 0.0014395821 0.021632142 110.55 
36 99.89042512681608 81.22962726757369 0.0017277532 0.1640865 0.0013500751 0.019709812 109.47 
37 99.89541118738455 81.19773951247166 0.0016873287 0.16518413 0.0013279943 0.020947417 108.31 
38 99.89699423469247 81.57862103174604 0.0016621654 0.16269127 0.0013207769 0.021545134 107.07 
39 99.90158184117664 79.93463010204081 0.001602784 0.17411414 0.0013073543 0.020857709 105.77 
40 99.90600791222121 81.15522250566893 0.0015609605 0.16584113 0.0012636438 0.0207118 104.41 
41 99.90665405397954 81.56001984126983 0.0015337155 0.1633071 0.001259335 0.020672161 103.02 
42 99.91274932456648 80.64413265306122 0.0014877968 0.16906524 0.0012304211 0.021678079 101.56 
43 99.90754788341191 81.1437074829932 0.001516767 0.16433418 0.0012738104 0.021495752 100.08 
44 99.91801537989689 81.72831632653062 0.001421921 0.1630381 0.0011847246 0.020341903 98.56 
45 99.92533831982466 80.66627692743764 0.001348595 0.17052427 0.0011392216 0.021631364 97.0 
46 99.92952747222452 81.57419217687075 0.001297308 0.16464418 0.0011115537 0.022321966 95.43 
47 99.93146589749952 81.49447278911565 0.0012861775 0.16397485 0.0011088478 0.022089187 93.82 
48 99.93470737532049 80.49089427437642 0.0012366244 0.17380616 0.001075695 0.02336787 92.19 
49 99.93529967193228 81.0374149659864 0.0012254212 0.16801484 0.0010479171 0.021062298 90.55 
50 99.94144878766576 80.9576955782313 0.0011715312 0.16842835 0.0010219773 0.021504255 88.88 
51 99.9363011916577 81.10650510204081 0.0012127189 0.16790585 0.0010777313 0.020314487 87.2 
52 99.9384226904309 80.4953231292517 0.0011857761 0.17203322 0.0010449733 0.021633266 85.51 
53 99.93508429134619 81.45284155328798 0.0012149055 0.1656919 0.0010537144 0.020610256 83.81 
54 99.94031803958867 81.44752692743764 0.0011594355 0.16471773 0.0010137109 0.021139963 82.09 
55 99.94533640724507 80.78851332199547 0.0011173815 0.16927674 0.000999967 0.020766024 80.36 
56 99.94586408968102 81.78854875283447 0.0010995718 0.16385777 0.0009815592 0.021698583 78.62 
57 99.94890095594519 80.96035289115646 0.0010657845 0.17059635 0.0009524793 0.022760293 75.1 
58 99.94789943621977 80.97452522675736 0.0010677925 0.1683681 0.00095852616 0.021215504 71.57 
59 99.95058092451686 81.38640873015873 0.0010424221 0.16715789 0.00093464437 0.022182029 68.3 
60 99.95018247043255 81.33769132653062 0.0010342429 0.16819784 0.00095883093 0.02246067 65.26 
61 99.9512270662752 81.55293367346938 0.001026317 0.16671212 0.00093069527 0.022120262 62.42 
62 99.95103322374769 81.33326247165533 0.0010204021 0.16740564 0.00092247606 0.020038387 59.76 
63 99.95387624748436 80.55732709750566 0.0009943023 0.17217113 0.00091946067 0.021743437 57.25 
64 99.95426393253935 80.53341128117914 0.0009826354 0.17319296 0.0008965513 0.022368236 54.89 
65 99.95625620296089 81.52281746031746 0.0009619771 0.16692843 0.00088528206 0.0207487 52.66 
66 99.95905615058032 80.6671626984127 0.00092916645 0.17295429 0.0008467409 0.022768933 50.53 
67 99.96124226352934 80.72562358276645 0.0009076685 0.17232625 0.00083095895 0.02232359 48.5 
68 99.95990690389546 81.0515873015873 0.0009115459 0.17154422 0.0008578579 0.021625185 46.56 
69 99.96052073856588 81.26062925170068 0.0009040847 0.16908088 0.00084461964 0.022349022 44.69 
70 99.9613499538224 81.5750779478458 0.00089634815 0.16642421 0.0008405079 0.022333745 42.89 
71 99.96221147616684 81.80803571428571 0.000876176 0.16624211 0.00081255933 0.021896737 41.14 
72 99.96236224257713 81.16142290249434 0.0008764814 0.17012173 0.00082965626 0.02214884 39.46 
73 99.96258839219254 81.94090136054422 0.0008750337 0.1624525 0.00085199066 0.02154214 37.81 
74 99.96551756816365 80.9125212585034 0.0008440758 0.17076135 0.0007851391 0.022711864 36.21 
75 99.96343914550768 81.13573554421768 0.0008523251 0.16858709 0.0008004271 0.020576013 34.63 
76 99.96563602748601 80.38371598639456 0.00083161844 0.17485227 0.0007818779 0.021711761 33.1 
77 99.96728368896976 81.36160714285714 0.0008127735 0.16854809 0.00076633185 0.021593703 31.59 
78 99.9658083319549 80.89037698412699 0.00082492724 0.17291412 0.00078206416 0.021170778 30.1 
79 99.96694984906128 80.859375 0.00080892455 0.17260829 0.00078052917 0.022225164 28.63 
80 99.97036363135115 81.69820011337869 0.00077768846 0.16726854 0.0007314882 0.022481827 27.19 
81 99.97201129283489 81.53167517006803 0.0007632722 0.16733289 0.00071496534 0.020337928 25.75 
82 99.97216205924516 81.24645691609977 0.000755694 0.17049755 0.0007103505 0.02350293 24.34 
83 99.97133284398865 81.80892148526077 0.0007650408 0.16476966 0.00072451954 0.022135794 22.93 
84 99.97351895693767 81.37312216553288 0.0007418352 0.16999196 0.0006984836 0.022065736 21.54 
85 99.97386356587545 81.71148667800453 0.00072921783 0.16581169 0.0007036922 0.022610603 20.16 
86 99.97180668127808 80.23756377551021 0.0007385812 0.1777587 0.0007116446 0.02155816 18.78 
87 99.9743589412235 80.90277777777777 0.000718213 0.173177 0.0006863483 0.021948865 17.42 
88 99.97529584677308 81.23051303854875 0.00070901593 0.17011054 0.0006715912 0.021681782 16.05 
89 99.97512354230419 81.54141865079364 0.00070693076 0.16828264 0.0006799008 0.022179391 14.7 
90 99.97642659485017 82.28546626984127 0.0006927418 0.1639362 0.00065532175 0.0223589 13.35 
91 99.97431586510628 80.33234126984127 0.00070752733 0.17621985 0.0006838604 0.022909515 12.0 
92 99.97712658175503 80.66361961451247 0.000679946 0.1742461 0.00064492034 0.021417223 10.66 
93 99.97723427204808 80.85583191609977 0.00067471614 0.1735944 0.00064231514 0.022123449 9.32 
94 99.97837578915447 81.00375566893425 0.00065892044 0.17156594 0.00064208027 0.021772457 7.98 
95 99.97911885217655 81.12776360544218 0.0006534459 0.17232776 0.00062995503 0.023109006 6.65 
96 99.97962499655391 81.18622448979592 0.00064652343 0.17112431 0.0006365381 0.021903181 5.31 
97 99.98056190210349 80.89746315192744 0.0006289559 0.17231964 0.00059506815 0.02060516 3.98 
98 99.98189726173739 81.27745890022676 0.00061768194 0.17182936 0.00058221194 0.021713387 2.65 
99 99.98107881551016 81.51041666666667 0.0006197925 0.16923892 0.00060054375 0.022262106 1.33 
