0 80.84434143508946 60.99232456140351 0.14924209 0.282636 0.016843555 0.019346625 113.54 
1 82.92625325655446 61.191063596491226 0.13204335 0.3765929 0.016467987 0.03301483 112.02 
2 85.32084384390593 61.18763706140351 0.11709761 0.3619528 0.014712664 0.02560548 110.35 
3 86.01174168803242 60.99232456140351 0.11240347 0.34298268 0.014469184 0.028838957 108.67 
4 86.45873178741763 60.93407346491228 0.10933784 0.3264397 0.0143170655 0.025745515 107.04 
5 86.78062884238966 60.74561403508772 0.1068555 0.3093369 0.014225224 0.022008223 105.56 
6 87.17197536735313 60.86211622807018 0.10370639 0.28294924 0.014002622 0.016889261 103.23 
7 87.49885848289361 57.555509868421055 0.10089337 0.26891536 0.013784903 0.01656804 100.28 
8 87.83229993728118 60.15625 0.097671494 0.25359416 0.01358152 0.013252794 97.5 
9 88.15230164309541 54.93763706140351 0.09419767 0.4834311 0.013139301 0.039172113 94.9 
10 88.44806226394287 54.553865131578945 0.09101884 0.6386036 0.01294585 0.056248408 93.65 
11 88.8064986353486 61.75644188596491 0.087060384 0.23788172 0.012554192 0.013405745 99.4 
12 89.3165737084057 63.610197368421055 0.08148372 0.25504798 0.012026355 0.01816856 104.95 
13 89.75795314352273 63.28467653508772 0.07768657 0.24513465 0.011726473 0.016478308 109.63 
14 90.018779033303 56.24657346491228 0.07556099 0.5372036 0.011624145 0.048373863 113.71 
15 90.22518901800237 50.26384320175438 0.07388465 0.7224577 0.011524241 0.0497209 117.17 
16 90.47495511468586 53.536184210526315 0.07189906 0.6100774 0.011380728 0.04774834 120.02 
17 90.66922840335786 52.89542214912281 0.07032091 0.57375467 0.011312808 0.041961927 122.37 
18 90.88104444076862 52.597313596491226 0.068635784 0.5578057 0.011192005 0.04299211 124.13 
19 91.07048243528244 50.27069627192982 0.06705612 0.55283767 0.011053127 0.035489094 125.68 
20 91.24300228475725 47.4609375 0.06569957 0.5039265 0.010900955 0.033282943 126.76 
21 91.4728887533427 48.03316885964912 0.06400374 0.5233349 0.01080539 0.03168617 127.55 
22 91.6918123500951 49.89035087719298 0.062353306 0.5724273 0.01068378 0.03539968 128.09 
23 91.90793599922807 52.53220942982456 0.06084272 0.57318765 0.010555936 0.0382784 128.36 
24 92.13170565916798 54.118695175438596 0.059249308 0.60512376 0.0104318885 0.04313692 128.28 
25 92.35328920615885 55.31798245614035 0.057676755 0.5697737 0.010348076 0.045305897 128.14 
26 92.51367235960632 54.43736293859649 0.05644273 0.60300046 0.010225319 0.03842478 127.74 
27 92.69901812298404 54.54358552631579 0.055148773 0.62048644 0.010220679 0.042749476 127.16 
28 92.83693708130014 53.82401315789474 0.054059952 0.6163067 0.010042837 0.048729673 126.43 
29 92.98615275135776 53.36828399122807 0.052863203 0.62831855 0.009897553 0.04431928 125.57 
30 93.18917049182588 51.64473684210526 0.051344603 0.61916196 0.009847243 0.039052896 124.54 
31 93.35115823063987 53.41625548245614 0.050082523 0.5864033 0.009695596 0.043659873 123.71 
32 93.56633420519394 52.70010964912281 0.048516545 0.58086485 0.009625618 0.04556628 122.69 
33 93.76171670388443 54.21121162280702 0.046991184 0.536112 0.009501188 0.03544812 121.58 
34 93.96668363865685 54.72861842105263 0.04544899 0.5180885 0.009351017 0.038604625 120.4 
35 94.18306574449315 54.272889254385966 0.043815415 0.5127574 0.009232769 0.0422391 119.08 
36 94.42507814007664 55.93818530701754 0.04208217 0.5060932 0.009055091 0.03428525 117.73 
37 94.68330869379429 58.49095394736842 0.040344164 0.46943617 0.008952467 0.035462726 116.36 
38 94.96884950583079 59.24821820175438 0.03834152 0.45414686 0.008698984 0.03339272 114.93 
39 95.23224919361509 58.83360745614035 0.036421537 0.4611492 0.00850587 0.033320967 113.46 
